Virtual User Script started at: 08.09.2022 17:51:57	[MsgId: MMSG-15967]
Starting action vuser_init.	[MsgId: MMSG-15919]
Web Turbo Replay of LoadRunner 2021.0.0 for Windows 10; build 430 (џэт 05 2021 19:27:22)  	[MsgId: MMSG-26983]
Run mode: HTML  	[MsgId: MMSG-26993]
Replay user agent: Mozilla/5.0 (Windows NT 10.0; WOW64; Trident/7.0; rv:11.0) like Gecko  	[MsgId: MMSG-26988]
Runtime Settings file: "C:\Users\baldr\AppData\Local\Temp\lr5tmpdirfwh.328\lrcfgFRe.329\cfg4IP.382"  	[MsgId: MMSG-27141]
Ending action vuser_init.	[MsgId: MMSG-15918]
Running Vuser...	[MsgId: MMSG-15964]
Starting iteration 1.	[MsgId: MMSG-15968]
Maximum number of concurrent connections per server: 6  	[MsgId: MMSG-26989]
Starting action Action.	[MsgId: MMSG-15919]
Action.c(4): Notify: Transaction "UC_02_TicketSearchWithoutBuying" started.	[MsgId: MMSG-16999]
Action.c(6): Notify: Transaction "openHomePage" started.	[MsgId: MMSG-16999]
../Library/CommonFunctions.h(6): web_reg_save_param started  	[MsgId: MMSG-26355]
../Library/CommonFunctions.h(6): Registering web_reg_save_param was successful  	[MsgId: MMSG-26390]
../Library/CommonFunctions.h(11): web_url("WebTours") started  	[MsgId: MMSG-26355]
../Library/CommonFunctions.h(11): Detected non-resource "http://localhost:1080/WebTours/header.html" in "http://localhost:1080/WebTours/"  	[MsgId: MMSG-26574]
../Library/CommonFunctions.h(11): Detected non-resource "http://localhost:1080/cgi-bin/welcome.pl?signOff=true" in "http://localhost:1080/WebTours/"  	[MsgId: MMSG-26574]
../Library/CommonFunctions.h(11): Found resource "http://localhost:1080/WebTours/images/hp_logo.png" in HTML "http://localhost:1080/WebTours/header.html"  	[MsgId: MMSG-26659]
../Library/CommonFunctions.h(11): Found resource "http://localhost:1080/WebTours/images/webtours.png" in HTML "http://localhost:1080/WebTours/header.html"  	[MsgId: MMSG-26659]
../Library/CommonFunctions.h(11): Detected non-resource "http://localhost:1080/cgi-bin/nav.pl?in=home" in "http://localhost:1080/cgi-bin/welcome.pl?signOff=true"  	[MsgId: MMSG-26574]
../Library/CommonFunctions.h(11): Detected non-resource "http://localhost:1080/WebTours/home.html" in "http://localhost:1080/cgi-bin/welcome.pl?signOff=true"  	[MsgId: MMSG-26574]
../Library/CommonFunctions.h(11): Notify: Saving Parameter "userSession = 134681.953665452zQcHHAcpQQVzzzzHtVfzzpcVHQf".	[MsgId: MMSG-13798]
../Library/CommonFunctions.h(11): Found resource "http://localhost:1080/WebTours/images/mer_login.gif" in HTML "http://localhost:1080/cgi-bin/nav.pl?in=home"  	[MsgId: MMSG-26659]
../Library/CommonFunctions.h(11): web_url("WebTours") was successful, 10079 body bytes, 2377 header bytes, 24 chunking overhead bytes  	[MsgId: MMSG-26385]
../Library/CommonFunctions.h(21): web_set_sockets_option started  	[MsgId: MMSG-26355]
../Library/CommonFunctions.h(21): web_set_sockets_option was successful  	[MsgId: MMSG-26392]
Action.c(10): Notify: Transaction "openHomePage" ended with a "Pass" status (Duration: 0,0546 Wasted Time: 0,0001).	[MsgId: MMSG-16871]
Action.c(12): lr_think_time: 5,00 seconds.	[MsgId: MMSG-15948]
Action.c(14): Notify: Transaction "login" started.	[MsgId: MMSG-16999]
../Library/CommonFunctions.h(26): web_reg_find started  	[MsgId: MMSG-26355]
../Library/CommonFunctions.h(26): Notify: Parameter Substitution: parameter "userName" =  "user00"	[MsgId: MMSG-13992]
../Library/CommonFunctions.h(26): Registering web_reg_find was successful  	[MsgId: MMSG-26390]
../Library/CommonFunctions.h(31): web_submit_data("login.pl") started  	[MsgId: MMSG-26355]
../Library/CommonFunctions.h(31): Notify: Parameter Substitution: parameter "userSession" =  "134681.953665452zQcHHAcpQQVzzzzHtVfzzpcVHQf"	[MsgId: MMSG-13992]
../Library/CommonFunctions.h(31): Notify: Parameter Substitution: parameter "userName" =  "user00"	[MsgId: MMSG-13992]
../Library/CommonFunctions.h(31): Notify: Next row for parameter password = 1 [table  = password].	[MsgId: MMSG-13876]
../Library/CommonFunctions.h(31): Notify: Parameter Substitution: parameter "password" =  "12345"	[MsgId: MMSG-13992]
../Library/CommonFunctions.h(31): Detected non-resource "http://localhost:1080/cgi-bin/nav.pl?page=menu&in=home" in "http://localhost:1080/cgi-bin/login.pl"  	[MsgId: MMSG-26574]
../Library/CommonFunctions.h(31): Detected non-resource "http://localhost:1080/cgi-bin/login.pl?intro=true" in "http://localhost:1080/cgi-bin/login.pl"  	[MsgId: MMSG-26574]
../Library/CommonFunctions.h(31): Found resource "http://localhost:1080/WebTours/images/flights.gif" in HTML "http://localhost:1080/cgi-bin/nav.pl?page=menu&in=home"  	[MsgId: MMSG-26659]
../Library/CommonFunctions.h(31): Found resource "http://localhost:1080/WebTours/images/itinerary.gif" in HTML "http://localhost:1080/cgi-bin/nav.pl?page=menu&in=home"  	[MsgId: MMSG-26659]
../Library/CommonFunctions.h(31): Found resource "http://localhost:1080/WebTours/images/in_home.gif" in HTML "http://localhost:1080/cgi-bin/nav.pl?page=menu&in=home"  	[MsgId: MMSG-26659]
../Library/CommonFunctions.h(31): Found resource "http://localhost:1080/WebTours/images/signoff.gif" in HTML "http://localhost:1080/cgi-bin/nav.pl?page=menu&in=home"  	[MsgId: MMSG-26659]
../Library/CommonFunctions.h(31): Registered web_reg_find successful for "Text=Welcome, <b>user00</b>" (count=1)  	[MsgId: MMSG-26364]
../Library/CommonFunctions.h(31): web_submit_data("login.pl") was successful, 5781 body bytes, 2056 header bytes, 36 chunking overhead bytes  	[MsgId: MMSG-26385]
Action.c(18): Notify: Transaction "login" ended with a "Pass" status (Duration: 0,0811 Wasted Time: 0,0000).	[MsgId: MMSG-16871]
Action.c(20): lr_think_time: 5,00 seconds.	[MsgId: MMSG-15948]
Action.c(22): Notify: Transaction "flightsBottonClick" started.	[MsgId: MMSG-16999]
Action.c(24): web_url("Search Flights Button") started  	[MsgId: MMSG-26355]
Action.c(24): Detected non-resource "http://localhost:1080/cgi-bin/nav.pl?page=menu&in=flights" in "http://localhost:1080/cgi-bin/welcome.pl?page=search"  	[MsgId: MMSG-26574]
Action.c(24): Detected non-resource "http://localhost:1080/cgi-bin/reservations.pl?page=welcome" in "http://localhost:1080/cgi-bin/welcome.pl?page=search"  	[MsgId: MMSG-26574]
Action.c(24): Found resource "http://localhost:1080/WebTours/images/in_flights.gif" in HTML "http://localhost:1080/cgi-bin/nav.pl?page=menu&in=flights"  	[MsgId: MMSG-26659]
Action.c(24): Resource "http://localhost:1080/WebTours/images/itinerary.gif" is in the cache already and will not be downloaded again  	[MsgId: MMSG-26655]
Action.c(24): Found resource "http://localhost:1080/WebTours/images/home.gif" in HTML "http://localhost:1080/cgi-bin/nav.pl?page=menu&in=flights"  	[MsgId: MMSG-26659]
Action.c(24): Resource "http://localhost:1080/WebTours/images/signoff.gif" is in the cache already and will not be downloaded again  	[MsgId: MMSG-26655]
Action.c(24): Found resource "http://localhost:1080/WebTours/images/button_next.gif" in HTML "http://localhost:1080/cgi-bin/reservations.pl?page=welcome"  	[MsgId: MMSG-26659]
Action.c(24): web_url("Search Flights Button") was successful, 8516 body bytes, 1621 header bytes, 43 chunking overhead bytes  	[MsgId: MMSG-26385]
Action.c(34): Notify: Transaction "flightsBottonClick" ended with a "Pass" status (Duration: 0,1112).	[MsgId: MMSG-16873]
Action.c(36): lr_think_time: 5,00 seconds.	[MsgId: MMSG-15948]
Action.c(38): Notify: Transaction "startFindingFlights" started.	[MsgId: MMSG-16999]
Action.c(40): Notify: Getting new value for parameter 'flightDestination': table = '..\Param\flightDestination.dat' column = '0' row = '1'.	[MsgId: MMSG-13877]
Action.c(40): Notify: Parameter Substitution: parameter "flightDestination" =  "Denver"	[MsgId: MMSG-13992]
Action.c(40): Notify: Saving Parameter "depart = Denver".	[MsgId: MMSG-13798]
Action.c(42): Notify: Next row for parameter flightDestination = 2 [table  = flightDestination].	[MsgId: MMSG-13876]
Action.c(42): Notify: Getting new value for parameter 'flightDestination': table = '..\Param\flightDestination.dat' column = '0' row = '2'.	[MsgId: MMSG-13877]
Action.c(42): Notify: Parameter Substitution: parameter "flightDestination" =  "Frankfurt"	[MsgId: MMSG-13992]
Action.c(42): Notify: Saving Parameter "arrive = Frankfurt".	[MsgId: MMSG-13798]
Action.c(44): web_reg_save_param started  	[MsgId: MMSG-26355]
Action.c(44): Registering web_reg_save_param was successful  	[MsgId: MMSG-26390]
Action.c(51): web_reg_find started  	[MsgId: MMSG-26355]
Action.c(51): Notify: Parameter Substitution: parameter "depart" =  "Denver"	[MsgId: MMSG-13992]
Action.c(51): Notify: Parameter Substitution: parameter "arrive" =  "Frankfurt"	[MsgId: MMSG-13992]
Action.c(51): Notify: Parameter Substitution: parameter "departDate" =  "09/08/2022"	[MsgId: MMSG-13992]
Action.c(51): Registering web_reg_find was successful  	[MsgId: MMSG-26390]
Action.c(57): web_submit_data("reservations.pl") started  	[MsgId: MMSG-26355]
Action.c(57): Notify: Parameter Substitution: parameter "depart" =  "Denver"	[MsgId: MMSG-13992]
Action.c(57): Notify: Parameter Substitution: parameter "departDate" =  "09/08/2022"	[MsgId: MMSG-13992]
Action.c(57): Notify: Parameter Substitution: parameter "arrive" =  "Frankfurt"	[MsgId: MMSG-13992]
Action.c(57): Notify: Parameter Substitution: parameter "returnDate" =  "09/11/2022"	[MsgId: MMSG-13992]
Action.c(57): Notify: Parameter Substitution: parameter "seatPref" =  "Aisle"	[MsgId: MMSG-13992]
Action.c(57): Notify: Parameter Substitution: parameter "seatType" =  "First"	[MsgId: MMSG-13992]
Action.c(57): Notify: Saving Parameter "outboundFlightArr_1 = 010;723;09/08/2022".	[MsgId: MMSG-13798]
Action.c(57): Notify: Saving Parameter "outboundFlightArr_2 = 011;644;09/08/2022".	[MsgId: MMSG-13798]
Action.c(57): Notify: Saving Parameter "outboundFlightArr_3 = 012;684;09/08/2022".	[MsgId: MMSG-13798]
Action.c(57): Notify: Saving Parameter "outboundFlightArr_4 = 013;592;09/08/2022".	[MsgId: MMSG-13798]
Action.c(57): Resource "http://localhost:1080/WebTours/images/button_next.gif" is in the cache already and will not be downloaded again  	[MsgId: MMSG-26655]
Action.c(57): Notify: Saving Parameter "outboundFlightArr_count = 4".	[MsgId: MMSG-13798]
Action.c(57): Registered web_reg_find successful for "Text=Flight departing from <B>Denver</B> to <B>Frankfurt</B> on <B>09/08/2022</B>" (count=1)  	[MsgId: MMSG-26364]
Action.c(57): web_submit_data("reservations.pl") was successful, 2443 body bytes, 256 header bytes, 12 chunking overhead bytes  	[MsgId: MMSG-26385]
Action.c(81): Notify: Transaction "startFindingFlights" ended with a "Pass" status (Duration: 0,0372 Wasted Time: 0,0002).	[MsgId: MMSG-16871]
Action.c(83): lr_think_time: 5,00 seconds.	[MsgId: MMSG-15948]
Action.c(85): Notify: Transaction "choseFlightTime" started.	[MsgId: MMSG-16999]
Action.c(87): Notify: Parameter Substitution: parameter "outboundFlightArr_count" =  "4"	[MsgId: MMSG-13992]
Action.c(87): Notify: Parameter Substitution: parameter "outboundFlightArr_2" =  "011;644;09/08/2022"	[MsgId: MMSG-13992]
Action.c(87): Notify: Saving Parameter "outboundFlight = 011;644;09/08/2022".	[MsgId: MMSG-13798]
Action.c(89): web_reg_find started  	[MsgId: MMSG-26355]
Action.c(89): Notify: Parameter Substitution: parameter "outboundFlight" =  "011;644;09/08/2022"	[MsgId: MMSG-13992]
Action.c(89): Registering web_reg_find was successful  	[MsgId: MMSG-26390]
Action.c(93): web_submit_data("reservations.pl_2") started  	[MsgId: MMSG-26355]
Action.c(93): Notify: Parameter Substitution: parameter "outboundFlight" =  "011;644;09/08/2022"	[MsgId: MMSG-13992]
Action.c(93): Notify: Parameter Substitution: parameter "seatType" =  "First"	[MsgId: MMSG-13992]
Action.c(93): Notify: Parameter Substitution: parameter "seatPref" =  "Aisle"	[MsgId: MMSG-13992]
Action.c(93): Resource "http://localhost:1080/WebTours/images/button_next.gif" is in the cache already and will not be downloaded again  	[MsgId: MMSG-26655]
Action.c(93): Registered web_reg_find successful for "Text=011;644;09/08/2022" (count=1)  	[MsgId: MMSG-26364]
Action.c(93): web_submit_data("reservations.pl_2") was successful, 2736 body bytes, 255 header bytes, 12 chunking overhead bytes  	[MsgId: MMSG-26385]
Action.c(111): Notify: Transaction "choseFlightTime" ended with a "Pass" status (Duration: 0,0330 Wasted Time: 0,0000).	[MsgId: MMSG-16871]
Action.c(113): Notify: Transaction "logout" started.	[MsgId: MMSG-16999]
../Library/CommonFunctions.h(51): web_reg_find started  	[MsgId: MMSG-26355]
../Library/CommonFunctions.h(51): Registering web_reg_find was successful  	[MsgId: MMSG-26390]
../Library/CommonFunctions.h(55): web_url("SignOff Button") started  	[MsgId: MMSG-26355]
../Library/CommonFunctions.h(55): Detected non-resource "http://localhost:1080/cgi-bin/nav.pl?in=home" in "http://localhost:1080/cgi-bin/welcome.pl?signOff=1"  	[MsgId: MMSG-26574]
../Library/CommonFunctions.h(55): Detected non-resource "http://localhost:1080/WebTours/home.html" in "http://localhost:1080/cgi-bin/welcome.pl?signOff=1"  	[MsgId: MMSG-26574]
../Library/CommonFunctions.h(55): Retrieving data from cache for "http://localhost:1080/WebTours/home.html"  	[MsgId: MMSG-26558]
../Library/CommonFunctions.h(55): Resource "http://localhost:1080/WebTours/images/mer_login.gif" is in the cache already and will not be downloaded again  	[MsgId: MMSG-26655]
../Library/CommonFunctions.h(55): Registered web_reg_find successful for "Text=A Session ID has been created and loaded into a cookie" (count=1)  	[MsgId: MMSG-26364]
../Library/CommonFunctions.h(55): web_url("SignOff Button") was successful, 2170 body bytes, 583 header bytes, 24 chunking overhead bytes  	[MsgId: MMSG-26385]
Action.c(117): Notify: Transaction "logout" ended with a "Pass" status (Duration: 0,0987 Wasted Time: 0,0000).	[MsgId: MMSG-16871]
Action.c(119): Notify: Transaction "UC_02_TicketSearchWithoutBuying" ended with a "Pass" status (Duration: 20,4188 Think Time: 20,0020 Wasted Time: 0,0003).	[MsgId: MMSG-16870]
Ending action Action.	[MsgId: MMSG-15918]
Ending iteration 1.	[MsgId: MMSG-15965]
Waiting 50,5690 seconds for iteration pacing.	[MsgId: MMSG-15996]
Virtual User Script started at: 08.09.2022 17:52:58	[MsgId: MMSG-15967]
Starting action vuser_init.	[MsgId: MMSG-15919]
Web Turbo Replay of LoadRunner 2021.0.0 for Windows 10; build 430 (џэт 05 2021 19:27:22)  	[MsgId: MMSG-26983]
Run mode: HTML  	[MsgId: MMSG-26993]
Replay user agent: Mozilla/5.0 (Windows NT 10.0; WOW64; Trident/7.0; rv:11.0) like Gecko  	[MsgId: MMSG-26988]
Runtime Settings file: "C:\Users\baldr\AppData\Local\Temp\lr5tmpdirfwh.328\lrcfgFRe.329\cfg4IP.382"  	[MsgId: MMSG-27141]
Ending action vuser_init.	[MsgId: MMSG-15918]
Running Vuser...	[MsgId: MMSG-15964]
Starting iteration 1.	[MsgId: MMSG-15968]
Maximum number of concurrent connections per server: 6  	[MsgId: MMSG-26989]
Starting action Action.	[MsgId: MMSG-15919]
Action.c(4): Notify: Transaction "UC_02_TicketSearchWithoutBuying" started.	[MsgId: MMSG-16999]
Action.c(6): Notify: Transaction "openHomePage" started.	[MsgId: MMSG-16999]
../Library/CommonFunctions.h(6): web_reg_save_param started  	[MsgId: MMSG-26355]
../Library/CommonFunctions.h(6): Registering web_reg_save_param was successful  	[MsgId: MMSG-26390]
../Library/CommonFunctions.h(11): web_url("WebTours") started  	[MsgId: MMSG-26355]
../Library/CommonFunctions.h(11): Detected non-resource "http://localhost:1080/WebTours/header.html" in "http://localhost:1080/WebTours/"  	[MsgId: MMSG-26574]
../Library/CommonFunctions.h(11): Detected non-resource "http://localhost:1080/cgi-bin/welcome.pl?signOff=true" in "http://localhost:1080/WebTours/"  	[MsgId: MMSG-26574]
../Library/CommonFunctions.h(11): Found resource "http://localhost:1080/WebTours/images/hp_logo.png" in HTML "http://localhost:1080/WebTours/header.html"  	[MsgId: MMSG-26659]
../Library/CommonFunctions.h(11): Found resource "http://localhost:1080/WebTours/images/webtours.png" in HTML "http://localhost:1080/WebTours/header.html"  	[MsgId: MMSG-26659]
../Library/CommonFunctions.h(11): Detected non-resource "http://localhost:1080/cgi-bin/nav.pl?in=home" in "http://localhost:1080/cgi-bin/welcome.pl?signOff=true"  	[MsgId: MMSG-26574]
../Library/CommonFunctions.h(11): Detected non-resource "http://localhost:1080/WebTours/home.html" in "http://localhost:1080/cgi-bin/welcome.pl?signOff=true"  	[MsgId: MMSG-26574]
../Library/CommonFunctions.h(11): Notify: Saving Parameter "userSession = 134681.958525719zQcHHADpctVzzzzHtVfzzpcVQtf".	[MsgId: MMSG-13798]
../Library/CommonFunctions.h(11): Found resource "http://localhost:1080/WebTours/images/mer_login.gif" in HTML "http://localhost:1080/cgi-bin/nav.pl?in=home"  	[MsgId: MMSG-26659]
../Library/CommonFunctions.h(11): web_url("WebTours") was successful, 10079 body bytes, 2377 header bytes, 24 chunking overhead bytes  	[MsgId: MMSG-26385]
../Library/CommonFunctions.h(21): web_set_sockets_option started  	[MsgId: MMSG-26355]
../Library/CommonFunctions.h(21): web_set_sockets_option was successful  	[MsgId: MMSG-26392]
Action.c(10): Notify: Transaction "openHomePage" ended with a "Pass" status (Duration: 0,0524 Wasted Time: 0,0001).	[MsgId: MMSG-16871]
Action.c(12): lr_think_time: 5,00 seconds.	[MsgId: MMSG-15948]
Action.c(14): Notify: Transaction "login" started.	[MsgId: MMSG-16999]
../Library/CommonFunctions.h(26): web_reg_find started  	[MsgId: MMSG-26355]
../Library/CommonFunctions.h(26): Notify: Parameter Substitution: parameter "userName" =  "user00"	[MsgId: MMSG-13992]
../Library/CommonFunctions.h(26): Registering web_reg_find was successful  	[MsgId: MMSG-26390]
../Library/CommonFunctions.h(31): web_submit_data("login.pl") started  	[MsgId: MMSG-26355]
../Library/CommonFunctions.h(31): Notify: Parameter Substitution: parameter "userSession" =  "134681.958525719zQcHHADpctVzzzzHtVfzzpcVQtf"	[MsgId: MMSG-13992]
../Library/CommonFunctions.h(31): Notify: Parameter Substitution: parameter "userName" =  "user00"	[MsgId: MMSG-13992]
../Library/CommonFunctions.h(31): Notify: Next row for parameter password = 1 [table  = password].	[MsgId: MMSG-13876]
../Library/CommonFunctions.h(31): Notify: Parameter Substitution: parameter "password" =  "12345"	[MsgId: MMSG-13992]
../Library/CommonFunctions.h(31): Detected non-resource "http://localhost:1080/cgi-bin/nav.pl?page=menu&in=home" in "http://localhost:1080/cgi-bin/login.pl"  	[MsgId: MMSG-26574]
../Library/CommonFunctions.h(31): Detected non-resource "http://localhost:1080/cgi-bin/login.pl?intro=true" in "http://localhost:1080/cgi-bin/login.pl"  	[MsgId: MMSG-26574]
../Library/CommonFunctions.h(31): Found resource "http://localhost:1080/WebTours/images/flights.gif" in HTML "http://localhost:1080/cgi-bin/nav.pl?page=menu&in=home"  	[MsgId: MMSG-26659]
../Library/CommonFunctions.h(31): Found resource "http://localhost:1080/WebTours/images/itinerary.gif" in HTML "http://localhost:1080/cgi-bin/nav.pl?page=menu&in=home"  	[MsgId: MMSG-26659]
../Library/CommonFunctions.h(31): Found resource "http://localhost:1080/WebTours/images/in_home.gif" in HTML "http://localhost:1080/cgi-bin/nav.pl?page=menu&in=home"  	[MsgId: MMSG-26659]
../Library/CommonFunctions.h(31): Found resource "http://localhost:1080/WebTours/images/signoff.gif" in HTML "http://localhost:1080/cgi-bin/nav.pl?page=menu&in=home"  	[MsgId: MMSG-26659]
../Library/CommonFunctions.h(31): Registered web_reg_find successful for "Text=Welcome, <b>user00</b>" (count=1)  	[MsgId: MMSG-26364]
../Library/CommonFunctions.h(31): web_submit_data("login.pl") was successful, 5781 body bytes, 2056 header bytes, 36 chunking overhead bytes  	[MsgId: MMSG-26385]
Action.c(18): Notify: Transaction "login" ended with a "Pass" status (Duration: 0,0800 Wasted Time: 0,0000).	[MsgId: MMSG-16871]
Action.c(20): lr_think_time: 5,00 seconds.	[MsgId: MMSG-15948]
Action.c(22): Notify: Transaction "flightsBottonClick" started.	[MsgId: MMSG-16999]
Action.c(24): web_url("Search Flights Button") started  	[MsgId: MMSG-26355]
Action.c(24): Detected non-resource "http://localhost:1080/cgi-bin/nav.pl?page=menu&in=flights" in "http://localhost:1080/cgi-bin/welcome.pl?page=search"  	[MsgId: MMSG-26574]
Action.c(24): Detected non-resource "http://localhost:1080/cgi-bin/reservations.pl?page=welcome" in "http://localhost:1080/cgi-bin/welcome.pl?page=search"  	[MsgId: MMSG-26574]
Action.c(24): Found resource "http://localhost:1080/WebTours/images/in_flights.gif" in HTML "http://localhost:1080/cgi-bin/nav.pl?page=menu&in=flights"  	[MsgId: MMSG-26659]
Action.c(24): Resource "http://localhost:1080/WebTours/images/itinerary.gif" is in the cache already and will not be downloaded again  	[MsgId: MMSG-26655]
Action.c(24): Found resource "http://localhost:1080/WebTours/images/home.gif" in HTML "http://localhost:1080/cgi-bin/nav.pl?page=menu&in=flights"  	[MsgId: MMSG-26659]
Action.c(24): Resource "http://localhost:1080/WebTours/images/signoff.gif" is in the cache already and will not be downloaded again  	[MsgId: MMSG-26655]
Action.c(24): Found resource "http://localhost:1080/WebTours/images/button_next.gif" in HTML "http://localhost:1080/cgi-bin/reservations.pl?page=welcome"  	[MsgId: MMSG-26659]
Action.c(24): web_url("Search Flights Button") was successful, 8516 body bytes, 1623 header bytes, 43 chunking overhead bytes  	[MsgId: MMSG-26385]
Action.c(34): Notify: Transaction "flightsBottonClick" ended with a "Pass" status (Duration: 0,1037).	[MsgId: MMSG-16873]
Action.c(36): lr_think_time: 5,00 seconds.	[MsgId: MMSG-15948]
Starting iteration 2.	[MsgId: MMSG-15968]
Notify: Next row for parameter userName = 2 [table  = userName].	[MsgId: MMSG-13876]
Notify: Getting new value for parameter 'userName': table = '..\Param\TestUserInfo.dat' column = '0' row = '2'.	[MsgId: MMSG-13877]
Notify: Next row for parameter seatPref = 2 [table  = seatPref].	[MsgId: MMSG-13876]
Notify: Getting new value for parameter 'seatPref': table = '..\Param\seatingPreference.dat' column = '0' row = '2'.	[MsgId: MMSG-13877]
Notify: Next row for parameter seatType = 1 [table  = seatType].	[MsgId: MMSG-13876]
Notify: Getting new value for parameter 'seatType': table = '..\Param\typeOfSeat.dat' column = '0' row = '1'.	[MsgId: MMSG-13877]
Notify: Next row for parameter password = 2 [table  = password].	[MsgId: MMSG-13876]
Notify: Getting new value for parameter 'password': table = '..\Param\TestUserInfo.dat' column = '1' row = '2'.	[MsgId: MMSG-13877]
Starting action Action.	[MsgId: MMSG-15919]
Action.c(4): Notify: Transaction "UC_02_TicketSearchWithoutBuying" started.	[MsgId: MMSG-16999]
Action.c(6): Notify: Transaction "openHomePage" started.	[MsgId: MMSG-16999]
../Library/CommonFunctions.h(6): web_reg_save_param started  	[MsgId: MMSG-26355]
../Library/CommonFunctions.h(6): Registering web_reg_save_param was successful  	[MsgId: MMSG-26390]
../Library/CommonFunctions.h(11): web_url("WebTours") started  	[MsgId: MMSG-26355]
../Library/CommonFunctions.h(11): Detected non-resource "http://localhost:1080/WebTours/header.html" in "http://localhost:1080/WebTours/"  	[MsgId: MMSG-26574]
../Library/CommonFunctions.h(11): Detected non-resource "http://localhost:1080/cgi-bin/welcome.pl?signOff=true" in "http://localhost:1080/WebTours/"  	[MsgId: MMSG-26574]
../Library/CommonFunctions.h(11): Found resource "http://localhost:1080/WebTours/images/hp_logo.png" in HTML "http://localhost:1080/WebTours/header.html"  	[MsgId: MMSG-26659]
../Library/CommonFunctions.h(11): Found resource "http://localhost:1080/WebTours/images/webtours.png" in HTML "http://localhost:1080/WebTours/header.html"  	[MsgId: MMSG-26659]
../Library/CommonFunctions.h(11): Detected non-resource "http://localhost:1080/cgi-bin/nav.pl?in=home" in "http://localhost:1080/cgi-bin/welcome.pl?signOff=true"  	[MsgId: MMSG-26574]
../Library/CommonFunctions.h(11): Detected non-resource "http://localhost:1080/WebTours/home.html" in "http://localhost:1080/cgi-bin/welcome.pl?signOff=true"  	[MsgId: MMSG-26574]
../Library/CommonFunctions.h(11): Notify: Saving Parameter "userSession = 134681.959416768zQcHHADpciHftVfzzpcVQHcf".	[MsgId: MMSG-13798]
../Library/CommonFunctions.h(11): Found resource "http://localhost:1080/WebTours/images/mer_login.gif" in HTML "http://localhost:1080/cgi-bin/nav.pl?in=home"  	[MsgId: MMSG-26659]
../Library/CommonFunctions.h(11): web_url("WebTours") was successful, 10076 body bytes, 2377 header bytes, 24 chunking overhead bytes  	[MsgId: MMSG-26385]
../Library/CommonFunctions.h(21): web_set_sockets_option started  	[MsgId: MMSG-26355]
../Library/CommonFunctions.h(21): web_set_sockets_option was successful  	[MsgId: MMSG-26392]
Action.c(10): Notify: Transaction "openHomePage" ended with a "Pass" status (Duration: 0,0913 Wasted Time: 0,0001).	[MsgId: MMSG-16871]
Action.c(12): lr_think_time: 5,00 seconds.	[MsgId: MMSG-15948]
Action.c(38): Notify: Transaction "startFindingFlights" started.	[MsgId: MMSG-16999]
Action.c(40): Notify: Getting new value for parameter 'flightDestination': table = '..\Param\flightDestination.dat' column = '0' row = '1'.	[MsgId: MMSG-13877]
Action.c(40): Notify: Parameter Substitution: parameter "flightDestination" =  "Denver"	[MsgId: MMSG-13992]
Action.c(40): Notify: Saving Parameter "depart = Denver".	[MsgId: MMSG-13798]
Action.c(42): Notify: Next row for parameter flightDestination = 2 [table  = flightDestination].	[MsgId: MMSG-13876]
Action.c(42): Notify: Getting new value for parameter 'flightDestination': table = '..\Param\flightDestination.dat' column = '0' row = '2'.	[MsgId: MMSG-13877]
Action.c(42): Notify: Parameter Substitution: parameter "flightDestination" =  "Frankfurt"	[MsgId: MMSG-13992]
Action.c(42): Notify: Saving Parameter "arrive = Frankfurt".	[MsgId: MMSG-13798]
Action.c(44): web_reg_save_param started  	[MsgId: MMSG-26355]
Action.c(44): Registering web_reg_save_param was successful  	[MsgId: MMSG-26390]
Action.c(51): web_reg_find started  	[MsgId: MMSG-26355]
Action.c(51): Notify: Parameter Substitution: parameter "depart" =  "Denver"	[MsgId: MMSG-13992]
Action.c(51): Notify: Parameter Substitution: parameter "arrive" =  "Frankfurt"	[MsgId: MMSG-13992]
Action.c(51): Notify: Parameter Substitution: parameter "departDate" =  "09/08/2022"	[MsgId: MMSG-13992]
Action.c(51): Registering web_reg_find was successful  	[MsgId: MMSG-26390]
Action.c(57): web_submit_data("reservations.pl") started  	[MsgId: MMSG-26355]
Action.c(57): Notify: Parameter Substitution: parameter "depart" =  "Denver"	[MsgId: MMSG-13992]
Action.c(57): Notify: Parameter Substitution: parameter "departDate" =  "09/08/2022"	[MsgId: MMSG-13992]
Action.c(57): Notify: Parameter Substitution: parameter "arrive" =  "Frankfurt"	[MsgId: MMSG-13992]
Action.c(57): Notify: Parameter Substitution: parameter "returnDate" =  "09/11/2022"	[MsgId: MMSG-13992]
Action.c(57): Notify: Parameter Substitution: parameter "seatPref" =  "Aisle"	[MsgId: MMSG-13992]
Action.c(57): Notify: Parameter Substitution: parameter "seatType" =  "First"	[MsgId: MMSG-13992]
Action.c(57): Notify: Saving Parameter "outboundFlightArr_1 = 010;723;09/08/2022".	[MsgId: MMSG-13798]
Action.c(57): Notify: Saving Parameter "outboundFlightArr_2 = 011;644;09/08/2022".	[MsgId: MMSG-13798]
Action.c(57): Notify: Saving Parameter "outboundFlightArr_3 = 012;684;09/08/2022".	[MsgId: MMSG-13798]
Action.c(57): Notify: Saving Parameter "outboundFlightArr_4 = 013;592;09/08/2022".	[MsgId: MMSG-13798]
Action.c(57): Resource "http://localhost:1080/WebTours/images/button_next.gif" is in the cache already and will not be downloaded again  	[MsgId: MMSG-26655]
Action.c(57): Notify: Saving Parameter "outboundFlightArr_count = 4".	[MsgId: MMSG-13798]
Action.c(57): Registered web_reg_find successful for "Text=Flight departing from <B>Denver</B> to <B>Frankfurt</B> on <B>09/08/2022</B>" (count=1)  	[MsgId: MMSG-26364]
Action.c(57): web_submit_data("reservations.pl") was successful, 2443 body bytes, 256 header bytes, 12 chunking overhead bytes  	[MsgId: MMSG-26385]
Action.c(81): Notify: Transaction "startFindingFlights" ended with a "Pass" status (Duration: 0,0481 Wasted Time: 0,0001).	[MsgId: MMSG-16871]
Action.c(83): lr_think_time: 5,00 seconds.	[MsgId: MMSG-15948]
Action.c(14): Notify: Transaction "login" started.	[MsgId: MMSG-16999]
../Library/CommonFunctions.h(26): web_reg_find started  	[MsgId: MMSG-26355]
../Library/CommonFunctions.h(26): Notify: Parameter Substitution: parameter "userName" =  "user01"	[MsgId: MMSG-13992]
../Library/CommonFunctions.h(26): Registering web_reg_find was successful  	[MsgId: MMSG-26390]
../Library/CommonFunctions.h(31): web_submit_data("login.pl") started  	[MsgId: MMSG-26355]
../Library/CommonFunctions.h(31): Notify: Parameter Substitution: parameter "userSession" =  "134681.959416768zQcHHADpciHftVfzzpcVQHcf"	[MsgId: MMSG-13992]
../Library/CommonFunctions.h(31): Notify: Parameter Substitution: parameter "userName" =  "user01"	[MsgId: MMSG-13992]
../Library/CommonFunctions.h(31): Notify: Next row for parameter password = 2 [table  = password].	[MsgId: MMSG-13876]
../Library/CommonFunctions.h(31): Notify: Parameter Substitution: parameter "password" =  "12345"	[MsgId: MMSG-13992]
../Library/CommonFunctions.h(31): Detected non-resource "http://localhost:1080/cgi-bin/nav.pl?page=menu&in=home" in "http://localhost:1080/cgi-bin/login.pl"  	[MsgId: MMSG-26574]
../Library/CommonFunctions.h(31): Detected non-resource "http://localhost:1080/cgi-bin/login.pl?intro=true" in "http://localhost:1080/cgi-bin/login.pl"  	[MsgId: MMSG-26574]
../Library/CommonFunctions.h(31): Found resource "http://localhost:1080/WebTours/images/flights.gif" in HTML "http://localhost:1080/cgi-bin/nav.pl?page=menu&in=home"  	[MsgId: MMSG-26659]
../Library/CommonFunctions.h(31): Found resource "http://localhost:1080/WebTours/images/itinerary.gif" in HTML "http://localhost:1080/cgi-bin/nav.pl?page=menu&in=home"  	[MsgId: MMSG-26659]
../Library/CommonFunctions.h(31): Found resource "http://localhost:1080/WebTours/images/in_home.gif" in HTML "http://localhost:1080/cgi-bin/nav.pl?page=menu&in=home"  	[MsgId: MMSG-26659]
../Library/CommonFunctions.h(31): Found resource "http://localhost:1080/WebTours/images/signoff.gif" in HTML "http://localhost:1080/cgi-bin/nav.pl?page=menu&in=home"  	[MsgId: MMSG-26659]
../Library/CommonFunctions.h(31): Registered web_reg_find successful for "Text=Welcome, <b>user01</b>" (count=1)  	[MsgId: MMSG-26364]
../Library/CommonFunctions.h(31): web_submit_data("login.pl") was successful, 5781 body bytes, 2056 header bytes, 36 chunking overhead bytes  	[MsgId: MMSG-26385]
Action.c(18): Notify: Transaction "login" ended with a "Pass" status (Duration: 0,0832 Wasted Time: 0,0000).	[MsgId: MMSG-16871]
Action.c(20): lr_think_time: 5,00 seconds.	[MsgId: MMSG-15948]
Action.c(85): Notify: Transaction "choseFlightTime" started.	[MsgId: MMSG-16999]
Action.c(87): Notify: Parameter Substitution: parameter "outboundFlightArr_count" =  "4"	[MsgId: MMSG-13992]
Action.c(87): Notify: Parameter Substitution: parameter "outboundFlightArr_1" =  "010;723;09/08/2022"	[MsgId: MMSG-13992]
Action.c(87): Notify: Saving Parameter "outboundFlight = 010;723;09/08/2022".	[MsgId: MMSG-13798]
Action.c(89): web_reg_find started  	[MsgId: MMSG-26355]
Action.c(89): Notify: Parameter Substitution: parameter "outboundFlight" =  "010;723;09/08/2022"	[MsgId: MMSG-13992]
Action.c(89): Registering web_reg_find was successful  	[MsgId: MMSG-26390]
Action.c(93): web_submit_data("reservations.pl_2") started  	[MsgId: MMSG-26355]
Action.c(93): Notify: Parameter Substitution: parameter "outboundFlight" =  "010;723;09/08/2022"	[MsgId: MMSG-13992]
Action.c(93): Notify: Parameter Substitution: parameter "seatType" =  "First"	[MsgId: MMSG-13992]
Action.c(93): Notify: Parameter Substitution: parameter "seatPref" =  "Aisle"	[MsgId: MMSG-13992]
Action.c(93): Resource "http://localhost:1080/WebTours/images/button_next.gif" is in the cache already and will not be downloaded again  	[MsgId: MMSG-26655]
Action.c(93): Registered web_reg_find successful for "Text=010;723;09/08/2022" (count=1)  	[MsgId: MMSG-26364]
Action.c(93): web_submit_data("reservations.pl_2") was successful, 2736 body bytes, 255 header bytes, 12 chunking overhead bytes  	[MsgId: MMSG-26385]
Action.c(111): Notify: Transaction "choseFlightTime" ended with a "Pass" status (Duration: 0,0329 Wasted Time: 0,0000).	[MsgId: MMSG-16871]
Action.c(113): Notify: Transaction "logout" started.	[MsgId: MMSG-16999]
../Library/CommonFunctions.h(51): web_reg_find started  	[MsgId: MMSG-26355]
../Library/CommonFunctions.h(51): Registering web_reg_find was successful  	[MsgId: MMSG-26390]
../Library/CommonFunctions.h(55): web_url("SignOff Button") started  	[MsgId: MMSG-26355]
../Library/CommonFunctions.h(55): Detected non-resource "http://localhost:1080/cgi-bin/nav.pl?in=home" in "http://localhost:1080/cgi-bin/welcome.pl?signOff=1"  	[MsgId: MMSG-26574]
../Library/CommonFunctions.h(55): Detected non-resource "http://localhost:1080/WebTours/home.html" in "http://localhost:1080/cgi-bin/welcome.pl?signOff=1"  	[MsgId: MMSG-26574]
../Library/CommonFunctions.h(55): Retrieving data from cache for "http://localhost:1080/WebTours/home.html"  	[MsgId: MMSG-26558]
../Library/CommonFunctions.h(55): Resource "http://localhost:1080/WebTours/images/mer_login.gif" is in the cache already and will not be downloaded again  	[MsgId: MMSG-26655]
../Library/CommonFunctions.h(55): Registered web_reg_find successful for "Text=A Session ID has been created and loaded into a cookie" (count=1)  	[MsgId: MMSG-26364]
../Library/CommonFunctions.h(55): web_url("SignOff Button") was successful, 2170 body bytes, 583 header bytes, 24 chunking overhead bytes  	[MsgId: MMSG-26385]
Action.c(117): Notify: Transaction "logout" ended with a "Pass" status (Duration: 0,1019 Wasted Time: 0,0000).	[MsgId: MMSG-16871]
Action.c(119): Notify: Transaction "UC_02_TicketSearchWithoutBuying" ended with a "Pass" status (Duration: 20,4217 Think Time: 20,0017 Wasted Time: 0,0002).	[MsgId: MMSG-16870]
Ending action Action.	[MsgId: MMSG-15918]
Ending iteration 1.	[MsgId: MMSG-15965]
Waiting 50,5670 seconds for iteration pacing.	[MsgId: MMSG-15996]
Action.c(22): Notify: Transaction "flightsBottonClick" started.	[MsgId: MMSG-16999]
Action.c(24): web_url("Search Flights Button") started  	[MsgId: MMSG-26355]
Action.c(24): Detected non-resource "http://localhost:1080/cgi-bin/nav.pl?page=menu&in=flights" in "http://localhost:1080/cgi-bin/welcome.pl?page=search"  	[MsgId: MMSG-26574]
Action.c(24): Detected non-resource "http://localhost:1080/cgi-bin/reservations.pl?page=welcome" in "http://localhost:1080/cgi-bin/welcome.pl?page=search"  	[MsgId: MMSG-26574]
Action.c(24): Found resource "http://localhost:1080/WebTours/images/in_flights.gif" in HTML "http://localhost:1080/cgi-bin/nav.pl?page=menu&in=flights"  	[MsgId: MMSG-26659]
Action.c(24): Resource "http://localhost:1080/WebTours/images/itinerary.gif" is in the cache already and will not be downloaded again  	[MsgId: MMSG-26655]
Action.c(24): Found resource "http://localhost:1080/WebTours/images/home.gif" in HTML "http://localhost:1080/cgi-bin/nav.pl?page=menu&in=flights"  	[MsgId: MMSG-26659]
Action.c(24): Resource "http://localhost:1080/WebTours/images/signoff.gif" is in the cache already and will not be downloaded again  	[MsgId: MMSG-26655]
Action.c(24): Found resource "http://localhost:1080/WebTours/images/button_next.gif" in HTML "http://localhost:1080/cgi-bin/reservations.pl?page=welcome"  	[MsgId: MMSG-26659]
Action.c(24): web_url("Search Flights Button") was successful, 8516 body bytes, 1621 header bytes, 43 chunking overhead bytes  	[MsgId: MMSG-26385]
Action.c(34): Notify: Transaction "flightsBottonClick" ended with a "Pass" status (Duration: 0,0978).	[MsgId: MMSG-16873]
Action.c(36): lr_think_time: 5,00 seconds.	[MsgId: MMSG-15948]
Action.c(38): Notify: Transaction "startFindingFlights" started.	[MsgId: MMSG-16999]
Action.c(40): Notify: Next row for parameter flightDestination = 3 [table  = flightDestination].	[MsgId: MMSG-13876]
Action.c(40): Notify: Getting new value for parameter 'flightDestination': table = '..\Param\flightDestination.dat' column = '0' row = '3'.	[MsgId: MMSG-13877]
Action.c(40): Notify: Parameter Substitution: parameter "flightDestination" =  "London"	[MsgId: MMSG-13992]
Action.c(40): Notify: Saving Parameter "depart = London".	[MsgId: MMSG-13798]
Action.c(42): Notify: Next row for parameter flightDestination = 4 [table  = flightDestination].	[MsgId: MMSG-13876]
Action.c(42): Notify: Getting new value for parameter 'flightDestination': table = '..\Param\flightDestination.dat' column = '0' row = '4'.	[MsgId: MMSG-13877]
Action.c(42): Notify: Parameter Substitution: parameter "flightDestination" =  "Los Angeles"	[MsgId: MMSG-13992]
Action.c(42): Notify: Saving Parameter "arrive = Los Angeles".	[MsgId: MMSG-13798]
Action.c(44): web_reg_save_param started  	[MsgId: MMSG-26355]
Action.c(44): Registering web_reg_save_param was successful  	[MsgId: MMSG-26390]
Action.c(51): web_reg_find started  	[MsgId: MMSG-26355]
Action.c(51): Notify: Parameter Substitution: parameter "depart" =  "London"	[MsgId: MMSG-13992]
Action.c(51): Notify: Parameter Substitution: parameter "arrive" =  "Los Angeles"	[MsgId: MMSG-13992]
Action.c(51): Notify: Parameter Substitution: parameter "departDate" =  "09/08/2022"	[MsgId: MMSG-13992]
Action.c(51): Registering web_reg_find was successful  	[MsgId: MMSG-26390]
Action.c(57): web_submit_data("reservations.pl") started  	[MsgId: MMSG-26355]
Action.c(57): Notify: Parameter Substitution: parameter "depart" =  "London"	[MsgId: MMSG-13992]
Action.c(57): Notify: Parameter Substitution: parameter "departDate" =  "09/08/2022"	[MsgId: MMSG-13992]
Action.c(57): Notify: Parameter Substitution: parameter "arrive" =  "Los Angeles"	[MsgId: MMSG-13992]
Action.c(57): Notify: Parameter Substitution: parameter "returnDate" =  "09/11/2022"	[MsgId: MMSG-13992]
Action.c(57): Notify: Parameter Substitution: parameter "seatPref" =  "Window"	[MsgId: MMSG-13992]
Action.c(57): Notify: Parameter Substitution: parameter "seatType" =  "First"	[MsgId: MMSG-13992]
Action.c(57): Notify: Saving Parameter "outboundFlightArr_1 = 230;1449;09/08/2022".	[MsgId: MMSG-13798]
Action.c(57): Notify: Saving Parameter "outboundFlightArr_2 = 231;1291;09/08/2022".	[MsgId: MMSG-13798]
Action.c(57): Notify: Saving Parameter "outboundFlightArr_3 = 232;1370;09/08/2022".	[MsgId: MMSG-13798]
Action.c(57): Notify: Saving Parameter "outboundFlightArr_4 = 233;1186;09/08/2022".	[MsgId: MMSG-13798]
Action.c(57): Resource "http://localhost:1080/WebTours/images/button_next.gif" is in the cache already and will not be downloaded again  	[MsgId: MMSG-26655]
Action.c(57): Notify: Saving Parameter "outboundFlightArr_count = 4".	[MsgId: MMSG-13798]
Action.c(57): Registered web_reg_find successful for "Text=Flight departing from <B>London</B> to <B>Los Angeles</B> on <B>09/08/2022</B>" (count=1)  	[MsgId: MMSG-26364]
Action.c(57): web_submit_data("reservations.pl") was successful, 2456 body bytes, 256 header bytes, 12 chunking overhead bytes  	[MsgId: MMSG-26385]
Action.c(81): Notify: Transaction "startFindingFlights" ended with a "Pass" status (Duration: 0,0407 Wasted Time: 0,0001).	[MsgId: MMSG-16871]
Action.c(83): lr_think_time: 5,00 seconds.	[MsgId: MMSG-15948]
Action.c(85): Notify: Transaction "choseFlightTime" started.	[MsgId: MMSG-16999]
Action.c(87): Notify: Parameter Substitution: parameter "outboundFlightArr_count" =  "4"	[MsgId: MMSG-13992]
Action.c(87): Notify: Parameter Substitution: parameter "outboundFlightArr_3" =  "232;1370;09/08/2022"	[MsgId: MMSG-13992]
Action.c(87): Notify: Saving Parameter "outboundFlight = 232;1370;09/08/2022".	[MsgId: MMSG-13798]
Action.c(89): web_reg_find started  	[MsgId: MMSG-26355]
Action.c(89): Notify: Parameter Substitution: parameter "outboundFlight" =  "232;1370;09/08/2022"	[MsgId: MMSG-13992]
Action.c(89): Registering web_reg_find was successful  	[MsgId: MMSG-26390]
Action.c(93): web_submit_data("reservations.pl_2") started  	[MsgId: MMSG-26355]
Action.c(93): Notify: Parameter Substitution: parameter "outboundFlight" =  "232;1370;09/08/2022"	[MsgId: MMSG-13992]
Action.c(93): Notify: Parameter Substitution: parameter "seatType" =  "First"	[MsgId: MMSG-13992]
Action.c(93): Notify: Parameter Substitution: parameter "seatPref" =  "Window"	[MsgId: MMSG-13992]
Action.c(93): Resource "http://localhost:1080/WebTours/images/button_next.gif" is in the cache already and will not be downloaded again  	[MsgId: MMSG-26655]
Action.c(93): Registered web_reg_find successful for "Text=232;1370;09/08/2022" (count=1)  	[MsgId: MMSG-26364]
Action.c(93): web_submit_data("reservations.pl_2") was successful, 2739 body bytes, 255 header bytes, 12 chunking overhead bytes  	[MsgId: MMSG-26385]
Action.c(111): Notify: Transaction "choseFlightTime" ended with a "Pass" status (Duration: 0,0560 Wasted Time: 0,0000).	[MsgId: MMSG-16871]
Action.c(113): Notify: Transaction "logout" started.	[MsgId: MMSG-16999]
../Library/CommonFunctions.h(51): web_reg_find started  	[MsgId: MMSG-26355]
../Library/CommonFunctions.h(51): Registering web_reg_find was successful  	[MsgId: MMSG-26390]
../Library/CommonFunctions.h(55): web_url("SignOff Button") started  	[MsgId: MMSG-26355]
../Library/CommonFunctions.h(55): Detected non-resource "http://localhost:1080/cgi-bin/nav.pl?in=home" in "http://localhost:1080/cgi-bin/welcome.pl?signOff=1"  	[MsgId: MMSG-26574]
../Library/CommonFunctions.h(55): Detected non-resource "http://localhost:1080/WebTours/home.html" in "http://localhost:1080/cgi-bin/welcome.pl?signOff=1"  	[MsgId: MMSG-26574]
../Library/CommonFunctions.h(55): Retrieving data from cache for "http://localhost:1080/WebTours/home.html"  	[MsgId: MMSG-26558]
../Library/CommonFunctions.h(55): Resource "http://localhost:1080/WebTours/images/mer_login.gif" is in the cache already and will not be downloaded again  	[MsgId: MMSG-26655]
../Library/CommonFunctions.h(55): Registered web_reg_find successful for "Text=A Session ID has been created and loaded into a cookie" (count=1)  	[MsgId: MMSG-26364]
../Library/CommonFunctions.h(55): web_url("SignOff Button") was successful, 2176 body bytes, 583 header bytes, 24 chunking overhead bytes  	[MsgId: MMSG-26385]
Action.c(117): Notify: Transaction "logout" ended with a "Pass" status (Duration: 0,1007 Wasted Time: 0,0000).	[MsgId: MMSG-16871]
Action.c(119): Notify: Transaction "UC_02_TicketSearchWithoutBuying" ended with a "Pass" status (Duration: 20,4710 Think Time: 20,0003 Wasted Time: 0,0003).	[MsgId: MMSG-16870]
Ending action Action.	[MsgId: MMSG-15918]
Ending iteration 2.	[MsgId: MMSG-15965]
Waiting 50,5270 seconds for iteration pacing.	[MsgId: MMSG-15996]
Action was aborted.	[MsgId: MMSG-10694]
Ending Vuser...	[MsgId: MMSG-15966]
Action was aborted.	[MsgId: MMSG-10694]
Starting action vuser_end.	[MsgId: MMSG-15919]
Ending Vuser...	[MsgId: MMSG-15966]
Ending action vuser_end.	[MsgId: MMSG-15918]
Starting action vuser_end.	[MsgId: MMSG-15919]
Vuser Terminated.	[MsgId: MMSG-15963]
Ending action vuser_end.	[MsgId: MMSG-15918]
Vuser Terminated.	[MsgId: MMSG-15963]
Vuser 0 (thread 15624), ended OK."	[MsgId: MMSG-10695]
Vuser 1 (thread 26084), ended OK."	[MsgId: MMSG-10695]
