Virtual User Script started at: 09.09.2022 13:20:21	[MsgId: MMSG-15967]
Starting action vuser_init.	[MsgId: MMSG-15919]
Web Turbo Replay of LoadRunner 2021.0.0 for Windows 10; build 430 (џэт 05 2021 19:27:22)  	[MsgId: MMSG-26983]
Run mode: HTML  	[MsgId: MMSG-26993]
Replay user agent: Mozilla/5.0 (Windows NT 10.0; WOW64; Trident/7.0; rv:11.0) like Gecko  	[MsgId: MMSG-26988]
Runtime Settings file: "C:\Users\baldr\AppData\Local\Temp\lr5tmpdirYiv.342\lrcfgaKU.343\cfgTAe.350"  	[MsgId: MMSG-27141]
Ending action vuser_init.	[MsgId: MMSG-15918]
Running Vuser...	[MsgId: MMSG-15964]
Starting iteration 1.	[MsgId: MMSG-15968]
Maximum number of concurrent connections per server: 6  	[MsgId: MMSG-26989]
Starting action Action.	[MsgId: MMSG-15919]
Action.c(5): Notify: Transaction "UC_03_TicketBuying" started.	[MsgId: MMSG-16999]
Action.c(7): Notify: Transaction "openHomePage" started.	[MsgId: MMSG-16999]
../Library/CommonFunctions.h(6): web_reg_save_param started  	[MsgId: MMSG-26355]
../Library/CommonFunctions.h(6): Registering web_reg_save_param was successful  	[MsgId: MMSG-26390]
../Library/CommonFunctions.h(11): web_url("WebTours") started  	[MsgId: MMSG-26355]
../Library/CommonFunctions.h(11): Detected non-resource "http://localhost:1080/WebTours/header.html" in "http://localhost:1080/WebTours/"  	[MsgId: MMSG-26574]
../Library/CommonFunctions.h(11): Detected non-resource "http://localhost:1080/cgi-bin/welcome.pl?signOff=true" in "http://localhost:1080/WebTours/"  	[MsgId: MMSG-26574]
../Library/CommonFunctions.h(11): Found resource "http://localhost:1080/WebTours/images/hp_logo.png" in HTML "http://localhost:1080/WebTours/header.html"  	[MsgId: MMSG-26659]
../Library/CommonFunctions.h(11): Found resource "http://localhost:1080/WebTours/images/webtours.png" in HTML "http://localhost:1080/WebTours/header.html"  	[MsgId: MMSG-26659]
../Library/CommonFunctions.h(11): Detected non-resource "http://localhost:1080/cgi-bin/nav.pl?in=home" in "http://localhost:1080/cgi-bin/welcome.pl?signOff=true"  	[MsgId: MMSG-26574]
../Library/CommonFunctions.h(11): Detected non-resource "http://localhost:1080/WebTours/home.html" in "http://localhost:1080/cgi-bin/welcome.pl?signOff=true"  	[MsgId: MMSG-26574]
../Library/CommonFunctions.h(11): Notify: Saving Parameter "userSession = 134687.632320778zQcHQQfpAiHftVfzHpQHAfcf".	[MsgId: MMSG-13798]
../Library/CommonFunctions.h(11): Found resource "http://localhost:1080/WebTours/images/mer_login.gif" in HTML "http://localhost:1080/cgi-bin/nav.pl?in=home"  	[MsgId: MMSG-26659]
../Library/CommonFunctions.h(11): web_url("WebTours") was successful, 10076 body bytes, 2377 header bytes, 24 chunking overhead bytes  	[MsgId: MMSG-26385]
../Library/CommonFunctions.h(21): web_set_sockets_option started  	[MsgId: MMSG-26355]
../Library/CommonFunctions.h(21): web_set_sockets_option was successful  	[MsgId: MMSG-26392]
Action.c(11): Notify: Transaction "openHomePage" ended with a "Pass" status (Duration: 0,0594 Wasted Time: 0,0001).	[MsgId: MMSG-16871]
Action.c(13): lr_think_time: 5,00 seconds.	[MsgId: MMSG-15948]
Action.c(15): Notify: Transaction "login" started.	[MsgId: MMSG-16999]
../Library/CommonFunctions.h(26): web_reg_find started  	[MsgId: MMSG-26355]
../Library/CommonFunctions.h(26): Notify: Parameter Substitution: parameter "userName" =  "user00"	[MsgId: MMSG-13992]
../Library/CommonFunctions.h(26): Registering web_reg_find was successful  	[MsgId: MMSG-26390]
../Library/CommonFunctions.h(31): web_submit_data("login.pl") started  	[MsgId: MMSG-26355]
../Library/CommonFunctions.h(31): Notify: Parameter Substitution: parameter "userSession" =  "134687.632320778zQcHQQfpAiHftVfzHpQHAfcf"	[MsgId: MMSG-13992]
../Library/CommonFunctions.h(31): Notify: Parameter Substitution: parameter "userName" =  "user00"	[MsgId: MMSG-13992]
../Library/CommonFunctions.h(31): Notify: Next row for parameter password = 1 [table  = password].	[MsgId: MMSG-13876]
../Library/CommonFunctions.h(31): Notify: Parameter Substitution: parameter "password" =  "12345"	[MsgId: MMSG-13992]
../Library/CommonFunctions.h(31): Detected non-resource "http://localhost:1080/cgi-bin/nav.pl?page=menu&in=home" in "http://localhost:1080/cgi-bin/login.pl"  	[MsgId: MMSG-26574]
../Library/CommonFunctions.h(31): Detected non-resource "http://localhost:1080/cgi-bin/login.pl?intro=true" in "http://localhost:1080/cgi-bin/login.pl"  	[MsgId: MMSG-26574]
../Library/CommonFunctions.h(31): Found resource "http://localhost:1080/WebTours/images/flights.gif" in HTML "http://localhost:1080/cgi-bin/nav.pl?page=menu&in=home"  	[MsgId: MMSG-26659]
../Library/CommonFunctions.h(31): Found resource "http://localhost:1080/WebTours/images/itinerary.gif" in HTML "http://localhost:1080/cgi-bin/nav.pl?page=menu&in=home"  	[MsgId: MMSG-26659]
../Library/CommonFunctions.h(31): Found resource "http://localhost:1080/WebTours/images/in_home.gif" in HTML "http://localhost:1080/cgi-bin/nav.pl?page=menu&in=home"  	[MsgId: MMSG-26659]
../Library/CommonFunctions.h(31): Found resource "http://localhost:1080/WebTours/images/signoff.gif" in HTML "http://localhost:1080/cgi-bin/nav.pl?page=menu&in=home"  	[MsgId: MMSG-26659]
../Library/CommonFunctions.h(31): Registered web_reg_find successful for "Text=Welcome, <b>user00</b>" (count=1)  	[MsgId: MMSG-26364]
../Library/CommonFunctions.h(31): web_submit_data("login.pl") was successful, 5781 body bytes, 2056 header bytes, 36 chunking overhead bytes  	[MsgId: MMSG-26385]
Action.c(19): Notify: Transaction "login" ended with a "Pass" status (Duration: 0,1052 Wasted Time: 0,0000).	[MsgId: MMSG-16871]
Action.c(21): lr_think_time: 5,00 seconds.	[MsgId: MMSG-15948]
Action.c(23): Notify: Transaction "flightsBottonClick" started.	[MsgId: MMSG-16999]
Action.c(25): web_url("Search Flights Button") started  	[MsgId: MMSG-26355]
Action.c(25): Detected non-resource "http://localhost:1080/cgi-bin/nav.pl?page=menu&in=flights" in "http://localhost:1080/cgi-bin/welcome.pl?page=search"  	[MsgId: MMSG-26574]
Action.c(25): Detected non-resource "http://localhost:1080/cgi-bin/reservations.pl?page=welcome" in "http://localhost:1080/cgi-bin/welcome.pl?page=search"  	[MsgId: MMSG-26574]
Action.c(25): Found resource "http://localhost:1080/WebTours/images/in_flights.gif" in HTML "http://localhost:1080/cgi-bin/nav.pl?page=menu&in=flights"  	[MsgId: MMSG-26659]
Action.c(25): Resource "http://localhost:1080/WebTours/images/itinerary.gif" is in the cache already and will not be downloaded again  	[MsgId: MMSG-26655]
Action.c(25): Found resource "http://localhost:1080/WebTours/images/home.gif" in HTML "http://localhost:1080/cgi-bin/nav.pl?page=menu&in=flights"  	[MsgId: MMSG-26659]
Action.c(25): Resource "http://localhost:1080/WebTours/images/signoff.gif" is in the cache already and will not be downloaded again  	[MsgId: MMSG-26655]
Action.c(25): Found resource "http://localhost:1080/WebTours/images/button_next.gif" in HTML "http://localhost:1080/cgi-bin/reservations.pl?page=welcome"  	[MsgId: MMSG-26659]
Action.c(25): web_url("Search Flights Button") was successful, 8516 body bytes, 1623 header bytes, 43 chunking overhead bytes  	[MsgId: MMSG-26385]
Action.c(35): Notify: Transaction "flightsBottonClick" ended with a "Pass" status (Duration: 0,1250).	[MsgId: MMSG-16873]
Action.c(37): lr_think_time: 5,00 seconds.	[MsgId: MMSG-15948]
Action.c(39): Notify: Transaction "startFindingFlights" started.	[MsgId: MMSG-16999]
Action.c(41): Notify: Getting new value for parameter 'flightDestination': table = '..\Param\flightDestination.dat' column = '0' row = '6'.	[MsgId: MMSG-13877]
Action.c(41): Notify: Parameter Substitution: parameter "flightDestination" =  "Portland"	[MsgId: MMSG-13992]
Action.c(41): Notify: Saving Parameter "depart = Portland".	[MsgId: MMSG-13798]
Action.c(43): Notify: Next row for parameter flightDestination = 10 [table  = flightDestination].	[MsgId: MMSG-13876]
Action.c(43): Notify: Getting new value for parameter 'flightDestination': table = '..\Param\flightDestination.dat' column = '0' row = '10'.	[MsgId: MMSG-13877]
Action.c(43): Notify: Parameter Substitution: parameter "flightDestination" =  "Zurich"	[MsgId: MMSG-13992]
Action.c(43): Notify: Saving Parameter "arrive = Zurich".	[MsgId: MMSG-13798]
Action.c(45): Notify: Parameter Substitution: parameter "depart" =  "Portland"	[MsgId: MMSG-13992]
Action.c(45): Notify: Parameter Substitution: parameter "arrive" =  "Zurich"	[MsgId: MMSG-13992]
Action.c(50): web_reg_save_param started  	[MsgId: MMSG-26355]
Action.c(50): Registering web_reg_save_param was successful  	[MsgId: MMSG-26390]
Action.c(57): web_reg_find started  	[MsgId: MMSG-26355]
Action.c(57): Notify: Parameter Substitution: parameter "depart" =  "Portland"	[MsgId: MMSG-13992]
Action.c(57): Notify: Parameter Substitution: parameter "arrive" =  "Zurich"	[MsgId: MMSG-13992]
Action.c(57): Notify: Parameter Substitution: parameter "departDate" =  "09/09/2022"	[MsgId: MMSG-13992]
Action.c(57): Registering web_reg_find was successful  	[MsgId: MMSG-26390]
Action.c(62): web_submit_data("reservations.pl") started  	[MsgId: MMSG-26355]
Action.c(62): Notify: Parameter Substitution: parameter "depart" =  "Portland"	[MsgId: MMSG-13992]
Action.c(62): Notify: Parameter Substitution: parameter "departDate" =  "09/09/2022"	[MsgId: MMSG-13992]
Action.c(62): Notify: Parameter Substitution: parameter "arrive" =  "Zurich"	[MsgId: MMSG-13992]
Action.c(62): Notify: Parameter Substitution: parameter "returnDate" =  "09/09/22"	[MsgId: MMSG-13992]
Action.c(62): Notify: Parameter Substitution: parameter "seatPref" =  "Aisle"	[MsgId: MMSG-13992]
Action.c(62): Notify: Parameter Substitution: parameter "seatType" =  "First"	[MsgId: MMSG-13992]
Action.c(62): Notify: Saving Parameter "outboundFlightArr_1 = 590;866;09/09/2022".	[MsgId: MMSG-13798]
Action.c(62): Notify: Saving Parameter "outboundFlightArr_2 = 591;771;09/09/2022".	[MsgId: MMSG-13798]
Action.c(62): Notify: Saving Parameter "outboundFlightArr_3 = 592;819;09/09/2022".	[MsgId: MMSG-13798]
Action.c(62): Notify: Saving Parameter "outboundFlightArr_4 = 593;708;09/09/2022".	[MsgId: MMSG-13798]
Action.c(62): Resource "http://localhost:1080/WebTours/images/button_next.gif" is in the cache already and will not be downloaded again  	[MsgId: MMSG-26655]
Action.c(62): Notify: Saving Parameter "outboundFlightArr_count = 4".	[MsgId: MMSG-13798]
Action.c(62): Registered web_reg_find successful for "Text=Flight departing from <B>Portland</B> to <B>Zurich</B> on <B>09/09/2022</B>" (count=1)  	[MsgId: MMSG-26364]
Action.c(62): web_submit_data("reservations.pl") was successful, 2441 body bytes, 256 header bytes, 12 chunking overhead bytes  	[MsgId: MMSG-26385]
Action.c(86): Notify: Transaction "startFindingFlights" ended with a "Pass" status (Duration: 0,0616 Wasted Time: 0,0001).	[MsgId: MMSG-16871]
Action.c(88): lr_think_time: 5,00 seconds.	[MsgId: MMSG-15948]
Action.c(90): Notify: Transaction "choseFlightTime" started.	[MsgId: MMSG-16999]
Action.c(92): Notify: Parameter Substitution: parameter "outboundFlightArr_count" =  "4"	[MsgId: MMSG-13992]
Action.c(92): Notify: Parameter Substitution: parameter "outboundFlightArr_4" =  "593;708;09/09/2022"	[MsgId: MMSG-13992]
Action.c(92): Notify: Saving Parameter "outboundFlight = 593;708;09/09/2022".	[MsgId: MMSG-13798]
Action.c(94): web_reg_find started  	[MsgId: MMSG-26355]
Action.c(94): Notify: Parameter Substitution: parameter "outboundFlight" =  "593;708;09/09/2022"	[MsgId: MMSG-13992]
Action.c(94): Registering web_reg_find was successful  	[MsgId: MMSG-26390]
Action.c(98): web_submit_data("reservations.pl_2") started  	[MsgId: MMSG-26355]
Action.c(98): Notify: Parameter Substitution: parameter "outboundFlight" =  "593;708;09/09/2022"	[MsgId: MMSG-13992]
Action.c(98): Notify: Parameter Substitution: parameter "seatType" =  "First"	[MsgId: MMSG-13992]
Action.c(98): Notify: Parameter Substitution: parameter "seatPref" =  "Aisle"	[MsgId: MMSG-13992]
Action.c(98): Resource "http://localhost:1080/WebTours/images/button_next.gif" is in the cache already and will not be downloaded again  	[MsgId: MMSG-26655]
Action.c(98): Registered web_reg_find successful for "Text=593;708;09/09/2022" (count=1)  	[MsgId: MMSG-26364]
Action.c(98): web_submit_data("reservations.pl_2") was successful, 2736 body bytes, 255 header bytes, 12 chunking overhead bytes  	[MsgId: MMSG-26385]
Action.c(116): Notify: Transaction "choseFlightTime" ended with a "Pass" status (Duration: 0,0397 Wasted Time: 0,0000).	[MsgId: MMSG-16871]
Action.c(118): lr_think_time: 5,00 seconds.	[MsgId: MMSG-15948]
Action.c(120): Notify: Transaction "paymentDetails" started.	[MsgId: MMSG-16999]
Action.c(122): web_reg_find started  	[MsgId: MMSG-26355]
Action.c(122): Notify: Next row for parameter firstName = 1 [table  = firstName].	[MsgId: MMSG-13876]
Action.c(122): Notify: Parameter Substitution: parameter "firstName" =  "first00"	[MsgId: MMSG-13992]
Action.c(122): Notify: Next row for parameter lastName = 1 [table  = lastName].	[MsgId: MMSG-13876]
Action.c(122): Notify: Parameter Substitution: parameter "lastName" =  "last00"	[MsgId: MMSG-13992]
Action.c(122): Registering web_reg_find was successful  	[MsgId: MMSG-26390]
Action.c(127): web_reg_find started  	[MsgId: MMSG-26355]
Action.c(127): Notify: Parameter Substitution: parameter "seatType" =  "First"	[MsgId: MMSG-13992]
Action.c(127): Registering web_reg_find was successful  	[MsgId: MMSG-26390]
Action.c(132): web_reg_find started  	[MsgId: MMSG-26355]
Action.c(132): Notify: Parameter Substitution: parameter "depart" =  "Portland"	[MsgId: MMSG-13992]
Action.c(132): Notify: Parameter Substitution: parameter "arrive" =  "Zurich"	[MsgId: MMSG-13992]
Action.c(132): Registering web_reg_find was successful  	[MsgId: MMSG-26390]
Action.c(137): web_submit_data("reservations.pl_3") started  	[MsgId: MMSG-26355]
Action.c(137): Notify: Next row for parameter firstName = 1 [table  = firstName].	[MsgId: MMSG-13876]
Action.c(137): Notify: Parameter Substitution: parameter "firstName" =  "first00"	[MsgId: MMSG-13992]
Action.c(137): Notify: Next row for parameter lastName = 1 [table  = lastName].	[MsgId: MMSG-13876]
Action.c(137): Notify: Parameter Substitution: parameter "lastName" =  "last00"	[MsgId: MMSG-13992]
Action.c(137): Notify: Next row for parameter address1 = 1 [table  = address1].	[MsgId: MMSG-13876]
Action.c(137): Notify: Parameter Substitution: parameter "address1" =  "smt00"	[MsgId: MMSG-13992]
Action.c(137): Notify: Next row for parameter address2 = 1 [table  = address2].	[MsgId: MMSG-13876]
Action.c(137): Notify: Parameter Substitution: parameter "address2" =  "000000"	[MsgId: MMSG-13992]
Action.c(137): Notify: Next row for parameter firstName = 1 [table  = firstName].	[MsgId: MMSG-13876]
Action.c(137): Notify: Parameter Substitution: parameter "firstName" =  "first00"	[MsgId: MMSG-13992]
Action.c(137): Notify: Next row for parameter lastName = 1 [table  = lastName].	[MsgId: MMSG-13876]
Action.c(137): Notify: Parameter Substitution: parameter "lastName" =  "last00"	[MsgId: MMSG-13992]
Action.c(137): Notify: Parameter Substitution: parameter "seatType" =  "First"	[MsgId: MMSG-13992]
Action.c(137): Notify: Parameter Substitution: parameter "seatPref" =  "Aisle"	[MsgId: MMSG-13992]
Action.c(137): Notify: Parameter Substitution: parameter "outboundFlight" =  "593;708;09/09/2022"	[MsgId: MMSG-13992]
Action.c(137): Found resource "http://localhost:1080/WebTours/images/bookanother.gif" in HTML "http://localhost:1080/cgi-bin/reservations.pl"  	[MsgId: MMSG-26659]
Action.c(137): Registered web_reg_find successful for "Text=<b>first00last00's Flight Invoice</b>" (count=1)  	[MsgId: MMSG-26364]
Action.c(137): Registered web_reg_find successful for "Text=A First Class ticket" (count=1)  	[MsgId: MMSG-26364]
Action.c(137): Registered web_reg_find successful for "Text=from Portland to Zurich." (count=1)  	[MsgId: MMSG-26364]
Action.c(137): web_submit_data("reservations.pl_3") was successful, 3296 body bytes, 678 header bytes, 12 chunking overhead bytes  	[MsgId: MMSG-26385]
Action.c(166): Notify: Transaction "paymentDetails" ended with a "Pass" status (Duration: 0,0362 Wasted Time: 0,0000).	[MsgId: MMSG-16871]
Action.c(168): lr_think_time: 5,00 seconds.	[MsgId: MMSG-15948]
Action.c(170): Notify: Transaction "browsingItenerary" started.	[MsgId: MMSG-16999]
Action.c(172): web_reg_find started  	[MsgId: MMSG-26355]
Action.c(172): Registering web_reg_find was successful  	[MsgId: MMSG-26390]
Action.c(176): web_url("Itinerary Button") started  	[MsgId: MMSG-26355]
Action.c(176): Detected non-resource "http://localhost:1080/cgi-bin/nav.pl?page=menu&in=itinerary" in "http://localhost:1080/cgi-bin/welcome.pl?page=itinerary"  	[MsgId: MMSG-26574]
Action.c(176): Detected non-resource "http://localhost:1080/cgi-bin/itinerary.pl" in "http://localhost:1080/cgi-bin/welcome.pl?page=itinerary"  	[MsgId: MMSG-26574]
Action.c(176): Resource "http://localhost:1080/WebTours/images/flights.gif" is in the cache already and will not be downloaded again  	[MsgId: MMSG-26655]
Action.c(176): Found resource "http://localhost:1080/WebTours/images/in_itinerary.gif" in HTML "http://localhost:1080/cgi-bin/nav.pl?page=menu&in=itinerary"  	[MsgId: MMSG-26659]
Action.c(176): Resource "http://localhost:1080/WebTours/images/home.gif" is in the cache already and will not be downloaded again  	[MsgId: MMSG-26655]
Action.c(176): Resource "http://localhost:1080/WebTours/images/signoff.gif" is in the cache already and will not be downloaded again  	[MsgId: MMSG-26655]
Action.c(176): Found resource "http://localhost:1080/WebTours/images/cancelreservation.gif" in HTML "http://localhost:1080/cgi-bin/itinerary.pl"  	[MsgId: MMSG-26659]
Action.c(176): Found resource "http://localhost:1080/WebTours/images/cancelallreservations.gif" in HTML "http://localhost:1080/cgi-bin/itinerary.pl"  	[MsgId: MMSG-26659]
Action.c(176): Registered web_reg_find successful for "Text=Itinerary" (count=3)  	[MsgId: MMSG-26364]
Action.c(176): web_url("Itinerary Button") was successful, 10401 body bytes, 1622 header bytes, 43 chunking overhead bytes  	[MsgId: MMSG-26385]
Action.c(186): Notify: Transaction "browsingItenerary" ended with a "Pass" status (Duration: 0,1062 Wasted Time: 0,0000).	[MsgId: MMSG-16871]
Action.c(188): lr_think_time: 5,00 seconds.	[MsgId: MMSG-15948]
Action.c(190): Notify: Transaction "logout" started.	[MsgId: MMSG-16999]
../Library/CommonFunctions.h(51): web_reg_find started  	[MsgId: MMSG-26355]
../Library/CommonFunctions.h(51): Registering web_reg_find was successful  	[MsgId: MMSG-26390]
../Library/CommonFunctions.h(55): web_url("SignOff Button") started  	[MsgId: MMSG-26355]
../Library/CommonFunctions.h(55): Detected non-resource "http://localhost:1080/cgi-bin/nav.pl?in=home" in "http://localhost:1080/cgi-bin/welcome.pl?signOff=1"  	[MsgId: MMSG-26574]
../Library/CommonFunctions.h(55): Detected non-resource "http://localhost:1080/WebTours/home.html" in "http://localhost:1080/cgi-bin/welcome.pl?signOff=1"  	[MsgId: MMSG-26574]
../Library/CommonFunctions.h(55): Retrieving data from cache for "http://localhost:1080/WebTours/home.html"  	[MsgId: MMSG-26558]
../Library/CommonFunctions.h(55): Resource "http://localhost:1080/WebTours/images/mer_login.gif" is in the cache already and will not be downloaded again  	[MsgId: MMSG-26655]
../Library/CommonFunctions.h(55): Registered web_reg_find successful for "Text=A Session ID has been created and loaded into a cookie" (count=1)  	[MsgId: MMSG-26364]
../Library/CommonFunctions.h(55): web_url("SignOff Button") was successful, 2174 body bytes, 584 header bytes, 24 chunking overhead bytes  	[MsgId: MMSG-26385]
Action.c(194): Notify: Transaction "logout" ended with a "Pass" status (Duration: 0,0760 Wasted Time: 0,0000).	[MsgId: MMSG-16871]
Action.c(196): Notify: Transaction "UC_03_TicketBuying" ended with a "Pass" status (Duration: 35,6161 Think Time: 35,0054 Wasted Time: 0,0003).	[MsgId: MMSG-16870]
Ending action Action.	[MsgId: MMSG-15918]
Ending iteration 1.	[MsgId: MMSG-15965]
Waiting 26,3730 seconds for iteration pacing.	[MsgId: MMSG-15996]
Virtual User Script started at: 09.09.2022 13:21:00	[MsgId: MMSG-15967]
Starting action vuser_init.	[MsgId: MMSG-15919]
Web Turbo Replay of LoadRunner 2021.0.0 for Windows 10; build 430 (џэт 05 2021 19:27:22)  	[MsgId: MMSG-26983]
Run mode: HTML  	[MsgId: MMSG-26993]
Replay user agent: Mozilla/5.0 (Windows NT 10.0; WOW64; Trident/7.0; rv:11.0) like Gecko  	[MsgId: MMSG-26988]
Runtime Settings file: "C:\Users\baldr\AppData\Local\Temp\lr5tmpdirYiv.342\lrcfgaKU.343\cfgTAe.350"  	[MsgId: MMSG-27141]
Ending action vuser_init.	[MsgId: MMSG-15918]
Running Vuser...	[MsgId: MMSG-15964]
Starting iteration 1.	[MsgId: MMSG-15968]
Maximum number of concurrent connections per server: 6  	[MsgId: MMSG-26989]
Starting action Action.	[MsgId: MMSG-15919]
Action.c(5): Notify: Transaction "UC_03_TicketBuying" started.	[MsgId: MMSG-16999]
Action.c(7): Notify: Transaction "openHomePage" started.	[MsgId: MMSG-16999]
../Library/CommonFunctions.h(6): web_reg_save_param started  	[MsgId: MMSG-26355]
../Library/CommonFunctions.h(6): Registering web_reg_save_param was successful  	[MsgId: MMSG-26390]
../Library/CommonFunctions.h(11): web_url("WebTours") started  	[MsgId: MMSG-26355]
../Library/CommonFunctions.h(11): Detected non-resource "http://localhost:1080/WebTours/header.html" in "http://localhost:1080/WebTours/"  	[MsgId: MMSG-26574]
../Library/CommonFunctions.h(11): Detected non-resource "http://localhost:1080/cgi-bin/welcome.pl?signOff=true" in "http://localhost:1080/WebTours/"  	[MsgId: MMSG-26574]
../Library/CommonFunctions.h(11): Found resource "http://localhost:1080/WebTours/images/hp_logo.png" in HTML "http://localhost:1080/WebTours/header.html"  	[MsgId: MMSG-26659]
../Library/CommonFunctions.h(11): Found resource "http://localhost:1080/WebTours/images/webtours.png" in HTML "http://localhost:1080/WebTours/header.html"  	[MsgId: MMSG-26659]
../Library/CommonFunctions.h(11): Detected non-resource "http://localhost:1080/cgi-bin/nav.pl?in=home" in "http://localhost:1080/cgi-bin/welcome.pl?signOff=true"  	[MsgId: MMSG-26574]
../Library/CommonFunctions.h(11): Detected non-resource "http://localhost:1080/WebTours/home.html" in "http://localhost:1080/cgi-bin/welcome.pl?signOff=true"  	[MsgId: MMSG-26574]
../Library/CommonFunctions.h(11): Notify: Saving Parameter "userSession = 134687.635479951zQcHQQfpcftVfzHpQHVf".	[MsgId: MMSG-13798]
../Library/CommonFunctions.h(11): Found resource "http://localhost:1080/WebTours/images/mer_login.gif" in HTML "http://localhost:1080/cgi-bin/nav.pl?in=home"  	[MsgId: MMSG-26659]
../Library/CommonFunctions.h(11): web_url("WebTours") was successful, 10072 body bytes, 2377 header bytes, 24 chunking overhead bytes  	[MsgId: MMSG-26385]
../Library/CommonFunctions.h(21): web_set_sockets_option started  	[MsgId: MMSG-26355]
../Library/CommonFunctions.h(21): web_set_sockets_option was successful  	[MsgId: MMSG-26392]
Action.c(11): Notify: Transaction "openHomePage" ended with a "Pass" status (Duration: 0,0560 Wasted Time: 0,0001).	[MsgId: MMSG-16871]
Action.c(13): lr_think_time: 5,00 seconds.	[MsgId: MMSG-15948]
Action.c(15): Notify: Transaction "login" started.	[MsgId: MMSG-16999]
../Library/CommonFunctions.h(26): web_reg_find started  	[MsgId: MMSG-26355]
../Library/CommonFunctions.h(26): Notify: Parameter Substitution: parameter "userName" =  "user00"	[MsgId: MMSG-13992]
../Library/CommonFunctions.h(26): Registering web_reg_find was successful  	[MsgId: MMSG-26390]
../Library/CommonFunctions.h(31): web_submit_data("login.pl") started  	[MsgId: MMSG-26355]
../Library/CommonFunctions.h(31): Notify: Parameter Substitution: parameter "userSession" =  "134687.635479951zQcHQQfpcftVfzHpQHVf"	[MsgId: MMSG-13992]
../Library/CommonFunctions.h(31): Notify: Parameter Substitution: parameter "userName" =  "user00"	[MsgId: MMSG-13992]
../Library/CommonFunctions.h(31): Notify: Next row for parameter password = 1 [table  = password].	[MsgId: MMSG-13876]
../Library/CommonFunctions.h(31): Notify: Parameter Substitution: parameter "password" =  "12345"	[MsgId: MMSG-13992]
../Library/CommonFunctions.h(31): Detected non-resource "http://localhost:1080/cgi-bin/nav.pl?page=menu&in=home" in "http://localhost:1080/cgi-bin/login.pl"  	[MsgId: MMSG-26574]
../Library/CommonFunctions.h(31): Detected non-resource "http://localhost:1080/cgi-bin/login.pl?intro=true" in "http://localhost:1080/cgi-bin/login.pl"  	[MsgId: MMSG-26574]
../Library/CommonFunctions.h(31): Found resource "http://localhost:1080/WebTours/images/flights.gif" in HTML "http://localhost:1080/cgi-bin/nav.pl?page=menu&in=home"  	[MsgId: MMSG-26659]
../Library/CommonFunctions.h(31): Found resource "http://localhost:1080/WebTours/images/itinerary.gif" in HTML "http://localhost:1080/cgi-bin/nav.pl?page=menu&in=home"  	[MsgId: MMSG-26659]
../Library/CommonFunctions.h(31): Found resource "http://localhost:1080/WebTours/images/in_home.gif" in HTML "http://localhost:1080/cgi-bin/nav.pl?page=menu&in=home"  	[MsgId: MMSG-26659]
../Library/CommonFunctions.h(31): Found resource "http://localhost:1080/WebTours/images/signoff.gif" in HTML "http://localhost:1080/cgi-bin/nav.pl?page=menu&in=home"  	[MsgId: MMSG-26659]
../Library/CommonFunctions.h(31): Registered web_reg_find successful for "Text=Welcome, <b>user00</b>" (count=1)  	[MsgId: MMSG-26364]
../Library/CommonFunctions.h(31): web_submit_data("login.pl") was successful, 5781 body bytes, 2056 header bytes, 36 chunking overhead bytes  	[MsgId: MMSG-26385]
Action.c(19): Notify: Transaction "login" ended with a "Pass" status (Duration: 0,0843 Wasted Time: 0,0000).	[MsgId: MMSG-16871]
Action.c(21): lr_think_time: 5,00 seconds.	[MsgId: MMSG-15948]
Action.c(23): Notify: Transaction "flightsBottonClick" started.	[MsgId: MMSG-16999]
Action.c(25): web_url("Search Flights Button") started  	[MsgId: MMSG-26355]
Action.c(25): Detected non-resource "http://localhost:1080/cgi-bin/nav.pl?page=menu&in=flights" in "http://localhost:1080/cgi-bin/welcome.pl?page=search"  	[MsgId: MMSG-26574]
Action.c(25): Detected non-resource "http://localhost:1080/cgi-bin/reservations.pl?page=welcome" in "http://localhost:1080/cgi-bin/welcome.pl?page=search"  	[MsgId: MMSG-26574]
Action.c(25): Found resource "http://localhost:1080/WebTours/images/in_flights.gif" in HTML "http://localhost:1080/cgi-bin/nav.pl?page=menu&in=flights"  	[MsgId: MMSG-26659]
Action.c(25): Resource "http://localhost:1080/WebTours/images/itinerary.gif" is in the cache already and will not be downloaded again  	[MsgId: MMSG-26655]
Action.c(25): Found resource "http://localhost:1080/WebTours/images/home.gif" in HTML "http://localhost:1080/cgi-bin/nav.pl?page=menu&in=flights"  	[MsgId: MMSG-26659]
Action.c(25): Resource "http://localhost:1080/WebTours/images/signoff.gif" is in the cache already and will not be downloaded again  	[MsgId: MMSG-26655]
Action.c(25): Found resource "http://localhost:1080/WebTours/images/button_next.gif" in HTML "http://localhost:1080/cgi-bin/reservations.pl?page=welcome"  	[MsgId: MMSG-26659]
Action.c(25): web_url("Search Flights Button") was successful, 8516 body bytes, 1621 header bytes, 43 chunking overhead bytes  	[MsgId: MMSG-26385]
Action.c(35): Notify: Transaction "flightsBottonClick" ended with a "Pass" status (Duration: 0,1044).	[MsgId: MMSG-16873]
Action.c(37): lr_think_time: 5,00 seconds.	[MsgId: MMSG-15948]
Action.c(39): Notify: Transaction "startFindingFlights" started.	[MsgId: MMSG-16999]
Action.c(41): Notify: Getting new value for parameter 'flightDestination': table = '..\Param\flightDestination.dat' column = '0' row = '9'.	[MsgId: MMSG-13877]
Action.c(41): Notify: Parameter Substitution: parameter "flightDestination" =  "Sydney"	[MsgId: MMSG-13992]
Action.c(41): Notify: Saving Parameter "depart = Sydney".	[MsgId: MMSG-13798]
Action.c(43): Notify: Next row for parameter flightDestination = 9 [table  = flightDestination].	[MsgId: MMSG-13876]
Action.c(43): Notify: Getting new value for parameter 'flightDestination': table = '..\Param\flightDestination.dat' column = '0' row = '9'.	[MsgId: MMSG-13877]
Action.c(43): Notify: Parameter Substitution: parameter "flightDestination" =  "Sydney"	[MsgId: MMSG-13992]
Action.c(43): Notify: Saving Parameter "arrive = Sydney".	[MsgId: MMSG-13798]
Action.c(45): Notify: Parameter Substitution: parameter "depart" =  "Sydney"	[MsgId: MMSG-13992]
Action.c(45): Notify: Parameter Substitution: parameter "arrive" =  "Sydney"	[MsgId: MMSG-13992]
Action.c(47): Notify: Next row for parameter flightDestination = 9 [table  = flightDestination].	[MsgId: MMSG-13876]
Action.c(47): Notify: Getting new value for parameter 'flightDestination': table = '..\Param\flightDestination.dat' column = '0' row = '9'.	[MsgId: MMSG-13877]
Action.c(47): Notify: Parameter Substitution: parameter "flightDestination" =  "Sydney"	[MsgId: MMSG-13992]
Action.c(47): Notify: Saving Parameter "arrive = Sydney".	[MsgId: MMSG-13798]
Action.c(45): Notify: Parameter Substitution: parameter "depart" =  "Sydney"	[MsgId: MMSG-13992]
Action.c(45): Notify: Parameter Substitution: parameter "arrive" =  "Sydney"	[MsgId: MMSG-13992]
Action.c(47): Notify: Next row for parameter flightDestination = 9 [table  = flightDestination].	[MsgId: MMSG-13876]
Action.c(47): Notify: Getting new value for parameter 'flightDestination': table = '..\Param\flightDestination.dat' column = '0' row = '9'.	[MsgId: MMSG-13877]
Action.c(47): Notify: Parameter Substitution: parameter "flightDestination" =  "Sydney"	[MsgId: MMSG-13992]
Action.c(47): Notify: Saving Parameter "arrive = Sydney".	[MsgId: MMSG-13798]
Action.c(45): Notify: Parameter Substitution: parameter "depart" =  "Sydney"	[MsgId: MMSG-13992]
Action.c(45): Notify: Parameter Substitution: parameter "arrive" =  "Sydney"	[MsgId: MMSG-13992]
Action.c(47): Notify: Next row for parameter flightDestination = 5 [table  = flightDestination].	[MsgId: MMSG-13876]
Action.c(47): Notify: Getting new value for parameter 'flightDestination': table = '..\Param\flightDestination.dat' column = '0' row = '5'.	[MsgId: MMSG-13877]
Action.c(47): Notify: Parameter Substitution: parameter "flightDestination" =  "Paris"	[MsgId: MMSG-13992]
Action.c(47): Notify: Saving Parameter "arrive = Paris".	[MsgId: MMSG-13798]
Action.c(45): Notify: Parameter Substitution: parameter "depart" =  "Sydney"	[MsgId: MMSG-13992]
Action.c(45): Notify: Parameter Substitution: parameter "arrive" =  "Paris"	[MsgId: MMSG-13992]
Action.c(50): web_reg_save_param started  	[MsgId: MMSG-26355]
Action.c(50): Registering web_reg_save_param was successful  	[MsgId: MMSG-26390]
Action.c(57): web_reg_find started  	[MsgId: MMSG-26355]
Action.c(57): Notify: Parameter Substitution: parameter "depart" =  "Sydney"	[MsgId: MMSG-13992]
Action.c(57): Notify: Parameter Substitution: parameter "arrive" =  "Paris"	[MsgId: MMSG-13992]
Action.c(57): Notify: Parameter Substitution: parameter "departDate" =  "09/09/2022"	[MsgId: MMSG-13992]
Action.c(57): Registering web_reg_find was successful  	[MsgId: MMSG-26390]
Action.c(62): web_submit_data("reservations.pl") started  	[MsgId: MMSG-26355]
Action.c(62): Notify: Parameter Substitution: parameter "depart" =  "Sydney"	[MsgId: MMSG-13992]
Action.c(62): Notify: Parameter Substitution: parameter "departDate" =  "09/09/2022"	[MsgId: MMSG-13992]
Action.c(62): Notify: Parameter Substitution: parameter "arrive" =  "Paris"	[MsgId: MMSG-13992]
Action.c(62): Notify: Parameter Substitution: parameter "returnDate" =  "09/09/22"	[MsgId: MMSG-13992]
Action.c(62): Notify: Parameter Substitution: parameter "seatPref" =  "Aisle"	[MsgId: MMSG-13992]
Action.c(62): Notify: Parameter Substitution: parameter "seatType" =  "First"	[MsgId: MMSG-13992]
Action.c(62): Notify: Saving Parameter "outboundFlightArr_1 = 840;2679;09/09/2022".	[MsgId: MMSG-13798]
Action.c(62): Notify: Saving Parameter "outboundFlightArr_2 = 841;2386;09/09/2022".	[MsgId: MMSG-13798]
Action.c(62): Notify: Saving Parameter "outboundFlightArr_3 = 842;2533;09/09/2022".	[MsgId: MMSG-13798]
Action.c(62): Notify: Saving Parameter "outboundFlightArr_4 = 843;2192;09/09/2022".	[MsgId: MMSG-13798]
Action.c(62): Resource "http://localhost:1080/WebTours/images/button_next.gif" is in the cache already and will not be downloaded again  	[MsgId: MMSG-26655]
Action.c(62): Notify: Saving Parameter "outboundFlightArr_count = 4".	[MsgId: MMSG-13798]
Action.c(62): Registered web_reg_find successful for "Text=Flight departing from <B>Sydney</B> to <B>Paris</B> on <B>09/09/2022</B>" (count=1)  	[MsgId: MMSG-26364]
Action.c(62): web_submit_data("reservations.pl") was successful, 2443 body bytes, 256 header bytes, 12 chunking overhead bytes  	[MsgId: MMSG-26385]
Action.c(86): Notify: Transaction "startFindingFlights" ended with a "Pass" status (Duration: 0,0336 Wasted Time: 0,0001).	[MsgId: MMSG-16871]
Action.c(88): lr_think_time: 5,00 seconds.	[MsgId: MMSG-15948]
Action.c(90): Notify: Transaction "choseFlightTime" started.	[MsgId: MMSG-16999]
Action.c(92): Notify: Parameter Substitution: parameter "outboundFlightArr_count" =  "4"	[MsgId: MMSG-13992]
Action.c(92): Notify: Parameter Substitution: parameter "outboundFlightArr_3" =  "842;2533;09/09/2022"	[MsgId: MMSG-13992]
Action.c(92): Notify: Saving Parameter "outboundFlight = 842;2533;09/09/2022".	[MsgId: MMSG-13798]
Action.c(94): web_reg_find started  	[MsgId: MMSG-26355]
Action.c(94): Notify: Parameter Substitution: parameter "outboundFlight" =  "842;2533;09/09/2022"	[MsgId: MMSG-13992]
Action.c(94): Registering web_reg_find was successful  	[MsgId: MMSG-26390]
Action.c(98): web_submit_data("reservations.pl_2") started  	[MsgId: MMSG-26355]
Action.c(98): Notify: Parameter Substitution: parameter "outboundFlight" =  "842;2533;09/09/2022"	[MsgId: MMSG-13992]
Action.c(98): Notify: Parameter Substitution: parameter "seatType" =  "First"	[MsgId: MMSG-13992]
Action.c(98): Notify: Parameter Substitution: parameter "seatPref" =  "Aisle"	[MsgId: MMSG-13992]
Action.c(98): Resource "http://localhost:1080/WebTours/images/button_next.gif" is in the cache already and will not be downloaded again  	[MsgId: MMSG-26655]
Action.c(98): Registered web_reg_find successful for "Text=842;2533;09/09/2022" (count=1)  	[MsgId: MMSG-26364]
Action.c(98): web_submit_data("reservations.pl_2") was successful, 2738 body bytes, 255 header bytes, 12 chunking overhead bytes  	[MsgId: MMSG-26385]
Action.c(116): Notify: Transaction "choseFlightTime" ended with a "Pass" status (Duration: 0,0352 Wasted Time: 0,0000).	[MsgId: MMSG-16871]
Action.c(118): lr_think_time: 5,00 seconds.	[MsgId: MMSG-15948]
Starting iteration 2.	[MsgId: MMSG-15968]
Notify: Next row for parameter userName = 2 [table  = userName].	[MsgId: MMSG-13876]
Notify: Getting new value for parameter 'userName': table = '..\Param\TestUserInfo.dat' column = '0' row = '2'.	[MsgId: MMSG-13877]
Notify: Next row for parameter seatPref = 2 [table  = seatPref].	[MsgId: MMSG-13876]
Notify: Getting new value for parameter 'seatPref': table = '..\Param\seatingPreference.dat' column = '0' row = '2'.	[MsgId: MMSG-13877]
Notify: Next row for parameter seatType = 2 [table  = seatType].	[MsgId: MMSG-13876]
Notify: Getting new value for parameter 'seatType': table = '..\Param\typeOfSeat.dat' column = '0' row = '2'.	[MsgId: MMSG-13877]
Notify: Next row for parameter lastName = 2 [table  = lastName].	[MsgId: MMSG-13876]
Notify: Getting new value for parameter 'lastName': table = '..\Param\TestUserInfo.dat' column = '3' row = '2'.	[MsgId: MMSG-13877]
Notify: Next row for parameter password = 2 [table  = password].	[MsgId: MMSG-13876]
Notify: Getting new value for parameter 'password': table = '..\Param\TestUserInfo.dat' column = '1' row = '2'.	[MsgId: MMSG-13877]
Notify: Next row for parameter address2 = 2 [table  = address2].	[MsgId: MMSG-13876]
Notify: Getting new value for parameter 'address2': table = '..\Param\TestUserInfo.dat' column = '5' row = '2'.	[MsgId: MMSG-13877]
Notify: Next row for parameter address1 = 2 [table  = address1].	[MsgId: MMSG-13876]
Notify: Getting new value for parameter 'address1': table = '..\Param\TestUserInfo.dat' column = '4' row = '2'.	[MsgId: MMSG-13877]
Notify: Next row for parameter firstName = 2 [table  = firstName].	[MsgId: MMSG-13876]
Notify: Getting new value for parameter 'firstName': table = '..\Param\TestUserInfo.dat' column = '2' row = '2'.	[MsgId: MMSG-13877]
Starting action Action.	[MsgId: MMSG-15919]
Action.c(5): Notify: Transaction "UC_03_TicketBuying" started.	[MsgId: MMSG-16999]
Action.c(7): Notify: Transaction "openHomePage" started.	[MsgId: MMSG-16999]
../Library/CommonFunctions.h(6): web_reg_save_param started  	[MsgId: MMSG-26355]
../Library/CommonFunctions.h(6): Registering web_reg_save_param was successful  	[MsgId: MMSG-26390]
../Library/CommonFunctions.h(11): web_url("WebTours") started  	[MsgId: MMSG-26355]
../Library/CommonFunctions.h(11): Detected non-resource "http://localhost:1080/WebTours/header.html" in "http://localhost:1080/WebTours/"  	[MsgId: MMSG-26574]
../Library/CommonFunctions.h(11): Detected non-resource "http://localhost:1080/cgi-bin/welcome.pl?signOff=true" in "http://localhost:1080/WebTours/"  	[MsgId: MMSG-26574]
../Library/CommonFunctions.h(11): Found resource "http://localhost:1080/WebTours/images/hp_logo.png" in HTML "http://localhost:1080/WebTours/header.html"  	[MsgId: MMSG-26659]
../Library/CommonFunctions.h(11): Found resource "http://localhost:1080/WebTours/images/webtours.png" in HTML "http://localhost:1080/WebTours/header.html"  	[MsgId: MMSG-26659]
../Library/CommonFunctions.h(11): Detected non-resource "http://localhost:1080/cgi-bin/nav.pl?in=home" in "http://localhost:1080/cgi-bin/welcome.pl?signOff=true"  	[MsgId: MMSG-26574]
../Library/CommonFunctions.h(11): Detected non-resource "http://localhost:1080/WebTours/home.html" in "http://localhost:1080/cgi-bin/welcome.pl?signOff=true"  	[MsgId: MMSG-26574]
../Library/CommonFunctions.h(11): Notify: Saving Parameter "userSession = 134687.637343054zQcHQQfpDtfiDDDDtVfzHpQHcAHf".	[MsgId: MMSG-13798]
../Library/CommonFunctions.h(11): Found resource "http://localhost:1080/WebTours/images/mer_login.gif" in HTML "http://localhost:1080/cgi-bin/nav.pl?in=home"  	[MsgId: MMSG-26659]
../Library/CommonFunctions.h(11): web_url("WebTours") was successful, 10080 body bytes, 2377 header bytes, 24 chunking overhead bytes  	[MsgId: MMSG-26385]
../Library/CommonFunctions.h(21): web_set_sockets_option started  	[MsgId: MMSG-26355]
../Library/CommonFunctions.h(21): web_set_sockets_option was successful  	[MsgId: MMSG-26392]
Action.c(11): Notify: Transaction "openHomePage" ended with a "Pass" status (Duration: 0,0568 Wasted Time: 0,0001).	[MsgId: MMSG-16871]
Action.c(13): lr_think_time: 5,00 seconds.	[MsgId: MMSG-15948]
Action.c(120): Notify: Transaction "paymentDetails" started.	[MsgId: MMSG-16999]
Action.c(122): web_reg_find started  	[MsgId: MMSG-26355]
Action.c(122): Notify: Next row for parameter firstName = 1 [table  = firstName].	[MsgId: MMSG-13876]
Action.c(122): Notify: Parameter Substitution: parameter "firstName" =  "first00"	[MsgId: MMSG-13992]
Action.c(122): Notify: Next row for parameter lastName = 1 [table  = lastName].	[MsgId: MMSG-13876]
Action.c(122): Notify: Parameter Substitution: parameter "lastName" =  "last00"	[MsgId: MMSG-13992]
Action.c(122): Registering web_reg_find was successful  	[MsgId: MMSG-26390]
Action.c(127): web_reg_find started  	[MsgId: MMSG-26355]
Action.c(127): Notify: Parameter Substitution: parameter "seatType" =  "First"	[MsgId: MMSG-13992]
Action.c(127): Registering web_reg_find was successful  	[MsgId: MMSG-26390]
Action.c(132): web_reg_find started  	[MsgId: MMSG-26355]
Action.c(132): Notify: Parameter Substitution: parameter "depart" =  "Sydney"	[MsgId: MMSG-13992]
Action.c(132): Notify: Parameter Substitution: parameter "arrive" =  "Paris"	[MsgId: MMSG-13992]
Action.c(132): Registering web_reg_find was successful  	[MsgId: MMSG-26390]
Action.c(137): web_submit_data("reservations.pl_3") started  	[MsgId: MMSG-26355]
Action.c(137): Notify: Next row for parameter firstName = 1 [table  = firstName].	[MsgId: MMSG-13876]
Action.c(137): Notify: Parameter Substitution: parameter "firstName" =  "first00"	[MsgId: MMSG-13992]
Action.c(137): Notify: Next row for parameter lastName = 1 [table  = lastName].	[MsgId: MMSG-13876]
Action.c(137): Notify: Parameter Substitution: parameter "lastName" =  "last00"	[MsgId: MMSG-13992]
Action.c(137): Notify: Next row for parameter address1 = 1 [table  = address1].	[MsgId: MMSG-13876]
Action.c(137): Notify: Parameter Substitution: parameter "address1" =  "smt00"	[MsgId: MMSG-13992]
Action.c(137): Notify: Next row for parameter address2 = 1 [table  = address2].	[MsgId: MMSG-13876]
Action.c(137): Notify: Parameter Substitution: parameter "address2" =  "000000"	[MsgId: MMSG-13992]
Action.c(137): Notify: Next row for parameter firstName = 1 [table  = firstName].	[MsgId: MMSG-13876]
Action.c(137): Notify: Parameter Substitution: parameter "firstName" =  "first00"	[MsgId: MMSG-13992]
Action.c(137): Notify: Next row for parameter lastName = 1 [table  = lastName].	[MsgId: MMSG-13876]
Action.c(137): Notify: Parameter Substitution: parameter "lastName" =  "last00"	[MsgId: MMSG-13992]
Action.c(137): Notify: Parameter Substitution: parameter "seatType" =  "First"	[MsgId: MMSG-13992]
Action.c(137): Notify: Parameter Substitution: parameter "seatPref" =  "Aisle"	[MsgId: MMSG-13992]
Action.c(137): Notify: Parameter Substitution: parameter "outboundFlight" =  "842;2533;09/09/2022"	[MsgId: MMSG-13992]
Action.c(137): Found resource "http://localhost:1080/WebTours/images/bookanother.gif" in HTML "http://localhost:1080/cgi-bin/reservations.pl"  	[MsgId: MMSG-26659]
Action.c(137): Registered web_reg_find successful for "Text=<b>first00last00's Flight Invoice</b>" (count=1)  	[MsgId: MMSG-26364]
Action.c(137): Registered web_reg_find successful for "Text=A First Class ticket" (count=1)  	[MsgId: MMSG-26364]
Action.c(137): Registered web_reg_find successful for "Text=from Sydney to Paris." (count=1)  	[MsgId: MMSG-26364]
Action.c(137): web_submit_data("reservations.pl_3") was successful, 3292 body bytes, 678 header bytes, 12 chunking overhead bytes  	[MsgId: MMSG-26385]
Action.c(166): Notify: Transaction "paymentDetails" ended with a "Pass" status (Duration: 0,0354 Wasted Time: 0,0000).	[MsgId: MMSG-16871]
Action.c(168): lr_think_time: 5,00 seconds.	[MsgId: MMSG-15948]
Action.c(15): Notify: Transaction "login" started.	[MsgId: MMSG-16999]
../Library/CommonFunctions.h(26): web_reg_find started  	[MsgId: MMSG-26355]
../Library/CommonFunctions.h(26): Notify: Parameter Substitution: parameter "userName" =  "user01"	[MsgId: MMSG-13992]
../Library/CommonFunctions.h(26): Registering web_reg_find was successful  	[MsgId: MMSG-26390]
../Library/CommonFunctions.h(31): web_submit_data("login.pl") started  	[MsgId: MMSG-26355]
../Library/CommonFunctions.h(31): Notify: Parameter Substitution: parameter "userSession" =  "134687.637343054zQcHQQfpDtfiDDDDtVfzHpQHcAHf"	[MsgId: MMSG-13992]
../Library/CommonFunctions.h(31): Notify: Parameter Substitution: parameter "userName" =  "user01"	[MsgId: MMSG-13992]
../Library/CommonFunctions.h(31): Notify: Next row for parameter password = 2 [table  = password].	[MsgId: MMSG-13876]
../Library/CommonFunctions.h(31): Notify: Parameter Substitution: parameter "password" =  "12345"	[MsgId: MMSG-13992]
../Library/CommonFunctions.h(31): Detected non-resource "http://localhost:1080/cgi-bin/nav.pl?page=menu&in=home" in "http://localhost:1080/cgi-bin/login.pl"  	[MsgId: MMSG-26574]
../Library/CommonFunctions.h(31): Detected non-resource "http://localhost:1080/cgi-bin/login.pl?intro=true" in "http://localhost:1080/cgi-bin/login.pl"  	[MsgId: MMSG-26574]
../Library/CommonFunctions.h(31): Found resource "http://localhost:1080/WebTours/images/flights.gif" in HTML "http://localhost:1080/cgi-bin/nav.pl?page=menu&in=home"  	[MsgId: MMSG-26659]
../Library/CommonFunctions.h(31): Found resource "http://localhost:1080/WebTours/images/itinerary.gif" in HTML "http://localhost:1080/cgi-bin/nav.pl?page=menu&in=home"  	[MsgId: MMSG-26659]
../Library/CommonFunctions.h(31): Found resource "http://localhost:1080/WebTours/images/in_home.gif" in HTML "http://localhost:1080/cgi-bin/nav.pl?page=menu&in=home"  	[MsgId: MMSG-26659]
../Library/CommonFunctions.h(31): Found resource "http://localhost:1080/WebTours/images/signoff.gif" in HTML "http://localhost:1080/cgi-bin/nav.pl?page=menu&in=home"  	[MsgId: MMSG-26659]
../Library/CommonFunctions.h(31): Registered web_reg_find successful for "Text=Welcome, <b>user01</b>" (count=1)  	[MsgId: MMSG-26364]
../Library/CommonFunctions.h(31): web_submit_data("login.pl") was successful, 5781 body bytes, 2056 header bytes, 36 chunking overhead bytes  	[MsgId: MMSG-26385]
Action.c(19): Notify: Transaction "login" ended with a "Pass" status (Duration: 0,0763 Wasted Time: 0,0000).	[MsgId: MMSG-16871]
Action.c(21): lr_think_time: 5,00 seconds.	[MsgId: MMSG-15948]
Action.c(170): Notify: Transaction "browsingItenerary" started.	[MsgId: MMSG-16999]
Action.c(172): web_reg_find started  	[MsgId: MMSG-26355]
Action.c(172): Registering web_reg_find was successful  	[MsgId: MMSG-26390]
Action.c(176): web_url("Itinerary Button") started  	[MsgId: MMSG-26355]
Action.c(176): Detected non-resource "http://localhost:1080/cgi-bin/nav.pl?page=menu&in=itinerary" in "http://localhost:1080/cgi-bin/welcome.pl?page=itinerary"  	[MsgId: MMSG-26574]
Action.c(176): Detected non-resource "http://localhost:1080/cgi-bin/itinerary.pl" in "http://localhost:1080/cgi-bin/welcome.pl?page=itinerary"  	[MsgId: MMSG-26574]
Action.c(176): Resource "http://localhost:1080/WebTours/images/flights.gif" is in the cache already and will not be downloaded again  	[MsgId: MMSG-26655]
Action.c(176): Found resource "http://localhost:1080/WebTours/images/in_itinerary.gif" in HTML "http://localhost:1080/cgi-bin/nav.pl?page=menu&in=itinerary"  	[MsgId: MMSG-26659]
Action.c(176): Resource "http://localhost:1080/WebTours/images/home.gif" is in the cache already and will not be downloaded again  	[MsgId: MMSG-26655]
Action.c(176): Resource "http://localhost:1080/WebTours/images/signoff.gif" is in the cache already and will not be downloaded again  	[MsgId: MMSG-26655]
Action.c(176): Found resource "http://localhost:1080/WebTours/images/cancelreservation.gif" in HTML "http://localhost:1080/cgi-bin/itinerary.pl"  	[MsgId: MMSG-26659]
Action.c(176): Found resource "http://localhost:1080/WebTours/images/cancelallreservations.gif" in HTML "http://localhost:1080/cgi-bin/itinerary.pl"  	[MsgId: MMSG-26659]
Action.c(176): Registered web_reg_find successful for "Text=Itinerary" (count=3)  	[MsgId: MMSG-26364]
Action.c(176): web_url("Itinerary Button") was successful, 8143 body bytes, 1622 header bytes, 36 chunking overhead bytes  	[MsgId: MMSG-26385]
Action.c(186): Notify: Transaction "browsingItenerary" ended with a "Pass" status (Duration: 0,1023 Wasted Time: 0,0000).	[MsgId: MMSG-16871]
Action.c(188): lr_think_time: 5,00 seconds.	[MsgId: MMSG-15948]
Action.c(23): Notify: Transaction "flightsBottonClick" started.	[MsgId: MMSG-16999]
Action.c(25): web_url("Search Flights Button") started  	[MsgId: MMSG-26355]
Action.c(25): Detected non-resource "http://localhost:1080/cgi-bin/nav.pl?page=menu&in=flights" in "http://localhost:1080/cgi-bin/welcome.pl?page=search"  	[MsgId: MMSG-26574]
Action.c(25): Detected non-resource "http://localhost:1080/cgi-bin/reservations.pl?page=welcome" in "http://localhost:1080/cgi-bin/welcome.pl?page=search"  	[MsgId: MMSG-26574]
Action.c(25): Found resource "http://localhost:1080/WebTours/images/in_flights.gif" in HTML "http://localhost:1080/cgi-bin/nav.pl?page=menu&in=flights"  	[MsgId: MMSG-26659]
Action.c(25): Resource "http://localhost:1080/WebTours/images/itinerary.gif" is in the cache already and will not be downloaded again  	[MsgId: MMSG-26655]
Action.c(25): Found resource "http://localhost:1080/WebTours/images/home.gif" in HTML "http://localhost:1080/cgi-bin/nav.pl?page=menu&in=flights"  	[MsgId: MMSG-26659]
Action.c(25): Resource "http://localhost:1080/WebTours/images/signoff.gif" is in the cache already and will not be downloaded again  	[MsgId: MMSG-26655]
Action.c(25): Found resource "http://localhost:1080/WebTours/images/button_next.gif" in HTML "http://localhost:1080/cgi-bin/reservations.pl?page=welcome"  	[MsgId: MMSG-26659]
Action.c(25): web_url("Search Flights Button") was successful, 8516 body bytes, 1621 header bytes, 43 chunking overhead bytes  	[MsgId: MMSG-26385]
Action.c(35): Notify: Transaction "flightsBottonClick" ended with a "Pass" status (Duration: 0,1078).	[MsgId: MMSG-16873]
Action.c(37): lr_think_time: 5,00 seconds.	[MsgId: MMSG-15948]
Action.c(190): Notify: Transaction "logout" started.	[MsgId: MMSG-16999]
../Library/CommonFunctions.h(51): web_reg_find started  	[MsgId: MMSG-26355]
../Library/CommonFunctions.h(51): Registering web_reg_find was successful  	[MsgId: MMSG-26390]
../Library/CommonFunctions.h(55): web_url("SignOff Button") started  	[MsgId: MMSG-26355]
../Library/CommonFunctions.h(55): Detected non-resource "http://localhost:1080/cgi-bin/nav.pl?in=home" in "http://localhost:1080/cgi-bin/welcome.pl?signOff=1"  	[MsgId: MMSG-26574]
../Library/CommonFunctions.h(55): Detected non-resource "http://localhost:1080/WebTours/home.html" in "http://localhost:1080/cgi-bin/welcome.pl?signOff=1"  	[MsgId: MMSG-26574]
../Library/CommonFunctions.h(55): Retrieving data from cache for "http://localhost:1080/WebTours/home.html"  	[MsgId: MMSG-26558]
../Library/CommonFunctions.h(55): Resource "http://localhost:1080/WebTours/images/mer_login.gif" is in the cache already and will not be downloaded again  	[MsgId: MMSG-26655]
../Library/CommonFunctions.h(55): Registered web_reg_find successful for "Text=A Session ID has been created and loaded into a cookie" (count=1)  	[MsgId: MMSG-26364]
../Library/CommonFunctions.h(55): web_url("SignOff Button") was successful, 2167 body bytes, 584 header bytes, 24 chunking overhead bytes  	[MsgId: MMSG-26385]
Action.c(194): Notify: Transaction "logout" ended with a "Pass" status (Duration: 0,0533 Wasted Time: 0,0000).	[MsgId: MMSG-16871]
Action.c(196): Notify: Transaction "UC_03_TicketBuying" ended with a "Pass" status (Duration: 35,5100 Think Time: 35,0046 Wasted Time: 0,0003).	[MsgId: MMSG-16870]
Ending action Action.	[MsgId: MMSG-15918]
Ending iteration 1.	[MsgId: MMSG-15965]
Waiting 26,4900 seconds for iteration pacing.	[MsgId: MMSG-15996]
Action.c(39): Notify: Transaction "startFindingFlights" started.	[MsgId: MMSG-16999]
Action.c(41): Notify: Next row for parameter flightDestination = 2 [table  = flightDestination].	[MsgId: MMSG-13876]
Action.c(41): Notify: Getting new value for parameter 'flightDestination': table = '..\Param\flightDestination.dat' column = '0' row = '2'.	[MsgId: MMSG-13877]
Action.c(41): Notify: Parameter Substitution: parameter "flightDestination" =  "Frankfurt"	[MsgId: MMSG-13992]
Action.c(41): Notify: Saving Parameter "depart = Frankfurt".	[MsgId: MMSG-13798]
Action.c(43): Notify: Next row for parameter flightDestination = 5 [table  = flightDestination].	[MsgId: MMSG-13876]
Action.c(43): Notify: Getting new value for parameter 'flightDestination': table = '..\Param\flightDestination.dat' column = '0' row = '5'.	[MsgId: MMSG-13877]
Action.c(43): Notify: Parameter Substitution: parameter "flightDestination" =  "Paris"	[MsgId: MMSG-13992]
Action.c(43): Notify: Saving Parameter "arrive = Paris".	[MsgId: MMSG-13798]
Action.c(45): Notify: Parameter Substitution: parameter "depart" =  "Frankfurt"	[MsgId: MMSG-13992]
Action.c(45): Notify: Parameter Substitution: parameter "arrive" =  "Paris"	[MsgId: MMSG-13992]
Action.c(50): web_reg_save_param started  	[MsgId: MMSG-26355]
Action.c(50): Registering web_reg_save_param was successful  	[MsgId: MMSG-26390]
Action.c(57): web_reg_find started  	[MsgId: MMSG-26355]
Action.c(57): Notify: Parameter Substitution: parameter "depart" =  "Frankfurt"	[MsgId: MMSG-13992]
Action.c(57): Notify: Parameter Substitution: parameter "arrive" =  "Paris"	[MsgId: MMSG-13992]
Action.c(57): Notify: Parameter Substitution: parameter "departDate" =  "09/09/2022"	[MsgId: MMSG-13992]
Action.c(57): Registering web_reg_find was successful  	[MsgId: MMSG-26390]
Action.c(62): web_submit_data("reservations.pl") started  	[MsgId: MMSG-26355]
Action.c(62): Notify: Parameter Substitution: parameter "depart" =  "Frankfurt"	[MsgId: MMSG-13992]
Action.c(62): Notify: Parameter Substitution: parameter "departDate" =  "09/09/2022"	[MsgId: MMSG-13992]
Action.c(62): Notify: Parameter Substitution: parameter "arrive" =  "Paris"	[MsgId: MMSG-13992]
Action.c(62): Notify: Parameter Substitution: parameter "returnDate" =  "09/09/22"	[MsgId: MMSG-13992]
Action.c(62): Notify: Parameter Substitution: parameter "seatPref" =  "Window"	[MsgId: MMSG-13992]
Action.c(62): Notify: Parameter Substitution: parameter "seatType" =  "Business"	[MsgId: MMSG-13992]
Action.c(62): Notify: Saving Parameter "outboundFlightArr_1 = 140;186;09/09/2022".	[MsgId: MMSG-13798]
Action.c(62): Notify: Saving Parameter "outboundFlightArr_2 = 141;166;09/09/2022".	[MsgId: MMSG-13798]
Action.c(62): Notify: Saving Parameter "outboundFlightArr_3 = 142;176;09/09/2022".	[MsgId: MMSG-13798]
Action.c(62): Notify: Saving Parameter "outboundFlightArr_4 = 143;152;09/09/2022".	[MsgId: MMSG-13798]
Action.c(62): Resource "http://localhost:1080/WebTours/images/button_next.gif" is in the cache already and will not be downloaded again  	[MsgId: MMSG-26655]
Action.c(62): Notify: Saving Parameter "outboundFlightArr_count = 4".	[MsgId: MMSG-13798]
Action.c(62): Registered web_reg_find successful for "Text=Flight departing from <B>Frankfurt</B> to <B>Paris</B> on <B>09/09/2022</B>" (count=1)  	[MsgId: MMSG-26364]
Action.c(62): web_submit_data("reservations.pl") was successful, 2445 body bytes, 256 header bytes, 12 chunking overhead bytes  	[MsgId: MMSG-26385]
Action.c(86): Notify: Transaction "startFindingFlights" ended with a "Pass" status (Duration: 0,0354 Wasted Time: 0,0001).	[MsgId: MMSG-16871]
Action.c(88): lr_think_time: 5,00 seconds.	[MsgId: MMSG-15948]
Action.c(90): Notify: Transaction "choseFlightTime" started.	[MsgId: MMSG-16999]
Action.c(92): Notify: Parameter Substitution: parameter "outboundFlightArr_count" =  "4"	[MsgId: MMSG-13992]
Action.c(92): Notify: Parameter Substitution: parameter "outboundFlightArr_1" =  "140;186;09/09/2022"	[MsgId: MMSG-13992]
Action.c(92): Notify: Saving Parameter "outboundFlight = 140;186;09/09/2022".	[MsgId: MMSG-13798]
Action.c(94): web_reg_find started  	[MsgId: MMSG-26355]
Action.c(94): Notify: Parameter Substitution: parameter "outboundFlight" =  "140;186;09/09/2022"	[MsgId: MMSG-13992]
Action.c(94): Registering web_reg_find was successful  	[MsgId: MMSG-26390]
Action.c(98): web_submit_data("reservations.pl_2") started  	[MsgId: MMSG-26355]
Action.c(98): Notify: Parameter Substitution: parameter "outboundFlight" =  "140;186;09/09/2022"	[MsgId: MMSG-13992]
Action.c(98): Notify: Parameter Substitution: parameter "seatType" =  "Business"	[MsgId: MMSG-13992]
Action.c(98): Notify: Parameter Substitution: parameter "seatPref" =  "Window"	[MsgId: MMSG-13992]
Action.c(98): Resource "http://localhost:1080/WebTours/images/button_next.gif" is in the cache already and will not be downloaded again  	[MsgId: MMSG-26655]
Action.c(98): Registered web_reg_find successful for "Text=140;186;09/09/2022" (count=1)  	[MsgId: MMSG-26364]
Action.c(98): web_submit_data("reservations.pl_2") was successful, 2740 body bytes, 255 header bytes, 12 chunking overhead bytes  	[MsgId: MMSG-26385]
Action.c(116): Notify: Transaction "choseFlightTime" ended with a "Pass" status (Duration: 0,0373 Wasted Time: 0,0000).	[MsgId: MMSG-16871]
Action.c(118): lr_think_time: 5,00 seconds.	[MsgId: MMSG-15948]
Action.c(120): Notify: Transaction "paymentDetails" started.	[MsgId: MMSG-16999]
Action.c(122): web_reg_find started  	[MsgId: MMSG-26355]
Action.c(122): Notify: Next row for parameter firstName = 2 [table  = firstName].	[MsgId: MMSG-13876]
Action.c(122): Notify: Parameter Substitution: parameter "firstName" =  "first01"	[MsgId: MMSG-13992]
Action.c(122): Notify: Next row for parameter lastName = 2 [table  = lastName].	[MsgId: MMSG-13876]
Action.c(122): Notify: Parameter Substitution: parameter "lastName" =  "last01"	[MsgId: MMSG-13992]
Action.c(122): Registering web_reg_find was successful  	[MsgId: MMSG-26390]
Action.c(127): web_reg_find started  	[MsgId: MMSG-26355]
Action.c(127): Notify: Parameter Substitution: parameter "seatType" =  "Business"	[MsgId: MMSG-13992]
Action.c(127): Registering web_reg_find was successful  	[MsgId: MMSG-26390]
Action.c(132): web_reg_find started  	[MsgId: MMSG-26355]
Action.c(132): Notify: Parameter Substitution: parameter "depart" =  "Frankfurt"	[MsgId: MMSG-13992]
Action.c(132): Notify: Parameter Substitution: parameter "arrive" =  "Paris"	[MsgId: MMSG-13992]
Action.c(132): Registering web_reg_find was successful  	[MsgId: MMSG-26390]
Action.c(137): web_submit_data("reservations.pl_3") started  	[MsgId: MMSG-26355]
Action.c(137): Notify: Next row for parameter firstName = 2 [table  = firstName].	[MsgId: MMSG-13876]
Action.c(137): Notify: Parameter Substitution: parameter "firstName" =  "first01"	[MsgId: MMSG-13992]
Action.c(137): Notify: Next row for parameter lastName = 2 [table  = lastName].	[MsgId: MMSG-13876]
Action.c(137): Notify: Parameter Substitution: parameter "lastName" =  "last01"	[MsgId: MMSG-13992]
Action.c(137): Notify: Next row for parameter address1 = 2 [table  = address1].	[MsgId: MMSG-13876]
Action.c(137): Notify: Parameter Substitution: parameter "address1" =  "smt01"	[MsgId: MMSG-13992]
Action.c(137): Notify: Next row for parameter address2 = 2 [table  = address2].	[MsgId: MMSG-13876]
Action.c(137): Notify: Parameter Substitution: parameter "address2" =  "000001"	[MsgId: MMSG-13992]
Action.c(137): Notify: Next row for parameter firstName = 2 [table  = firstName].	[MsgId: MMSG-13876]
Action.c(137): Notify: Parameter Substitution: parameter "firstName" =  "first01"	[MsgId: MMSG-13992]
Action.c(137): Notify: Next row for parameter lastName = 2 [table  = lastName].	[MsgId: MMSG-13876]
Action.c(137): Notify: Parameter Substitution: parameter "lastName" =  "last01"	[MsgId: MMSG-13992]
Action.c(137): Notify: Parameter Substitution: parameter "seatType" =  "Business"	[MsgId: MMSG-13992]
Action.c(137): Notify: Parameter Substitution: parameter "seatPref" =  "Window"	[MsgId: MMSG-13992]
Action.c(137): Notify: Parameter Substitution: parameter "outboundFlight" =  "140;186;09/09/2022"	[MsgId: MMSG-13992]
Action.c(137): Found resource "http://localhost:1080/WebTours/images/bookanother.gif" in HTML "http://localhost:1080/cgi-bin/reservations.pl"  	[MsgId: MMSG-26659]
Action.c(137): Registered web_reg_find successful for "Text=<b>first01last01's Flight Invoice</b>" (count=1)  	[MsgId: MMSG-26364]
Action.c(137): Registered web_reg_find successful for "Text=A Business Class ticket" (count=1)  	[MsgId: MMSG-26364]
Action.c(137): Registered web_reg_find successful for "Text=from Frankfurt to Paris." (count=1)  	[MsgId: MMSG-26364]
Action.c(137): web_submit_data("reservations.pl_3") was successful, 3298 body bytes, 678 header bytes, 12 chunking overhead bytes  	[MsgId: MMSG-26385]
Action.c(166): Notify: Transaction "paymentDetails" ended with a "Pass" status (Duration: 0,0556 Wasted Time: 0,0000).	[MsgId: MMSG-16871]
Action.c(168): lr_think_time: 5,00 seconds.	[MsgId: MMSG-15948]
Virtual User Script started at: 09.09.2022 13:21:50	[MsgId: MMSG-15967]
Starting action vuser_init.	[MsgId: MMSG-15919]
Web Turbo Replay of LoadRunner 2021.0.0 for Windows 10; build 430 (џэт 05 2021 19:27:22)  	[MsgId: MMSG-26983]
Run mode: HTML  	[MsgId: MMSG-26993]
Replay user agent: Mozilla/5.0 (Windows NT 10.0; WOW64; Trident/7.0; rv:11.0) like Gecko  	[MsgId: MMSG-26988]
Runtime Settings file: "C:\Users\baldr\AppData\Local\Temp\lr5tmpdirYiv.342\lrcfgaKU.343\cfgTAe.350"  	[MsgId: MMSG-27141]
Ending action vuser_init.	[MsgId: MMSG-15918]
Running Vuser...	[MsgId: MMSG-15964]
Starting iteration 1.	[MsgId: MMSG-15968]
Maximum number of concurrent connections per server: 6  	[MsgId: MMSG-26989]
Starting action Action.	[MsgId: MMSG-15919]
Action.c(5): Notify: Transaction "UC_03_TicketBuying" started.	[MsgId: MMSG-16999]
Action.c(7): Notify: Transaction "openHomePage" started.	[MsgId: MMSG-16999]
../Library/CommonFunctions.h(6): web_reg_save_param started  	[MsgId: MMSG-26355]
../Library/CommonFunctions.h(6): Registering web_reg_save_param was successful  	[MsgId: MMSG-26390]
../Library/CommonFunctions.h(11): web_url("WebTours") started  	[MsgId: MMSG-26355]
../Library/CommonFunctions.h(11): Detected non-resource "http://localhost:1080/WebTours/header.html" in "http://localhost:1080/WebTours/"  	[MsgId: MMSG-26574]
../Library/CommonFunctions.h(11): Detected non-resource "http://localhost:1080/cgi-bin/welcome.pl?signOff=true" in "http://localhost:1080/WebTours/"  	[MsgId: MMSG-26574]
../Library/CommonFunctions.h(11): Found resource "http://localhost:1080/WebTours/images/hp_logo.png" in HTML "http://localhost:1080/WebTours/header.html"  	[MsgId: MMSG-26659]
../Library/CommonFunctions.h(11): Found resource "http://localhost:1080/WebTours/images/webtours.png" in HTML "http://localhost:1080/WebTours/header.html"  	[MsgId: MMSG-26659]
../Library/CommonFunctions.h(11): Detected non-resource "http://localhost:1080/cgi-bin/nav.pl?in=home" in "http://localhost:1080/cgi-bin/welcome.pl?signOff=true"  	[MsgId: MMSG-26574]
../Library/CommonFunctions.h(11): Detected non-resource "http://localhost:1080/WebTours/home.html" in "http://localhost:1080/cgi-bin/welcome.pl?signOff=true"  	[MsgId: MMSG-26574]
../Library/CommonFunctions.h(11): Notify: Saving Parameter "userSession = 134687.639611179zQcHQQfptzcftVfzHpQHcHHf".	[MsgId: MMSG-13798]
../Library/CommonFunctions.h(11): Found resource "http://localhost:1080/WebTours/images/mer_login.gif" in HTML "http://localhost:1080/cgi-bin/nav.pl?in=home"  	[MsgId: MMSG-26659]
../Library/CommonFunctions.h(11): web_url("WebTours") was successful, 10076 body bytes, 2377 header bytes, 24 chunking overhead bytes  	[MsgId: MMSG-26385]
../Library/CommonFunctions.h(21): web_set_sockets_option started  	[MsgId: MMSG-26355]
../Library/CommonFunctions.h(21): web_set_sockets_option was successful  	[MsgId: MMSG-26392]
Action.c(11): Notify: Transaction "openHomePage" ended with a "Pass" status (Duration: 0,0717 Wasted Time: 0,0001).	[MsgId: MMSG-16871]
Action.c(13): lr_think_time: 5,00 seconds.	[MsgId: MMSG-15948]
Action.c(170): Notify: Transaction "browsingItenerary" started.	[MsgId: MMSG-16999]
Action.c(172): web_reg_find started  	[MsgId: MMSG-26355]
Action.c(172): Registering web_reg_find was successful  	[MsgId: MMSG-26390]
Action.c(176): web_url("Itinerary Button") started  	[MsgId: MMSG-26355]
Action.c(176): Detected non-resource "http://localhost:1080/cgi-bin/nav.pl?page=menu&in=itinerary" in "http://localhost:1080/cgi-bin/welcome.pl?page=itinerary"  	[MsgId: MMSG-26574]
Action.c(176): Detected non-resource "http://localhost:1080/cgi-bin/itinerary.pl" in "http://localhost:1080/cgi-bin/welcome.pl?page=itinerary"  	[MsgId: MMSG-26574]
Action.c(176): Resource "http://localhost:1080/WebTours/images/flights.gif" is in the cache already and will not be downloaded again  	[MsgId: MMSG-26655]
Action.c(176): Found resource "http://localhost:1080/WebTours/images/in_itinerary.gif" in HTML "http://localhost:1080/cgi-bin/nav.pl?page=menu&in=itinerary"  	[MsgId: MMSG-26659]
Action.c(176): Resource "http://localhost:1080/WebTours/images/home.gif" is in the cache already and will not be downloaded again  	[MsgId: MMSG-26655]
Action.c(176): Resource "http://localhost:1080/WebTours/images/signoff.gif" is in the cache already and will not be downloaded again  	[MsgId: MMSG-26655]
Action.c(176): Found resource "http://localhost:1080/WebTours/images/cancelreservation.gif" in HTML "http://localhost:1080/cgi-bin/itinerary.pl"  	[MsgId: MMSG-26659]
Action.c(176): Found resource "http://localhost:1080/WebTours/images/cancelallreservations.gif" in HTML "http://localhost:1080/cgi-bin/itinerary.pl"  	[MsgId: MMSG-26659]
Action.c(176): Registered web_reg_find successful for "Text=Itinerary" (count=3)  	[MsgId: MMSG-26364]
Action.c(176): web_url("Itinerary Button") was successful, 9283 body bytes, 1623 header bytes, 43 chunking overhead bytes  	[MsgId: MMSG-26385]
Action.c(186): Notify: Transaction "browsingItenerary" ended with a "Pass" status (Duration: 0,0816 Wasted Time: 0,0000).	[MsgId: MMSG-16871]
Action.c(188): lr_think_time: 5,00 seconds.	[MsgId: MMSG-15948]
Action.c(15): Notify: Transaction "login" started.	[MsgId: MMSG-16999]
../Library/CommonFunctions.h(26): web_reg_find started  	[MsgId: MMSG-26355]
../Library/CommonFunctions.h(26): Notify: Parameter Substitution: parameter "userName" =  "user00"	[MsgId: MMSG-13992]
../Library/CommonFunctions.h(26): Registering web_reg_find was successful  	[MsgId: MMSG-26390]
../Library/CommonFunctions.h(31): web_submit_data("login.pl") started  	[MsgId: MMSG-26355]
../Library/CommonFunctions.h(31): Notify: Parameter Substitution: parameter "userSession" =  "134687.639611179zQcHQQfptzcftVfzHpQHcHHf"	[MsgId: MMSG-13992]
../Library/CommonFunctions.h(31): Notify: Parameter Substitution: parameter "userName" =  "user00"	[MsgId: MMSG-13992]
../Library/CommonFunctions.h(31): Notify: Next row for parameter password = 1 [table  = password].	[MsgId: MMSG-13876]
../Library/CommonFunctions.h(31): Notify: Parameter Substitution: parameter "password" =  "12345"	[MsgId: MMSG-13992]
../Library/CommonFunctions.h(31): Detected non-resource "http://localhost:1080/cgi-bin/nav.pl?page=menu&in=home" in "http://localhost:1080/cgi-bin/login.pl"  	[MsgId: MMSG-26574]
../Library/CommonFunctions.h(31): Detected non-resource "http://localhost:1080/cgi-bin/login.pl?intro=true" in "http://localhost:1080/cgi-bin/login.pl"  	[MsgId: MMSG-26574]
../Library/CommonFunctions.h(31): Found resource "http://localhost:1080/WebTours/images/flights.gif" in HTML "http://localhost:1080/cgi-bin/nav.pl?page=menu&in=home"  	[MsgId: MMSG-26659]
../Library/CommonFunctions.h(31): Found resource "http://localhost:1080/WebTours/images/itinerary.gif" in HTML "http://localhost:1080/cgi-bin/nav.pl?page=menu&in=home"  	[MsgId: MMSG-26659]
../Library/CommonFunctions.h(31): Found resource "http://localhost:1080/WebTours/images/in_home.gif" in HTML "http://localhost:1080/cgi-bin/nav.pl?page=menu&in=home"  	[MsgId: MMSG-26659]
../Library/CommonFunctions.h(31): Found resource "http://localhost:1080/WebTours/images/signoff.gif" in HTML "http://localhost:1080/cgi-bin/nav.pl?page=menu&in=home"  	[MsgId: MMSG-26659]
../Library/CommonFunctions.h(31): Registered web_reg_find successful for "Text=Welcome, <b>user00</b>" (count=1)  	[MsgId: MMSG-26364]
../Library/CommonFunctions.h(31): web_submit_data("login.pl") was successful, 5781 body bytes, 2056 header bytes, 36 chunking overhead bytes  	[MsgId: MMSG-26385]
Action.c(19): Notify: Transaction "login" ended with a "Pass" status (Duration: 0,0753 Wasted Time: 0,0000).	[MsgId: MMSG-16871]
Action.c(21): lr_think_time: 5,00 seconds.	[MsgId: MMSG-15948]
Action.c(190): Notify: Transaction "logout" started.	[MsgId: MMSG-16999]
../Library/CommonFunctions.h(51): web_reg_find started  	[MsgId: MMSG-26355]
../Library/CommonFunctions.h(51): Registering web_reg_find was successful  	[MsgId: MMSG-26390]
../Library/CommonFunctions.h(55): web_url("SignOff Button") started  	[MsgId: MMSG-26355]
../Library/CommonFunctions.h(55): Detected non-resource "http://localhost:1080/cgi-bin/nav.pl?in=home" in "http://localhost:1080/cgi-bin/welcome.pl?signOff=1"  	[MsgId: MMSG-26574]
../Library/CommonFunctions.h(55): Detected non-resource "http://localhost:1080/WebTours/home.html" in "http://localhost:1080/cgi-bin/welcome.pl?signOff=1"  	[MsgId: MMSG-26574]
../Library/CommonFunctions.h(55): Retrieving data from cache for "http://localhost:1080/WebTours/home.html"  	[MsgId: MMSG-26558]
../Library/CommonFunctions.h(55): Resource "http://localhost:1080/WebTours/images/mer_login.gif" is in the cache already and will not be downloaded again  	[MsgId: MMSG-26655]
../Library/CommonFunctions.h(55): Registered web_reg_find successful for "Text=A Session ID has been created and loaded into a cookie" (count=1)  	[MsgId: MMSG-26364]
../Library/CommonFunctions.h(55): web_url("SignOff Button") was successful, 2174 body bytes, 583 header bytes, 24 chunking overhead bytes  	[MsgId: MMSG-26385]
Action.c(194): Notify: Transaction "logout" ended with a "Pass" status (Duration: 0,0672 Wasted Time: 0,0000).	[MsgId: MMSG-16871]
Action.c(196): Notify: Transaction "UC_03_TicketBuying" ended with a "Pass" status (Duration: 35,5267 Think Time: 35,0074 Wasted Time: 0,0003).	[MsgId: MMSG-16870]
Ending action Action.	[MsgId: MMSG-15918]
Ending iteration 2.	[MsgId: MMSG-15965]
Waiting 26,4730 seconds for iteration pacing.	[MsgId: MMSG-15996]
Action was aborted.	[MsgId: MMSG-10694]
Action was aborted.	[MsgId: MMSG-10694]
Ending Vuser...	[MsgId: MMSG-15966]
Ending Vuser...	[MsgId: MMSG-15966]
Starting action vuser_end.	[MsgId: MMSG-15919]
Starting action vuser_end.	[MsgId: MMSG-15919]
Ending action vuser_end.	[MsgId: MMSG-15918]
Ending action vuser_end.	[MsgId: MMSG-15918]
Vuser Terminated.	[MsgId: MMSG-15963]
Vuser Terminated.	[MsgId: MMSG-15963]
Vuser 0 (thread 7796), ended OK."	[MsgId: MMSG-10695]
Vuser 1 (thread 388), ended OK."	[MsgId: MMSG-10695]
Action.c(23): Notify: Transaction "flightsBottonClick" started.	[MsgId: MMSG-16999]
Action.c(25): web_url("Search Flights Button") started  	[MsgId: MMSG-26355]
Action.c(25): Detected non-resource "http://localhost:1080/cgi-bin/nav.pl?page=menu&in=flights" in "http://localhost:1080/cgi-bin/welcome.pl?page=search"  	[MsgId: MMSG-26574]
Action.c(25): Detected non-resource "http://localhost:1080/cgi-bin/reservations.pl?page=welcome" in "http://localhost:1080/cgi-bin/welcome.pl?page=search"  	[MsgId: MMSG-26574]
Action.c(25): Found resource "http://localhost:1080/WebTours/images/in_flights.gif" in HTML "http://localhost:1080/cgi-bin/nav.pl?page=menu&in=flights"  	[MsgId: MMSG-26659]
Action.c(25): Resource "http://localhost:1080/WebTours/images/itinerary.gif" is in the cache already and will not be downloaded again  	[MsgId: MMSG-26655]
Action.c(25): Found resource "http://localhost:1080/WebTours/images/home.gif" in HTML "http://localhost:1080/cgi-bin/nav.pl?page=menu&in=flights"  	[MsgId: MMSG-26659]
Action.c(25): Resource "http://localhost:1080/WebTours/images/signoff.gif" is in the cache already and will not be downloaded again  	[MsgId: MMSG-26655]
Action.c(25): Found resource "http://localhost:1080/WebTours/images/button_next.gif" in HTML "http://localhost:1080/cgi-bin/reservations.pl?page=welcome"  	[MsgId: MMSG-26659]
Action.c(25): web_url("Search Flights Button") was successful, 8516 body bytes, 1621 header bytes, 43 chunking overhead bytes  	[MsgId: MMSG-26385]
Action.c(35): Notify: Transaction "flightsBottonClick" ended with a "Pass" status (Duration: 0,1073).	[MsgId: MMSG-16873]
Action.c(37): lr_think_time: 5,00 seconds.	[MsgId: MMSG-15948]
Action.c(39): Notify: Transaction "startFindingFlights" started.	[MsgId: MMSG-16999]
Action.c(41): Notify: Getting new value for parameter 'flightDestination': table = '..\Param\flightDestination.dat' column = '0' row = '4'.	[MsgId: MMSG-13877]
Action.c(41): Notify: Parameter Substitution: parameter "flightDestination" =  "Los Angeles"	[MsgId: MMSG-13992]
Action.c(41): Notify: Saving Parameter "depart = Los Angeles".	[MsgId: MMSG-13798]
Action.c(43): Notify: Next row for parameter flightDestination = 3 [table  = flightDestination].	[MsgId: MMSG-13876]
Action.c(43): Notify: Getting new value for parameter 'flightDestination': table = '..\Param\flightDestination.dat' column = '0' row = '3'.	[MsgId: MMSG-13877]
Action.c(43): Notify: Parameter Substitution: parameter "flightDestination" =  "London"	[MsgId: MMSG-13992]
Action.c(43): Notify: Saving Parameter "arrive = London".	[MsgId: MMSG-13798]
Action.c(45): Notify: Parameter Substitution: parameter "depart" =  "Los Angeles"	[MsgId: MMSG-13992]
Action.c(45): Notify: Parameter Substitution: parameter "arrive" =  "London"	[MsgId: MMSG-13992]
Action.c(50): web_reg_save_param started  	[MsgId: MMSG-26355]
Action.c(50): Registering web_reg_save_param was successful  	[MsgId: MMSG-26390]
Action.c(57): web_reg_find started  	[MsgId: MMSG-26355]
Action.c(57): Notify: Parameter Substitution: parameter "depart" =  "Los Angeles"	[MsgId: MMSG-13992]
Action.c(57): Notify: Parameter Substitution: parameter "arrive" =  "London"	[MsgId: MMSG-13992]
Action.c(57): Notify: Parameter Substitution: parameter "departDate" =  "09/09/2022"	[MsgId: MMSG-13992]
Action.c(57): Registering web_reg_find was successful  	[MsgId: MMSG-26390]
Action.c(62): web_submit_data("reservations.pl") started  	[MsgId: MMSG-26355]
Action.c(62): Notify: Parameter Substitution: parameter "depart" =  "Los Angeles"	[MsgId: MMSG-13992]
Action.c(62): Notify: Parameter Substitution: parameter "departDate" =  "09/09/2022"	[MsgId: MMSG-13992]
Action.c(62): Notify: Parameter Substitution: parameter "arrive" =  "London"	[MsgId: MMSG-13992]
Action.c(62): Notify: Parameter Substitution: parameter "returnDate" =  "09/09/22"	[MsgId: MMSG-13992]
Action.c(62): Notify: Parameter Substitution: parameter "seatPref" =  "Aisle"	[MsgId: MMSG-13992]
Action.c(62): Notify: Parameter Substitution: parameter "seatType" =  "First"	[MsgId: MMSG-13992]
Action.c(62): Notify: Saving Parameter "outboundFlightArr_1 = 320;1449;09/09/2022".	[MsgId: MMSG-13798]
Action.c(62): Notify: Saving Parameter "outboundFlightArr_2 = 321;1291;09/09/2022".	[MsgId: MMSG-13798]
Action.c(62): Notify: Saving Parameter "outboundFlightArr_3 = 322;1370;09/09/2022".	[MsgId: MMSG-13798]
Action.c(62): Notify: Saving Parameter "outboundFlightArr_4 = 323;1186;09/09/2022".	[MsgId: MMSG-13798]
Action.c(62): Resource "http://localhost:1080/WebTours/images/button_next.gif" is in the cache already and will not be downloaded again  	[MsgId: MMSG-26655]
Action.c(62): Notify: Saving Parameter "outboundFlightArr_count = 4".	[MsgId: MMSG-13798]
Action.c(62): Registered web_reg_find successful for "Text=Flight departing from <B>Los Angeles</B> to <B>London</B> on <B>09/09/2022</B>" (count=1)  	[MsgId: MMSG-26364]
Action.c(62): web_submit_data("reservations.pl") was successful, 2455 body bytes, 256 header bytes, 12 chunking overhead bytes  	[MsgId: MMSG-26385]
Action.c(86): Notify: Transaction "startFindingFlights" ended with a "Pass" status (Duration: 0,0404 Wasted Time: 0,0001).	[MsgId: MMSG-16871]
Action.c(88): lr_think_time: 5,00 seconds.	[MsgId: MMSG-15948]
Action.c(90): Notify: Transaction "choseFlightTime" started.	[MsgId: MMSG-16999]
Action.c(92): Notify: Parameter Substitution: parameter "outboundFlightArr_count" =  "4"	[MsgId: MMSG-13992]
Action.c(92): Notify: Parameter Substitution: parameter "outboundFlightArr_2" =  "321;1291;09/09/2022"	[MsgId: MMSG-13992]
Action.c(92): Notify: Saving Parameter "outboundFlight = 321;1291;09/09/2022".	[MsgId: MMSG-13798]
Action.c(94): web_reg_find started  	[MsgId: MMSG-26355]
Action.c(94): Notify: Parameter Substitution: parameter "outboundFlight" =  "321;1291;09/09/2022"	[MsgId: MMSG-13992]
Action.c(94): Registering web_reg_find was successful  	[MsgId: MMSG-26390]
Action.c(98): web_submit_data("reservations.pl_2") started  	[MsgId: MMSG-26355]
Action.c(98): Notify: Parameter Substitution: parameter "outboundFlight" =  "321;1291;09/09/2022"	[MsgId: MMSG-13992]
Action.c(98): Notify: Parameter Substitution: parameter "seatType" =  "First"	[MsgId: MMSG-13992]
Action.c(98): Notify: Parameter Substitution: parameter "seatPref" =  "Aisle"	[MsgId: MMSG-13992]
Action.c(98): Resource "http://localhost:1080/WebTours/images/button_next.gif" is in the cache already and will not be downloaded again  	[MsgId: MMSG-26655]
Action.c(98): Registered web_reg_find successful for "Text=321;1291;09/09/2022" (count=1)  	[MsgId: MMSG-26364]
Action.c(98): web_submit_data("reservations.pl_2") was successful, 2738 body bytes, 255 header bytes, 12 chunking overhead bytes  	[MsgId: MMSG-26385]
Action.c(116): Notify: Transaction "choseFlightTime" ended with a "Pass" status (Duration: 0,0506 Wasted Time: 0,0000).	[MsgId: MMSG-16871]
Action.c(118): lr_think_time: 5,00 seconds.	[MsgId: MMSG-15948]
Action.c(120): Notify: Transaction "paymentDetails" started.	[MsgId: MMSG-16999]
Action.c(122): web_reg_find started  	[MsgId: MMSG-26355]
Action.c(122): Notify: Next row for parameter firstName = 1 [table  = firstName].	[MsgId: MMSG-13876]
Action.c(122): Notify: Parameter Substitution: parameter "firstName" =  "first00"	[MsgId: MMSG-13992]
Action.c(122): Notify: Next row for parameter lastName = 1 [table  = lastName].	[MsgId: MMSG-13876]
Action.c(122): Notify: Parameter Substitution: parameter "lastName" =  "last00"	[MsgId: MMSG-13992]
Action.c(122): Registering web_reg_find was successful  	[MsgId: MMSG-26390]
Action.c(127): web_reg_find started  	[MsgId: MMSG-26355]
Action.c(127): Notify: Parameter Substitution: parameter "seatType" =  "First"	[MsgId: MMSG-13992]
Action.c(127): Registering web_reg_find was successful  	[MsgId: MMSG-26390]
Action.c(132): web_reg_find started  	[MsgId: MMSG-26355]
Action.c(132): Notify: Parameter Substitution: parameter "depart" =  "Los Angeles"	[MsgId: MMSG-13992]
Action.c(132): Notify: Parameter Substitution: parameter "arrive" =  "London"	[MsgId: MMSG-13992]
Action.c(132): Registering web_reg_find was successful  	[MsgId: MMSG-26390]
Action.c(137): web_submit_data("reservations.pl_3") started  	[MsgId: MMSG-26355]
Action.c(137): Notify: Next row for parameter firstName = 1 [table  = firstName].	[MsgId: MMSG-13876]
Action.c(137): Notify: Parameter Substitution: parameter "firstName" =  "first00"	[MsgId: MMSG-13992]
Action.c(137): Notify: Next row for parameter lastName = 1 [table  = lastName].	[MsgId: MMSG-13876]
Action.c(137): Notify: Parameter Substitution: parameter "lastName" =  "last00"	[MsgId: MMSG-13992]
Action.c(137): Notify: Next row for parameter address1 = 1 [table  = address1].	[MsgId: MMSG-13876]
Action.c(137): Notify: Parameter Substitution: parameter "address1" =  "smt00"	[MsgId: MMSG-13992]
Action.c(137): Notify: Next row for parameter address2 = 1 [table  = address2].	[MsgId: MMSG-13876]
Action.c(137): Notify: Parameter Substitution: parameter "address2" =  "000000"	[MsgId: MMSG-13992]
Action.c(137): Notify: Next row for parameter firstName = 1 [table  = firstName].	[MsgId: MMSG-13876]
Action.c(137): Notify: Parameter Substitution: parameter "firstName" =  "first00"	[MsgId: MMSG-13992]
Action.c(137): Notify: Next row for parameter lastName = 1 [table  = lastName].	[MsgId: MMSG-13876]
Action.c(137): Notify: Parameter Substitution: parameter "lastName" =  "last00"	[MsgId: MMSG-13992]
Action.c(137): Notify: Parameter Substitution: parameter "seatType" =  "First"	[MsgId: MMSG-13992]
Action.c(137): Notify: Parameter Substitution: parameter "seatPref" =  "Aisle"	[MsgId: MMSG-13992]
Action.c(137): Notify: Parameter Substitution: parameter "outboundFlight" =  "321;1291;09/09/2022"	[MsgId: MMSG-13992]
Action.c(137): Found resource "http://localhost:1080/WebTours/images/bookanother.gif" in HTML "http://localhost:1080/cgi-bin/reservations.pl"  	[MsgId: MMSG-26659]
Action.c(137): Registered web_reg_find successful for "Text=<b>first00last00's Flight Invoice</b>" (count=1)  	[MsgId: MMSG-26364]
Action.c(137): Registered web_reg_find successful for "Text=A First Class ticket" (count=1)  	[MsgId: MMSG-26364]
Action.c(137): Registered web_reg_find successful for "Text=from Los Angeles to London." (count=1)  	[MsgId: MMSG-26364]
Action.c(137): web_submit_data("reservations.pl_3") was successful, 3304 body bytes, 678 header bytes, 12 chunking overhead bytes  	[MsgId: MMSG-26385]
Action.c(166): Notify: Transaction "paymentDetails" ended with a "Pass" status (Duration: 0,0413 Wasted Time: 0,0000).	[MsgId: MMSG-16871]
Action.c(168): lr_think_time: 5,00 seconds.	[MsgId: MMSG-15948]
Action.c(170): Notify: Transaction "browsingItenerary" started.	[MsgId: MMSG-16999]
Action.c(172): web_reg_find started  	[MsgId: MMSG-26355]
Action.c(172): Registering web_reg_find was successful  	[MsgId: MMSG-26390]
Action.c(176): web_url("Itinerary Button") started  	[MsgId: MMSG-26355]
Action.c(176): Detected non-resource "http://localhost:1080/cgi-bin/nav.pl?page=menu&in=itinerary" in "http://localhost:1080/cgi-bin/welcome.pl?page=itinerary"  	[MsgId: MMSG-26574]
Action.c(176): Detected non-resource "http://localhost:1080/cgi-bin/itinerary.pl" in "http://localhost:1080/cgi-bin/welcome.pl?page=itinerary"  	[MsgId: MMSG-26574]
Action.c(176): Resource "http://localhost:1080/WebTours/images/flights.gif" is in the cache already and will not be downloaded again  	[MsgId: MMSG-26655]
Action.c(176): Found resource "http://localhost:1080/WebTours/images/in_itinerary.gif" in HTML "http://localhost:1080/cgi-bin/nav.pl?page=menu&in=itinerary"  	[MsgId: MMSG-26659]
Action.c(176): Resource "http://localhost:1080/WebTours/images/home.gif" is in the cache already and will not be downloaded again  	[MsgId: MMSG-26655]
Action.c(176): Resource "http://localhost:1080/WebTours/images/signoff.gif" is in the cache already and will not be downloaded again  	[MsgId: MMSG-26655]
Action.c(176): Found resource "http://localhost:1080/WebTours/images/cancelreservation.gif" in HTML "http://localhost:1080/cgi-bin/itinerary.pl"  	[MsgId: MMSG-26659]
Action.c(176): Found resource "http://localhost:1080/WebTours/images/cancelallreservations.gif" in HTML "http://localhost:1080/cgi-bin/itinerary.pl"  	[MsgId: MMSG-26659]
Action.c(176): Registered web_reg_find successful for "Text=Itinerary" (count=3)  	[MsgId: MMSG-26364]
Action.c(176): web_url("Itinerary Button") was successful, 9281 body bytes, 1622 header bytes, 43 chunking overhead bytes  	[MsgId: MMSG-26385]
Action.c(186): Notify: Transaction "browsingItenerary" ended with a "Pass" status (Duration: 0,1036 Wasted Time: 0,0000).	[MsgId: MMSG-16871]
Action.c(188): lr_think_time: 5,00 seconds.	[MsgId: MMSG-15948]
Action.c(190): Notify: Transaction "logout" started.	[MsgId: MMSG-16999]
../Library/CommonFunctions.h(51): web_reg_find started  	[MsgId: MMSG-26355]
../Library/CommonFunctions.h(51): Registering web_reg_find was successful  	[MsgId: MMSG-26390]
../Library/CommonFunctions.h(55): web_url("SignOff Button") started  	[MsgId: MMSG-26355]
../Library/CommonFunctions.h(55): Detected non-resource "http://localhost:1080/cgi-bin/nav.pl?in=home" in "http://localhost:1080/cgi-bin/welcome.pl?signOff=1"  	[MsgId: MMSG-26574]
../Library/CommonFunctions.h(55): Detected non-resource "http://localhost:1080/WebTours/home.html" in "http://localhost:1080/cgi-bin/welcome.pl?signOff=1"  	[MsgId: MMSG-26574]
../Library/CommonFunctions.h(55): Retrieving data from cache for "http://localhost:1080/WebTours/home.html"  	[MsgId: MMSG-26558]
../Library/CommonFunctions.h(55): Resource "http://localhost:1080/WebTours/images/mer_login.gif" is in the cache already and will not be downloaded again  	[MsgId: MMSG-26655]
../Library/CommonFunctions.h(55): Registered web_reg_find successful for "Text=A Session ID has been created and loaded into a cookie" (count=1)  	[MsgId: MMSG-26364]
../Library/CommonFunctions.h(55): web_url("SignOff Button") was successful, 2175 body bytes, 584 header bytes, 24 chunking overhead bytes  	[MsgId: MMSG-26385]
Action.c(194): Notify: Transaction "logout" ended with a "Pass" status (Duration: 0,0509 Wasted Time: 0,0000).	[MsgId: MMSG-16871]
Action.c(196): Notify: Transaction "UC_03_TicketBuying" ended with a "Pass" status (Duration: 35,5475 Think Time: 35,0048 Wasted Time: 0,0003).	[MsgId: MMSG-16870]
Ending action Action.	[MsgId: MMSG-15918]
Action was aborted.	[MsgId: MMSG-10694]
Ending Vuser...	[MsgId: MMSG-15966]
Starting action vuser_end.	[MsgId: MMSG-15919]
Ending action vuser_end.	[MsgId: MMSG-15918]
Vuser Terminated.	[MsgId: MMSG-15963]
Vuser 2 (thread 29912), ended OK."	[MsgId: MMSG-10695]
