Virtual User Script started at: 08.09.2022 23:22:26	[MsgId: MMSG-15967]
Starting action vuser_init.	[MsgId: MMSG-15919]
Web Turbo Replay of LoadRunner 2021.0.0 for Windows 10; build 430 (џэт 05 2021 19:27:22)  	[MsgId: MMSG-26983]
Run mode: HTML  	[MsgId: MMSG-26993]
Replay user agent: Mozilla/5.0 (Windows NT 10.0; WOW64; Trident/7.0; rv:11.0) like Gecko  	[MsgId: MMSG-26988]
Runtime Settings file: "C:\Users\baldr\AppData\Local\Temp\lr5tmpdirrnC.828\lrcfgs7w.829\cfg5wR.838"  	[MsgId: MMSG-27141]
Ending action vuser_init.	[MsgId: MMSG-15918]
Running Vuser...	[MsgId: MMSG-15964]
Starting iteration 1.	[MsgId: MMSG-15968]
Maximum number of concurrent connections per server: 6  	[MsgId: MMSG-26989]
Starting action Action.	[MsgId: MMSG-15919]
Action.c(5): Notify: Transaction "UC_03_TicketBuying" started.	[MsgId: MMSG-16999]
Action.c(7): Notify: Transaction "openHomePage" started.	[MsgId: MMSG-16999]
../Library/CommonFunctions.h(6): web_reg_save_param started  	[MsgId: MMSG-26355]
../Library/CommonFunctions.h(6): Registering web_reg_save_param was successful  	[MsgId: MMSG-26390]
../Library/CommonFunctions.h(11): web_url("WebTours") started  	[MsgId: MMSG-26355]
../Library/CommonFunctions.h(11): Error -27792: Failed to connect to server "localhost:1080": [10061] Connection refused  	[MsgId: MERR-27792]
../Library/CommonFunctions.h(11): Error -26377: No match found for the requested parameter "userSession". Either the specified boundaries were not found in the response or the matched text is longer than current max html parameter size of 256 bytes. The total length of the response is 0 bytes. You can use "web_set_max_html_param_len" to increase the max parameter size.  	[MsgId: MERR-26377]
../Library/CommonFunctions.h(11): Notify: Saving Parameter "userSession = ".	[MsgId: MMSG-13798]
../Library/CommonFunctions.h(11): Error -26374: The above "not found" error(s) may be explained by header and body byte counts being 0 and 0, respectively.  	[MsgId: MERR-26374]
../Library/CommonFunctions.h(11): web_url("WebTours") highest severity level was "ERROR", 0 body bytes, 0 header bytes  	[MsgId: MMSG-26388]
../Library/CommonFunctions.h(11): Notify: Transaction "openHomePage" ended with a "Fail" status (Duration: 2,0083).	[MsgId: MMSG-16873]
../Library/CommonFunctions.h(11): Notify: Transaction "openHomePage" has 3 error message(s).	[MsgId: MMSG-16818]
../Library/CommonFunctions.h(11): Notify: The 1st error message associated with transaction "openHomePage" is "Error -27792: Failed to connect to server "localhost:1080": [10061] Connection refused"	[MsgId: MMSG-16819]
../Library/CommonFunctions.h(11): Notify: The 2nd error message associated with transaction "openHomePage" is "Error -26377: No match found for the requested parameter "userSession". Either the specified boundaries were not found in the response or the matched text is longer than current max html parameter size of 256 bytes. The total length of the response is 0 bytes. You can use "web_set_max_html_param_len" to increase the max parameter size."	[MsgId: MMSG-16819]
../Library/CommonFunctions.h(11): Notify: The 3rd error message associated with transaction "openHomePage" is "Error -26374: The above "not found" error(s) may be explained by header and body byte counts being 0 and 0, respectively."	[MsgId: MMSG-16819]
../Library/CommonFunctions.h(11): Notify: Transaction "UC_03_TicketBuying" ended with a "Fail" status (Duration: 2,0083).	[MsgId: MMSG-16873]
../Library/CommonFunctions.h(11): Notify: Transaction "UC_03_TicketBuying" has 3 error message(s).	[MsgId: MMSG-16818]
../Library/CommonFunctions.h(11): Notify: The 1st error message associated with transaction "UC_03_TicketBuying" is "Error -27792: Failed to connect to server "localhost:1080": [10061] Connection refused"	[MsgId: MMSG-16819]
../Library/CommonFunctions.h(11): Notify: The 2nd error message associated with transaction "UC_03_TicketBuying" is "Error -26377: No match found for the requested parameter "userSession". Either the specified boundaries were not found in the response or the matched text is longer than current max html parameter size of 256 bytes. The total length of the response is 0 bytes. You can use "web_set_max_html_param_len" to increase the max parameter size."	[MsgId: MMSG-16819]
../Library/CommonFunctions.h(11): Notify: The 3rd error message associated with transaction "UC_03_TicketBuying" is "Error -26374: The above "not found" error(s) may be explained by header and body byte counts being 0 and 0, respectively."	[MsgId: MMSG-16819]
Ending action Action.	[MsgId: MMSG-15918]
Ending iteration 1.	[MsgId: MMSG-15965]
Waiting 59,9900 seconds for iteration pacing.	[MsgId: MMSG-15996]
Virtual User Script started at: 08.09.2022 23:23:15	[MsgId: MMSG-15967]
Starting action vuser_init.	[MsgId: MMSG-15919]
Web Turbo Replay of LoadRunner 2021.0.0 for Windows 10; build 430 (џэт 05 2021 19:27:22)  	[MsgId: MMSG-26983]
Run mode: HTML  	[MsgId: MMSG-26993]
Replay user agent: Mozilla/5.0 (Windows NT 10.0; WOW64; Trident/7.0; rv:11.0) like Gecko  	[MsgId: MMSG-26988]
Runtime Settings file: "C:\Users\baldr\AppData\Local\Temp\lr5tmpdirrnC.828\lrcfgs7w.829\cfg5wR.838"  	[MsgId: MMSG-27141]
Ending action vuser_init.	[MsgId: MMSG-15918]
Running Vuser...	[MsgId: MMSG-15964]
Starting iteration 1.	[MsgId: MMSG-15968]
Maximum number of concurrent connections per server: 6  	[MsgId: MMSG-26989]
Starting action Action.	[MsgId: MMSG-15919]
Action.c(5): Notify: Transaction "UC_03_TicketBuying" started.	[MsgId: MMSG-16999]
Action.c(7): Notify: Transaction "openHomePage" started.	[MsgId: MMSG-16999]
../Library/CommonFunctions.h(6): web_reg_save_param started  	[MsgId: MMSG-26355]
../Library/CommonFunctions.h(6): Registering web_reg_save_param was successful  	[MsgId: MMSG-26390]
../Library/CommonFunctions.h(11): web_url("WebTours") started  	[MsgId: MMSG-26355]
../Library/CommonFunctions.h(11): Error -27792: Failed to connect to server "localhost:1080": [10061] Connection refused  	[MsgId: MERR-27792]
../Library/CommonFunctions.h(11): Error -26377: No match found for the requested parameter "userSession". Either the specified boundaries were not found in the response or the matched text is longer than current max html parameter size of 256 bytes. The total length of the response is 0 bytes. You can use "web_set_max_html_param_len" to increase the max parameter size.  	[MsgId: MERR-26377]
../Library/CommonFunctions.h(11): Notify: Saving Parameter "userSession = ".	[MsgId: MMSG-13798]
../Library/CommonFunctions.h(11): Error -26374: The above "not found" error(s) may be explained by header and body byte counts being 0 and 0, respectively.  	[MsgId: MERR-26374]
../Library/CommonFunctions.h(11): web_url("WebTours") highest severity level was "ERROR", 0 body bytes, 0 header bytes  	[MsgId: MMSG-26388]
../Library/CommonFunctions.h(11): Notify: Transaction "openHomePage" ended with a "Fail" status (Duration: 2,0056).	[MsgId: MMSG-16873]
../Library/CommonFunctions.h(11): Notify: Transaction "openHomePage" has 3 error message(s).	[MsgId: MMSG-16818]
../Library/CommonFunctions.h(11): Notify: The 1st error message associated with transaction "openHomePage" is "Error -27792: Failed to connect to server "localhost:1080": [10061] Connection refused"	[MsgId: MMSG-16819]
../Library/CommonFunctions.h(11): Notify: The 2nd error message associated with transaction "openHomePage" is "Error -26377: No match found for the requested parameter "userSession". Either the specified boundaries were not found in the response or the matched text is longer than current max html parameter size of 256 bytes. The total length of the response is 0 bytes. You can use "web_set_max_html_param_len" to increase the max parameter size."	[MsgId: MMSG-16819]
../Library/CommonFunctions.h(11): Notify: The 3rd error message associated with transaction "openHomePage" is "Error -26374: The above "not found" error(s) may be explained by header and body byte counts being 0 and 0, respectively."	[MsgId: MMSG-16819]
../Library/CommonFunctions.h(11): Notify: Transaction "UC_03_TicketBuying" ended with a "Fail" status (Duration: 2,0056).	[MsgId: MMSG-16873]
../Library/CommonFunctions.h(11): Notify: Transaction "UC_03_TicketBuying" has 3 error message(s).	[MsgId: MMSG-16818]
../Library/CommonFunctions.h(11): Notify: The 1st error message associated with transaction "UC_03_TicketBuying" is "Error -27792: Failed to connect to server "localhost:1080": [10061] Connection refused"	[MsgId: MMSG-16819]
../Library/CommonFunctions.h(11): Notify: The 2nd error message associated with transaction "UC_03_TicketBuying" is "Error -26377: No match found for the requested parameter "userSession". Either the specified boundaries were not found in the response or the matched text is longer than current max html parameter size of 256 bytes. The total length of the response is 0 bytes. You can use "web_set_max_html_param_len" to increase the max parameter size."	[MsgId: MMSG-16819]
../Library/CommonFunctions.h(11): Notify: The 3rd error message associated with transaction "UC_03_TicketBuying" is "Error -26374: The above "not found" error(s) may be explained by header and body byte counts being 0 and 0, respectively."	[MsgId: MMSG-16819]
Ending action Action.	[MsgId: MMSG-15918]
Ending iteration 1.	[MsgId: MMSG-15965]
Waiting 59,9810 seconds for iteration pacing.	[MsgId: MMSG-15996]
Starting iteration 2.	[MsgId: MMSG-15968]
Notify: Next row for parameter userName = 2 [table  = userName].	[MsgId: MMSG-13876]
Notify: Getting new value for parameter 'userName': table = '..\Param\TestUserInfo.dat' column = '0' row = '2'.	[MsgId: MMSG-13877]
Notify: Next row for parameter seatPref = 2 [table  = seatPref].	[MsgId: MMSG-13876]
Notify: Getting new value for parameter 'seatPref': table = '..\Param\seatingPreference.dat' column = '0' row = '2'.	[MsgId: MMSG-13877]
Notify: Next row for parameter seatType = 2 [table  = seatType].	[MsgId: MMSG-13876]
Notify: Getting new value for parameter 'seatType': table = '..\Param\typeOfSeat.dat' column = '0' row = '2'.	[MsgId: MMSG-13877]
Notify: Next row for parameter lastName = 2 [table  = lastName].	[MsgId: MMSG-13876]
Notify: Getting new value for parameter 'lastName': table = '..\Param\TestUserInfo.dat' column = '3' row = '2'.	[MsgId: MMSG-13877]
Notify: Next row for parameter password = 2 [table  = password].	[MsgId: MMSG-13876]
Notify: Getting new value for parameter 'password': table = '..\Param\TestUserInfo.dat' column = '1' row = '2'.	[MsgId: MMSG-13877]
Notify: Next row for parameter address2 = 2 [table  = address2].	[MsgId: MMSG-13876]
Notify: Getting new value for parameter 'address2': table = '..\Param\TestUserInfo.dat' column = '5' row = '2'.	[MsgId: MMSG-13877]
Notify: Next row for parameter address1 = 2 [table  = address1].	[MsgId: MMSG-13876]
Notify: Getting new value for parameter 'address1': table = '..\Param\TestUserInfo.dat' column = '4' row = '2'.	[MsgId: MMSG-13877]
Notify: Next row for parameter firstName = 2 [table  = firstName].	[MsgId: MMSG-13876]
Notify: Getting new value for parameter 'firstName': table = '..\Param\TestUserInfo.dat' column = '2' row = '2'.	[MsgId: MMSG-13877]
Starting action Action.	[MsgId: MMSG-15919]
Action.c(5): Notify: Transaction "UC_03_TicketBuying" started.	[MsgId: MMSG-16999]
Action.c(7): Notify: Transaction "openHomePage" started.	[MsgId: MMSG-16999]
../Library/CommonFunctions.h(6): web_reg_save_param started  	[MsgId: MMSG-26355]
../Library/CommonFunctions.h(6): Registering web_reg_save_param was successful  	[MsgId: MMSG-26390]
../Library/CommonFunctions.h(11): web_url("WebTours") started  	[MsgId: MMSG-26355]
../Library/CommonFunctions.h(11): Error -27792: Failed to connect to server "localhost:1080": [10061] Connection refused  	[MsgId: MERR-27792]
../Library/CommonFunctions.h(11): Error -26377: No match found for the requested parameter "userSession". Either the specified boundaries were not found in the response or the matched text is longer than current max html parameter size of 256 bytes. The total length of the response is 0 bytes. You can use "web_set_max_html_param_len" to increase the max parameter size.  	[MsgId: MERR-26377]
../Library/CommonFunctions.h(11): Notify: Saving Parameter "userSession = ".	[MsgId: MMSG-13798]
../Library/CommonFunctions.h(11): Error -26374: The above "not found" error(s) may be explained by header and body byte counts being 0 and 0, respectively.  	[MsgId: MERR-26374]
../Library/CommonFunctions.h(11): web_url("WebTours") highest severity level was "ERROR", 0 body bytes, 0 header bytes  	[MsgId: MMSG-26388]
../Library/CommonFunctions.h(11): Notify: Transaction "openHomePage" ended with a "Fail" status (Duration: 2,0051).	[MsgId: MMSG-16873]
../Library/CommonFunctions.h(11): Notify: Transaction "openHomePage" has 3 error message(s).	[MsgId: MMSG-16818]
../Library/CommonFunctions.h(11): Notify: The 1st error message associated with transaction "openHomePage" is "Error -27792: Failed to connect to server "localhost:1080": [10061] Connection refused"	[MsgId: MMSG-16819]
../Library/CommonFunctions.h(11): Notify: The 2nd error message associated with transaction "openHomePage" is "Error -26377: No match found for the requested parameter "userSession". Either the specified boundaries were not found in the response or the matched text is longer than current max html parameter size of 256 bytes. The total length of the response is 0 bytes. You can use "web_set_max_html_param_len" to increase the max parameter size."	[MsgId: MMSG-16819]
../Library/CommonFunctions.h(11): Notify: The 3rd error message associated with transaction "openHomePage" is "Error -26374: The above "not found" error(s) may be explained by header and body byte counts being 0 and 0, respectively."	[MsgId: MMSG-16819]
../Library/CommonFunctions.h(11): Notify: Transaction "UC_03_TicketBuying" ended with a "Fail" status (Duration: 2,0052).	[MsgId: MMSG-16873]
../Library/CommonFunctions.h(11): Notify: Transaction "UC_03_TicketBuying" has 3 error message(s).	[MsgId: MMSG-16818]
../Library/CommonFunctions.h(11): Notify: The 1st error message associated with transaction "UC_03_TicketBuying" is "Error -27792: Failed to connect to server "localhost:1080": [10061] Connection refused"	[MsgId: MMSG-16819]
../Library/CommonFunctions.h(11): Notify: The 2nd error message associated with transaction "UC_03_TicketBuying" is "Error -26377: No match found for the requested parameter "userSession". Either the specified boundaries were not found in the response or the matched text is longer than current max html parameter size of 256 bytes. The total length of the response is 0 bytes. You can use "web_set_max_html_param_len" to increase the max parameter size."	[MsgId: MMSG-16819]
../Library/CommonFunctions.h(11): Notify: The 3rd error message associated with transaction "UC_03_TicketBuying" is "Error -26374: The above "not found" error(s) may be explained by header and body byte counts being 0 and 0, respectively."	[MsgId: MMSG-16819]
Ending action Action.	[MsgId: MMSG-15918]
Ending iteration 2.	[MsgId: MMSG-15965]
Waiting 59,9940 seconds for iteration pacing.	[MsgId: MMSG-15996]
Action was aborted.	[MsgId: MMSG-10694]
Ending Vuser...	[MsgId: MMSG-15966]
Action was aborted.	[MsgId: MMSG-10694]
Starting action vuser_end.	[MsgId: MMSG-15919]
Ending Vuser...	[MsgId: MMSG-15966]
Starting action vuser_end.	[MsgId: MMSG-15919]
Ending action vuser_end.	[MsgId: MMSG-15918]
Vuser Terminated.	[MsgId: MMSG-15963]
Ending action vuser_end.	[MsgId: MMSG-15918]
Vuser Terminated.	[MsgId: MMSG-15963]
Vuser 0 (thread 26548), ended OK."	[MsgId: MMSG-10695]
Vuser 1 (thread 22360), ended OK."	[MsgId: MMSG-10695]
