Virtual User Script started at: 09.09.2022 12:56:45	[MsgId: MMSG-15967]
Starting action vuser_init.	[MsgId: MMSG-15919]
Web Turbo Replay of LoadRunner 2021.0.0 for Windows 10; build 430 (џэт 05 2021 19:27:22)  	[MsgId: MMSG-26983]
Run mode: HTML  	[MsgId: MMSG-26993]
Replay user agent: Mozilla/5.0 (Windows NT 10.0; WOW64; Trident/7.0; rv:11.0) like Gecko  	[MsgId: MMSG-26988]
Runtime Settings file: "C:\Users\baldr\AppData\Local\Temp\lr5tmpdirXyv.260\lrcfg6fD.261\cfgI29.272"  	[MsgId: MMSG-27141]
Ending action vuser_init.	[MsgId: MMSG-15918]
Running Vuser...	[MsgId: MMSG-15964]
Starting iteration 1.	[MsgId: MMSG-15968]
Maximum number of concurrent connections per server: 6  	[MsgId: MMSG-26989]
Starting action Action.	[MsgId: MMSG-15919]
Action.c(3): Notify: Transaction "UC_06_RegistraitionRandomUser" started.	[MsgId: MMSG-16999]
Action.c(5): Notify: Transaction "openHomePage" started.	[MsgId: MMSG-16999]
../Library/CommonFunctions.h(6): web_reg_save_param started  	[MsgId: MMSG-26355]
../Library/CommonFunctions.h(6): Registering web_reg_save_param was successful  	[MsgId: MMSG-26390]
../Library/CommonFunctions.h(11): web_url("WebTours") started  	[MsgId: MMSG-26355]
../Library/CommonFunctions.h(11): Detected non-resource "http://localhost:1080/WebTours/header.html" in "http://localhost:1080/WebTours/"  	[MsgId: MMSG-26574]
../Library/CommonFunctions.h(11): Detected non-resource "http://localhost:1080/cgi-bin/welcome.pl?signOff=true" in "http://localhost:1080/WebTours/"  	[MsgId: MMSG-26574]
../Library/CommonFunctions.h(11): Found resource "http://localhost:1080/WebTours/images/hp_logo.png" in HTML "http://localhost:1080/WebTours/header.html"  	[MsgId: MMSG-26659]
../Library/CommonFunctions.h(11): Found resource "http://localhost:1080/WebTours/images/webtours.png" in HTML "http://localhost:1080/WebTours/header.html"  	[MsgId: MMSG-26659]
../Library/CommonFunctions.h(11): Detected non-resource "http://localhost:1080/cgi-bin/nav.pl?in=home" in "http://localhost:1080/cgi-bin/welcome.pl?signOff=true"  	[MsgId: MMSG-26574]
../Library/CommonFunctions.h(11): Detected non-resource "http://localhost:1080/WebTours/home.html" in "http://localhost:1080/cgi-bin/welcome.pl?signOff=true"  	[MsgId: MMSG-26574]
../Library/CommonFunctions.h(11): Notify: Saving Parameter "userSession = 134687.517618469zQcHQiQpViHftVfzHpQDfVcf".	[MsgId: MMSG-13798]
../Library/CommonFunctions.h(11): Found resource "http://localhost:1080/WebTours/images/mer_login.gif" in HTML "http://localhost:1080/cgi-bin/nav.pl?in=home"  	[MsgId: MMSG-26659]
../Library/CommonFunctions.h(11): web_url("WebTours") was successful, 10076 body bytes, 2377 header bytes, 24 chunking overhead bytes  	[MsgId: MMSG-26385]
../Library/CommonFunctions.h(21): web_set_sockets_option started  	[MsgId: MMSG-26355]
../Library/CommonFunctions.h(21): web_set_sockets_option was successful  	[MsgId: MMSG-26392]
Action.c(9): Notify: Transaction "openHomePage" ended with a "Pass" status (Duration: 0,0532 Wasted Time: 0,0001).	[MsgId: MMSG-16871]
Action.c(11): lr_think_time: 5,00 seconds.	[MsgId: MMSG-15948]
Action.c(13): Notify: Transaction "signUpNowButtonClick" started.	[MsgId: MMSG-16999]
Action.c(15): web_link("sign up now") started  	[MsgId: MMSG-26355]
Action.c(15): Linking to "http://localhost:1080/cgi-bin/login.pl?username=&password=&getInfo=true", Target Frame=""  	[MsgId: MMSG-27994]
Action.c(15): Found resource "http://localhost:1080/WebTours/profileValidate.js" in HTML "http://localhost:1080/cgi-bin/login.pl?username=&password=&getInfo=true"  	[MsgId: MMSG-26659]
Action.c(15): Found resource "http://localhost:1080/WebTours/images/button_next.gif" in HTML "http://localhost:1080/cgi-bin/login.pl?username=&password=&getInfo=true"  	[MsgId: MMSG-26659]
Action.c(15): web_link("sign up now") was successful, 14475 body bytes, 842 header bytes, 12 chunking overhead bytes  	[MsgId: MMSG-26385]
Action.c(19): Notify: Transaction "signUpNowButtonClick" ended with a "Pass" status (Duration: 0,0320).	[MsgId: MMSG-16873]
Action.c(21): lr_think_time: 5,00 seconds.	[MsgId: MMSG-15948]
Action.c(23): Notify: Transaction "newUserRegistration" started.	[MsgId: MMSG-16999]
../Library/CommonFunctions.h(70): Notify: Getting new value for parameter 'alphabet': table = 'alphabet.dat' column = '0' row = '20'.	[MsgId: MMSG-13877]
../Library/CommonFunctions.h(70): Notify: Parameter Substitution: parameter "alphabet" =  "t"	[MsgId: MMSG-13992]
../Library/CommonFunctions.h(70): Notify: Saving Parameter "randomWord = t".	[MsgId: MMSG-13798]
../Library/CommonFunctions.h(73): Notify: Parameter Substitution: parameter "randomWord" =  "t"	[MsgId: MMSG-13992]
../Library/CommonFunctions.h(73): Notify: Next row for parameter alphabet = 14 [table  = alphabet].	[MsgId: MMSG-13876]
../Library/CommonFunctions.h(73): Notify: Getting new value for parameter 'alphabet': table = 'alphabet.dat' column = '0' row = '14'.	[MsgId: MMSG-13877]
../Library/CommonFunctions.h(73): Notify: Parameter Substitution: parameter "alphabet" =  "n"	[MsgId: MMSG-13992]
../Library/CommonFunctions.h(73): Notify: Saving Parameter "randomWord = tn".	[MsgId: MMSG-13798]
../Library/CommonFunctions.h(73): Notify: Parameter Substitution: parameter "randomWord" =  "tn"	[MsgId: MMSG-13992]
../Library/CommonFunctions.h(73): Notify: Next row for parameter alphabet = 4 [table  = alphabet].	[MsgId: MMSG-13876]
../Library/CommonFunctions.h(73): Notify: Getting new value for parameter 'alphabet': table = 'alphabet.dat' column = '0' row = '4'.	[MsgId: MMSG-13877]
../Library/CommonFunctions.h(73): Notify: Parameter Substitution: parameter "alphabet" =  "d"	[MsgId: MMSG-13992]
../Library/CommonFunctions.h(73): Notify: Saving Parameter "randomWord = tnd".	[MsgId: MMSG-13798]
../Library/CommonFunctions.h(73): Notify: Parameter Substitution: parameter "randomWord" =  "tnd"	[MsgId: MMSG-13992]
../Library/CommonFunctions.h(73): Notify: Next row for parameter alphabet = 21 [table  = alphabet].	[MsgId: MMSG-13876]
../Library/CommonFunctions.h(73): Notify: Getting new value for parameter 'alphabet': table = 'alphabet.dat' column = '0' row = '21'.	[MsgId: MMSG-13877]
../Library/CommonFunctions.h(73): Notify: Parameter Substitution: parameter "alphabet" =  "u"	[MsgId: MMSG-13992]
../Library/CommonFunctions.h(73): Notify: Saving Parameter "randomWord = tndu".	[MsgId: MMSG-13798]
../Library/CommonFunctions.h(73): Notify: Parameter Substitution: parameter "randomWord" =  "tndu"	[MsgId: MMSG-13992]
../Library/CommonFunctions.h(73): Notify: Next row for parameter alphabet = 13 [table  = alphabet].	[MsgId: MMSG-13876]
../Library/CommonFunctions.h(73): Notify: Getting new value for parameter 'alphabet': table = 'alphabet.dat' column = '0' row = '13'.	[MsgId: MMSG-13877]
../Library/CommonFunctions.h(73): Notify: Parameter Substitution: parameter "alphabet" =  "m"	[MsgId: MMSG-13992]
../Library/CommonFunctions.h(73): Notify: Saving Parameter "randomWord = tndum".	[MsgId: MMSG-13798]
../Library/CommonFunctions.h(73): Notify: Parameter Substitution: parameter "randomWord" =  "tndum"	[MsgId: MMSG-13992]
../Library/CommonFunctions.h(73): Notify: Next row for parameter alphabet = 17 [table  = alphabet].	[MsgId: MMSG-13876]
../Library/CommonFunctions.h(73): Notify: Getting new value for parameter 'alphabet': table = 'alphabet.dat' column = '0' row = '17'.	[MsgId: MMSG-13877]
../Library/CommonFunctions.h(73): Notify: Parameter Substitution: parameter "alphabet" =  "q"	[MsgId: MMSG-13992]
../Library/CommonFunctions.h(73): Notify: Saving Parameter "randomWord = tndumq".	[MsgId: MMSG-13798]
Action.c(26): Notify: Parameter Substitution: parameter "randomWord" =  "tndumq"	[MsgId: MMSG-13992]
Action.c(26): Notify: Saving Parameter "userName = tndumq".	[MsgId: MMSG-13798]
../Library/CommonFunctions.h(70): Notify: Next row for parameter alphabet = 25 [table  = alphabet].	[MsgId: MMSG-13876]
../Library/CommonFunctions.h(70): Notify: Getting new value for parameter 'alphabet': table = 'alphabet.dat' column = '0' row = '25'.	[MsgId: MMSG-13877]
../Library/CommonFunctions.h(70): Notify: Parameter Substitution: parameter "alphabet" =  "y"	[MsgId: MMSG-13992]
../Library/CommonFunctions.h(70): Notify: Saving Parameter "randomWord = y".	[MsgId: MMSG-13798]
../Library/CommonFunctions.h(73): Notify: Parameter Substitution: parameter "randomWord" =  "y"	[MsgId: MMSG-13992]
../Library/CommonFunctions.h(73): Notify: Next row for parameter alphabet = 6 [table  = alphabet].	[MsgId: MMSG-13876]
../Library/CommonFunctions.h(73): Notify: Getting new value for parameter 'alphabet': table = 'alphabet.dat' column = '0' row = '6'.	[MsgId: MMSG-13877]
../Library/CommonFunctions.h(73): Notify: Parameter Substitution: parameter "alphabet" =  "f"	[MsgId: MMSG-13992]
../Library/CommonFunctions.h(73): Notify: Saving Parameter "randomWord = yf".	[MsgId: MMSG-13798]
../Library/CommonFunctions.h(73): Notify: Parameter Substitution: parameter "randomWord" =  "yf"	[MsgId: MMSG-13992]
../Library/CommonFunctions.h(73): Notify: Next row for parameter alphabet = 4 [table  = alphabet].	[MsgId: MMSG-13876]
../Library/CommonFunctions.h(73): Notify: Getting new value for parameter 'alphabet': table = 'alphabet.dat' column = '0' row = '4'.	[MsgId: MMSG-13877]
../Library/CommonFunctions.h(73): Notify: Parameter Substitution: parameter "alphabet" =  "d"	[MsgId: MMSG-13992]
../Library/CommonFunctions.h(73): Notify: Saving Parameter "randomWord = yfd".	[MsgId: MMSG-13798]
../Library/CommonFunctions.h(73): Notify: Parameter Substitution: parameter "randomWord" =  "yfd"	[MsgId: MMSG-13992]
../Library/CommonFunctions.h(73): Notify: Next row for parameter alphabet = 3 [table  = alphabet].	[MsgId: MMSG-13876]
../Library/CommonFunctions.h(73): Notify: Getting new value for parameter 'alphabet': table = 'alphabet.dat' column = '0' row = '3'.	[MsgId: MMSG-13877]
../Library/CommonFunctions.h(73): Notify: Parameter Substitution: parameter "alphabet" =  "c"	[MsgId: MMSG-13992]
../Library/CommonFunctions.h(73): Notify: Saving Parameter "randomWord = yfdc".	[MsgId: MMSG-13798]
../Library/CommonFunctions.h(73): Notify: Parameter Substitution: parameter "randomWord" =  "yfdc"	[MsgId: MMSG-13992]
../Library/CommonFunctions.h(73): Notify: Next row for parameter alphabet = 20 [table  = alphabet].	[MsgId: MMSG-13876]
../Library/CommonFunctions.h(73): Notify: Getting new value for parameter 'alphabet': table = 'alphabet.dat' column = '0' row = '20'.	[MsgId: MMSG-13877]
../Library/CommonFunctions.h(73): Notify: Parameter Substitution: parameter "alphabet" =  "t"	[MsgId: MMSG-13992]
../Library/CommonFunctions.h(73): Notify: Saving Parameter "randomWord = yfdct".	[MsgId: MMSG-13798]
Action.c(29): Notify: Parameter Substitution: parameter "randomWord" =  "yfdct"	[MsgId: MMSG-13992]
Action.c(29): Notify: Saving Parameter "password = yfdct".	[MsgId: MMSG-13798]
../Library/CommonFunctions.h(70): Notify: Next row for parameter alphabet = 1 [table  = alphabet].	[MsgId: MMSG-13876]
../Library/CommonFunctions.h(70): Notify: Getting new value for parameter 'alphabet': table = 'alphabet.dat' column = '0' row = '1'.	[MsgId: MMSG-13877]
../Library/CommonFunctions.h(70): Notify: Parameter Substitution: parameter "alphabet" =  "a"	[MsgId: MMSG-13992]
../Library/CommonFunctions.h(70): Notify: Saving Parameter "randomWord = a".	[MsgId: MMSG-13798]
../Library/CommonFunctions.h(73): Notify: Parameter Substitution: parameter "randomWord" =  "a"	[MsgId: MMSG-13992]
../Library/CommonFunctions.h(73): Notify: Next row for parameter alphabet = 2 [table  = alphabet].	[MsgId: MMSG-13876]
../Library/CommonFunctions.h(73): Notify: Getting new value for parameter 'alphabet': table = 'alphabet.dat' column = '0' row = '2'.	[MsgId: MMSG-13877]
../Library/CommonFunctions.h(73): Notify: Parameter Substitution: parameter "alphabet" =  "b"	[MsgId: MMSG-13992]
../Library/CommonFunctions.h(73): Notify: Saving Parameter "randomWord = ab".	[MsgId: MMSG-13798]
../Library/CommonFunctions.h(73): Notify: Parameter Substitution: parameter "randomWord" =  "ab"	[MsgId: MMSG-13992]
../Library/CommonFunctions.h(73): Notify: Next row for parameter alphabet = 5 [table  = alphabet].	[MsgId: MMSG-13876]
../Library/CommonFunctions.h(73): Notify: Getting new value for parameter 'alphabet': table = 'alphabet.dat' column = '0' row = '5'.	[MsgId: MMSG-13877]
../Library/CommonFunctions.h(73): Notify: Parameter Substitution: parameter "alphabet" =  "e"	[MsgId: MMSG-13992]
../Library/CommonFunctions.h(73): Notify: Saving Parameter "randomWord = abe".	[MsgId: MMSG-13798]
../Library/CommonFunctions.h(73): Notify: Parameter Substitution: parameter "randomWord" =  "abe"	[MsgId: MMSG-13992]
../Library/CommonFunctions.h(73): Notify: Next row for parameter alphabet = 8 [table  = alphabet].	[MsgId: MMSG-13876]
../Library/CommonFunctions.h(73): Notify: Getting new value for parameter 'alphabet': table = 'alphabet.dat' column = '0' row = '8'.	[MsgId: MMSG-13877]
../Library/CommonFunctions.h(73): Notify: Parameter Substitution: parameter "alphabet" =  "h"	[MsgId: MMSG-13992]
../Library/CommonFunctions.h(73): Notify: Saving Parameter "randomWord = abeh".	[MsgId: MMSG-13798]
../Library/CommonFunctions.h(73): Notify: Parameter Substitution: parameter "randomWord" =  "abeh"	[MsgId: MMSG-13992]
../Library/CommonFunctions.h(73): Notify: Next row for parameter alphabet = 23 [table  = alphabet].	[MsgId: MMSG-13876]
../Library/CommonFunctions.h(73): Notify: Getting new value for parameter 'alphabet': table = 'alphabet.dat' column = '0' row = '23'.	[MsgId: MMSG-13877]
../Library/CommonFunctions.h(73): Notify: Parameter Substitution: parameter "alphabet" =  "w"	[MsgId: MMSG-13992]
../Library/CommonFunctions.h(73): Notify: Saving Parameter "randomWord = abehw".	[MsgId: MMSG-13798]
../Library/CommonFunctions.h(73): Notify: Parameter Substitution: parameter "randomWord" =  "abehw"	[MsgId: MMSG-13992]
../Library/CommonFunctions.h(73): Notify: Next row for parameter alphabet = 26 [table  = alphabet].	[MsgId: MMSG-13876]
../Library/CommonFunctions.h(73): Notify: Getting new value for parameter 'alphabet': table = 'alphabet.dat' column = '0' row = '26'.	[MsgId: MMSG-13877]
../Library/CommonFunctions.h(73): Notify: Parameter Substitution: parameter "alphabet" =  "z"	[MsgId: MMSG-13992]
../Library/CommonFunctions.h(73): Notify: Saving Parameter "randomWord = abehwz".	[MsgId: MMSG-13798]
Action.c(32): Notify: Parameter Substitution: parameter "randomWord" =  "abehwz"	[MsgId: MMSG-13992]
Action.c(32): Notify: Saving Parameter "firstName = abehwz".	[MsgId: MMSG-13798]
../Library/CommonFunctions.h(70): Notify: Next row for parameter alphabet = 22 [table  = alphabet].	[MsgId: MMSG-13876]
../Library/CommonFunctions.h(70): Notify: Getting new value for parameter 'alphabet': table = 'alphabet.dat' column = '0' row = '22'.	[MsgId: MMSG-13877]
../Library/CommonFunctions.h(70): Notify: Parameter Substitution: parameter "alphabet" =  "v"	[MsgId: MMSG-13992]
../Library/CommonFunctions.h(70): Notify: Saving Parameter "randomWord = v".	[MsgId: MMSG-13798]
../Library/CommonFunctions.h(73): Notify: Parameter Substitution: parameter "randomWord" =  "v"	[MsgId: MMSG-13992]
../Library/CommonFunctions.h(73): Notify: Next row for parameter alphabet = 26 [table  = alphabet].	[MsgId: MMSG-13876]
../Library/CommonFunctions.h(73): Notify: Getting new value for parameter 'alphabet': table = 'alphabet.dat' column = '0' row = '26'.	[MsgId: MMSG-13877]
../Library/CommonFunctions.h(73): Notify: Parameter Substitution: parameter "alphabet" =  "z"	[MsgId: MMSG-13992]
../Library/CommonFunctions.h(73): Notify: Saving Parameter "randomWord = vz".	[MsgId: MMSG-13798]
../Library/CommonFunctions.h(73): Notify: Parameter Substitution: parameter "randomWord" =  "vz"	[MsgId: MMSG-13992]
../Library/CommonFunctions.h(73): Notify: Next row for parameter alphabet = 13 [table  = alphabet].	[MsgId: MMSG-13876]
../Library/CommonFunctions.h(73): Notify: Getting new value for parameter 'alphabet': table = 'alphabet.dat' column = '0' row = '13'.	[MsgId: MMSG-13877]
../Library/CommonFunctions.h(73): Notify: Parameter Substitution: parameter "alphabet" =  "m"	[MsgId: MMSG-13992]
../Library/CommonFunctions.h(73): Notify: Saving Parameter "randomWord = vzm".	[MsgId: MMSG-13798]
../Library/CommonFunctions.h(73): Notify: Parameter Substitution: parameter "randomWord" =  "vzm"	[MsgId: MMSG-13992]
../Library/CommonFunctions.h(73): Notify: Next row for parameter alphabet = 12 [table  = alphabet].	[MsgId: MMSG-13876]
../Library/CommonFunctions.h(73): Notify: Getting new value for parameter 'alphabet': table = 'alphabet.dat' column = '0' row = '12'.	[MsgId: MMSG-13877]
../Library/CommonFunctions.h(73): Notify: Parameter Substitution: parameter "alphabet" =  "l"	[MsgId: MMSG-13992]
../Library/CommonFunctions.h(73): Notify: Saving Parameter "randomWord = vzml".	[MsgId: MMSG-13798]
../Library/CommonFunctions.h(73): Notify: Parameter Substitution: parameter "randomWord" =  "vzml"	[MsgId: MMSG-13992]
../Library/CommonFunctions.h(73): Notify: Next row for parameter alphabet = 23 [table  = alphabet].	[MsgId: MMSG-13876]
../Library/CommonFunctions.h(73): Notify: Getting new value for parameter 'alphabet': table = 'alphabet.dat' column = '0' row = '23'.	[MsgId: MMSG-13877]
../Library/CommonFunctions.h(73): Notify: Parameter Substitution: parameter "alphabet" =  "w"	[MsgId: MMSG-13992]
../Library/CommonFunctions.h(73): Notify: Saving Parameter "randomWord = vzmlw".	[MsgId: MMSG-13798]
../Library/CommonFunctions.h(73): Notify: Parameter Substitution: parameter "randomWord" =  "vzmlw"	[MsgId: MMSG-13992]
../Library/CommonFunctions.h(73): Notify: Next row for parameter alphabet = 18 [table  = alphabet].	[MsgId: MMSG-13876]
../Library/CommonFunctions.h(73): Notify: Getting new value for parameter 'alphabet': table = 'alphabet.dat' column = '0' row = '18'.	[MsgId: MMSG-13877]
../Library/CommonFunctions.h(73): Notify: Parameter Substitution: parameter "alphabet" =  "r"	[MsgId: MMSG-13992]
../Library/CommonFunctions.h(73): Notify: Saving Parameter "randomWord = vzmlwr".	[MsgId: MMSG-13798]
Action.c(35): Notify: Parameter Substitution: parameter "randomWord" =  "vzmlwr"	[MsgId: MMSG-13992]
Action.c(35): Notify: Saving Parameter "lastName = vzmlwr".	[MsgId: MMSG-13798]
../Library/CommonFunctions.h(70): Notify: Next row for parameter alphabet = 12 [table  = alphabet].	[MsgId: MMSG-13876]
../Library/CommonFunctions.h(70): Notify: Getting new value for parameter 'alphabet': table = 'alphabet.dat' column = '0' row = '12'.	[MsgId: MMSG-13877]
../Library/CommonFunctions.h(70): Notify: Parameter Substitution: parameter "alphabet" =  "l"	[MsgId: MMSG-13992]
../Library/CommonFunctions.h(70): Notify: Saving Parameter "randomWord = l".	[MsgId: MMSG-13798]
../Library/CommonFunctions.h(73): Notify: Parameter Substitution: parameter "randomWord" =  "l"	[MsgId: MMSG-13992]
../Library/CommonFunctions.h(73): Notify: Next row for parameter alphabet = 9 [table  = alphabet].	[MsgId: MMSG-13876]
../Library/CommonFunctions.h(73): Notify: Getting new value for parameter 'alphabet': table = 'alphabet.dat' column = '0' row = '9'.	[MsgId: MMSG-13877]
../Library/CommonFunctions.h(73): Notify: Parameter Substitution: parameter "alphabet" =  "i"	[MsgId: MMSG-13992]
../Library/CommonFunctions.h(73): Notify: Saving Parameter "randomWord = li".	[MsgId: MMSG-13798]
../Library/CommonFunctions.h(73): Notify: Parameter Substitution: parameter "randomWord" =  "li"	[MsgId: MMSG-13992]
../Library/CommonFunctions.h(73): Notify: Next row for parameter alphabet = 11 [table  = alphabet].	[MsgId: MMSG-13876]
../Library/CommonFunctions.h(73): Notify: Getting new value for parameter 'alphabet': table = 'alphabet.dat' column = '0' row = '11'.	[MsgId: MMSG-13877]
../Library/CommonFunctions.h(73): Notify: Parameter Substitution: parameter "alphabet" =  "k"	[MsgId: MMSG-13992]
../Library/CommonFunctions.h(73): Notify: Saving Parameter "randomWord = lik".	[MsgId: MMSG-13798]
../Library/CommonFunctions.h(73): Notify: Parameter Substitution: parameter "randomWord" =  "lik"	[MsgId: MMSG-13992]
../Library/CommonFunctions.h(73): Notify: Next row for parameter alphabet = 14 [table  = alphabet].	[MsgId: MMSG-13876]
../Library/CommonFunctions.h(73): Notify: Getting new value for parameter 'alphabet': table = 'alphabet.dat' column = '0' row = '14'.	[MsgId: MMSG-13877]
../Library/CommonFunctions.h(73): Notify: Parameter Substitution: parameter "alphabet" =  "n"	[MsgId: MMSG-13992]
../Library/CommonFunctions.h(73): Notify: Saving Parameter "randomWord = likn".	[MsgId: MMSG-13798]
../Library/CommonFunctions.h(73): Notify: Parameter Substitution: parameter "randomWord" =  "likn"	[MsgId: MMSG-13992]
../Library/CommonFunctions.h(73): Notify: Next row for parameter alphabet = 1 [table  = alphabet].	[MsgId: MMSG-13876]
../Library/CommonFunctions.h(73): Notify: Getting new value for parameter 'alphabet': table = 'alphabet.dat' column = '0' row = '1'.	[MsgId: MMSG-13877]
../Library/CommonFunctions.h(73): Notify: Parameter Substitution: parameter "alphabet" =  "a"	[MsgId: MMSG-13992]
../Library/CommonFunctions.h(73): Notify: Saving Parameter "randomWord = likna".	[MsgId: MMSG-13798]
../Library/CommonFunctions.h(73): Notify: Parameter Substitution: parameter "randomWord" =  "likna"	[MsgId: MMSG-13992]
../Library/CommonFunctions.h(73): Notify: Next row for parameter alphabet = 22 [table  = alphabet].	[MsgId: MMSG-13876]
../Library/CommonFunctions.h(73): Notify: Getting new value for parameter 'alphabet': table = 'alphabet.dat' column = '0' row = '22'.	[MsgId: MMSG-13877]
../Library/CommonFunctions.h(73): Notify: Parameter Substitution: parameter "alphabet" =  "v"	[MsgId: MMSG-13992]
../Library/CommonFunctions.h(73): Notify: Saving Parameter "randomWord = liknav".	[MsgId: MMSG-13798]
../Library/CommonFunctions.h(73): Notify: Parameter Substitution: parameter "randomWord" =  "liknav"	[MsgId: MMSG-13992]
../Library/CommonFunctions.h(73): Notify: Next row for parameter alphabet = 1 [table  = alphabet].	[MsgId: MMSG-13876]
../Library/CommonFunctions.h(73): Notify: Getting new value for parameter 'alphabet': table = 'alphabet.dat' column = '0' row = '1'.	[MsgId: MMSG-13877]
../Library/CommonFunctions.h(73): Notify: Parameter Substitution: parameter "alphabet" =  "a"	[MsgId: MMSG-13992]
../Library/CommonFunctions.h(73): Notify: Saving Parameter "randomWord = liknava".	[MsgId: MMSG-13798]
Action.c(38): Notify: Parameter Substitution: parameter "randomWord" =  "liknava"	[MsgId: MMSG-13992]
Action.c(38): Notify: Saving Parameter "address1 = liknava".	[MsgId: MMSG-13798]
../Library/CommonFunctions.h(70): Notify: Next row for parameter alphabet = 11 [table  = alphabet].	[MsgId: MMSG-13876]
../Library/CommonFunctions.h(70): Notify: Getting new value for parameter 'alphabet': table = 'alphabet.dat' column = '0' row = '11'.	[MsgId: MMSG-13877]
../Library/CommonFunctions.h(70): Notify: Parameter Substitution: parameter "alphabet" =  "k"	[MsgId: MMSG-13992]
../Library/CommonFunctions.h(70): Notify: Saving Parameter "randomWord = k".	[MsgId: MMSG-13798]
../Library/CommonFunctions.h(73): Notify: Parameter Substitution: parameter "randomWord" =  "k"	[MsgId: MMSG-13992]
../Library/CommonFunctions.h(73): Notify: Next row for parameter alphabet = 15 [table  = alphabet].	[MsgId: MMSG-13876]
../Library/CommonFunctions.h(73): Notify: Getting new value for parameter 'alphabet': table = 'alphabet.dat' column = '0' row = '15'.	[MsgId: MMSG-13877]
../Library/CommonFunctions.h(73): Notify: Parameter Substitution: parameter "alphabet" =  "o"	[MsgId: MMSG-13992]
../Library/CommonFunctions.h(73): Notify: Saving Parameter "randomWord = ko".	[MsgId: MMSG-13798]
../Library/CommonFunctions.h(73): Notify: Parameter Substitution: parameter "randomWord" =  "ko"	[MsgId: MMSG-13992]
../Library/CommonFunctions.h(73): Notify: Next row for parameter alphabet = 18 [table  = alphabet].	[MsgId: MMSG-13876]
../Library/CommonFunctions.h(73): Notify: Getting new value for parameter 'alphabet': table = 'alphabet.dat' column = '0' row = '18'.	[MsgId: MMSG-13877]
../Library/CommonFunctions.h(73): Notify: Parameter Substitution: parameter "alphabet" =  "r"	[MsgId: MMSG-13992]
../Library/CommonFunctions.h(73): Notify: Saving Parameter "randomWord = kor".	[MsgId: MMSG-13798]
../Library/CommonFunctions.h(73): Notify: Parameter Substitution: parameter "randomWord" =  "kor"	[MsgId: MMSG-13992]
../Library/CommonFunctions.h(73): Notify: Next row for parameter alphabet = 22 [table  = alphabet].	[MsgId: MMSG-13876]
../Library/CommonFunctions.h(73): Notify: Getting new value for parameter 'alphabet': table = 'alphabet.dat' column = '0' row = '22'.	[MsgId: MMSG-13877]
../Library/CommonFunctions.h(73): Notify: Parameter Substitution: parameter "alphabet" =  "v"	[MsgId: MMSG-13992]
../Library/CommonFunctions.h(73): Notify: Saving Parameter "randomWord = korv".	[MsgId: MMSG-13798]
../Library/CommonFunctions.h(73): Notify: Parameter Substitution: parameter "randomWord" =  "korv"	[MsgId: MMSG-13992]
../Library/CommonFunctions.h(73): Notify: Next row for parameter alphabet = 4 [table  = alphabet].	[MsgId: MMSG-13876]
../Library/CommonFunctions.h(73): Notify: Getting new value for parameter 'alphabet': table = 'alphabet.dat' column = '0' row = '4'.	[MsgId: MMSG-13877]
../Library/CommonFunctions.h(73): Notify: Parameter Substitution: parameter "alphabet" =  "d"	[MsgId: MMSG-13992]
../Library/CommonFunctions.h(73): Notify: Saving Parameter "randomWord = korvd".	[MsgId: MMSG-13798]
../Library/CommonFunctions.h(73): Notify: Parameter Substitution: parameter "randomWord" =  "korvd"	[MsgId: MMSG-13992]
../Library/CommonFunctions.h(73): Notify: Next row for parameter alphabet = 18 [table  = alphabet].	[MsgId: MMSG-13876]
../Library/CommonFunctions.h(73): Notify: Getting new value for parameter 'alphabet': table = 'alphabet.dat' column = '0' row = '18'.	[MsgId: MMSG-13877]
../Library/CommonFunctions.h(73): Notify: Parameter Substitution: parameter "alphabet" =  "r"	[MsgId: MMSG-13992]
../Library/CommonFunctions.h(73): Notify: Saving Parameter "randomWord = korvdr".	[MsgId: MMSG-13798]
../Library/CommonFunctions.h(73): Notify: Parameter Substitution: parameter "randomWord" =  "korvdr"	[MsgId: MMSG-13992]
../Library/CommonFunctions.h(73): Notify: Next row for parameter alphabet = 20 [table  = alphabet].	[MsgId: MMSG-13876]
../Library/CommonFunctions.h(73): Notify: Getting new value for parameter 'alphabet': table = 'alphabet.dat' column = '0' row = '20'.	[MsgId: MMSG-13877]
../Library/CommonFunctions.h(73): Notify: Parameter Substitution: parameter "alphabet" =  "t"	[MsgId: MMSG-13992]
../Library/CommonFunctions.h(73): Notify: Saving Parameter "randomWord = korvdrt".	[MsgId: MMSG-13798]
Action.c(41): Notify: Parameter Substitution: parameter "randomWord" =  "korvdrt"	[MsgId: MMSG-13992]
Action.c(41): Notify: Saving Parameter "address2 = korvdrt".	[MsgId: MMSG-13798]
Action.c(43): web_reg_find started  	[MsgId: MMSG-26355]
Action.c(43): Notify: Parameter Substitution: parameter "userName" =  "tndumq"	[MsgId: MMSG-13992]
Action.c(43): Registering web_reg_find was successful  	[MsgId: MMSG-26390]
Action.c(47): web_submit_form("login.pl") started  	[MsgId: MMSG-26355]
Action.c(47): Notify: Parameter Substitution: parameter "userName" =  "tndumq"	[MsgId: MMSG-13992]
Action.c(47): Notify: Parameter Substitution: parameter "password" =  "yfdct"	[MsgId: MMSG-13992]
Action.c(47): Notify: Parameter Substitution: parameter "password" =  "yfdct"	[MsgId: MMSG-13992]
Action.c(47): Notify: Parameter Substitution: parameter "firstName" =  "abehwz"	[MsgId: MMSG-13992]
Action.c(47): Notify: Parameter Substitution: parameter "lastName" =  "vzmlwr"	[MsgId: MMSG-13992]
Action.c(47): Notify: Parameter Substitution: parameter "address1" =  "liknava"	[MsgId: MMSG-13992]
Action.c(47): Notify: Parameter Substitution: parameter "address2" =  "korvdrt"	[MsgId: MMSG-13992]
Action.c(47): Submitting form to "http://localhost:1080/cgi-bin/login.pl", Target Frame="info"  	[MsgId: MMSG-27978]
Action.c(47): Resource "http://localhost:1080/WebTours/images/button_next.gif" is in the cache already and will not be downloaded again  	[MsgId: MMSG-26655]
Action.c(47): Registered web_reg_find successful for "Text=Thank you, <b>tndumq</b>, for registering" (count=1)  	[MsgId: MMSG-26364]
Action.c(47): web_submit_form("login.pl") was successful, 1079 body bytes, 372 header bytes, 12 chunking overhead bytes  	[MsgId: MMSG-26385]
Action.c(61): Notify: Transaction "newUserRegistration" ended with a "Pass" status (Duration: 0,0609 Wasted Time: 0,0000).	[MsgId: MMSG-16871]
Action.c(63): lr_think_time: 5,00 seconds.	[MsgId: MMSG-15948]
Action.c(65): Notify: Transaction "continueButtonClick" started.	[MsgId: MMSG-16999]
Action.c(67): web_reg_find started  	[MsgId: MMSG-26355]
Action.c(67): Notify: Parameter Substitution: parameter "userName" =  "tndumq"	[MsgId: MMSG-13992]
Action.c(67): Registering web_reg_find was successful  	[MsgId: MMSG-26390]
Action.c(71): web_image("button_next.gif") started  	[MsgId: MMSG-26355]
Action.c(71): Image-linking to "http://localhost:1080/cgi-bin/welcome.pl?page=menus", Target Frame="body"  	[MsgId: MMSG-27993]
Action.c(71): Detected non-resource "http://localhost:1080/cgi-bin/nav.pl?page=menu&in=home" in "http://localhost:1080/cgi-bin/welcome.pl?page=menus"  	[MsgId: MMSG-26574]
Action.c(71): Detected non-resource "http://localhost:1080/cgi-bin/login.pl?intro=true" in "http://localhost:1080/cgi-bin/welcome.pl?page=menus"  	[MsgId: MMSG-26574]
Action.c(71): Found resource "http://localhost:1080/WebTours/images/flights.gif" in HTML "http://localhost:1080/cgi-bin/nav.pl?page=menu&in=home"  	[MsgId: MMSG-26659]
Action.c(71): Found resource "http://localhost:1080/WebTours/images/itinerary.gif" in HTML "http://localhost:1080/cgi-bin/nav.pl?page=menu&in=home"  	[MsgId: MMSG-26659]
Action.c(71): Found resource "http://localhost:1080/WebTours/images/in_home.gif" in HTML "http://localhost:1080/cgi-bin/nav.pl?page=menu&in=home"  	[MsgId: MMSG-26659]
Action.c(71): Found resource "http://localhost:1080/WebTours/images/signoff.gif" in HTML "http://localhost:1080/cgi-bin/nav.pl?page=menu&in=home"  	[MsgId: MMSG-26659]
Action.c(71): Registered web_reg_find successful for "Text=Welcome, <b>tndumq</b>, to the Web Tours reservation pages" (count=1)  	[MsgId: MMSG-26364]
Action.c(71): web_image("button_next.gif") was successful, 5896 body bytes, 1895 header bytes, 36 chunking overhead bytes  	[MsgId: MMSG-26385]
Action.c(76): Notify: Transaction "continueButtonClick" ended with a "Pass" status (Duration: 0,1000 Wasted Time: 0,0000).	[MsgId: MMSG-16871]
Action.c(78): lr_think_time: 5,00 seconds.	[MsgId: MMSG-15948]
Action.c(86): Notify: Transaction "UC_06_RegistraitionRandomUser" ended with a "Pass" status (Duration: 20,2497 Think Time: 20,0027 Wasted Time: 0,0001).	[MsgId: MMSG-16870]
Ending action Action.	[MsgId: MMSG-15918]
Ending iteration 1.	[MsgId: MMSG-15965]
Waiting 16,7390 seconds for iteration pacing.	[MsgId: MMSG-15996]
Starting iteration 2.	[MsgId: MMSG-15968]
Starting action Action.	[MsgId: MMSG-15919]
Action.c(3): Notify: Transaction "UC_06_RegistraitionRandomUser" started.	[MsgId: MMSG-16999]
Action.c(5): Notify: Transaction "openHomePage" started.	[MsgId: MMSG-16999]
../Library/CommonFunctions.h(6): web_reg_save_param started  	[MsgId: MMSG-26355]
../Library/CommonFunctions.h(6): Registering web_reg_save_param was successful  	[MsgId: MMSG-26390]
../Library/CommonFunctions.h(11): web_url("WebTours") started  	[MsgId: MMSG-26355]
../Library/CommonFunctions.h(11): Detected non-resource "http://localhost:1080/WebTours/header.html" in "http://localhost:1080/WebTours/"  	[MsgId: MMSG-26574]
../Library/CommonFunctions.h(11): Detected non-resource "http://localhost:1080/cgi-bin/welcome.pl?signOff=true" in "http://localhost:1080/WebTours/"  	[MsgId: MMSG-26574]
../Library/CommonFunctions.h(11): Found resource "http://localhost:1080/WebTours/images/hp_logo.png" in HTML "http://localhost:1080/WebTours/header.html"  	[MsgId: MMSG-26659]
../Library/CommonFunctions.h(11): Found resource "http://localhost:1080/WebTours/images/webtours.png" in HTML "http://localhost:1080/WebTours/header.html"  	[MsgId: MMSG-26659]
../Library/CommonFunctions.h(11): Detected non-resource "http://localhost:1080/cgi-bin/nav.pl?in=home" in "http://localhost:1080/cgi-bin/welcome.pl?signOff=true"  	[MsgId: MMSG-26574]
../Library/CommonFunctions.h(11): Detected non-resource "http://localhost:1080/WebTours/home.html" in "http://localhost:1080/cgi-bin/welcome.pl?signOff=true"  	[MsgId: MMSG-26574]
../Library/CommonFunctions.h(11): Notify: Saving Parameter "userSession = 134687.520615634zQcHQiQpDtVzzzzHtVfzHpQDzAf".	[MsgId: MMSG-13798]
../Library/CommonFunctions.h(11): Found resource "http://localhost:1080/WebTours/images/mer_login.gif" in HTML "http://localhost:1080/cgi-bin/nav.pl?in=home"  	[MsgId: MMSG-26659]
../Library/CommonFunctions.h(11): web_url("WebTours") was successful, 10079 body bytes, 2377 header bytes, 24 chunking overhead bytes  	[MsgId: MMSG-26385]
../Library/CommonFunctions.h(21): web_set_sockets_option started  	[MsgId: MMSG-26355]
../Library/CommonFunctions.h(21): web_set_sockets_option was successful  	[MsgId: MMSG-26392]
Action.c(9): Notify: Transaction "openHomePage" ended with a "Pass" status (Duration: 0,0566 Wasted Time: 0,0001).	[MsgId: MMSG-16871]
Action.c(11): lr_think_time: 5,00 seconds.	[MsgId: MMSG-15948]
Action.c(13): Notify: Transaction "signUpNowButtonClick" started.	[MsgId: MMSG-16999]
Action.c(15): web_link("sign up now") started  	[MsgId: MMSG-26355]
Action.c(15): Linking to "http://localhost:1080/cgi-bin/login.pl?username=&password=&getInfo=true", Target Frame=""  	[MsgId: MMSG-27994]
Action.c(15): Found resource "http://localhost:1080/WebTours/profileValidate.js" in HTML "http://localhost:1080/cgi-bin/login.pl?username=&password=&getInfo=true"  	[MsgId: MMSG-26659]
Action.c(15): Found resource "http://localhost:1080/WebTours/images/button_next.gif" in HTML "http://localhost:1080/cgi-bin/login.pl?username=&password=&getInfo=true"  	[MsgId: MMSG-26659]
Action.c(15): web_link("sign up now") was successful, 14475 body bytes, 842 header bytes, 12 chunking overhead bytes  	[MsgId: MMSG-26385]
Action.c(19): Notify: Transaction "signUpNowButtonClick" ended with a "Pass" status (Duration: 0,0376).	[MsgId: MMSG-16873]
Action.c(21): lr_think_time: 5,00 seconds.	[MsgId: MMSG-15948]
Action.c(23): Notify: Transaction "newUserRegistration" started.	[MsgId: MMSG-16999]
../Library/CommonFunctions.h(70): Notify: Next row for parameter alphabet = 8 [table  = alphabet].	[MsgId: MMSG-13876]
../Library/CommonFunctions.h(70): Notify: Getting new value for parameter 'alphabet': table = 'alphabet.dat' column = '0' row = '8'.	[MsgId: MMSG-13877]
../Library/CommonFunctions.h(70): Notify: Parameter Substitution: parameter "alphabet" =  "h"	[MsgId: MMSG-13992]
../Library/CommonFunctions.h(70): Notify: Saving Parameter "randomWord = h".	[MsgId: MMSG-13798]
../Library/CommonFunctions.h(73): Notify: Parameter Substitution: parameter "randomWord" =  "h"	[MsgId: MMSG-13992]
../Library/CommonFunctions.h(73): Notify: Next row for parameter alphabet = 18 [table  = alphabet].	[MsgId: MMSG-13876]
../Library/CommonFunctions.h(73): Notify: Getting new value for parameter 'alphabet': table = 'alphabet.dat' column = '0' row = '18'.	[MsgId: MMSG-13877]
../Library/CommonFunctions.h(73): Notify: Parameter Substitution: parameter "alphabet" =  "r"	[MsgId: MMSG-13992]
../Library/CommonFunctions.h(73): Notify: Saving Parameter "randomWord = hr".	[MsgId: MMSG-13798]
../Library/CommonFunctions.h(73): Notify: Parameter Substitution: parameter "randomWord" =  "hr"	[MsgId: MMSG-13992]
../Library/CommonFunctions.h(73): Notify: Next row for parameter alphabet = 20 [table  = alphabet].	[MsgId: MMSG-13876]
../Library/CommonFunctions.h(73): Notify: Getting new value for parameter 'alphabet': table = 'alphabet.dat' column = '0' row = '20'.	[MsgId: MMSG-13877]
../Library/CommonFunctions.h(73): Notify: Parameter Substitution: parameter "alphabet" =  "t"	[MsgId: MMSG-13992]
../Library/CommonFunctions.h(73): Notify: Saving Parameter "randomWord = hrt".	[MsgId: MMSG-13798]
../Library/CommonFunctions.h(73): Notify: Parameter Substitution: parameter "randomWord" =  "hrt"	[MsgId: MMSG-13992]
../Library/CommonFunctions.h(73): Notify: Next row for parameter alphabet = 17 [table  = alphabet].	[MsgId: MMSG-13876]
../Library/CommonFunctions.h(73): Notify: Getting new value for parameter 'alphabet': table = 'alphabet.dat' column = '0' row = '17'.	[MsgId: MMSG-13877]
../Library/CommonFunctions.h(73): Notify: Parameter Substitution: parameter "alphabet" =  "q"	[MsgId: MMSG-13992]
../Library/CommonFunctions.h(73): Notify: Saving Parameter "randomWord = hrtq".	[MsgId: MMSG-13798]
../Library/CommonFunctions.h(73): Notify: Parameter Substitution: parameter "randomWord" =  "hrtq"	[MsgId: MMSG-13992]
../Library/CommonFunctions.h(73): Notify: Next row for parameter alphabet = 5 [table  = alphabet].	[MsgId: MMSG-13876]
../Library/CommonFunctions.h(73): Notify: Getting new value for parameter 'alphabet': table = 'alphabet.dat' column = '0' row = '5'.	[MsgId: MMSG-13877]
../Library/CommonFunctions.h(73): Notify: Parameter Substitution: parameter "alphabet" =  "e"	[MsgId: MMSG-13992]
../Library/CommonFunctions.h(73): Notify: Saving Parameter "randomWord = hrtqe".	[MsgId: MMSG-13798]
../Library/CommonFunctions.h(73): Notify: Parameter Substitution: parameter "randomWord" =  "hrtqe"	[MsgId: MMSG-13992]
../Library/CommonFunctions.h(73): Notify: Next row for parameter alphabet = 5 [table  = alphabet].	[MsgId: MMSG-13876]
../Library/CommonFunctions.h(73): Notify: Getting new value for parameter 'alphabet': table = 'alphabet.dat' column = '0' row = '5'.	[MsgId: MMSG-13877]
../Library/CommonFunctions.h(73): Notify: Parameter Substitution: parameter "alphabet" =  "e"	[MsgId: MMSG-13992]
../Library/CommonFunctions.h(73): Notify: Saving Parameter "randomWord = hrtqee".	[MsgId: MMSG-13798]
Action.c(26): Notify: Parameter Substitution: parameter "randomWord" =  "hrtqee"	[MsgId: MMSG-13992]
Action.c(26): Notify: Saving Parameter "userName = hrtqee".	[MsgId: MMSG-13798]
../Library/CommonFunctions.h(70): Notify: Next row for parameter alphabet = 24 [table  = alphabet].	[MsgId: MMSG-13876]
../Library/CommonFunctions.h(70): Notify: Getting new value for parameter 'alphabet': table = 'alphabet.dat' column = '0' row = '24'.	[MsgId: MMSG-13877]
../Library/CommonFunctions.h(70): Notify: Parameter Substitution: parameter "alphabet" =  "x"	[MsgId: MMSG-13992]
../Library/CommonFunctions.h(70): Notify: Saving Parameter "randomWord = x".	[MsgId: MMSG-13798]
../Library/CommonFunctions.h(73): Notify: Parameter Substitution: parameter "randomWord" =  "x"	[MsgId: MMSG-13992]
../Library/CommonFunctions.h(73): Notify: Next row for parameter alphabet = 17 [table  = alphabet].	[MsgId: MMSG-13876]
../Library/CommonFunctions.h(73): Notify: Getting new value for parameter 'alphabet': table = 'alphabet.dat' column = '0' row = '17'.	[MsgId: MMSG-13877]
../Library/CommonFunctions.h(73): Notify: Parameter Substitution: parameter "alphabet" =  "q"	[MsgId: MMSG-13992]
../Library/CommonFunctions.h(73): Notify: Saving Parameter "randomWord = xq".	[MsgId: MMSG-13798]
../Library/CommonFunctions.h(73): Notify: Parameter Substitution: parameter "randomWord" =  "xq"	[MsgId: MMSG-13992]
../Library/CommonFunctions.h(73): Notify: Next row for parameter alphabet = 15 [table  = alphabet].	[MsgId: MMSG-13876]
../Library/CommonFunctions.h(73): Notify: Getting new value for parameter 'alphabet': table = 'alphabet.dat' column = '0' row = '15'.	[MsgId: MMSG-13877]
../Library/CommonFunctions.h(73): Notify: Parameter Substitution: parameter "alphabet" =  "o"	[MsgId: MMSG-13992]
../Library/CommonFunctions.h(73): Notify: Saving Parameter "randomWord = xqo".	[MsgId: MMSG-13798]
../Library/CommonFunctions.h(73): Notify: Parameter Substitution: parameter "randomWord" =  "xqo"	[MsgId: MMSG-13992]
../Library/CommonFunctions.h(73): Notify: Next row for parameter alphabet = 20 [table  = alphabet].	[MsgId: MMSG-13876]
../Library/CommonFunctions.h(73): Notify: Getting new value for parameter 'alphabet': table = 'alphabet.dat' column = '0' row = '20'.	[MsgId: MMSG-13877]
../Library/CommonFunctions.h(73): Notify: Parameter Substitution: parameter "alphabet" =  "t"	[MsgId: MMSG-13992]
../Library/CommonFunctions.h(73): Notify: Saving Parameter "randomWord = xqot".	[MsgId: MMSG-13798]
../Library/CommonFunctions.h(73): Notify: Parameter Substitution: parameter "randomWord" =  "xqot"	[MsgId: MMSG-13992]
../Library/CommonFunctions.h(73): Notify: Next row for parameter alphabet = 8 [table  = alphabet].	[MsgId: MMSG-13876]
../Library/CommonFunctions.h(73): Notify: Getting new value for parameter 'alphabet': table = 'alphabet.dat' column = '0' row = '8'.	[MsgId: MMSG-13877]
../Library/CommonFunctions.h(73): Notify: Parameter Substitution: parameter "alphabet" =  "h"	[MsgId: MMSG-13992]
../Library/CommonFunctions.h(73): Notify: Saving Parameter "randomWord = xqoth".	[MsgId: MMSG-13798]
Action.c(29): Notify: Parameter Substitution: parameter "randomWord" =  "xqoth"	[MsgId: MMSG-13992]
Action.c(29): Notify: Saving Parameter "password = xqoth".	[MsgId: MMSG-13798]
../Library/CommonFunctions.h(70): Notify: Next row for parameter alphabet = 2 [table  = alphabet].	[MsgId: MMSG-13876]
../Library/CommonFunctions.h(70): Notify: Getting new value for parameter 'alphabet': table = 'alphabet.dat' column = '0' row = '2'.	[MsgId: MMSG-13877]
../Library/CommonFunctions.h(70): Notify: Parameter Substitution: parameter "alphabet" =  "b"	[MsgId: MMSG-13992]
../Library/CommonFunctions.h(70): Notify: Saving Parameter "randomWord = b".	[MsgId: MMSG-13798]
../Library/CommonFunctions.h(73): Notify: Parameter Substitution: parameter "randomWord" =  "b"	[MsgId: MMSG-13992]
../Library/CommonFunctions.h(73): Notify: Next row for parameter alphabet = 23 [table  = alphabet].	[MsgId: MMSG-13876]
../Library/CommonFunctions.h(73): Notify: Getting new value for parameter 'alphabet': table = 'alphabet.dat' column = '0' row = '23'.	[MsgId: MMSG-13877]
../Library/CommonFunctions.h(73): Notify: Parameter Substitution: parameter "alphabet" =  "w"	[MsgId: MMSG-13992]
../Library/CommonFunctions.h(73): Notify: Saving Parameter "randomWord = bw".	[MsgId: MMSG-13798]
../Library/CommonFunctions.h(73): Notify: Parameter Substitution: parameter "randomWord" =  "bw"	[MsgId: MMSG-13992]
../Library/CommonFunctions.h(73): Notify: Next row for parameter alphabet = 11 [table  = alphabet].	[MsgId: MMSG-13876]
../Library/CommonFunctions.h(73): Notify: Getting new value for parameter 'alphabet': table = 'alphabet.dat' column = '0' row = '11'.	[MsgId: MMSG-13877]
../Library/CommonFunctions.h(73): Notify: Parameter Substitution: parameter "alphabet" =  "k"	[MsgId: MMSG-13992]
../Library/CommonFunctions.h(73): Notify: Saving Parameter "randomWord = bwk".	[MsgId: MMSG-13798]
../Library/CommonFunctions.h(73): Notify: Parameter Substitution: parameter "randomWord" =  "bwk"	[MsgId: MMSG-13992]
../Library/CommonFunctions.h(73): Notify: Next row for parameter alphabet = 19 [table  = alphabet].	[MsgId: MMSG-13876]
../Library/CommonFunctions.h(73): Notify: Getting new value for parameter 'alphabet': table = 'alphabet.dat' column = '0' row = '19'.	[MsgId: MMSG-13877]
../Library/CommonFunctions.h(73): Notify: Parameter Substitution: parameter "alphabet" =  "s"	[MsgId: MMSG-13992]
../Library/CommonFunctions.h(73): Notify: Saving Parameter "randomWord = bwks".	[MsgId: MMSG-13798]
../Library/CommonFunctions.h(73): Notify: Parameter Substitution: parameter "randomWord" =  "bwks"	[MsgId: MMSG-13992]
../Library/CommonFunctions.h(73): Notify: Next row for parameter alphabet = 19 [table  = alphabet].	[MsgId: MMSG-13876]
../Library/CommonFunctions.h(73): Notify: Getting new value for parameter 'alphabet': table = 'alphabet.dat' column = '0' row = '19'.	[MsgId: MMSG-13877]
../Library/CommonFunctions.h(73): Notify: Parameter Substitution: parameter "alphabet" =  "s"	[MsgId: MMSG-13992]
../Library/CommonFunctions.h(73): Notify: Saving Parameter "randomWord = bwkss".	[MsgId: MMSG-13798]
../Library/CommonFunctions.h(73): Notify: Parameter Substitution: parameter "randomWord" =  "bwkss"	[MsgId: MMSG-13992]
../Library/CommonFunctions.h(73): Notify: Next row for parameter alphabet = 26 [table  = alphabet].	[MsgId: MMSG-13876]
../Library/CommonFunctions.h(73): Notify: Getting new value for parameter 'alphabet': table = 'alphabet.dat' column = '0' row = '26'.	[MsgId: MMSG-13877]
../Library/CommonFunctions.h(73): Notify: Parameter Substitution: parameter "alphabet" =  "z"	[MsgId: MMSG-13992]
../Library/CommonFunctions.h(73): Notify: Saving Parameter "randomWord = bwkssz".	[MsgId: MMSG-13798]
Action.c(32): Notify: Parameter Substitution: parameter "randomWord" =  "bwkssz"	[MsgId: MMSG-13992]
Action.c(32): Notify: Saving Parameter "firstName = bwkssz".	[MsgId: MMSG-13798]
../Library/CommonFunctions.h(70): Notify: Next row for parameter alphabet = 15 [table  = alphabet].	[MsgId: MMSG-13876]
../Library/CommonFunctions.h(70): Notify: Getting new value for parameter 'alphabet': table = 'alphabet.dat' column = '0' row = '15'.	[MsgId: MMSG-13877]
../Library/CommonFunctions.h(70): Notify: Parameter Substitution: parameter "alphabet" =  "o"	[MsgId: MMSG-13992]
../Library/CommonFunctions.h(70): Notify: Saving Parameter "randomWord = o".	[MsgId: MMSG-13798]
../Library/CommonFunctions.h(73): Notify: Parameter Substitution: parameter "randomWord" =  "o"	[MsgId: MMSG-13992]
../Library/CommonFunctions.h(73): Notify: Next row for parameter alphabet = 4 [table  = alphabet].	[MsgId: MMSG-13876]
../Library/CommonFunctions.h(73): Notify: Getting new value for parameter 'alphabet': table = 'alphabet.dat' column = '0' row = '4'.	[MsgId: MMSG-13877]
../Library/CommonFunctions.h(73): Notify: Parameter Substitution: parameter "alphabet" =  "d"	[MsgId: MMSG-13992]
../Library/CommonFunctions.h(73): Notify: Saving Parameter "randomWord = od".	[MsgId: MMSG-13798]
../Library/CommonFunctions.h(73): Notify: Parameter Substitution: parameter "randomWord" =  "od"	[MsgId: MMSG-13992]
../Library/CommonFunctions.h(73): Notify: Next row for parameter alphabet = 26 [table  = alphabet].	[MsgId: MMSG-13876]
../Library/CommonFunctions.h(73): Notify: Getting new value for parameter 'alphabet': table = 'alphabet.dat' column = '0' row = '26'.	[MsgId: MMSG-13877]
../Library/CommonFunctions.h(73): Notify: Parameter Substitution: parameter "alphabet" =  "z"	[MsgId: MMSG-13992]
../Library/CommonFunctions.h(73): Notify: Saving Parameter "randomWord = odz".	[MsgId: MMSG-13798]
../Library/CommonFunctions.h(73): Notify: Parameter Substitution: parameter "randomWord" =  "odz"	[MsgId: MMSG-13992]
../Library/CommonFunctions.h(73): Notify: Next row for parameter alphabet = 1 [table  = alphabet].	[MsgId: MMSG-13876]
../Library/CommonFunctions.h(73): Notify: Getting new value for parameter 'alphabet': table = 'alphabet.dat' column = '0' row = '1'.	[MsgId: MMSG-13877]
../Library/CommonFunctions.h(73): Notify: Parameter Substitution: parameter "alphabet" =  "a"	[MsgId: MMSG-13992]
../Library/CommonFunctions.h(73): Notify: Saving Parameter "randomWord = odza".	[MsgId: MMSG-13798]
../Library/CommonFunctions.h(73): Notify: Parameter Substitution: parameter "randomWord" =  "odza"	[MsgId: MMSG-13992]
../Library/CommonFunctions.h(73): Notify: Next row for parameter alphabet = 22 [table  = alphabet].	[MsgId: MMSG-13876]
../Library/CommonFunctions.h(73): Notify: Getting new value for parameter 'alphabet': table = 'alphabet.dat' column = '0' row = '22'.	[MsgId: MMSG-13877]
../Library/CommonFunctions.h(73): Notify: Parameter Substitution: parameter "alphabet" =  "v"	[MsgId: MMSG-13992]
../Library/CommonFunctions.h(73): Notify: Saving Parameter "randomWord = odzav".	[MsgId: MMSG-13798]
../Library/CommonFunctions.h(73): Notify: Parameter Substitution: parameter "randomWord" =  "odzav"	[MsgId: MMSG-13992]
../Library/CommonFunctions.h(73): Notify: Next row for parameter alphabet = 5 [table  = alphabet].	[MsgId: MMSG-13876]
../Library/CommonFunctions.h(73): Notify: Getting new value for parameter 'alphabet': table = 'alphabet.dat' column = '0' row = '5'.	[MsgId: MMSG-13877]
../Library/CommonFunctions.h(73): Notify: Parameter Substitution: parameter "alphabet" =  "e"	[MsgId: MMSG-13992]
../Library/CommonFunctions.h(73): Notify: Saving Parameter "randomWord = odzave".	[MsgId: MMSG-13798]
Action.c(35): Notify: Parameter Substitution: parameter "randomWord" =  "odzave"	[MsgId: MMSG-13992]
Action.c(35): Notify: Saving Parameter "lastName = odzave".	[MsgId: MMSG-13798]
../Library/CommonFunctions.h(70): Notify: Next row for parameter alphabet = 3 [table  = alphabet].	[MsgId: MMSG-13876]
../Library/CommonFunctions.h(70): Notify: Getting new value for parameter 'alphabet': table = 'alphabet.dat' column = '0' row = '3'.	[MsgId: MMSG-13877]
../Library/CommonFunctions.h(70): Notify: Parameter Substitution: parameter "alphabet" =  "c"	[MsgId: MMSG-13992]
../Library/CommonFunctions.h(70): Notify: Saving Parameter "randomWord = c".	[MsgId: MMSG-13798]
../Library/CommonFunctions.h(73): Notify: Parameter Substitution: parameter "randomWord" =  "c"	[MsgId: MMSG-13992]
../Library/CommonFunctions.h(73): Notify: Next row for parameter alphabet = 18 [table  = alphabet].	[MsgId: MMSG-13876]
../Library/CommonFunctions.h(73): Notify: Getting new value for parameter 'alphabet': table = 'alphabet.dat' column = '0' row = '18'.	[MsgId: MMSG-13877]
../Library/CommonFunctions.h(73): Notify: Parameter Substitution: parameter "alphabet" =  "r"	[MsgId: MMSG-13992]
../Library/CommonFunctions.h(73): Notify: Saving Parameter "randomWord = cr".	[MsgId: MMSG-13798]
../Library/CommonFunctions.h(73): Notify: Parameter Substitution: parameter "randomWord" =  "cr"	[MsgId: MMSG-13992]
../Library/CommonFunctions.h(73): Notify: Next row for parameter alphabet = 13 [table  = alphabet].	[MsgId: MMSG-13876]
../Library/CommonFunctions.h(73): Notify: Getting new value for parameter 'alphabet': table = 'alphabet.dat' column = '0' row = '13'.	[MsgId: MMSG-13877]
../Library/CommonFunctions.h(73): Notify: Parameter Substitution: parameter "alphabet" =  "m"	[MsgId: MMSG-13992]
../Library/CommonFunctions.h(73): Notify: Saving Parameter "randomWord = crm".	[MsgId: MMSG-13798]
../Library/CommonFunctions.h(73): Notify: Parameter Substitution: parameter "randomWord" =  "crm"	[MsgId: MMSG-13992]
../Library/CommonFunctions.h(73): Notify: Next row for parameter alphabet = 2 [table  = alphabet].	[MsgId: MMSG-13876]
../Library/CommonFunctions.h(73): Notify: Getting new value for parameter 'alphabet': table = 'alphabet.dat' column = '0' row = '2'.	[MsgId: MMSG-13877]
../Library/CommonFunctions.h(73): Notify: Parameter Substitution: parameter "alphabet" =  "b"	[MsgId: MMSG-13992]
../Library/CommonFunctions.h(73): Notify: Saving Parameter "randomWord = crmb".	[MsgId: MMSG-13798]
../Library/CommonFunctions.h(73): Notify: Parameter Substitution: parameter "randomWord" =  "crmb"	[MsgId: MMSG-13992]
../Library/CommonFunctions.h(73): Notify: Next row for parameter alphabet = 23 [table  = alphabet].	[MsgId: MMSG-13876]
../Library/CommonFunctions.h(73): Notify: Getting new value for parameter 'alphabet': table = 'alphabet.dat' column = '0' row = '23'.	[MsgId: MMSG-13877]
../Library/CommonFunctions.h(73): Notify: Parameter Substitution: parameter "alphabet" =  "w"	[MsgId: MMSG-13992]
../Library/CommonFunctions.h(73): Notify: Saving Parameter "randomWord = crmbw".	[MsgId: MMSG-13798]
../Library/CommonFunctions.h(73): Notify: Parameter Substitution: parameter "randomWord" =  "crmbw"	[MsgId: MMSG-13992]
../Library/CommonFunctions.h(73): Notify: Next row for parameter alphabet = 16 [table  = alphabet].	[MsgId: MMSG-13876]
../Library/CommonFunctions.h(73): Notify: Getting new value for parameter 'alphabet': table = 'alphabet.dat' column = '0' row = '16'.	[MsgId: MMSG-13877]
../Library/CommonFunctions.h(73): Notify: Parameter Substitution: parameter "alphabet" =  "p"	[MsgId: MMSG-13992]
../Library/CommonFunctions.h(73): Notify: Saving Parameter "randomWord = crmbwp".	[MsgId: MMSG-13798]
../Library/CommonFunctions.h(73): Notify: Parameter Substitution: parameter "randomWord" =  "crmbwp"	[MsgId: MMSG-13992]
../Library/CommonFunctions.h(73): Notify: Next row for parameter alphabet = 22 [table  = alphabet].	[MsgId: MMSG-13876]
../Library/CommonFunctions.h(73): Notify: Getting new value for parameter 'alphabet': table = 'alphabet.dat' column = '0' row = '22'.	[MsgId: MMSG-13877]
../Library/CommonFunctions.h(73): Notify: Parameter Substitution: parameter "alphabet" =  "v"	[MsgId: MMSG-13992]
../Library/CommonFunctions.h(73): Notify: Saving Parameter "randomWord = crmbwpv".	[MsgId: MMSG-13798]
Action.c(38): Notify: Parameter Substitution: parameter "randomWord" =  "crmbwpv"	[MsgId: MMSG-13992]
Action.c(38): Notify: Saving Parameter "address1 = crmbwpv".	[MsgId: MMSG-13798]
../Library/CommonFunctions.h(70): Notify: Next row for parameter alphabet = 13 [table  = alphabet].	[MsgId: MMSG-13876]
../Library/CommonFunctions.h(70): Notify: Getting new value for parameter 'alphabet': table = 'alphabet.dat' column = '0' row = '13'.	[MsgId: MMSG-13877]
../Library/CommonFunctions.h(70): Notify: Parameter Substitution: parameter "alphabet" =  "m"	[MsgId: MMSG-13992]
../Library/CommonFunctions.h(70): Notify: Saving Parameter "randomWord = m".	[MsgId: MMSG-13798]
../Library/CommonFunctions.h(73): Notify: Parameter Substitution: parameter "randomWord" =  "m"	[MsgId: MMSG-13992]
../Library/CommonFunctions.h(73): Notify: Next row for parameter alphabet = 25 [table  = alphabet].	[MsgId: MMSG-13876]
../Library/CommonFunctions.h(73): Notify: Getting new value for parameter 'alphabet': table = 'alphabet.dat' column = '0' row = '25'.	[MsgId: MMSG-13877]
../Library/CommonFunctions.h(73): Notify: Parameter Substitution: parameter "alphabet" =  "y"	[MsgId: MMSG-13992]
../Library/CommonFunctions.h(73): Notify: Saving Parameter "randomWord = my".	[MsgId: MMSG-13798]
../Library/CommonFunctions.h(73): Notify: Parameter Substitution: parameter "randomWord" =  "my"	[MsgId: MMSG-13992]
../Library/CommonFunctions.h(73): Notify: Next row for parameter alphabet = 23 [table  = alphabet].	[MsgId: MMSG-13876]
../Library/CommonFunctions.h(73): Notify: Getting new value for parameter 'alphabet': table = 'alphabet.dat' column = '0' row = '23'.	[MsgId: MMSG-13877]
../Library/CommonFunctions.h(73): Notify: Parameter Substitution: parameter "alphabet" =  "w"	[MsgId: MMSG-13992]
../Library/CommonFunctions.h(73): Notify: Saving Parameter "randomWord = myw".	[MsgId: MMSG-13798]
../Library/CommonFunctions.h(73): Notify: Parameter Substitution: parameter "randomWord" =  "myw"	[MsgId: MMSG-13992]
../Library/CommonFunctions.h(73): Notify: Next row for parameter alphabet = 14 [table  = alphabet].	[MsgId: MMSG-13876]
../Library/CommonFunctions.h(73): Notify: Getting new value for parameter 'alphabet': table = 'alphabet.dat' column = '0' row = '14'.	[MsgId: MMSG-13877]
../Library/CommonFunctions.h(73): Notify: Parameter Substitution: parameter "alphabet" =  "n"	[MsgId: MMSG-13992]
../Library/CommonFunctions.h(73): Notify: Saving Parameter "randomWord = mywn".	[MsgId: MMSG-13798]
../Library/CommonFunctions.h(73): Notify: Parameter Substitution: parameter "randomWord" =  "mywn"	[MsgId: MMSG-13992]
../Library/CommonFunctions.h(73): Notify: Next row for parameter alphabet = 16 [table  = alphabet].	[MsgId: MMSG-13876]
../Library/CommonFunctions.h(73): Notify: Getting new value for parameter 'alphabet': table = 'alphabet.dat' column = '0' row = '16'.	[MsgId: MMSG-13877]
../Library/CommonFunctions.h(73): Notify: Parameter Substitution: parameter "alphabet" =  "p"	[MsgId: MMSG-13992]
../Library/CommonFunctions.h(73): Notify: Saving Parameter "randomWord = mywnp".	[MsgId: MMSG-13798]
../Library/CommonFunctions.h(73): Notify: Parameter Substitution: parameter "randomWord" =  "mywnp"	[MsgId: MMSG-13992]
../Library/CommonFunctions.h(73): Notify: Next row for parameter alphabet = 26 [table  = alphabet].	[MsgId: MMSG-13876]
../Library/CommonFunctions.h(73): Notify: Getting new value for parameter 'alphabet': table = 'alphabet.dat' column = '0' row = '26'.	[MsgId: MMSG-13877]
../Library/CommonFunctions.h(73): Notify: Parameter Substitution: parameter "alphabet" =  "z"	[MsgId: MMSG-13992]
../Library/CommonFunctions.h(73): Notify: Saving Parameter "randomWord = mywnpz".	[MsgId: MMSG-13798]
../Library/CommonFunctions.h(73): Notify: Parameter Substitution: parameter "randomWord" =  "mywnpz"	[MsgId: MMSG-13992]
../Library/CommonFunctions.h(73): Notify: Next row for parameter alphabet = 26 [table  = alphabet].	[MsgId: MMSG-13876]
../Library/CommonFunctions.h(73): Notify: Getting new value for parameter 'alphabet': table = 'alphabet.dat' column = '0' row = '26'.	[MsgId: MMSG-13877]
../Library/CommonFunctions.h(73): Notify: Parameter Substitution: parameter "alphabet" =  "z"	[MsgId: MMSG-13992]
../Library/CommonFunctions.h(73): Notify: Saving Parameter "randomWord = mywnpzz".	[MsgId: MMSG-13798]
Action.c(41): Notify: Parameter Substitution: parameter "randomWord" =  "mywnpzz"	[MsgId: MMSG-13992]
Action.c(41): Notify: Saving Parameter "address2 = mywnpzz".	[MsgId: MMSG-13798]
Action.c(43): web_reg_find started  	[MsgId: MMSG-26355]
Action.c(43): Notify: Parameter Substitution: parameter "userName" =  "hrtqee"	[MsgId: MMSG-13992]
Action.c(43): Registering web_reg_find was successful  	[MsgId: MMSG-26390]
Action.c(47): web_submit_form("login.pl") started  	[MsgId: MMSG-26355]
Action.c(47): Notify: Parameter Substitution: parameter "userName" =  "hrtqee"	[MsgId: MMSG-13992]
Action.c(47): Notify: Parameter Substitution: parameter "password" =  "xqoth"	[MsgId: MMSG-13992]
Action.c(47): Notify: Parameter Substitution: parameter "password" =  "xqoth"	[MsgId: MMSG-13992]
Action.c(47): Notify: Parameter Substitution: parameter "firstName" =  "bwkssz"	[MsgId: MMSG-13992]
Action.c(47): Notify: Parameter Substitution: parameter "lastName" =  "odzave"	[MsgId: MMSG-13992]
Action.c(47): Notify: Parameter Substitution: parameter "address1" =  "crmbwpv"	[MsgId: MMSG-13992]
Action.c(47): Notify: Parameter Substitution: parameter "address2" =  "mywnpzz"	[MsgId: MMSG-13992]
Action.c(47): Submitting form to "http://localhost:1080/cgi-bin/login.pl", Target Frame="info"  	[MsgId: MMSG-27978]
Action.c(47): Resource "http://localhost:1080/WebTours/images/button_next.gif" is in the cache already and will not be downloaded again  	[MsgId: MMSG-26655]
Action.c(47): Registered web_reg_find successful for "Text=Thank you, <b>hrtqee</b>, for registering" (count=1)  	[MsgId: MMSG-26364]
Action.c(47): web_submit_form("login.pl") was successful, 1079 body bytes, 372 header bytes, 12 chunking overhead bytes  	[MsgId: MMSG-26385]
Action.c(61): Notify: Transaction "newUserRegistration" ended with a "Pass" status (Duration: 0,0318 Wasted Time: 0,0000).	[MsgId: MMSG-16871]
Action.c(63): lr_think_time: 5,00 seconds.	[MsgId: MMSG-15948]
Action.c(65): Notify: Transaction "continueButtonClick" started.	[MsgId: MMSG-16999]
Action.c(67): web_reg_find started  	[MsgId: MMSG-26355]
Action.c(67): Notify: Parameter Substitution: parameter "userName" =  "hrtqee"	[MsgId: MMSG-13992]
Action.c(67): Registering web_reg_find was successful  	[MsgId: MMSG-26390]
Action.c(71): web_image("button_next.gif") started  	[MsgId: MMSG-26355]
Action.c(71): Image-linking to "http://localhost:1080/cgi-bin/welcome.pl?page=menus", Target Frame="body"  	[MsgId: MMSG-27993]
Action.c(71): Detected non-resource "http://localhost:1080/cgi-bin/nav.pl?page=menu&in=home" in "http://localhost:1080/cgi-bin/welcome.pl?page=menus"  	[MsgId: MMSG-26574]
Action.c(71): Detected non-resource "http://localhost:1080/cgi-bin/login.pl?intro=true" in "http://localhost:1080/cgi-bin/welcome.pl?page=menus"  	[MsgId: MMSG-26574]
Action.c(71): Found resource "http://localhost:1080/WebTours/images/flights.gif" in HTML "http://localhost:1080/cgi-bin/nav.pl?page=menu&in=home"  	[MsgId: MMSG-26659]
Action.c(71): Found resource "http://localhost:1080/WebTours/images/itinerary.gif" in HTML "http://localhost:1080/cgi-bin/nav.pl?page=menu&in=home"  	[MsgId: MMSG-26659]
Action.c(71): Found resource "http://localhost:1080/WebTours/images/in_home.gif" in HTML "http://localhost:1080/cgi-bin/nav.pl?page=menu&in=home"  	[MsgId: MMSG-26659]
Action.c(71): Found resource "http://localhost:1080/WebTours/images/signoff.gif" in HTML "http://localhost:1080/cgi-bin/nav.pl?page=menu&in=home"  	[MsgId: MMSG-26659]
Action.c(71): Registered web_reg_find successful for "Text=Welcome, <b>hrtqee</b>, to the Web Tours reservation pages" (count=1)  	[MsgId: MMSG-26364]
Action.c(71): web_image("button_next.gif") was successful, 5896 body bytes, 1895 header bytes, 36 chunking overhead bytes  	[MsgId: MMSG-26385]
Action.c(76): Notify: Transaction "continueButtonClick" ended with a "Pass" status (Duration: 0,0724 Wasted Time: 0,0000).	[MsgId: MMSG-16871]
Action.c(78): lr_think_time: 5,00 seconds.	[MsgId: MMSG-15948]
Action.c(86): Notify: Transaction "UC_06_RegistraitionRandomUser" ended with a "Pass" status (Duration: 20,2018 Think Time: 20,0031 Wasted Time: 0,0001).	[MsgId: MMSG-16870]
Ending action Action.	[MsgId: MMSG-15918]
Action was aborted.	[MsgId: MMSG-10694]
Ending Vuser...	[MsgId: MMSG-15966]
Starting action vuser_end.	[MsgId: MMSG-15919]
Ending action vuser_end.	[MsgId: MMSG-15918]
Vuser Terminated.	[MsgId: MMSG-15963]
Vuser 0 (thread 2204), ended OK."	[MsgId: MMSG-10695]
