Virtual User Script started at: 09.09.2022 13:53:59	[MsgId: MMSG-15967]
Starting action vuser_init.	[MsgId: MMSG-15919]
Web Turbo Replay of LoadRunner 2021.0.0 for Windows 10; build 430 (џэт 05 2021 19:27:22)  	[MsgId: MMSG-26983]
Run mode: HTML  	[MsgId: MMSG-26993]
Replay user agent: Mozilla/5.0 (Windows NT 10.0; WOW64; Trident/7.0; rv:11.0) like Gecko  	[MsgId: MMSG-26988]
Runtime Settings file: "C:\Users\baldr\AppData\Local\Temp\lr5tmpdir2Z2.268\lrcfgP54.269\cfgDaW.297"  	[MsgId: MMSG-27141]
Ending action vuser_init.	[MsgId: MMSG-15918]
Running Vuser...	[MsgId: MMSG-15964]
Starting iteration 1.	[MsgId: MMSG-15968]
Maximum number of concurrent connections per server: 6  	[MsgId: MMSG-26989]
Starting action Action.	[MsgId: MMSG-15919]
Action.c(4): Notify: Transaction "UC_02_TicketSearchWithoutBuying" started.	[MsgId: MMSG-16999]
Action.c(6): Notify: Transaction "openHomePage" started.	[MsgId: MMSG-16999]
../Library/CommonFunctions.h(6): web_reg_save_param started  	[MsgId: MMSG-26355]
../Library/CommonFunctions.h(6): Registering web_reg_save_param was successful  	[MsgId: MMSG-26390]
../Library/CommonFunctions.h(11): web_url("WebTours") started  	[MsgId: MMSG-26355]
../Library/CommonFunctions.h(11): Detected non-resource "http://localhost:1080/WebTours/header.html" in "http://localhost:1080/WebTours/"  	[MsgId: MMSG-26574]
../Library/CommonFunctions.h(11): Detected non-resource "http://localhost:1080/cgi-bin/welcome.pl?signOff=true" in "http://localhost:1080/WebTours/"  	[MsgId: MMSG-26574]
../Library/CommonFunctions.h(11): Found resource "http://localhost:1080/WebTours/images/hp_logo.png" in HTML "http://localhost:1080/WebTours/header.html"  	[MsgId: MMSG-26659]
../Library/CommonFunctions.h(11): Found resource "http://localhost:1080/WebTours/images/webtours.png" in HTML "http://localhost:1080/WebTours/header.html"  	[MsgId: MMSG-26659]
../Library/CommonFunctions.h(11): Detected non-resource "http://localhost:1080/cgi-bin/nav.pl?in=home" in "http://localhost:1080/cgi-bin/welcome.pl?signOff=true"  	[MsgId: MMSG-26574]
../Library/CommonFunctions.h(11): Detected non-resource "http://localhost:1080/WebTours/home.html" in "http://localhost:1080/cgi-bin/welcome.pl?signOff=true"  	[MsgId: MMSG-26574]
../Library/CommonFunctions.h(11): Notify: Saving Parameter "userSession = 134687.795787768zQciAADptQfiDDDDtVfzipAcAQHf".	[MsgId: MMSG-13798]
../Library/CommonFunctions.h(11): Found resource "http://localhost:1080/WebTours/images/mer_login.gif" in HTML "http://localhost:1080/cgi-bin/nav.pl?in=home"  	[MsgId: MMSG-26659]
../Library/CommonFunctions.h(11): web_url("WebTours") was successful, 10080 body bytes, 2377 header bytes, 24 chunking overhead bytes  	[MsgId: MMSG-26385]
../Library/CommonFunctions.h(21): web_set_sockets_option started  	[MsgId: MMSG-26355]
../Library/CommonFunctions.h(21): web_set_sockets_option was successful  	[MsgId: MMSG-26392]
Action.c(10): Notify: Transaction "openHomePage" ended with a "Pass" status (Duration: 0,0532 Wasted Time: 0,0001).	[MsgId: MMSG-16871]
Action.c(12): lr_think_time: 5,00 seconds.	[MsgId: MMSG-15948]
Action.c(14): Notify: Transaction "login" started.	[MsgId: MMSG-16999]
../Library/CommonFunctions.h(26): web_reg_find started  	[MsgId: MMSG-26355]
../Library/CommonFunctions.h(26): Notify: Parameter Substitution: parameter "userName" =  "user00"	[MsgId: MMSG-13992]
../Library/CommonFunctions.h(26): Registering web_reg_find was successful  	[MsgId: MMSG-26390]
../Library/CommonFunctions.h(31): web_submit_data("login.pl") started  	[MsgId: MMSG-26355]
../Library/CommonFunctions.h(31): Notify: Parameter Substitution: parameter "userSession" =  "134687.795787768zQciAADptQfiDDDDtVfzipAcAQHf"	[MsgId: MMSG-13992]
../Library/CommonFunctions.h(31): Notify: Parameter Substitution: parameter "userName" =  "user00"	[MsgId: MMSG-13992]
../Library/CommonFunctions.h(31): Notify: Next row for parameter password = 1 [table  = password].	[MsgId: MMSG-13876]
../Library/CommonFunctions.h(31): Notify: Parameter Substitution: parameter "password" =  "12345"	[MsgId: MMSG-13992]
../Library/CommonFunctions.h(31): Detected non-resource "http://localhost:1080/cgi-bin/nav.pl?page=menu&in=home" in "http://localhost:1080/cgi-bin/login.pl"  	[MsgId: MMSG-26574]
../Library/CommonFunctions.h(31): Detected non-resource "http://localhost:1080/cgi-bin/login.pl?intro=true" in "http://localhost:1080/cgi-bin/login.pl"  	[MsgId: MMSG-26574]
../Library/CommonFunctions.h(31): Found resource "http://localhost:1080/WebTours/images/flights.gif" in HTML "http://localhost:1080/cgi-bin/nav.pl?page=menu&in=home"  	[MsgId: MMSG-26659]
../Library/CommonFunctions.h(31): Found resource "http://localhost:1080/WebTours/images/itinerary.gif" in HTML "http://localhost:1080/cgi-bin/nav.pl?page=menu&in=home"  	[MsgId: MMSG-26659]
../Library/CommonFunctions.h(31): Found resource "http://localhost:1080/WebTours/images/in_home.gif" in HTML "http://localhost:1080/cgi-bin/nav.pl?page=menu&in=home"  	[MsgId: MMSG-26659]
../Library/CommonFunctions.h(31): Found resource "http://localhost:1080/WebTours/images/signoff.gif" in HTML "http://localhost:1080/cgi-bin/nav.pl?page=menu&in=home"  	[MsgId: MMSG-26659]
../Library/CommonFunctions.h(31): Registered web_reg_find successful for "Text=Welcome, <b>user00</b>" (count=1)  	[MsgId: MMSG-26364]
../Library/CommonFunctions.h(31): web_submit_data("login.pl") was successful, 5781 body bytes, 2056 header bytes, 36 chunking overhead bytes  	[MsgId: MMSG-26385]
Action.c(18): Notify: Transaction "login" ended with a "Pass" status (Duration: 0,0742 Wasted Time: 0,0000).	[MsgId: MMSG-16871]
Action.c(20): lr_think_time: 5,00 seconds.	[MsgId: MMSG-15948]
Action.c(22): Notify: Transaction "flightsBottonClick" started.	[MsgId: MMSG-16999]
Action.c(24): web_url("Search Flights Button") started  	[MsgId: MMSG-26355]
Action.c(24): Detected non-resource "http://localhost:1080/cgi-bin/nav.pl?page=menu&in=flights" in "http://localhost:1080/cgi-bin/welcome.pl?page=search"  	[MsgId: MMSG-26574]
Action.c(24): Detected non-resource "http://localhost:1080/cgi-bin/reservations.pl?page=welcome" in "http://localhost:1080/cgi-bin/welcome.pl?page=search"  	[MsgId: MMSG-26574]
Action.c(24): Found resource "http://localhost:1080/WebTours/images/in_flights.gif" in HTML "http://localhost:1080/cgi-bin/nav.pl?page=menu&in=flights"  	[MsgId: MMSG-26659]
Action.c(24): Resource "http://localhost:1080/WebTours/images/itinerary.gif" is in the cache already and will not be downloaded again  	[MsgId: MMSG-26655]
Action.c(24): Found resource "http://localhost:1080/WebTours/images/home.gif" in HTML "http://localhost:1080/cgi-bin/nav.pl?page=menu&in=flights"  	[MsgId: MMSG-26659]
Action.c(24): Resource "http://localhost:1080/WebTours/images/signoff.gif" is in the cache already and will not be downloaded again  	[MsgId: MMSG-26655]
Action.c(24): Found resource "http://localhost:1080/WebTours/images/button_next.gif" in HTML "http://localhost:1080/cgi-bin/reservations.pl?page=welcome"  	[MsgId: MMSG-26659]
Action.c(24): web_url("Search Flights Button") was successful, 8516 body bytes, 1621 header bytes, 43 chunking overhead bytes  	[MsgId: MMSG-26385]
Action.c(34): Notify: Transaction "flightsBottonClick" ended with a "Pass" status (Duration: 0,0966).	[MsgId: MMSG-16873]
Action.c(36): lr_think_time: 5,00 seconds.	[MsgId: MMSG-15948]
Action.c(38): Notify: Transaction "startFindingFlights" started.	[MsgId: MMSG-16999]
Action.c(40): Notify: Getting new value for parameter 'flightDestination': table = '..\Param\flightDestination.dat' column = '0' row = '1'.	[MsgId: MMSG-13877]
Action.c(40): Notify: Parameter Substitution: parameter "flightDestination" =  "Denver"	[MsgId: MMSG-13992]
Action.c(40): Notify: Saving Parameter "depart = Denver".	[MsgId: MMSG-13798]
Action.c(42): Notify: Next row for parameter flightDestination = 2 [table  = flightDestination].	[MsgId: MMSG-13876]
Action.c(42): Notify: Getting new value for parameter 'flightDestination': table = '..\Param\flightDestination.dat' column = '0' row = '2'.	[MsgId: MMSG-13877]
Action.c(42): Notify: Parameter Substitution: parameter "flightDestination" =  "Frankfurt"	[MsgId: MMSG-13992]
Action.c(42): Notify: Saving Parameter "arrive = Frankfurt".	[MsgId: MMSG-13798]
Action.c(44): web_reg_find started  	[MsgId: MMSG-26355]
Action.c(44): Notify: Parameter Substitution: parameter "depart" =  "Denver"	[MsgId: MMSG-13992]
Action.c(44): Notify: Parameter Substitution: parameter "arrive" =  "Frankfurt"	[MsgId: MMSG-13992]
Action.c(44): Notify: Parameter Substitution: parameter "departDate" =  "09/09/2022"	[MsgId: MMSG-13992]
Action.c(44): Registering web_reg_find was successful  	[MsgId: MMSG-26390]
Action.c(50): web_submit_data("reservations.pl") started  	[MsgId: MMSG-26355]
Action.c(50): Notify: Parameter Substitution: parameter "depart" =  "Denver"	[MsgId: MMSG-13992]
Action.c(50): Notify: Parameter Substitution: parameter "departDate" =  "09/09/2022"	[MsgId: MMSG-13992]
Action.c(50): Notify: Parameter Substitution: parameter "arrive" =  "Frankfurt"	[MsgId: MMSG-13992]
Action.c(50): Notify: Parameter Substitution: parameter "returnDate" =  "09/12/2022"	[MsgId: MMSG-13992]
Action.c(50): Notify: Parameter Substitution: parameter "seatPref" =  "Window"	[MsgId: MMSG-13992]
Action.c(50): Notify: Parameter Substitution: parameter "seatType" =  "Business"	[MsgId: MMSG-13992]
Action.c(50): Resource "http://localhost:1080/WebTours/images/button_next.gif" is in the cache already and will not be downloaded again  	[MsgId: MMSG-26655]
Action.c(50): Registered web_reg_find successful for "Text=Flight departing from <B>Denver</B> to <B>Frankfurt</B> on <B>09/09/2022</B>" (count=1)  	[MsgId: MMSG-26364]
Action.c(50): web_submit_data("reservations.pl") was successful, 2447 body bytes, 256 header bytes, 12 chunking overhead bytes  	[MsgId: MMSG-26385]
Action.c(74): Notify: Transaction "startFindingFlights" ended with a "Pass" status (Duration: 0,0402 Wasted Time: 0,0000).	[MsgId: MMSG-16871]
Action.c(76): lr_think_time: 5,00 seconds.	[MsgId: MMSG-15948]
Action.c(84): Notify: Transaction "UC_02_TicketSearchWithoutBuying" ended with a "Pass" status (Duration: 20,2677 Think Time: 20,0029 Wasted Time: 0,0001).	[MsgId: MMSG-16870]
Ending action Action.	[MsgId: MMSG-15918]
Ending iteration 1.	[MsgId: MMSG-15965]
Waiting 169,7200 seconds for iteration pacing.	[MsgId: MMSG-15996]
Starting iteration 2.	[MsgId: MMSG-15968]
Notify: Next row for parameter userName = 2 [table  = userName].	[MsgId: MMSG-13876]
Notify: Getting new value for parameter 'userName': table = '..\Param\TestUserInfo.dat' column = '0' row = '2'.	[MsgId: MMSG-13877]
Notify: Next row for parameter seatPref = 2 [table  = seatPref].	[MsgId: MMSG-13876]
Notify: Getting new value for parameter 'seatPref': table = '..\Param\seatingPreference.dat' column = '0' row = '2'.	[MsgId: MMSG-13877]
Notify: Next row for parameter seatType = 1 [table  = seatType].	[MsgId: MMSG-13876]
Notify: Getting new value for parameter 'seatType': table = '..\Param\typeOfSeat.dat' column = '0' row = '1'.	[MsgId: MMSG-13877]
Notify: Next row for parameter password = 2 [table  = password].	[MsgId: MMSG-13876]
Notify: Getting new value for parameter 'password': table = '..\Param\TestUserInfo.dat' column = '1' row = '2'.	[MsgId: MMSG-13877]
Starting action Action.	[MsgId: MMSG-15919]
Action.c(4): Notify: Transaction "UC_02_TicketSearchWithoutBuying" started.	[MsgId: MMSG-16999]
Action.c(6): Notify: Transaction "openHomePage" started.	[MsgId: MMSG-16999]
../Library/CommonFunctions.h(6): web_reg_save_param started  	[MsgId: MMSG-26355]
../Library/CommonFunctions.h(6): Registering web_reg_save_param was successful  	[MsgId: MMSG-26390]
../Library/CommonFunctions.h(11): web_url("WebTours") started  	[MsgId: MMSG-26355]
../Library/CommonFunctions.h(11): Detected non-resource "http://localhost:1080/WebTours/header.html" in "http://localhost:1080/WebTours/"  	[MsgId: MMSG-26574]
../Library/CommonFunctions.h(11): Detected non-resource "http://localhost:1080/cgi-bin/welcome.pl?signOff=true" in "http://localhost:1080/WebTours/"  	[MsgId: MMSG-26574]
../Library/CommonFunctions.h(11): Found resource "http://localhost:1080/WebTours/images/hp_logo.png" in HTML "http://localhost:1080/WebTours/header.html"  	[MsgId: MMSG-26659]
../Library/CommonFunctions.h(11): Found resource "http://localhost:1080/WebTours/images/webtours.png" in HTML "http://localhost:1080/WebTours/header.html"  	[MsgId: MMSG-26659]
../Library/CommonFunctions.h(11): Detected non-resource "http://localhost:1080/cgi-bin/nav.pl?in=home" in "http://localhost:1080/cgi-bin/welcome.pl?signOff=true"  	[MsgId: MMSG-26574]
../Library/CommonFunctions.h(11): Detected non-resource "http://localhost:1080/WebTours/home.html" in "http://localhost:1080/cgi-bin/welcome.pl?signOff=true"  	[MsgId: MMSG-26574]
../Library/CommonFunctions.h(11): Notify: Saving Parameter "userSession = 134687.811178615zQciAAtpciHftVfzipAcfHcf".	[MsgId: MMSG-13798]
../Library/CommonFunctions.h(11): Found resource "http://localhost:1080/WebTours/images/mer_login.gif" in HTML "http://localhost:1080/cgi-bin/nav.pl?in=home"  	[MsgId: MMSG-26659]
../Library/CommonFunctions.h(11): web_url("WebTours") was successful, 10076 body bytes, 2377 header bytes, 24 chunking overhead bytes  	[MsgId: MMSG-26385]
../Library/CommonFunctions.h(21): web_set_sockets_option started  	[MsgId: MMSG-26355]
../Library/CommonFunctions.h(21): web_set_sockets_option was successful  	[MsgId: MMSG-26392]
Action.c(10): Notify: Transaction "openHomePage" ended with a "Pass" status (Duration: 0,0597 Wasted Time: 0,0001).	[MsgId: MMSG-16871]
Action.c(12): lr_think_time: 5,00 seconds.	[MsgId: MMSG-15948]
Action.c(14): Notify: Transaction "login" started.	[MsgId: MMSG-16999]
../Library/CommonFunctions.h(26): web_reg_find started  	[MsgId: MMSG-26355]
../Library/CommonFunctions.h(26): Notify: Parameter Substitution: parameter "userName" =  "user01"	[MsgId: MMSG-13992]
../Library/CommonFunctions.h(26): Registering web_reg_find was successful  	[MsgId: MMSG-26390]
../Library/CommonFunctions.h(31): web_submit_data("login.pl") started  	[MsgId: MMSG-26355]
../Library/CommonFunctions.h(31): Notify: Parameter Substitution: parameter "userSession" =  "134687.811178615zQciAAtpciHftVfzipAcfHcf"	[MsgId: MMSG-13992]
../Library/CommonFunctions.h(31): Notify: Parameter Substitution: parameter "userName" =  "user01"	[MsgId: MMSG-13992]
../Library/CommonFunctions.h(31): Notify: Next row for parameter password = 2 [table  = password].	[MsgId: MMSG-13876]
../Library/CommonFunctions.h(31): Notify: Parameter Substitution: parameter "password" =  "12345"	[MsgId: MMSG-13992]
../Library/CommonFunctions.h(31): Detected non-resource "http://localhost:1080/cgi-bin/nav.pl?page=menu&in=home" in "http://localhost:1080/cgi-bin/login.pl"  	[MsgId: MMSG-26574]
../Library/CommonFunctions.h(31): Detected non-resource "http://localhost:1080/cgi-bin/login.pl?intro=true" in "http://localhost:1080/cgi-bin/login.pl"  	[MsgId: MMSG-26574]
../Library/CommonFunctions.h(31): Found resource "http://localhost:1080/WebTours/images/flights.gif" in HTML "http://localhost:1080/cgi-bin/nav.pl?page=menu&in=home"  	[MsgId: MMSG-26659]
../Library/CommonFunctions.h(31): Found resource "http://localhost:1080/WebTours/images/itinerary.gif" in HTML "http://localhost:1080/cgi-bin/nav.pl?page=menu&in=home"  	[MsgId: MMSG-26659]
../Library/CommonFunctions.h(31): Found resource "http://localhost:1080/WebTours/images/in_home.gif" in HTML "http://localhost:1080/cgi-bin/nav.pl?page=menu&in=home"  	[MsgId: MMSG-26659]
../Library/CommonFunctions.h(31): Found resource "http://localhost:1080/WebTours/images/signoff.gif" in HTML "http://localhost:1080/cgi-bin/nav.pl?page=menu&in=home"  	[MsgId: MMSG-26659]
../Library/CommonFunctions.h(31): Registered web_reg_find successful for "Text=Welcome, <b>user01</b>" (count=1)  	[MsgId: MMSG-26364]
../Library/CommonFunctions.h(31): web_submit_data("login.pl") was successful, 5781 body bytes, 2056 header bytes, 36 chunking overhead bytes  	[MsgId: MMSG-26385]
Action.c(18): Notify: Transaction "login" ended with a "Pass" status (Duration: 0,0732 Wasted Time: 0,0000).	[MsgId: MMSG-16871]
Action.c(20): lr_think_time: 5,00 seconds.	[MsgId: MMSG-15948]
Action.c(22): Notify: Transaction "flightsBottonClick" started.	[MsgId: MMSG-16999]
Action.c(24): web_url("Search Flights Button") started  	[MsgId: MMSG-26355]
Action.c(24): Detected non-resource "http://localhost:1080/cgi-bin/nav.pl?page=menu&in=flights" in "http://localhost:1080/cgi-bin/welcome.pl?page=search"  	[MsgId: MMSG-26574]
Action.c(24): Detected non-resource "http://localhost:1080/cgi-bin/reservations.pl?page=welcome" in "http://localhost:1080/cgi-bin/welcome.pl?page=search"  	[MsgId: MMSG-26574]
Action.c(24): Found resource "http://localhost:1080/WebTours/images/in_flights.gif" in HTML "http://localhost:1080/cgi-bin/nav.pl?page=menu&in=flights"  	[MsgId: MMSG-26659]
Action.c(24): Resource "http://localhost:1080/WebTours/images/itinerary.gif" is in the cache already and will not be downloaded again  	[MsgId: MMSG-26655]
Action.c(24): Found resource "http://localhost:1080/WebTours/images/home.gif" in HTML "http://localhost:1080/cgi-bin/nav.pl?page=menu&in=flights"  	[MsgId: MMSG-26659]
Action.c(24): Resource "http://localhost:1080/WebTours/images/signoff.gif" is in the cache already and will not be downloaded again  	[MsgId: MMSG-26655]
Action.c(24): Found resource "http://localhost:1080/WebTours/images/button_next.gif" in HTML "http://localhost:1080/cgi-bin/reservations.pl?page=welcome"  	[MsgId: MMSG-26659]
Action.c(24): web_url("Search Flights Button") was successful, 8516 body bytes, 1621 header bytes, 43 chunking overhead bytes  	[MsgId: MMSG-26385]
Action.c(34): Notify: Transaction "flightsBottonClick" ended with a "Pass" status (Duration: 0,0972).	[MsgId: MMSG-16873]
Action.c(36): lr_think_time: 5,00 seconds.	[MsgId: MMSG-15948]
Action.c(38): Notify: Transaction "startFindingFlights" started.	[MsgId: MMSG-16999]
Action.c(40): Notify: Next row for parameter flightDestination = 3 [table  = flightDestination].	[MsgId: MMSG-13876]
Action.c(40): Notify: Getting new value for parameter 'flightDestination': table = '..\Param\flightDestination.dat' column = '0' row = '3'.	[MsgId: MMSG-13877]
Action.c(40): Notify: Parameter Substitution: parameter "flightDestination" =  "London"	[MsgId: MMSG-13992]
Action.c(40): Notify: Saving Parameter "depart = London".	[MsgId: MMSG-13798]
Action.c(42): Notify: Next row for parameter flightDestination = 4 [table  = flightDestination].	[MsgId: MMSG-13876]
Action.c(42): Notify: Getting new value for parameter 'flightDestination': table = '..\Param\flightDestination.dat' column = '0' row = '4'.	[MsgId: MMSG-13877]
Action.c(42): Notify: Parameter Substitution: parameter "flightDestination" =  "Los Angeles"	[MsgId: MMSG-13992]
Action.c(42): Notify: Saving Parameter "arrive = Los Angeles".	[MsgId: MMSG-13798]
Action.c(44): web_reg_find started  	[MsgId: MMSG-26355]
Action.c(44): Notify: Parameter Substitution: parameter "depart" =  "London"	[MsgId: MMSG-13992]
Action.c(44): Notify: Parameter Substitution: parameter "arrive" =  "Los Angeles"	[MsgId: MMSG-13992]
Action.c(44): Notify: Parameter Substitution: parameter "departDate" =  "09/09/2022"	[MsgId: MMSG-13992]
Action.c(44): Registering web_reg_find was successful  	[MsgId: MMSG-26390]
Action.c(50): web_submit_data("reservations.pl") started  	[MsgId: MMSG-26355]
Action.c(50): Notify: Parameter Substitution: parameter "depart" =  "London"	[MsgId: MMSG-13992]
Action.c(50): Notify: Parameter Substitution: parameter "departDate" =  "09/09/2022"	[MsgId: MMSG-13992]
Action.c(50): Notify: Parameter Substitution: parameter "arrive" =  "Los Angeles"	[MsgId: MMSG-13992]
Action.c(50): Notify: Parameter Substitution: parameter "returnDate" =  "09/12/2022"	[MsgId: MMSG-13992]
Action.c(50): Notify: Parameter Substitution: parameter "seatPref" =  "Window"	[MsgId: MMSG-13992]
Action.c(50): Notify: Parameter Substitution: parameter "seatType" =  "First"	[MsgId: MMSG-13992]
Action.c(50): Resource "http://localhost:1080/WebTours/images/button_next.gif" is in the cache already and will not be downloaded again  	[MsgId: MMSG-26655]
Action.c(50): Registered web_reg_find successful for "Text=Flight departing from <B>London</B> to <B>Los Angeles</B> on <B>09/09/2022</B>" (count=1)  	[MsgId: MMSG-26364]
Action.c(50): web_submit_data("reservations.pl") was successful, 2456 body bytes, 256 header bytes, 12 chunking overhead bytes  	[MsgId: MMSG-26385]
Action.c(74): Notify: Transaction "startFindingFlights" ended with a "Pass" status (Duration: 0,0329 Wasted Time: 0,0000).	[MsgId: MMSG-16871]
Action.c(76): lr_think_time: 5,00 seconds.	[MsgId: MMSG-15948]
Action.c(84): Notify: Transaction "UC_02_TicketSearchWithoutBuying" ended with a "Pass" status (Duration: 20,2656 Think Time: 20,0021 Wasted Time: 0,0001).	[MsgId: MMSG-16870]
Ending action Action.	[MsgId: MMSG-15918]
Ending iteration 2.	[MsgId: MMSG-15965]
Waiting 169,7340 seconds for iteration pacing.	[MsgId: MMSG-15996]
Starting iteration 3.	[MsgId: MMSG-15968]
Notify: Next row for parameter userName = 3 [table  = userName].	[MsgId: MMSG-13876]
Notify: Getting new value for parameter 'userName': table = '..\Param\TestUserInfo.dat' column = '0' row = '3'.	[MsgId: MMSG-13877]
Notify: Next row for parameter seatPref = 3 [table  = seatPref].	[MsgId: MMSG-13876]
Notify: Getting new value for parameter 'seatPref': table = '..\Param\seatingPreference.dat' column = '0' row = '3'.	[MsgId: MMSG-13877]
Notify: Next row for parameter seatType = 3 [table  = seatType].	[MsgId: MMSG-13876]
Notify: Getting new value for parameter 'seatType': table = '..\Param\typeOfSeat.dat' column = '0' row = '3'.	[MsgId: MMSG-13877]
Notify: Next row for parameter password = 3 [table  = password].	[MsgId: MMSG-13876]
Notify: Getting new value for parameter 'password': table = '..\Param\TestUserInfo.dat' column = '1' row = '3'.	[MsgId: MMSG-13877]
Starting action Action.	[MsgId: MMSG-15919]
Action.c(4): Notify: Transaction "UC_02_TicketSearchWithoutBuying" started.	[MsgId: MMSG-16999]
Action.c(6): Notify: Transaction "openHomePage" started.	[MsgId: MMSG-16999]
../Library/CommonFunctions.h(6): web_reg_save_param started  	[MsgId: MMSG-26355]
../Library/CommonFunctions.h(6): Registering web_reg_save_param was successful  	[MsgId: MMSG-26390]
../Library/CommonFunctions.h(11): web_url("WebTours") started  	[MsgId: MMSG-26355]
../Library/CommonFunctions.h(11): Detected non-resource "http://localhost:1080/WebTours/header.html" in "http://localhost:1080/WebTours/"  	[MsgId: MMSG-26574]
../Library/CommonFunctions.h(11): Detected non-resource "http://localhost:1080/cgi-bin/welcome.pl?signOff=true" in "http://localhost:1080/WebTours/"  	[MsgId: MMSG-26574]
../Library/CommonFunctions.h(11): Found resource "http://localhost:1080/WebTours/images/hp_logo.png" in HTML "http://localhost:1080/WebTours/header.html"  	[MsgId: MMSG-26659]
../Library/CommonFunctions.h(11): Found resource "http://localhost:1080/WebTours/images/webtours.png" in HTML "http://localhost:1080/WebTours/header.html"  	[MsgId: MMSG-26659]
../Library/CommonFunctions.h(11): Detected non-resource "http://localhost:1080/cgi-bin/nav.pl?in=home" in "http://localhost:1080/cgi-bin/welcome.pl?signOff=true"  	[MsgId: MMSG-26574]
../Library/CommonFunctions.h(11): Detected non-resource "http://localhost:1080/WebTours/home.html" in "http://localhost:1080/cgi-bin/welcome.pl?signOff=true"  	[MsgId: MMSG-26574]
../Library/CommonFunctions.h(11): Notify: Saving Parameter "userSession = 134687.826569461zQciAAfpAHQVzzzHtVfzipADAtHf".	[MsgId: MMSG-13798]
../Library/CommonFunctions.h(11): Found resource "http://localhost:1080/WebTours/images/mer_login.gif" in HTML "http://localhost:1080/cgi-bin/nav.pl?in=home"  	[MsgId: MMSG-26659]
../Library/CommonFunctions.h(11): web_url("WebTours") was successful, 10080 body bytes, 2377 header bytes, 24 chunking overhead bytes  	[MsgId: MMSG-26385]
../Library/CommonFunctions.h(21): web_set_sockets_option started  	[MsgId: MMSG-26355]
../Library/CommonFunctions.h(21): web_set_sockets_option was successful  	[MsgId: MMSG-26392]
Action.c(10): Notify: Transaction "openHomePage" ended with a "Pass" status (Duration: 0,0575 Wasted Time: 0,0001).	[MsgId: MMSG-16871]
Action.c(12): lr_think_time: 5,00 seconds.	[MsgId: MMSG-15948]
Action.c(14): Notify: Transaction "login" started.	[MsgId: MMSG-16999]
../Library/CommonFunctions.h(26): web_reg_find started  	[MsgId: MMSG-26355]
../Library/CommonFunctions.h(26): Notify: Parameter Substitution: parameter "userName" =  "user02"	[MsgId: MMSG-13992]
../Library/CommonFunctions.h(26): Registering web_reg_find was successful  	[MsgId: MMSG-26390]
../Library/CommonFunctions.h(31): web_submit_data("login.pl") started  	[MsgId: MMSG-26355]
../Library/CommonFunctions.h(31): Notify: Parameter Substitution: parameter "userSession" =  "134687.826569461zQciAAfpAHQVzzzHtVfzipADAtHf"	[MsgId: MMSG-13992]
../Library/CommonFunctions.h(31): Notify: Parameter Substitution: parameter "userName" =  "user02"	[MsgId: MMSG-13992]
../Library/CommonFunctions.h(31): Notify: Next row for parameter password = 3 [table  = password].	[MsgId: MMSG-13876]
../Library/CommonFunctions.h(31): Notify: Parameter Substitution: parameter "password" =  "12345"	[MsgId: MMSG-13992]
../Library/CommonFunctions.h(31): Detected non-resource "http://localhost:1080/cgi-bin/nav.pl?page=menu&in=home" in "http://localhost:1080/cgi-bin/login.pl"  	[MsgId: MMSG-26574]
../Library/CommonFunctions.h(31): Detected non-resource "http://localhost:1080/cgi-bin/login.pl?intro=true" in "http://localhost:1080/cgi-bin/login.pl"  	[MsgId: MMSG-26574]
../Library/CommonFunctions.h(31): Found resource "http://localhost:1080/WebTours/images/flights.gif" in HTML "http://localhost:1080/cgi-bin/nav.pl?page=menu&in=home"  	[MsgId: MMSG-26659]
../Library/CommonFunctions.h(31): Found resource "http://localhost:1080/WebTours/images/itinerary.gif" in HTML "http://localhost:1080/cgi-bin/nav.pl?page=menu&in=home"  	[MsgId: MMSG-26659]
../Library/CommonFunctions.h(31): Found resource "http://localhost:1080/WebTours/images/in_home.gif" in HTML "http://localhost:1080/cgi-bin/nav.pl?page=menu&in=home"  	[MsgId: MMSG-26659]
../Library/CommonFunctions.h(31): Found resource "http://localhost:1080/WebTours/images/signoff.gif" in HTML "http://localhost:1080/cgi-bin/nav.pl?page=menu&in=home"  	[MsgId: MMSG-26659]
../Library/CommonFunctions.h(31): Registered web_reg_find successful for "Text=Welcome, <b>user02</b>" (count=1)  	[MsgId: MMSG-26364]
../Library/CommonFunctions.h(31): web_submit_data("login.pl") was successful, 5781 body bytes, 2056 header bytes, 36 chunking overhead bytes  	[MsgId: MMSG-26385]
Action.c(18): Notify: Transaction "login" ended with a "Pass" status (Duration: 0,0853 Wasted Time: 0,0000).	[MsgId: MMSG-16871]
Action.c(20): lr_think_time: 5,00 seconds.	[MsgId: MMSG-15948]
Action.c(22): Notify: Transaction "flightsBottonClick" started.	[MsgId: MMSG-16999]
Action.c(24): web_url("Search Flights Button") started  	[MsgId: MMSG-26355]
Action.c(24): Detected non-resource "http://localhost:1080/cgi-bin/nav.pl?page=menu&in=flights" in "http://localhost:1080/cgi-bin/welcome.pl?page=search"  	[MsgId: MMSG-26574]
Action.c(24): Detected non-resource "http://localhost:1080/cgi-bin/reservations.pl?page=welcome" in "http://localhost:1080/cgi-bin/welcome.pl?page=search"  	[MsgId: MMSG-26574]
Action.c(24): Found resource "http://localhost:1080/WebTours/images/in_flights.gif" in HTML "http://localhost:1080/cgi-bin/nav.pl?page=menu&in=flights"  	[MsgId: MMSG-26659]
Action.c(24): Resource "http://localhost:1080/WebTours/images/itinerary.gif" is in the cache already and will not be downloaded again  	[MsgId: MMSG-26655]
Action.c(24): Found resource "http://localhost:1080/WebTours/images/home.gif" in HTML "http://localhost:1080/cgi-bin/nav.pl?page=menu&in=flights"  	[MsgId: MMSG-26659]
Action.c(24): Resource "http://localhost:1080/WebTours/images/signoff.gif" is in the cache already and will not be downloaded again  	[MsgId: MMSG-26655]
Action.c(24): Found resource "http://localhost:1080/WebTours/images/button_next.gif" in HTML "http://localhost:1080/cgi-bin/reservations.pl?page=welcome"  	[MsgId: MMSG-26659]
Action.c(24): web_url("Search Flights Button") was successful, 8516 body bytes, 1621 header bytes, 43 chunking overhead bytes  	[MsgId: MMSG-26385]
Action.c(34): Notify: Transaction "flightsBottonClick" ended with a "Pass" status (Duration: 0,1012).	[MsgId: MMSG-16873]
Action.c(36): lr_think_time: 5,00 seconds.	[MsgId: MMSG-15948]
Action.c(38): Notify: Transaction "startFindingFlights" started.	[MsgId: MMSG-16999]
Action.c(40): Notify: Next row for parameter flightDestination = 5 [table  = flightDestination].	[MsgId: MMSG-13876]
Action.c(40): Notify: Getting new value for parameter 'flightDestination': table = '..\Param\flightDestination.dat' column = '0' row = '5'.	[MsgId: MMSG-13877]
Action.c(40): Notify: Parameter Substitution: parameter "flightDestination" =  "Paris"	[MsgId: MMSG-13992]
Action.c(40): Notify: Saving Parameter "depart = Paris".	[MsgId: MMSG-13798]
Action.c(42): Notify: Next row for parameter flightDestination = 6 [table  = flightDestination].	[MsgId: MMSG-13876]
Action.c(42): Notify: Getting new value for parameter 'flightDestination': table = '..\Param\flightDestination.dat' column = '0' row = '6'.	[MsgId: MMSG-13877]
Action.c(42): Notify: Parameter Substitution: parameter "flightDestination" =  "Portland"	[MsgId: MMSG-13992]
Action.c(42): Notify: Saving Parameter "arrive = Portland".	[MsgId: MMSG-13798]
Action.c(44): web_reg_find started  	[MsgId: MMSG-26355]
Action.c(44): Notify: Parameter Substitution: parameter "depart" =  "Paris"	[MsgId: MMSG-13992]
Action.c(44): Notify: Parameter Substitution: parameter "arrive" =  "Portland"	[MsgId: MMSG-13992]
Action.c(44): Notify: Parameter Substitution: parameter "departDate" =  "09/09/2022"	[MsgId: MMSG-13992]
Action.c(44): Registering web_reg_find was successful  	[MsgId: MMSG-26390]
Action.c(50): web_submit_data("reservations.pl") started  	[MsgId: MMSG-26355]
Action.c(50): Notify: Parameter Substitution: parameter "depart" =  "Paris"	[MsgId: MMSG-13992]
Action.c(50): Notify: Parameter Substitution: parameter "departDate" =  "09/09/2022"	[MsgId: MMSG-13992]
Action.c(50): Notify: Parameter Substitution: parameter "arrive" =  "Portland"	[MsgId: MMSG-13992]
Action.c(50): Notify: Parameter Substitution: parameter "returnDate" =  "09/12/2022"	[MsgId: MMSG-13992]
Action.c(50): Notify: Parameter Substitution: parameter "seatPref" =  "None"	[MsgId: MMSG-13992]
Action.c(50): Notify: Parameter Substitution: parameter "seatType" =  "Coach"	[MsgId: MMSG-13992]
Action.c(50): Resource "http://localhost:1080/WebTours/images/button_next.gif" is in the cache already and will not be downloaded again  	[MsgId: MMSG-26655]
Action.c(50): Registered web_reg_find successful for "Text=Flight departing from <B>Paris</B> to <B>Portland</B> on <B>09/09/2022</B>" (count=1)  	[MsgId: MMSG-26364]
Action.c(50): web_submit_data("reservations.pl") was successful, 2438 body bytes, 256 header bytes, 12 chunking overhead bytes  	[MsgId: MMSG-26385]
Action.c(74): Notify: Transaction "startFindingFlights" ended with a "Pass" status (Duration: 0,0340 Wasted Time: 0,0000).	[MsgId: MMSG-16871]
Action.c(76): lr_think_time: 5,00 seconds.	[MsgId: MMSG-15948]
Action.c(84): Notify: Transaction "UC_02_TicketSearchWithoutBuying" ended with a "Pass" status (Duration: 20,2832 Think Time: 20,0047 Wasted Time: 0,0001).	[MsgId: MMSG-16870]
Ending action Action.	[MsgId: MMSG-15918]
Ending iteration 3.	[MsgId: MMSG-15965]
Waiting 169,7160 seconds for iteration pacing.	[MsgId: MMSG-15996]
Starting iteration 4.	[MsgId: MMSG-15968]
Notify: Next row for parameter userName = 4 [table  = userName].	[MsgId: MMSG-13876]
Notify: Getting new value for parameter 'userName': table = '..\Param\TestUserInfo.dat' column = '0' row = '4'.	[MsgId: MMSG-13877]
Notify: Next row for parameter seatPref = 1 [table  = seatPref].	[MsgId: MMSG-13876]
Notify: Getting new value for parameter 'seatPref': table = '..\Param\seatingPreference.dat' column = '0' row = '1'.	[MsgId: MMSG-13877]
Notify: Next row for parameter seatType = 3 [table  = seatType].	[MsgId: MMSG-13876]
Notify: Getting new value for parameter 'seatType': table = '..\Param\typeOfSeat.dat' column = '0' row = '3'.	[MsgId: MMSG-13877]
Notify: Next row for parameter password = 4 [table  = password].	[MsgId: MMSG-13876]
Notify: Getting new value for parameter 'password': table = '..\Param\TestUserInfo.dat' column = '1' row = '4'.	[MsgId: MMSG-13877]
Starting action Action.	[MsgId: MMSG-15919]
Action.c(4): Notify: Transaction "UC_02_TicketSearchWithoutBuying" started.	[MsgId: MMSG-16999]
Action.c(6): Notify: Transaction "openHomePage" started.	[MsgId: MMSG-16999]
../Library/CommonFunctions.h(6): web_reg_save_param started  	[MsgId: MMSG-26355]
../Library/CommonFunctions.h(6): Registering web_reg_save_param was successful  	[MsgId: MMSG-26390]
../Library/CommonFunctions.h(11): web_url("WebTours") started  	[MsgId: MMSG-26355]
../Library/CommonFunctions.h(11): Detected non-resource "http://localhost:1080/WebTours/header.html" in "http://localhost:1080/WebTours/"  	[MsgId: MMSG-26574]
../Library/CommonFunctions.h(11): Detected non-resource "http://localhost:1080/cgi-bin/welcome.pl?signOff=true" in "http://localhost:1080/WebTours/"  	[MsgId: MMSG-26574]
../Library/CommonFunctions.h(11): Found resource "http://localhost:1080/WebTours/images/hp_logo.png" in HTML "http://localhost:1080/WebTours/header.html"  	[MsgId: MMSG-26659]
../Library/CommonFunctions.h(11): Found resource "http://localhost:1080/WebTours/images/webtours.png" in HTML "http://localhost:1080/WebTours/header.html"  	[MsgId: MMSG-26659]
../Library/CommonFunctions.h(11): Detected non-resource "http://localhost:1080/cgi-bin/nav.pl?in=home" in "http://localhost:1080/cgi-bin/welcome.pl?signOff=true"  	[MsgId: MMSG-26574]
../Library/CommonFunctions.h(11): Detected non-resource "http://localhost:1080/WebTours/home.html" in "http://localhost:1080/cgi-bin/welcome.pl?signOff=true"  	[MsgId: MMSG-26574]
../Library/CommonFunctions.h(11): Notify: Saving Parameter "userSession = 134687.841960308zQciAAfpiHAiDDDDtVfzipADfccf".	[MsgId: MMSG-13798]
../Library/CommonFunctions.h(11): Found resource "http://localhost:1080/WebTours/images/mer_login.gif" in HTML "http://localhost:1080/cgi-bin/nav.pl?in=home"  	[MsgId: MMSG-26659]
../Library/CommonFunctions.h(11): web_url("WebTours") was successful, 10080 body bytes, 2377 header bytes, 24 chunking overhead bytes  	[MsgId: MMSG-26385]
../Library/CommonFunctions.h(21): web_set_sockets_option started  	[MsgId: MMSG-26355]
../Library/CommonFunctions.h(21): web_set_sockets_option was successful  	[MsgId: MMSG-26392]
Action.c(10): Notify: Transaction "openHomePage" ended with a "Pass" status (Duration: 0,0587 Wasted Time: 0,0001).	[MsgId: MMSG-16871]
Action.c(12): lr_think_time: 5,00 seconds.	[MsgId: MMSG-15948]
Action.c(14): Notify: Transaction "login" started.	[MsgId: MMSG-16999]
../Library/CommonFunctions.h(26): web_reg_find started  	[MsgId: MMSG-26355]
../Library/CommonFunctions.h(26): Notify: Parameter Substitution: parameter "userName" =  "user03"	[MsgId: MMSG-13992]
../Library/CommonFunctions.h(26): Registering web_reg_find was successful  	[MsgId: MMSG-26390]
../Library/CommonFunctions.h(31): web_submit_data("login.pl") started  	[MsgId: MMSG-26355]
../Library/CommonFunctions.h(31): Notify: Parameter Substitution: parameter "userSession" =  "134687.841960308zQciAAfpiHAiDDDDtVfzipADfccf"	[MsgId: MMSG-13992]
../Library/CommonFunctions.h(31): Notify: Parameter Substitution: parameter "userName" =  "user03"	[MsgId: MMSG-13992]
../Library/CommonFunctions.h(31): Notify: Next row for parameter password = 4 [table  = password].	[MsgId: MMSG-13876]
../Library/CommonFunctions.h(31): Notify: Parameter Substitution: parameter "password" =  "12345"	[MsgId: MMSG-13992]
../Library/CommonFunctions.h(31): Detected non-resource "http://localhost:1080/cgi-bin/nav.pl?page=menu&in=home" in "http://localhost:1080/cgi-bin/login.pl"  	[MsgId: MMSG-26574]
../Library/CommonFunctions.h(31): Detected non-resource "http://localhost:1080/cgi-bin/login.pl?intro=true" in "http://localhost:1080/cgi-bin/login.pl"  	[MsgId: MMSG-26574]
../Library/CommonFunctions.h(31): Found resource "http://localhost:1080/WebTours/images/flights.gif" in HTML "http://localhost:1080/cgi-bin/nav.pl?page=menu&in=home"  	[MsgId: MMSG-26659]
../Library/CommonFunctions.h(31): Found resource "http://localhost:1080/WebTours/images/itinerary.gif" in HTML "http://localhost:1080/cgi-bin/nav.pl?page=menu&in=home"  	[MsgId: MMSG-26659]
../Library/CommonFunctions.h(31): Found resource "http://localhost:1080/WebTours/images/in_home.gif" in HTML "http://localhost:1080/cgi-bin/nav.pl?page=menu&in=home"  	[MsgId: MMSG-26659]
../Library/CommonFunctions.h(31): Found resource "http://localhost:1080/WebTours/images/signoff.gif" in HTML "http://localhost:1080/cgi-bin/nav.pl?page=menu&in=home"  	[MsgId: MMSG-26659]
../Library/CommonFunctions.h(31): Registered web_reg_find successful for "Text=Welcome, <b>user03</b>" (count=1)  	[MsgId: MMSG-26364]
../Library/CommonFunctions.h(31): web_submit_data("login.pl") was successful, 5781 body bytes, 2056 header bytes, 36 chunking overhead bytes  	[MsgId: MMSG-26385]
Action.c(18): Notify: Transaction "login" ended with a "Pass" status (Duration: 0,1110 Wasted Time: 0,0000).	[MsgId: MMSG-16871]
Action.c(20): lr_think_time: 5,00 seconds.	[MsgId: MMSG-15948]
Action.c(22): Notify: Transaction "flightsBottonClick" started.	[MsgId: MMSG-16999]
Action.c(24): web_url("Search Flights Button") started  	[MsgId: MMSG-26355]
Action.c(24): Detected non-resource "http://localhost:1080/cgi-bin/nav.pl?page=menu&in=flights" in "http://localhost:1080/cgi-bin/welcome.pl?page=search"  	[MsgId: MMSG-26574]
Action.c(24): Detected non-resource "http://localhost:1080/cgi-bin/reservations.pl?page=welcome" in "http://localhost:1080/cgi-bin/welcome.pl?page=search"  	[MsgId: MMSG-26574]
Action.c(24): Found resource "http://localhost:1080/WebTours/images/in_flights.gif" in HTML "http://localhost:1080/cgi-bin/nav.pl?page=menu&in=flights"  	[MsgId: MMSG-26659]
Action.c(24): Resource "http://localhost:1080/WebTours/images/itinerary.gif" is in the cache already and will not be downloaded again  	[MsgId: MMSG-26655]
Action.c(24): Found resource "http://localhost:1080/WebTours/images/home.gif" in HTML "http://localhost:1080/cgi-bin/nav.pl?page=menu&in=flights"  	[MsgId: MMSG-26659]
Action.c(24): Resource "http://localhost:1080/WebTours/images/signoff.gif" is in the cache already and will not be downloaded again  	[MsgId: MMSG-26655]
Action.c(24): Found resource "http://localhost:1080/WebTours/images/button_next.gif" in HTML "http://localhost:1080/cgi-bin/reservations.pl?page=welcome"  	[MsgId: MMSG-26659]
Action.c(24): web_url("Search Flights Button") was successful, 8516 body bytes, 1623 header bytes, 43 chunking overhead bytes  	[MsgId: MMSG-26385]
Action.c(34): Notify: Transaction "flightsBottonClick" ended with a "Pass" status (Duration: 0,1051).	[MsgId: MMSG-16873]
Action.c(36): lr_think_time: 5,00 seconds.	[MsgId: MMSG-15948]
Action.c(38): Notify: Transaction "startFindingFlights" started.	[MsgId: MMSG-16999]
Action.c(40): Notify: Next row for parameter flightDestination = 7 [table  = flightDestination].	[MsgId: MMSG-13876]
Action.c(40): Notify: Getting new value for parameter 'flightDestination': table = '..\Param\flightDestination.dat' column = '0' row = '7'.	[MsgId: MMSG-13877]
Action.c(40): Notify: Parameter Substitution: parameter "flightDestination" =  "San Francisco"	[MsgId: MMSG-13992]
Action.c(40): Notify: Saving Parameter "depart = San Francisco".	[MsgId: MMSG-13798]
Action.c(42): Notify: Next row for parameter flightDestination = 8 [table  = flightDestination].	[MsgId: MMSG-13876]
Action.c(42): Notify: Getting new value for parameter 'flightDestination': table = '..\Param\flightDestination.dat' column = '0' row = '8'.	[MsgId: MMSG-13877]
Action.c(42): Notify: Parameter Substitution: parameter "flightDestination" =  "Seattle"	[MsgId: MMSG-13992]
Action.c(42): Notify: Saving Parameter "arrive = Seattle".	[MsgId: MMSG-13798]
Action.c(44): web_reg_find started  	[MsgId: MMSG-26355]
Action.c(44): Notify: Parameter Substitution: parameter "depart" =  "San Francisco"	[MsgId: MMSG-13992]
Action.c(44): Notify: Parameter Substitution: parameter "arrive" =  "Seattle"	[MsgId: MMSG-13992]
Action.c(44): Notify: Parameter Substitution: parameter "departDate" =  "09/09/2022"	[MsgId: MMSG-13992]
Action.c(44): Registering web_reg_find was successful  	[MsgId: MMSG-26390]
Action.c(50): web_submit_data("reservations.pl") started  	[MsgId: MMSG-26355]
Action.c(50): Notify: Parameter Substitution: parameter "depart" =  "San Francisco"	[MsgId: MMSG-13992]
Action.c(50): Notify: Parameter Substitution: parameter "departDate" =  "09/09/2022"	[MsgId: MMSG-13992]
Action.c(50): Notify: Parameter Substitution: parameter "arrive" =  "Seattle"	[MsgId: MMSG-13992]
Action.c(50): Notify: Parameter Substitution: parameter "returnDate" =  "09/12/2022"	[MsgId: MMSG-13992]
Action.c(50): Notify: Parameter Substitution: parameter "seatPref" =  "Aisle"	[MsgId: MMSG-13992]
Action.c(50): Notify: Parameter Substitution: parameter "seatType" =  "Coach"	[MsgId: MMSG-13992]
Action.c(50): Resource "http://localhost:1080/WebTours/images/button_next.gif" is in the cache already and will not be downloaded again  	[MsgId: MMSG-26655]
Action.c(50): Registered web_reg_find successful for "Text=Flight departing from <B>San Francisco</B> to <B>Seattle</B> on <B>09/09/2022</B>" (count=1)  	[MsgId: MMSG-26364]
Action.c(50): web_submit_data("reservations.pl") was successful, 2445 body bytes, 256 header bytes, 12 chunking overhead bytes  	[MsgId: MMSG-26385]
Action.c(74): Notify: Transaction "startFindingFlights" ended with a "Pass" status (Duration: 0,0373 Wasted Time: 0,0000).	[MsgId: MMSG-16871]
Action.c(76): lr_think_time: 5,00 seconds.	[MsgId: MMSG-15948]
Action.c(84): Notify: Transaction "UC_02_TicketSearchWithoutBuying" ended with a "Pass" status (Duration: 20,3163 Think Time: 20,0035 Wasted Time: 0,0001).	[MsgId: MMSG-16870]
Ending action Action.	[MsgId: MMSG-15918]
Ending iteration 4.	[MsgId: MMSG-15965]
Waiting 169,6830 seconds for iteration pacing.	[MsgId: MMSG-15996]
Starting iteration 5.	[MsgId: MMSG-15968]
Notify: Next row for parameter userName = 5 [table  = userName].	[MsgId: MMSG-13876]
Notify: Getting new value for parameter 'userName': table = '..\Param\TestUserInfo.dat' column = '0' row = '5'.	[MsgId: MMSG-13877]
Notify: Next row for parameter seatPref = 1 [table  = seatPref].	[MsgId: MMSG-13876]
Notify: Getting new value for parameter 'seatPref': table = '..\Param\seatingPreference.dat' column = '0' row = '1'.	[MsgId: MMSG-13877]
Notify: Next row for parameter seatType = 3 [table  = seatType].	[MsgId: MMSG-13876]
Notify: Getting new value for parameter 'seatType': table = '..\Param\typeOfSeat.dat' column = '0' row = '3'.	[MsgId: MMSG-13877]
Notify: Next row for parameter password = 5 [table  = password].	[MsgId: MMSG-13876]
Notify: Getting new value for parameter 'password': table = '..\Param\TestUserInfo.dat' column = '1' row = '5'.	[MsgId: MMSG-13877]
Starting action Action.	[MsgId: MMSG-15919]
Action.c(4): Notify: Transaction "UC_02_TicketSearchWithoutBuying" started.	[MsgId: MMSG-16999]
Action.c(6): Notify: Transaction "openHomePage" started.	[MsgId: MMSG-16999]
../Library/CommonFunctions.h(6): web_reg_save_param started  	[MsgId: MMSG-26355]
../Library/CommonFunctions.h(6): Registering web_reg_save_param was successful  	[MsgId: MMSG-26390]
../Library/CommonFunctions.h(11): web_url("WebTours") started  	[MsgId: MMSG-26355]
../Library/CommonFunctions.h(11): Detected non-resource "http://localhost:1080/WebTours/header.html" in "http://localhost:1080/WebTours/"  	[MsgId: MMSG-26574]
../Library/CommonFunctions.h(11): Detected non-resource "http://localhost:1080/cgi-bin/welcome.pl?signOff=true" in "http://localhost:1080/WebTours/"  	[MsgId: MMSG-26574]
../Library/CommonFunctions.h(11): Found resource "http://localhost:1080/WebTours/images/hp_logo.png" in HTML "http://localhost:1080/WebTours/header.html"  	[MsgId: MMSG-26659]
../Library/CommonFunctions.h(11): Found resource "http://localhost:1080/WebTours/images/webtours.png" in HTML "http://localhost:1080/WebTours/header.html"  	[MsgId: MMSG-26659]
../Library/CommonFunctions.h(11): Detected non-resource "http://localhost:1080/cgi-bin/nav.pl?in=home" in "http://localhost:1080/cgi-bin/welcome.pl?signOff=true"  	[MsgId: MMSG-26574]
../Library/CommonFunctions.h(11): Detected non-resource "http://localhost:1080/WebTours/home.html" in "http://localhost:1080/cgi-bin/welcome.pl?signOff=true"  	[MsgId: MMSG-26574]
../Library/CommonFunctions.h(11): Notify: Saving Parameter "userSession = 134687.857351154zQciAAzpzzcftVfzipADQQHf".	[MsgId: MMSG-13798]
../Library/CommonFunctions.h(11): Found resource "http://localhost:1080/WebTours/images/mer_login.gif" in HTML "http://localhost:1080/cgi-bin/nav.pl?in=home"  	[MsgId: MMSG-26659]
../Library/CommonFunctions.h(11): web_url("WebTours") was successful, 10076 body bytes, 2377 header bytes, 24 chunking overhead bytes  	[MsgId: MMSG-26385]
../Library/CommonFunctions.h(21): web_set_sockets_option started  	[MsgId: MMSG-26355]
../Library/CommonFunctions.h(21): web_set_sockets_option was successful  	[MsgId: MMSG-26392]
Action.c(10): Notify: Transaction "openHomePage" ended with a "Pass" status (Duration: 0,0794 Wasted Time: 0,0001).	[MsgId: MMSG-16871]
Action.c(12): lr_think_time: 5,00 seconds.	[MsgId: MMSG-15948]
Action.c(14): Notify: Transaction "login" started.	[MsgId: MMSG-16999]
../Library/CommonFunctions.h(26): web_reg_find started  	[MsgId: MMSG-26355]
../Library/CommonFunctions.h(26): Notify: Parameter Substitution: parameter "userName" =  "user04"	[MsgId: MMSG-13992]
../Library/CommonFunctions.h(26): Registering web_reg_find was successful  	[MsgId: MMSG-26390]
../Library/CommonFunctions.h(31): web_submit_data("login.pl") started  	[MsgId: MMSG-26355]
../Library/CommonFunctions.h(31): Notify: Parameter Substitution: parameter "userSession" =  "134687.857351154zQciAAzpzzcftVfzipADQQHf"	[MsgId: MMSG-13992]
../Library/CommonFunctions.h(31): Notify: Parameter Substitution: parameter "userName" =  "user04"	[MsgId: MMSG-13992]
../Library/CommonFunctions.h(31): Notify: Next row for parameter password = 5 [table  = password].	[MsgId: MMSG-13876]
../Library/CommonFunctions.h(31): Notify: Parameter Substitution: parameter "password" =  "12345"	[MsgId: MMSG-13992]
../Library/CommonFunctions.h(31): Detected non-resource "http://localhost:1080/cgi-bin/nav.pl?page=menu&in=home" in "http://localhost:1080/cgi-bin/login.pl"  	[MsgId: MMSG-26574]
../Library/CommonFunctions.h(31): Detected non-resource "http://localhost:1080/cgi-bin/login.pl?intro=true" in "http://localhost:1080/cgi-bin/login.pl"  	[MsgId: MMSG-26574]
../Library/CommonFunctions.h(31): Found resource "http://localhost:1080/WebTours/images/flights.gif" in HTML "http://localhost:1080/cgi-bin/nav.pl?page=menu&in=home"  	[MsgId: MMSG-26659]
../Library/CommonFunctions.h(31): Found resource "http://localhost:1080/WebTours/images/itinerary.gif" in HTML "http://localhost:1080/cgi-bin/nav.pl?page=menu&in=home"  	[MsgId: MMSG-26659]
../Library/CommonFunctions.h(31): Found resource "http://localhost:1080/WebTours/images/in_home.gif" in HTML "http://localhost:1080/cgi-bin/nav.pl?page=menu&in=home"  	[MsgId: MMSG-26659]
../Library/CommonFunctions.h(31): Found resource "http://localhost:1080/WebTours/images/signoff.gif" in HTML "http://localhost:1080/cgi-bin/nav.pl?page=menu&in=home"  	[MsgId: MMSG-26659]
../Library/CommonFunctions.h(31): Registered web_reg_find successful for "Text=Welcome, <b>user04</b>" (count=1)  	[MsgId: MMSG-26364]
../Library/CommonFunctions.h(31): web_submit_data("login.pl") was successful, 5781 body bytes, 2056 header bytes, 36 chunking overhead bytes  	[MsgId: MMSG-26385]
Action.c(18): Notify: Transaction "login" ended with a "Pass" status (Duration: 0,1051 Wasted Time: 0,0000).	[MsgId: MMSG-16871]
Action.c(20): lr_think_time: 5,00 seconds.	[MsgId: MMSG-15948]
Action.c(22): Notify: Transaction "flightsBottonClick" started.	[MsgId: MMSG-16999]
Action.c(24): web_url("Search Flights Button") started  	[MsgId: MMSG-26355]
Action.c(24): Detected non-resource "http://localhost:1080/cgi-bin/nav.pl?page=menu&in=flights" in "http://localhost:1080/cgi-bin/welcome.pl?page=search"  	[MsgId: MMSG-26574]
Action.c(24): Detected non-resource "http://localhost:1080/cgi-bin/reservations.pl?page=welcome" in "http://localhost:1080/cgi-bin/welcome.pl?page=search"  	[MsgId: MMSG-26574]
Action.c(24): Found resource "http://localhost:1080/WebTours/images/in_flights.gif" in HTML "http://localhost:1080/cgi-bin/nav.pl?page=menu&in=flights"  	[MsgId: MMSG-26659]
Action.c(24): Resource "http://localhost:1080/WebTours/images/itinerary.gif" is in the cache already and will not be downloaded again  	[MsgId: MMSG-26655]
Action.c(24): Found resource "http://localhost:1080/WebTours/images/home.gif" in HTML "http://localhost:1080/cgi-bin/nav.pl?page=menu&in=flights"  	[MsgId: MMSG-26659]
Action.c(24): Resource "http://localhost:1080/WebTours/images/signoff.gif" is in the cache already and will not be downloaded again  	[MsgId: MMSG-26655]
Action.c(24): Found resource "http://localhost:1080/WebTours/images/button_next.gif" in HTML "http://localhost:1080/cgi-bin/reservations.pl?page=welcome"  	[MsgId: MMSG-26659]
Action.c(24): web_url("Search Flights Button") was successful, 8516 body bytes, 1622 header bytes, 43 chunking overhead bytes  	[MsgId: MMSG-26385]
Action.c(34): Notify: Transaction "flightsBottonClick" ended with a "Pass" status (Duration: 0,1057).	[MsgId: MMSG-16873]
Action.c(36): lr_think_time: 5,00 seconds.	[MsgId: MMSG-15948]
Action.c(38): Notify: Transaction "startFindingFlights" started.	[MsgId: MMSG-16999]
Action.c(40): Notify: Next row for parameter flightDestination = 9 [table  = flightDestination].	[MsgId: MMSG-13876]
Action.c(40): Notify: Getting new value for parameter 'flightDestination': table = '..\Param\flightDestination.dat' column = '0' row = '9'.	[MsgId: MMSG-13877]
Action.c(40): Notify: Parameter Substitution: parameter "flightDestination" =  "Sydney"	[MsgId: MMSG-13992]
Action.c(40): Notify: Saving Parameter "depart = Sydney".	[MsgId: MMSG-13798]
Action.c(42): Notify: Next row for parameter flightDestination = 10 [table  = flightDestination].	[MsgId: MMSG-13876]
Action.c(42): Notify: Getting new value for parameter 'flightDestination': table = '..\Param\flightDestination.dat' column = '0' row = '10'.	[MsgId: MMSG-13877]
Action.c(42): Notify: Parameter Substitution: parameter "flightDestination" =  "Zurich"	[MsgId: MMSG-13992]
Action.c(42): Notify: Saving Parameter "arrive = Zurich".	[MsgId: MMSG-13798]
Action.c(44): web_reg_find started  	[MsgId: MMSG-26355]
Action.c(44): Notify: Parameter Substitution: parameter "depart" =  "Sydney"	[MsgId: MMSG-13992]
Action.c(44): Notify: Parameter Substitution: parameter "arrive" =  "Zurich"	[MsgId: MMSG-13992]
Action.c(44): Notify: Parameter Substitution: parameter "departDate" =  "09/09/2022"	[MsgId: MMSG-13992]
Action.c(44): Registering web_reg_find was successful  	[MsgId: MMSG-26390]
Action.c(50): web_submit_data("reservations.pl") started  	[MsgId: MMSG-26355]
Action.c(50): Notify: Parameter Substitution: parameter "depart" =  "Sydney"	[MsgId: MMSG-13992]
Action.c(50): Notify: Parameter Substitution: parameter "departDate" =  "09/09/2022"	[MsgId: MMSG-13992]
Action.c(50): Notify: Parameter Substitution: parameter "arrive" =  "Zurich"	[MsgId: MMSG-13992]
Action.c(50): Notify: Parameter Substitution: parameter "returnDate" =  "09/12/2022"	[MsgId: MMSG-13992]
Action.c(50): Notify: Parameter Substitution: parameter "seatPref" =  "Aisle"	[MsgId: MMSG-13992]
Action.c(50): Notify: Parameter Substitution: parameter "seatType" =  "Coach"	[MsgId: MMSG-13992]
Action.c(50): Resource "http://localhost:1080/WebTours/images/button_next.gif" is in the cache already and will not be downloaded again  	[MsgId: MMSG-26655]
Action.c(50): Registered web_reg_find successful for "Text=Flight departing from <B>Sydney</B> to <B>Zurich</B> on <B>09/09/2022</B>" (count=1)  	[MsgId: MMSG-26364]
Action.c(50): web_submit_data("reservations.pl") was successful, 2441 body bytes, 256 header bytes, 12 chunking overhead bytes  	[MsgId: MMSG-26385]
Action.c(74): Notify: Transaction "startFindingFlights" ended with a "Pass" status (Duration: 0,0413 Wasted Time: 0,0000).	[MsgId: MMSG-16871]
Action.c(76): lr_think_time: 5,00 seconds.	[MsgId: MMSG-15948]
Action.c(84): Notify: Transaction "UC_02_TicketSearchWithoutBuying" ended with a "Pass" status (Duration: 20,3345 Think Time: 20,0022 Wasted Time: 0,0001).	[MsgId: MMSG-16870]
Ending action Action.	[MsgId: MMSG-15918]
Ending iteration 5.	[MsgId: MMSG-15965]
Waiting 169,6630 seconds for iteration pacing.	[MsgId: MMSG-15996]
Starting iteration 6.	[MsgId: MMSG-15968]
Notify: Next row for parameter userName = 6 [table  = userName].	[MsgId: MMSG-13876]
Notify: Getting new value for parameter 'userName': table = '..\Param\TestUserInfo.dat' column = '0' row = '6'.	[MsgId: MMSG-13877]
Notify: Next row for parameter seatPref = 3 [table  = seatPref].	[MsgId: MMSG-13876]
Notify: Getting new value for parameter 'seatPref': table = '..\Param\seatingPreference.dat' column = '0' row = '3'.	[MsgId: MMSG-13877]
Notify: Next row for parameter seatType = 2 [table  = seatType].	[MsgId: MMSG-13876]
Notify: Getting new value for parameter 'seatType': table = '..\Param\typeOfSeat.dat' column = '0' row = '2'.	[MsgId: MMSG-13877]
Notify: Next row for parameter password = 6 [table  = password].	[MsgId: MMSG-13876]
Notify: Getting new value for parameter 'password': table = '..\Param\TestUserInfo.dat' column = '1' row = '6'.	[MsgId: MMSG-13877]
Starting action Action.	[MsgId: MMSG-15919]
Action.c(4): Notify: Transaction "UC_02_TicketSearchWithoutBuying" started.	[MsgId: MMSG-16999]
Action.c(6): Notify: Transaction "openHomePage" started.	[MsgId: MMSG-16999]
../Library/CommonFunctions.h(6): web_reg_save_param started  	[MsgId: MMSG-26355]
../Library/CommonFunctions.h(6): Registering web_reg_save_param was successful  	[MsgId: MMSG-26390]
../Library/CommonFunctions.h(11): web_url("WebTours") started  	[MsgId: MMSG-26355]
../Library/CommonFunctions.h(11): Detected non-resource "http://localhost:1080/WebTours/header.html" in "http://localhost:1080/WebTours/"  	[MsgId: MMSG-26574]
../Library/CommonFunctions.h(11): Detected non-resource "http://localhost:1080/cgi-bin/welcome.pl?signOff=true" in "http://localhost:1080/WebTours/"  	[MsgId: MMSG-26574]
../Library/CommonFunctions.h(11): Found resource "http://localhost:1080/WebTours/images/hp_logo.png" in HTML "http://localhost:1080/WebTours/header.html"  	[MsgId: MMSG-26659]
../Library/CommonFunctions.h(11): Found resource "http://localhost:1080/WebTours/images/webtours.png" in HTML "http://localhost:1080/WebTours/header.html"  	[MsgId: MMSG-26659]
../Library/CommonFunctions.h(11): Detected non-resource "http://localhost:1080/cgi-bin/nav.pl?in=home" in "http://localhost:1080/cgi-bin/welcome.pl?signOff=true"  	[MsgId: MMSG-26574]
../Library/CommonFunctions.h(11): Detected non-resource "http://localhost:1080/WebTours/home.html" in "http://localhost:1080/cgi-bin/welcome.pl?signOff=true"  	[MsgId: MMSG-26574]
../Library/CommonFunctions.h(11): Notify: Saving Parameter "userSession = 134687.872742001zQciAAHptftVzzzHtVfzipAttHcf".	[MsgId: MMSG-13798]
../Library/CommonFunctions.h(11): Found resource "http://localhost:1080/WebTours/images/mer_login.gif" in HTML "http://localhost:1080/cgi-bin/nav.pl?in=home"  	[MsgId: MMSG-26659]
../Library/CommonFunctions.h(11): web_url("WebTours") was successful, 10080 body bytes, 2377 header bytes, 24 chunking overhead bytes  	[MsgId: MMSG-26385]
../Library/CommonFunctions.h(21): web_set_sockets_option started  	[MsgId: MMSG-26355]
../Library/CommonFunctions.h(21): web_set_sockets_option was successful  	[MsgId: MMSG-26392]
Action.c(10): Notify: Transaction "openHomePage" ended with a "Pass" status (Duration: 0,0547 Wasted Time: 0,0001).	[MsgId: MMSG-16871]
Action.c(12): lr_think_time: 5,00 seconds.	[MsgId: MMSG-15948]
Action.c(14): Notify: Transaction "login" started.	[MsgId: MMSG-16999]
../Library/CommonFunctions.h(26): web_reg_find started  	[MsgId: MMSG-26355]
../Library/CommonFunctions.h(26): Notify: Parameter Substitution: parameter "userName" =  "user05"	[MsgId: MMSG-13992]
../Library/CommonFunctions.h(26): Registering web_reg_find was successful  	[MsgId: MMSG-26390]
../Library/CommonFunctions.h(31): web_submit_data("login.pl") started  	[MsgId: MMSG-26355]
../Library/CommonFunctions.h(31): Notify: Parameter Substitution: parameter "userSession" =  "134687.872742001zQciAAHptftVzzzHtVfzipAttHcf"	[MsgId: MMSG-13992]
../Library/CommonFunctions.h(31): Notify: Parameter Substitution: parameter "userName" =  "user05"	[MsgId: MMSG-13992]
../Library/CommonFunctions.h(31): Notify: Next row for parameter password = 6 [table  = password].	[MsgId: MMSG-13876]
../Library/CommonFunctions.h(31): Notify: Parameter Substitution: parameter "password" =  "12345"	[MsgId: MMSG-13992]
../Library/CommonFunctions.h(31): Detected non-resource "http://localhost:1080/cgi-bin/nav.pl?page=menu&in=home" in "http://localhost:1080/cgi-bin/login.pl"  	[MsgId: MMSG-26574]
../Library/CommonFunctions.h(31): Detected non-resource "http://localhost:1080/cgi-bin/login.pl?intro=true" in "http://localhost:1080/cgi-bin/login.pl"  	[MsgId: MMSG-26574]
../Library/CommonFunctions.h(31): Found resource "http://localhost:1080/WebTours/images/flights.gif" in HTML "http://localhost:1080/cgi-bin/nav.pl?page=menu&in=home"  	[MsgId: MMSG-26659]
../Library/CommonFunctions.h(31): Found resource "http://localhost:1080/WebTours/images/itinerary.gif" in HTML "http://localhost:1080/cgi-bin/nav.pl?page=menu&in=home"  	[MsgId: MMSG-26659]
../Library/CommonFunctions.h(31): Found resource "http://localhost:1080/WebTours/images/in_home.gif" in HTML "http://localhost:1080/cgi-bin/nav.pl?page=menu&in=home"  	[MsgId: MMSG-26659]
../Library/CommonFunctions.h(31): Found resource "http://localhost:1080/WebTours/images/signoff.gif" in HTML "http://localhost:1080/cgi-bin/nav.pl?page=menu&in=home"  	[MsgId: MMSG-26659]
../Library/CommonFunctions.h(31): Registered web_reg_find successful for "Text=Welcome, <b>user05</b>" (count=1)  	[MsgId: MMSG-26364]
../Library/CommonFunctions.h(31): web_submit_data("login.pl") was successful, 5781 body bytes, 2055 header bytes, 36 chunking overhead bytes  	[MsgId: MMSG-26385]
Action.c(18): Notify: Transaction "login" ended with a "Pass" status (Duration: 0,1291 Wasted Time: 0,0000).	[MsgId: MMSG-16871]
Action.c(20): lr_think_time: 5,00 seconds.	[MsgId: MMSG-15948]
Action.c(22): Notify: Transaction "flightsBottonClick" started.	[MsgId: MMSG-16999]
Action.c(24): web_url("Search Flights Button") started  	[MsgId: MMSG-26355]
Action.c(24): Detected non-resource "http://localhost:1080/cgi-bin/nav.pl?page=menu&in=flights" in "http://localhost:1080/cgi-bin/welcome.pl?page=search"  	[MsgId: MMSG-26574]
Action.c(24): Detected non-resource "http://localhost:1080/cgi-bin/reservations.pl?page=welcome" in "http://localhost:1080/cgi-bin/welcome.pl?page=search"  	[MsgId: MMSG-26574]
Action.c(24): Found resource "http://localhost:1080/WebTours/images/in_flights.gif" in HTML "http://localhost:1080/cgi-bin/nav.pl?page=menu&in=flights"  	[MsgId: MMSG-26659]
Action.c(24): Resource "http://localhost:1080/WebTours/images/itinerary.gif" is in the cache already and will not be downloaded again  	[MsgId: MMSG-26655]
Action.c(24): Found resource "http://localhost:1080/WebTours/images/home.gif" in HTML "http://localhost:1080/cgi-bin/nav.pl?page=menu&in=flights"  	[MsgId: MMSG-26659]
Action.c(24): Resource "http://localhost:1080/WebTours/images/signoff.gif" is in the cache already and will not be downloaded again  	[MsgId: MMSG-26655]
Action.c(24): Found resource "http://localhost:1080/WebTours/images/button_next.gif" in HTML "http://localhost:1080/cgi-bin/reservations.pl?page=welcome"  	[MsgId: MMSG-26659]
Action.c(24): web_url("Search Flights Button") was successful, 8516 body bytes, 1623 header bytes, 43 chunking overhead bytes  	[MsgId: MMSG-26385]
Action.c(34): Notify: Transaction "flightsBottonClick" ended with a "Pass" status (Duration: 0,1134).	[MsgId: MMSG-16873]
Action.c(36): lr_think_time: 5,00 seconds.	[MsgId: MMSG-15948]
Action.c(38): Notify: Transaction "startFindingFlights" started.	[MsgId: MMSG-16999]
Action.c(40): Notify: Next row for parameter flightDestination = 1 [table  = flightDestination].	[MsgId: MMSG-13876]
Action.c(40): Notify: Getting new value for parameter 'flightDestination': table = '..\Param\flightDestination.dat' column = '0' row = '1'.	[MsgId: MMSG-13877]
Action.c(40): Notify: Parameter Substitution: parameter "flightDestination" =  "Denver"	[MsgId: MMSG-13992]
Action.c(40): Notify: Saving Parameter "depart = Denver".	[MsgId: MMSG-13798]
Action.c(42): Notify: Next row for parameter flightDestination = 2 [table  = flightDestination].	[MsgId: MMSG-13876]
Action.c(42): Notify: Getting new value for parameter 'flightDestination': table = '..\Param\flightDestination.dat' column = '0' row = '2'.	[MsgId: MMSG-13877]
Action.c(42): Notify: Parameter Substitution: parameter "flightDestination" =  "Frankfurt"	[MsgId: MMSG-13992]
Action.c(42): Notify: Saving Parameter "arrive = Frankfurt".	[MsgId: MMSG-13798]
Action.c(44): web_reg_find started  	[MsgId: MMSG-26355]
Action.c(44): Notify: Parameter Substitution: parameter "depart" =  "Denver"	[MsgId: MMSG-13992]
Action.c(44): Notify: Parameter Substitution: parameter "arrive" =  "Frankfurt"	[MsgId: MMSG-13992]
Action.c(44): Notify: Parameter Substitution: parameter "departDate" =  "09/09/2022"	[MsgId: MMSG-13992]
Action.c(44): Registering web_reg_find was successful  	[MsgId: MMSG-26390]
Action.c(50): web_submit_data("reservations.pl") started  	[MsgId: MMSG-26355]
Action.c(50): Notify: Parameter Substitution: parameter "depart" =  "Denver"	[MsgId: MMSG-13992]
Action.c(50): Notify: Parameter Substitution: parameter "departDate" =  "09/09/2022"	[MsgId: MMSG-13992]
Action.c(50): Notify: Parameter Substitution: parameter "arrive" =  "Frankfurt"	[MsgId: MMSG-13992]
Action.c(50): Notify: Parameter Substitution: parameter "returnDate" =  "09/12/2022"	[MsgId: MMSG-13992]
Action.c(50): Notify: Parameter Substitution: parameter "seatPref" =  "None"	[MsgId: MMSG-13992]
Action.c(50): Notify: Parameter Substitution: parameter "seatType" =  "Business"	[MsgId: MMSG-13992]
Action.c(50): Resource "http://localhost:1080/WebTours/images/button_next.gif" is in the cache already and will not be downloaded again  	[MsgId: MMSG-26655]
Action.c(50): Registered web_reg_find successful for "Text=Flight departing from <B>Denver</B> to <B>Frankfurt</B> on <B>09/09/2022</B>" (count=1)  	[MsgId: MMSG-26364]
Action.c(50): web_submit_data("reservations.pl") was successful, 2445 body bytes, 256 header bytes, 12 chunking overhead bytes  	[MsgId: MMSG-26385]
Action.c(74): Notify: Transaction "startFindingFlights" ended with a "Pass" status (Duration: 0,0332 Wasted Time: 0,0000).	[MsgId: MMSG-16871]
Action.c(76): lr_think_time: 5,00 seconds.	[MsgId: MMSG-15948]
Action.c(84): Notify: Transaction "UC_02_TicketSearchWithoutBuying" ended with a "Pass" status (Duration: 20,3342 Think Time: 20,0032 Wasted Time: 0,0001).	[MsgId: MMSG-16870]
Ending action Action.	[MsgId: MMSG-15918]
Ending iteration 6.	[MsgId: MMSG-15965]
Waiting 169,6660 seconds for iteration pacing.	[MsgId: MMSG-15996]
Starting iteration 7.	[MsgId: MMSG-15968]
Notify: Next row for parameter userName = 7 [table  = userName].	[MsgId: MMSG-13876]
Notify: Getting new value for parameter 'userName': table = '..\Param\TestUserInfo.dat' column = '0' row = '7'.	[MsgId: MMSG-13877]
Notify: Next row for parameter seatPref = 3 [table  = seatPref].	[MsgId: MMSG-13876]
Notify: Getting new value for parameter 'seatPref': table = '..\Param\seatingPreference.dat' column = '0' row = '3'.	[MsgId: MMSG-13877]
Notify: Next row for parameter seatType = 2 [table  = seatType].	[MsgId: MMSG-13876]
Notify: Getting new value for parameter 'seatType': table = '..\Param\typeOfSeat.dat' column = '0' row = '2'.	[MsgId: MMSG-13877]
Notify: Next row for parameter password = 7 [table  = password].	[MsgId: MMSG-13876]
Notify: Getting new value for parameter 'password': table = '..\Param\TestUserInfo.dat' column = '1' row = '7'.	[MsgId: MMSG-13877]
Starting action Action.	[MsgId: MMSG-15919]
Action.c(4): Notify: Transaction "UC_02_TicketSearchWithoutBuying" started.	[MsgId: MMSG-16999]
Action.c(6): Notify: Transaction "openHomePage" started.	[MsgId: MMSG-16999]
../Library/CommonFunctions.h(6): web_reg_save_param started  	[MsgId: MMSG-26355]
../Library/CommonFunctions.h(6): Registering web_reg_save_param was successful  	[MsgId: MMSG-26390]
../Library/CommonFunctions.h(11): web_url("WebTours") started  	[MsgId: MMSG-26355]
../Library/CommonFunctions.h(11): Detected non-resource "http://localhost:1080/WebTours/header.html" in "http://localhost:1080/WebTours/"  	[MsgId: MMSG-26574]
../Library/CommonFunctions.h(11): Detected non-resource "http://localhost:1080/cgi-bin/welcome.pl?signOff=true" in "http://localhost:1080/WebTours/"  	[MsgId: MMSG-26574]
../Library/CommonFunctions.h(11): Found resource "http://localhost:1080/WebTours/images/hp_logo.png" in HTML "http://localhost:1080/WebTours/header.html"  	[MsgId: MMSG-26659]
../Library/CommonFunctions.h(11): Found resource "http://localhost:1080/WebTours/images/webtours.png" in HTML "http://localhost:1080/WebTours/header.html"  	[MsgId: MMSG-26659]
../Library/CommonFunctions.h(11): Detected non-resource "http://localhost:1080/cgi-bin/nav.pl?in=home" in "http://localhost:1080/cgi-bin/welcome.pl?signOff=true"  	[MsgId: MMSG-26574]
../Library/CommonFunctions.h(11): Detected non-resource "http://localhost:1080/WebTours/home.html" in "http://localhost:1080/cgi-bin/welcome.pl?signOff=true"  	[MsgId: MMSG-26574]
../Library/CommonFunctions.h(11): Notify: Saving Parameter "userSession = 134687.888132847zQciAAipctfiDDDDtVfzipAtQtHf".	[MsgId: MMSG-13798]
../Library/CommonFunctions.h(11): Found resource "http://localhost:1080/WebTours/images/mer_login.gif" in HTML "http://localhost:1080/cgi-bin/nav.pl?in=home"  	[MsgId: MMSG-26659]
../Library/CommonFunctions.h(11): web_url("WebTours") was successful, 10080 body bytes, 2377 header bytes, 24 chunking overhead bytes  	[MsgId: MMSG-26385]
../Library/CommonFunctions.h(21): web_set_sockets_option started  	[MsgId: MMSG-26355]
../Library/CommonFunctions.h(21): web_set_sockets_option was successful  	[MsgId: MMSG-26392]
Action.c(10): Notify: Transaction "openHomePage" ended with a "Pass" status (Duration: 0,0874 Wasted Time: 0,0001).	[MsgId: MMSG-16871]
Action.c(12): lr_think_time: 5,00 seconds.	[MsgId: MMSG-15948]
Action.c(14): Notify: Transaction "login" started.	[MsgId: MMSG-16999]
../Library/CommonFunctions.h(26): web_reg_find started  	[MsgId: MMSG-26355]
../Library/CommonFunctions.h(26): Notify: Parameter Substitution: parameter "userName" =  "user06"	[MsgId: MMSG-13992]
../Library/CommonFunctions.h(26): Registering web_reg_find was successful  	[MsgId: MMSG-26390]
../Library/CommonFunctions.h(31): web_submit_data("login.pl") started  	[MsgId: MMSG-26355]
../Library/CommonFunctions.h(31): Notify: Parameter Substitution: parameter "userSession" =  "134687.888132847zQciAAipctfiDDDDtVfzipAtQtHf"	[MsgId: MMSG-13992]
../Library/CommonFunctions.h(31): Notify: Parameter Substitution: parameter "userName" =  "user06"	[MsgId: MMSG-13992]
../Library/CommonFunctions.h(31): Notify: Next row for parameter password = 7 [table  = password].	[MsgId: MMSG-13876]
../Library/CommonFunctions.h(31): Notify: Parameter Substitution: parameter "password" =  "12345"	[MsgId: MMSG-13992]
../Library/CommonFunctions.h(31): Detected non-resource "http://localhost:1080/cgi-bin/nav.pl?page=menu&in=home" in "http://localhost:1080/cgi-bin/login.pl"  	[MsgId: MMSG-26574]
../Library/CommonFunctions.h(31): Detected non-resource "http://localhost:1080/cgi-bin/login.pl?intro=true" in "http://localhost:1080/cgi-bin/login.pl"  	[MsgId: MMSG-26574]
../Library/CommonFunctions.h(31): Found resource "http://localhost:1080/WebTours/images/flights.gif" in HTML "http://localhost:1080/cgi-bin/nav.pl?page=menu&in=home"  	[MsgId: MMSG-26659]
../Library/CommonFunctions.h(31): Found resource "http://localhost:1080/WebTours/images/itinerary.gif" in HTML "http://localhost:1080/cgi-bin/nav.pl?page=menu&in=home"  	[MsgId: MMSG-26659]
../Library/CommonFunctions.h(31): Found resource "http://localhost:1080/WebTours/images/in_home.gif" in HTML "http://localhost:1080/cgi-bin/nav.pl?page=menu&in=home"  	[MsgId: MMSG-26659]
../Library/CommonFunctions.h(31): Found resource "http://localhost:1080/WebTours/images/signoff.gif" in HTML "http://localhost:1080/cgi-bin/nav.pl?page=menu&in=home"  	[MsgId: MMSG-26659]
../Library/CommonFunctions.h(31): Registered web_reg_find successful for "Text=Welcome, <b>user06</b>" (count=1)  	[MsgId: MMSG-26364]
../Library/CommonFunctions.h(31): web_submit_data("login.pl") was successful, 5781 body bytes, 2056 header bytes, 36 chunking overhead bytes  	[MsgId: MMSG-26385]
Action.c(18): Notify: Transaction "login" ended with a "Pass" status (Duration: 0,1044 Wasted Time: 0,0000).	[MsgId: MMSG-16871]
Action.c(20): lr_think_time: 5,00 seconds.	[MsgId: MMSG-15948]
Action.c(22): Notify: Transaction "flightsBottonClick" started.	[MsgId: MMSG-16999]
Action.c(24): web_url("Search Flights Button") started  	[MsgId: MMSG-26355]
Action.c(24): Detected non-resource "http://localhost:1080/cgi-bin/nav.pl?page=menu&in=flights" in "http://localhost:1080/cgi-bin/welcome.pl?page=search"  	[MsgId: MMSG-26574]
Action.c(24): Detected non-resource "http://localhost:1080/cgi-bin/reservations.pl?page=welcome" in "http://localhost:1080/cgi-bin/welcome.pl?page=search"  	[MsgId: MMSG-26574]
Action.c(24): Found resource "http://localhost:1080/WebTours/images/in_flights.gif" in HTML "http://localhost:1080/cgi-bin/nav.pl?page=menu&in=flights"  	[MsgId: MMSG-26659]
Action.c(24): Resource "http://localhost:1080/WebTours/images/itinerary.gif" is in the cache already and will not be downloaded again  	[MsgId: MMSG-26655]
Action.c(24): Found resource "http://localhost:1080/WebTours/images/home.gif" in HTML "http://localhost:1080/cgi-bin/nav.pl?page=menu&in=flights"  	[MsgId: MMSG-26659]
Action.c(24): Resource "http://localhost:1080/WebTours/images/signoff.gif" is in the cache already and will not be downloaded again  	[MsgId: MMSG-26655]
Action.c(24): Found resource "http://localhost:1080/WebTours/images/button_next.gif" in HTML "http://localhost:1080/cgi-bin/reservations.pl?page=welcome"  	[MsgId: MMSG-26659]
Action.c(24): web_url("Search Flights Button") was successful, 8516 body bytes, 1621 header bytes, 43 chunking overhead bytes  	[MsgId: MMSG-26385]
Action.c(34): Notify: Transaction "flightsBottonClick" ended with a "Pass" status (Duration: 0,1110).	[MsgId: MMSG-16873]
Action.c(36): lr_think_time: 5,00 seconds.	[MsgId: MMSG-15948]
Action.c(38): Notify: Transaction "startFindingFlights" started.	[MsgId: MMSG-16999]
Action.c(40): Notify: Next row for parameter flightDestination = 3 [table  = flightDestination].	[MsgId: MMSG-13876]
Action.c(40): Notify: Getting new value for parameter 'flightDestination': table = '..\Param\flightDestination.dat' column = '0' row = '3'.	[MsgId: MMSG-13877]
Action.c(40): Notify: Parameter Substitution: parameter "flightDestination" =  "London"	[MsgId: MMSG-13992]
Action.c(40): Notify: Saving Parameter "depart = London".	[MsgId: MMSG-13798]
Action.c(42): Notify: Next row for parameter flightDestination = 4 [table  = flightDestination].	[MsgId: MMSG-13876]
Action.c(42): Notify: Getting new value for parameter 'flightDestination': table = '..\Param\flightDestination.dat' column = '0' row = '4'.	[MsgId: MMSG-13877]
Action.c(42): Notify: Parameter Substitution: parameter "flightDestination" =  "Los Angeles"	[MsgId: MMSG-13992]
Action.c(42): Notify: Saving Parameter "arrive = Los Angeles".	[MsgId: MMSG-13798]
Action.c(44): web_reg_find started  	[MsgId: MMSG-26355]
Action.c(44): Notify: Parameter Substitution: parameter "depart" =  "London"	[MsgId: MMSG-13992]
Action.c(44): Notify: Parameter Substitution: parameter "arrive" =  "Los Angeles"	[MsgId: MMSG-13992]
Action.c(44): Notify: Parameter Substitution: parameter "departDate" =  "09/09/2022"	[MsgId: MMSG-13992]
Action.c(44): Registering web_reg_find was successful  	[MsgId: MMSG-26390]
Action.c(50): web_submit_data("reservations.pl") started  	[MsgId: MMSG-26355]
Action.c(50): Notify: Parameter Substitution: parameter "depart" =  "London"	[MsgId: MMSG-13992]
Action.c(50): Notify: Parameter Substitution: parameter "departDate" =  "09/09/2022"	[MsgId: MMSG-13992]
Action.c(50): Notify: Parameter Substitution: parameter "arrive" =  "Los Angeles"	[MsgId: MMSG-13992]
Action.c(50): Notify: Parameter Substitution: parameter "returnDate" =  "09/12/2022"	[MsgId: MMSG-13992]
Action.c(50): Notify: Parameter Substitution: parameter "seatPref" =  "None"	[MsgId: MMSG-13992]
Action.c(50): Notify: Parameter Substitution: parameter "seatType" =  "Business"	[MsgId: MMSG-13992]
Action.c(50): Resource "http://localhost:1080/WebTours/images/button_next.gif" is in the cache already and will not be downloaded again  	[MsgId: MMSG-26655]
Action.c(50): Registered web_reg_find successful for "Text=Flight departing from <B>London</B> to <B>Los Angeles</B> on <B>09/09/2022</B>" (count=1)  	[MsgId: MMSG-26364]
Action.c(50): web_submit_data("reservations.pl") was successful, 2453 body bytes, 256 header bytes, 12 chunking overhead bytes  	[MsgId: MMSG-26385]
Action.c(74): Notify: Transaction "startFindingFlights" ended with a "Pass" status (Duration: 0,0335 Wasted Time: 0,0000).	[MsgId: MMSG-16871]
Action.c(76): lr_think_time: 5,00 seconds.	[MsgId: MMSG-15948]
Action.c(84): Notify: Transaction "UC_02_TicketSearchWithoutBuying" ended with a "Pass" status (Duration: 20,3401 Think Time: 20,0031 Wasted Time: 0,0002).	[MsgId: MMSG-16870]
Ending action Action.	[MsgId: MMSG-15918]
Ending iteration 7.	[MsgId: MMSG-15965]
Waiting 169,6580 seconds for iteration pacing.	[MsgId: MMSG-15996]
Starting iteration 8.	[MsgId: MMSG-15968]
Notify: Next row for parameter userName = 8 [table  = userName].	[MsgId: MMSG-13876]
Notify: Getting new value for parameter 'userName': table = '..\Param\TestUserInfo.dat' column = '0' row = '8'.	[MsgId: MMSG-13877]
Notify: Next row for parameter seatPref = 3 [table  = seatPref].	[MsgId: MMSG-13876]
Notify: Getting new value for parameter 'seatPref': table = '..\Param\seatingPreference.dat' column = '0' row = '3'.	[MsgId: MMSG-13877]
Notify: Next row for parameter seatType = 1 [table  = seatType].	[MsgId: MMSG-13876]
Notify: Getting new value for parameter 'seatType': table = '..\Param\typeOfSeat.dat' column = '0' row = '1'.	[MsgId: MMSG-13877]
Notify: Next row for parameter password = 8 [table  = password].	[MsgId: MMSG-13876]
Notify: Getting new value for parameter 'password': table = '..\Param\TestUserInfo.dat' column = '1' row = '8'.	[MsgId: MMSG-13877]
Starting action Action.	[MsgId: MMSG-15919]
Action.c(4): Notify: Transaction "UC_02_TicketSearchWithoutBuying" started.	[MsgId: MMSG-16999]
Action.c(6): Notify: Transaction "openHomePage" started.	[MsgId: MMSG-16999]
../Library/CommonFunctions.h(6): web_reg_save_param started  	[MsgId: MMSG-26355]
../Library/CommonFunctions.h(6): Registering web_reg_save_param was successful  	[MsgId: MMSG-26390]
../Library/CommonFunctions.h(11): web_url("WebTours") started  	[MsgId: MMSG-26355]
../Library/CommonFunctions.h(11): Detected non-resource "http://localhost:1080/WebTours/header.html" in "http://localhost:1080/WebTours/"  	[MsgId: MMSG-26574]
../Library/CommonFunctions.h(11): Detected non-resource "http://localhost:1080/cgi-bin/welcome.pl?signOff=true" in "http://localhost:1080/WebTours/"  	[MsgId: MMSG-26574]
../Library/CommonFunctions.h(11): Found resource "http://localhost:1080/WebTours/images/hp_logo.png" in HTML "http://localhost:1080/WebTours/header.html"  	[MsgId: MMSG-26659]
../Library/CommonFunctions.h(11): Found resource "http://localhost:1080/WebTours/images/webtours.png" in HTML "http://localhost:1080/WebTours/header.html"  	[MsgId: MMSG-26659]
../Library/CommonFunctions.h(11): Detected non-resource "http://localhost:1080/cgi-bin/nav.pl?in=home" in "http://localhost:1080/cgi-bin/welcome.pl?signOff=true"  	[MsgId: MMSG-26574]
../Library/CommonFunctions.h(11): Detected non-resource "http://localhost:1080/WebTours/home.html" in "http://localhost:1080/cgi-bin/welcome.pl?signOff=true"  	[MsgId: MMSG-26574]
../Library/CommonFunctions.h(11): Notify: Saving Parameter "userSession = 134687.903523694zQciAAQpADHftVfzipAftccf".	[MsgId: MMSG-13798]
../Library/CommonFunctions.h(11): Found resource "http://localhost:1080/WebTours/images/mer_login.gif" in HTML "http://localhost:1080/cgi-bin/nav.pl?in=home"  	[MsgId: MMSG-26659]
../Library/CommonFunctions.h(11): web_url("WebTours") was successful, 10076 body bytes, 2377 header bytes, 24 chunking overhead bytes  	[MsgId: MMSG-26385]
../Library/CommonFunctions.h(21): web_set_sockets_option started  	[MsgId: MMSG-26355]
../Library/CommonFunctions.h(21): web_set_sockets_option was successful  	[MsgId: MMSG-26392]
Action.c(10): Notify: Transaction "openHomePage" ended with a "Pass" status (Duration: 0,0541 Wasted Time: 0,0001).	[MsgId: MMSG-16871]
Action.c(12): lr_think_time: 5,00 seconds.	[MsgId: MMSG-15948]
Action.c(14): Notify: Transaction "login" started.	[MsgId: MMSG-16999]
../Library/CommonFunctions.h(26): web_reg_find started  	[MsgId: MMSG-26355]
../Library/CommonFunctions.h(26): Notify: Parameter Substitution: parameter "userName" =  "user07"	[MsgId: MMSG-13992]
../Library/CommonFunctions.h(26): Registering web_reg_find was successful  	[MsgId: MMSG-26390]
../Library/CommonFunctions.h(31): web_submit_data("login.pl") started  	[MsgId: MMSG-26355]
../Library/CommonFunctions.h(31): Notify: Parameter Substitution: parameter "userSession" =  "134687.903523694zQciAAQpADHftVfzipAftccf"	[MsgId: MMSG-13992]
../Library/CommonFunctions.h(31): Notify: Parameter Substitution: parameter "userName" =  "user07"	[MsgId: MMSG-13992]
../Library/CommonFunctions.h(31): Notify: Next row for parameter password = 8 [table  = password].	[MsgId: MMSG-13876]
../Library/CommonFunctions.h(31): Notify: Parameter Substitution: parameter "password" =  "12345"	[MsgId: MMSG-13992]
../Library/CommonFunctions.h(31): Detected non-resource "http://localhost:1080/cgi-bin/nav.pl?page=menu&in=home" in "http://localhost:1080/cgi-bin/login.pl"  	[MsgId: MMSG-26574]
../Library/CommonFunctions.h(31): Detected non-resource "http://localhost:1080/cgi-bin/login.pl?intro=true" in "http://localhost:1080/cgi-bin/login.pl"  	[MsgId: MMSG-26574]
../Library/CommonFunctions.h(31): Found resource "http://localhost:1080/WebTours/images/flights.gif" in HTML "http://localhost:1080/cgi-bin/nav.pl?page=menu&in=home"  	[MsgId: MMSG-26659]
../Library/CommonFunctions.h(31): Found resource "http://localhost:1080/WebTours/images/itinerary.gif" in HTML "http://localhost:1080/cgi-bin/nav.pl?page=menu&in=home"  	[MsgId: MMSG-26659]
../Library/CommonFunctions.h(31): Found resource "http://localhost:1080/WebTours/images/in_home.gif" in HTML "http://localhost:1080/cgi-bin/nav.pl?page=menu&in=home"  	[MsgId: MMSG-26659]
../Library/CommonFunctions.h(31): Found resource "http://localhost:1080/WebTours/images/signoff.gif" in HTML "http://localhost:1080/cgi-bin/nav.pl?page=menu&in=home"  	[MsgId: MMSG-26659]
../Library/CommonFunctions.h(31): Registered web_reg_find successful for "Text=Welcome, <b>user07</b>" (count=1)  	[MsgId: MMSG-26364]
../Library/CommonFunctions.h(31): web_submit_data("login.pl") was successful, 5781 body bytes, 2056 header bytes, 36 chunking overhead bytes  	[MsgId: MMSG-26385]
Action.c(18): Notify: Transaction "login" ended with a "Pass" status (Duration: 0,0743 Wasted Time: 0,0000).	[MsgId: MMSG-16871]
Action.c(20): lr_think_time: 5,00 seconds.	[MsgId: MMSG-15948]
Action.c(22): Notify: Transaction "flightsBottonClick" started.	[MsgId: MMSG-16999]
Action.c(24): web_url("Search Flights Button") started  	[MsgId: MMSG-26355]
Action.c(24): Detected non-resource "http://localhost:1080/cgi-bin/nav.pl?page=menu&in=flights" in "http://localhost:1080/cgi-bin/welcome.pl?page=search"  	[MsgId: MMSG-26574]
Action.c(24): Detected non-resource "http://localhost:1080/cgi-bin/reservations.pl?page=welcome" in "http://localhost:1080/cgi-bin/welcome.pl?page=search"  	[MsgId: MMSG-26574]
Action.c(24): Found resource "http://localhost:1080/WebTours/images/in_flights.gif" in HTML "http://localhost:1080/cgi-bin/nav.pl?page=menu&in=flights"  	[MsgId: MMSG-26659]
Action.c(24): Resource "http://localhost:1080/WebTours/images/itinerary.gif" is in the cache already and will not be downloaded again  	[MsgId: MMSG-26655]
Action.c(24): Found resource "http://localhost:1080/WebTours/images/home.gif" in HTML "http://localhost:1080/cgi-bin/nav.pl?page=menu&in=flights"  	[MsgId: MMSG-26659]
Action.c(24): Resource "http://localhost:1080/WebTours/images/signoff.gif" is in the cache already and will not be downloaded again  	[MsgId: MMSG-26655]
Action.c(24): Found resource "http://localhost:1080/WebTours/images/button_next.gif" in HTML "http://localhost:1080/cgi-bin/reservations.pl?page=welcome"  	[MsgId: MMSG-26659]
Action.c(24): web_url("Search Flights Button") was successful, 8516 body bytes, 1621 header bytes, 43 chunking overhead bytes  	[MsgId: MMSG-26385]
Action.c(34): Notify: Transaction "flightsBottonClick" ended with a "Pass" status (Duration: 0,0992).	[MsgId: MMSG-16873]
Action.c(36): lr_think_time: 5,00 seconds.	[MsgId: MMSG-15948]
Action.c(38): Notify: Transaction "startFindingFlights" started.	[MsgId: MMSG-16999]
Action.c(40): Notify: Next row for parameter flightDestination = 5 [table  = flightDestination].	[MsgId: MMSG-13876]
Action.c(40): Notify: Getting new value for parameter 'flightDestination': table = '..\Param\flightDestination.dat' column = '0' row = '5'.	[MsgId: MMSG-13877]
Action.c(40): Notify: Parameter Substitution: parameter "flightDestination" =  "Paris"	[MsgId: MMSG-13992]
Action.c(40): Notify: Saving Parameter "depart = Paris".	[MsgId: MMSG-13798]
Action.c(42): Notify: Next row for parameter flightDestination = 6 [table  = flightDestination].	[MsgId: MMSG-13876]
Action.c(42): Notify: Getting new value for parameter 'flightDestination': table = '..\Param\flightDestination.dat' column = '0' row = '6'.	[MsgId: MMSG-13877]
Action.c(42): Notify: Parameter Substitution: parameter "flightDestination" =  "Portland"	[MsgId: MMSG-13992]
Action.c(42): Notify: Saving Parameter "arrive = Portland".	[MsgId: MMSG-13798]
Action.c(44): web_reg_find started  	[MsgId: MMSG-26355]
Action.c(44): Notify: Parameter Substitution: parameter "depart" =  "Paris"	[MsgId: MMSG-13992]
Action.c(44): Notify: Parameter Substitution: parameter "arrive" =  "Portland"	[MsgId: MMSG-13992]
Action.c(44): Notify: Parameter Substitution: parameter "departDate" =  "09/09/2022"	[MsgId: MMSG-13992]
Action.c(44): Registering web_reg_find was successful  	[MsgId: MMSG-26390]
Action.c(50): web_submit_data("reservations.pl") started  	[MsgId: MMSG-26355]
Action.c(50): Notify: Parameter Substitution: parameter "depart" =  "Paris"	[MsgId: MMSG-13992]
Action.c(50): Notify: Parameter Substitution: parameter "departDate" =  "09/09/2022"	[MsgId: MMSG-13992]
Action.c(50): Notify: Parameter Substitution: parameter "arrive" =  "Portland"	[MsgId: MMSG-13992]
Action.c(50): Notify: Parameter Substitution: parameter "returnDate" =  "09/12/2022"	[MsgId: MMSG-13992]
Action.c(50): Notify: Parameter Substitution: parameter "seatPref" =  "None"	[MsgId: MMSG-13992]
Action.c(50): Notify: Parameter Substitution: parameter "seatType" =  "First"	[MsgId: MMSG-13992]
Action.c(50): Resource "http://localhost:1080/WebTours/images/button_next.gif" is in the cache already and will not be downloaded again  	[MsgId: MMSG-26655]
Action.c(50): Registered web_reg_find successful for "Text=Flight departing from <B>Paris</B> to <B>Portland</B> on <B>09/09/2022</B>" (count=1)  	[MsgId: MMSG-26364]
Action.c(50): web_submit_data("reservations.pl") was successful, 2444 body bytes, 256 header bytes, 12 chunking overhead bytes  	[MsgId: MMSG-26385]
Action.c(74): Notify: Transaction "startFindingFlights" ended with a "Pass" status (Duration: 0,0332 Wasted Time: 0,0000).	[MsgId: MMSG-16871]
Action.c(76): lr_think_time: 5,00 seconds.	[MsgId: MMSG-15948]
Action.c(84): Notify: Transaction "UC_02_TicketSearchWithoutBuying" ended with a "Pass" status (Duration: 20,2648 Think Time: 20,0036 Wasted Time: 0,0001).	[MsgId: MMSG-16870]
Ending action Action.	[MsgId: MMSG-15918]
Ending iteration 8.	[MsgId: MMSG-15965]
Waiting 169,7340 seconds for iteration pacing.	[MsgId: MMSG-15996]
Action was aborted.	[MsgId: MMSG-10694]
Ending Vuser...	[MsgId: MMSG-15966]
Starting action vuser_end.	[MsgId: MMSG-15919]
Ending action vuser_end.	[MsgId: MMSG-15918]
Vuser Terminated.	[MsgId: MMSG-15963]
Vuser 0 (thread 16980), ended OK."	[MsgId: MMSG-10695]
