Virtual User Script started at: 30.08.2022 17:46:24
Starting action vuser_init.
Web Turbo Replay of LoadRunner 2021.0.0 for Windows 10; build 430 (янв 05 2021 19:27:22)  	[MsgId: MMSG-26983]
Run mode: HTML  	[MsgId: MMSG-26993]
Replay user agent: Mozilla/5.0 (Windows NT 10.0; WOW64; Trident/7.0; rv:11.0) like Gecko  	[MsgId: MMSG-26988]
Runtime Settings file: "D:\Load Testing XSET\Load-Testing-XSET\Скрипты\01_LoginLogout\\default.cfg"  	[MsgId: MMSG-27141]
Ending action vuser_init.
Running Vuser...
Starting iteration 1.
Maximum number of concurrent connections per server: 6  	[MsgId: MMSG-26989]
Starting action Action.
Action.c(3): Notify: Transaction "01_LoginLogout" started.
Action.c(5): web_reg_find started  	[MsgId: MMSG-26355]
Action.c(5): Registering web_reg_find was successful  	[MsgId: MMSG-26390]
Action.c(9): web_url("WebTours") started  	[MsgId: MMSG-26355]
Action.c(9): Detected non-resource "http://localhost:1080/WebTours/header.html" in "http://localhost:1080/WebTours/"  	[MsgId: MMSG-26574]
Action.c(9): Detected non-resource "http://localhost:1080/cgi-bin/welcome.pl?signOff=true" in "http://localhost:1080/WebTours/"  	[MsgId: MMSG-26574]
Action.c(9): Found resource "http://localhost:1080/WebTours/images/hp_logo.png" in HTML "http://localhost:1080/WebTours/header.html"  	[MsgId: MMSG-26659]
Action.c(9): Found resource "http://localhost:1080/WebTours/images/webtours.png" in HTML "http://localhost:1080/WebTours/header.html"  	[MsgId: MMSG-26659]
Action.c(9): Detected non-resource "http://localhost:1080/cgi-bin/nav.pl?in=home" in "http://localhost:1080/cgi-bin/welcome.pl?signOff=true"  	[MsgId: MMSG-26574]
Action.c(9): Detected non-resource "http://localhost:1080/WebTours/home.html" in "http://localhost:1080/cgi-bin/welcome.pl?signOff=true"  	[MsgId: MMSG-26574]
Action.c(9): Found resource "http://localhost:1080/WebTours/images/mer_login.gif" in HTML "http://localhost:1080/cgi-bin/nav.pl?in=home"  	[MsgId: MMSG-26659]
Action.c(9): Registered web_reg_find successful for "Text=A Session ID has been created and loaded into a cookie" (count=1)  	[MsgId: MMSG-26364]
Action.c(9): web_url("WebTours") was successful, 10071 body bytes, 2377 header bytes, 24 chunking overhead bytes  	[MsgId: MMSG-26385]
Action.c(18): web_set_sockets_option started  	[MsgId: MMSG-26355]
Action.c(18): web_set_sockets_option was successful  	[MsgId: MMSG-26392]
Action.c(21): Notify: Transaction "login" started.
Action.c(23): web_reg_find started  	[MsgId: MMSG-26355]
Action.c(23): Registering web_reg_find was successful  	[MsgId: MMSG-26390]
Action.c(27): web_submit_form("login.pl") started  	[MsgId: MMSG-26355]
Action.c(27): Submitting form to "http://localhost:1080/cgi-bin/login.pl", Target Frame="body"  	[MsgId: MMSG-27978]
Action.c(27): Detected non-resource "http://localhost:1080/cgi-bin/nav.pl?page=menu&in=home" in "http://localhost:1080/cgi-bin/login.pl"  	[MsgId: MMSG-26574]
Action.c(27): Detected non-resource "http://localhost:1080/cgi-bin/login.pl?intro=true" in "http://localhost:1080/cgi-bin/login.pl"  	[MsgId: MMSG-26574]
Action.c(27): Found resource "http://localhost:1080/WebTours/images/flights.gif" in HTML "http://localhost:1080/cgi-bin/nav.pl?page=menu&in=home"  	[MsgId: MMSG-26659]
Action.c(27): Found resource "http://localhost:1080/WebTours/images/itinerary.gif" in HTML "http://localhost:1080/cgi-bin/nav.pl?page=menu&in=home"  	[MsgId: MMSG-26659]
Action.c(27): Found resource "http://localhost:1080/WebTours/images/in_home.gif" in HTML "http://localhost:1080/cgi-bin/nav.pl?page=menu&in=home"  	[MsgId: MMSG-26659]
Action.c(27): Found resource "http://localhost:1080/WebTours/images/signoff.gif" in HTML "http://localhost:1080/cgi-bin/nav.pl?page=menu&in=home"  	[MsgId: MMSG-26659]
Action.c(27): Registered web_reg_find successful for "Text=User password was correct" (count=1)  	[MsgId: MMSG-26364]
Action.c(27): web_submit_form("login.pl") was successful, 5781 body bytes, 2053 header bytes, 36 chunking overhead bytes  	[MsgId: MMSG-26385]
Action.c(36): Notify: Transaction "login" ended with a "Pass" status (Duration: 0,1366 Wasted Time: 0,0060).
Action.c(39): Notify: Transaction "logout" started.
Action.c(41): web_reg_find started  	[MsgId: MMSG-26355]
Action.c(41): Registering web_reg_find was successful  	[MsgId: MMSG-26390]
Action.c(45): web_image("SignOff Button") started  	[MsgId: MMSG-26355]
Action.c(45): Image-linking to "http://localhost:1080/cgi-bin/welcome.pl?signOff=1", Target Frame="body"  	[MsgId: MMSG-27993]
Action.c(45): Detected non-resource "http://localhost:1080/cgi-bin/nav.pl?in=home" in "http://localhost:1080/cgi-bin/welcome.pl?signOff=1"  	[MsgId: MMSG-26574]
Action.c(45): Detected non-resource "http://localhost:1080/WebTours/home.html" in "http://localhost:1080/cgi-bin/welcome.pl?signOff=1"  	[MsgId: MMSG-26574]
Action.c(45): Retrieving data from cache for "http://localhost:1080/WebTours/home.html"  	[MsgId: MMSG-26558]
Action.c(45): Resource "http://localhost:1080/WebTours/images/mer_login.gif" is in the cache already and will not be downloaded again  	[MsgId: MMSG-26655]
Action.c(45): Registered web_reg_find successful for "Text=A Session ID has been created and loaded into a cookie" (count=1)  	[MsgId: MMSG-26364]
Action.c(45): web_image("SignOff Button") was successful, 2176 body bytes, 582 header bytes, 24 chunking overhead bytes  	[MsgId: MMSG-26385]
Action.c(50): Notify: Transaction "logout" ended with a "Pass" status (Duration: 0.1186 Wasted Time: 0.0035).
Action.c(52): Notify: Transaction "01_LoginLogout" ended with a "Pass" status (Duration: 1.8264 Wasted Time: 0.0823).
Ending action Action.
Ending iteration 1.
Starting iteration 2.
Starting action Action.
Action.c(3): Notify: Transaction "01_LoginLogout" started.
Action.c(5): web_reg_find started  	[MsgId: MMSG-26355]
Action.c(5): Registering web_reg_find was successful  	[MsgId: MMSG-26390]
Action.c(9): web_url("WebTours") started  	[MsgId: MMSG-26355]
Action.c(9): Detected non-resource "http://localhost:1080/WebTours/header.html" in "http://localhost:1080/WebTours/"  	[MsgId: MMSG-26574]
Action.c(9): Detected non-resource "http://localhost:1080/cgi-bin/welcome.pl?signOff=true" in "http://localhost:1080/WebTours/"  	[MsgId: MMSG-26574]
Action.c(9): Found resource "http://localhost:1080/WebTours/images/hp_logo.png" in HTML "http://localhost:1080/WebTours/header.html"  	[MsgId: MMSG-26659]
Action.c(9): Found resource "http://localhost:1080/WebTours/images/webtours.png" in HTML "http://localhost:1080/WebTours/header.html"  	[MsgId: MMSG-26659]
Action.c(9): Detected non-resource "http://localhost:1080/cgi-bin/nav.pl?in=home" in "http://localhost:1080/cgi-bin/welcome.pl?signOff=true"  	[MsgId: MMSG-26574]
Action.c(9): Detected non-resource "http://localhost:1080/WebTours/home.html" in "http://localhost:1080/cgi-bin/welcome.pl?signOff=true"  	[MsgId: MMSG-26574]
Action.c(9): Found resource "http://localhost:1080/WebTours/images/mer_login.gif" in HTML "http://localhost:1080/cgi-bin/nav.pl?in=home"  	[MsgId: MMSG-26659]
Action.c(9): Registered web_reg_find successful for "Text=A Session ID has been created and loaded into a cookie" (count=1)  	[MsgId: MMSG-26364]
Action.c(9): web_url("WebTours") was successful, 10079 body bytes, 2377 header bytes, 24 chunking overhead bytes  	[MsgId: MMSG-26385]
Action.c(18): web_set_sockets_option started  	[MsgId: MMSG-26355]
Action.c(18): web_set_sockets_option was successful  	[MsgId: MMSG-26392]
Action.c(21): Notify: Transaction "login" started.
Action.c(23): web_reg_find started  	[MsgId: MMSG-26355]
Action.c(23): Registering web_reg_find was successful  	[MsgId: MMSG-26390]
Action.c(27): web_submit_form("login.pl") started  	[MsgId: MMSG-26355]
Action.c(27): Submitting form to "http://localhost:1080/cgi-bin/login.pl", Target Frame="body"  	[MsgId: MMSG-27978]
Action.c(27): Detected non-resource "http://localhost:1080/cgi-bin/nav.pl?page=menu&in=home" in "http://localhost:1080/cgi-bin/login.pl"  	[MsgId: MMSG-26574]
Action.c(27): Detected non-resource "http://localhost:1080/cgi-bin/login.pl?intro=true" in "http://localhost:1080/cgi-bin/login.pl"  	[MsgId: MMSG-26574]
Action.c(27): Found resource "http://localhost:1080/WebTours/images/flights.gif" in HTML "http://localhost:1080/cgi-bin/nav.pl?page=menu&in=home"  	[MsgId: MMSG-26659]
Action.c(27): Found resource "http://localhost:1080/WebTours/images/itinerary.gif" in HTML "http://localhost:1080/cgi-bin/nav.pl?page=menu&in=home"  	[MsgId: MMSG-26659]
Action.c(27): Found resource "http://localhost:1080/WebTours/images/in_home.gif" in HTML "http://localhost:1080/cgi-bin/nav.pl?page=menu&in=home"  	[MsgId: MMSG-26659]
Action.c(27): Found resource "http://localhost:1080/WebTours/images/signoff.gif" in HTML "http://localhost:1080/cgi-bin/nav.pl?page=menu&in=home"  	[MsgId: MMSG-26659]
Action.c(27): Registered web_reg_find successful for "Text=User password was correct" (count=1)  	[MsgId: MMSG-26364]
Action.c(27): web_submit_form("login.pl") was successful, 5781 body bytes, 2053 header bytes, 36 chunking overhead bytes  	[MsgId: MMSG-26385]
Action.c(36): Notify: Transaction "login" ended with a "Pass" status (Duration: 0.1355 Wasted Time: 0.0072).
Action.c(39): Notify: Transaction "logout" started.
Action.c(41): web_reg_find started  	[MsgId: MMSG-26355]
Action.c(41): Registering web_reg_find was successful  	[MsgId: MMSG-26390]
Action.c(45): web_image("SignOff Button") started  	[MsgId: MMSG-26355]
Action.c(45): Image-linking to "http://localhost:1080/cgi-bin/welcome.pl?signOff=1", Target Frame="body"  	[MsgId: MMSG-27993]
Action.c(45): Detected non-resource "http://localhost:1080/cgi-bin/nav.pl?in=home" in "http://localhost:1080/cgi-bin/welcome.pl?signOff=1"  	[MsgId: MMSG-26574]
Action.c(45): Detected non-resource "http://localhost:1080/WebTours/home.html" in "http://localhost:1080/cgi-bin/welcome.pl?signOff=1"  	[MsgId: MMSG-26574]
Action.c(45): Retrieving data from cache for "http://localhost:1080/WebTours/home.html"  	[MsgId: MMSG-26558]
Action.c(45): Resource "http://localhost:1080/WebTours/images/mer_login.gif" is in the cache already and will not be downloaded again  	[MsgId: MMSG-26655]
Action.c(45): Registered web_reg_find successful for "Text=A Session ID has been created and loaded into a cookie" (count=1)  	[MsgId: MMSG-26364]
Action.c(45): web_image("SignOff Button") was successful, 2175 body bytes, 582 header bytes, 24 chunking overhead bytes  	[MsgId: MMSG-26385]
Action.c(50): Notify: Transaction "logout" ended with a "Pass" status (Duration: 0,1146 Wasted Time: 0,0058).
Action.c(52): Notify: Transaction "01_LoginLogout" ended with a "Pass" status (Duration: 0,4138 Wasted Time: 0,0212).
Ending action Action.
Ending iteration 2.
Starting iteration 3.
Starting action Action.
Action.c(3): Notify: Transaction "01_LoginLogout" started.
Action.c(5): web_reg_find started  	[MsgId: MMSG-26355]
Action.c(5): Registering web_reg_find was successful  	[MsgId: MMSG-26390]
Action.c(9): web_url("WebTours") started  	[MsgId: MMSG-26355]
Action.c(9): Detected non-resource "http://localhost:1080/WebTours/header.html" in "http://localhost:1080/WebTours/"  	[MsgId: MMSG-26574]
Action.c(9): Detected non-resource "http://localhost:1080/cgi-bin/welcome.pl?signOff=true" in "http://localhost:1080/WebTours/"  	[MsgId: MMSG-26574]
Action.c(9): Found resource "http://localhost:1080/WebTours/images/hp_logo.png" in HTML "http://localhost:1080/WebTours/header.html"  	[MsgId: MMSG-26659]
Action.c(9): Found resource "http://localhost:1080/WebTours/images/webtours.png" in HTML "http://localhost:1080/WebTours/header.html"  	[MsgId: MMSG-26659]
Action.c(9): Detected non-resource "http://localhost:1080/cgi-bin/nav.pl?in=home" in "http://localhost:1080/cgi-bin/welcome.pl?signOff=true"  	[MsgId: MMSG-26574]
Action.c(9): Detected non-resource "http://localhost:1080/WebTours/home.html" in "http://localhost:1080/cgi-bin/welcome.pl?signOff=true"  	[MsgId: MMSG-26574]
Action.c(9): Found resource "http://localhost:1080/WebTours/images/mer_login.gif" in HTML "http://localhost:1080/cgi-bin/nav.pl?in=home"  	[MsgId: MMSG-26659]
Action.c(9): Registered web_reg_find successful for "Text=A Session ID has been created and loaded into a cookie" (count=1)  	[MsgId: MMSG-26364]
Action.c(9): web_url("WebTours") was successful, 10079 body bytes, 2377 header bytes, 24 chunking overhead bytes  	[MsgId: MMSG-26385]
Action.c(18): web_set_sockets_option started  	[MsgId: MMSG-26355]
Action.c(18): web_set_sockets_option was successful  	[MsgId: MMSG-26392]
Action.c(21): Notify: Transaction "login" started.
Action.c(23): web_reg_find started  	[MsgId: MMSG-26355]
Action.c(23): Registering web_reg_find was successful  	[MsgId: MMSG-26390]
Action.c(27): web_submit_form("login.pl") started  	[MsgId: MMSG-26355]
Action.c(27): Submitting form to "http://localhost:1080/cgi-bin/login.pl", Target Frame="body"  	[MsgId: MMSG-27978]
Action.c(27): Detected non-resource "http://localhost:1080/cgi-bin/nav.pl?page=menu&in=home" in "http://localhost:1080/cgi-bin/login.pl"  	[MsgId: MMSG-26574]
Action.c(27): Detected non-resource "http://localhost:1080/cgi-bin/login.pl?intro=true" in "http://localhost:1080/cgi-bin/login.pl"  	[MsgId: MMSG-26574]
Action.c(27): Found resource "http://localhost:1080/WebTours/images/flights.gif" in HTML "http://localhost:1080/cgi-bin/nav.pl?page=menu&in=home"  	[MsgId: MMSG-26659]
Action.c(27): Found resource "http://localhost:1080/WebTours/images/itinerary.gif" in HTML "http://localhost:1080/cgi-bin/nav.pl?page=menu&in=home"  	[MsgId: MMSG-26659]
Action.c(27): Found resource "http://localhost:1080/WebTours/images/in_home.gif" in HTML "http://localhost:1080/cgi-bin/nav.pl?page=menu&in=home"  	[MsgId: MMSG-26659]
Action.c(27): Found resource "http://localhost:1080/WebTours/images/signoff.gif" in HTML "http://localhost:1080/cgi-bin/nav.pl?page=menu&in=home"  	[MsgId: MMSG-26659]
Action.c(27): Registered web_reg_find successful for "Text=User password was correct" (count=1)  	[MsgId: MMSG-26364]
Action.c(27): web_submit_form("login.pl") was successful, 5781 body bytes, 2053 header bytes, 36 chunking overhead bytes  	[MsgId: MMSG-26385]
Action.c(36): Notify: Transaction "login" ended with a "Pass" status (Duration: 0.1385 Wasted Time: 0.0091).
Action.c(39): Notify: Transaction "logout" started.
Action.c(41): web_reg_find started  	[MsgId: MMSG-26355]
Action.c(41): Registering web_reg_find was successful  	[MsgId: MMSG-26390]
Action.c(45): web_image("SignOff Button") started  	[MsgId: MMSG-26355]
Action.c(45): Image-linking to "http://localhost:1080/cgi-bin/welcome.pl?signOff=1", Target Frame="body"  	[MsgId: MMSG-27993]
Action.c(45): Detected non-resource "http://localhost:1080/cgi-bin/nav.pl?in=home" in "http://localhost:1080/cgi-bin/welcome.pl?signOff=1"  	[MsgId: MMSG-26574]
Action.c(45): Detected non-resource "http://localhost:1080/WebTours/home.html" in "http://localhost:1080/cgi-bin/welcome.pl?signOff=1"  	[MsgId: MMSG-26574]
Action.c(45): Retrieving data from cache for "http://localhost:1080/WebTours/home.html"  	[MsgId: MMSG-26558]
Action.c(45): Resource "http://localhost:1080/WebTours/images/mer_login.gif" is in the cache already and will not be downloaded again  	[MsgId: MMSG-26655]
Action.c(45): Registered web_reg_find successful for "Text=A Session ID has been created and loaded into a cookie" (count=1)  	[MsgId: MMSG-26364]
Action.c(45): web_image("SignOff Button") was successful, 2175 body bytes, 582 header bytes, 24 chunking overhead bytes  	[MsgId: MMSG-26385]
Action.c(50): Notify: Transaction "logout" ended with a "Pass" status (Duration: 0.1212 Wasted Time: 0.0082).
Action.c(52): Notify: Transaction "01_LoginLogout" ended with a "Pass" status (Duration: 0.4567 Wasted Time: 0.0267).
Ending action Action.
Ending iteration 3.
Starting iteration 4.
Starting action Action.
Action.c(3): Notify: Transaction "01_LoginLogout" started.
Action.c(5): web_reg_find started  	[MsgId: MMSG-26355]
Action.c(5): Registering web_reg_find was successful  	[MsgId: MMSG-26390]
Action.c(9): web_url("WebTours") started  	[MsgId: MMSG-26355]
Action.c(9): Detected non-resource "http://localhost:1080/WebTours/header.html" in "http://localhost:1080/WebTours/"  	[MsgId: MMSG-26574]
Action.c(9): Detected non-resource "http://localhost:1080/cgi-bin/welcome.pl?signOff=true" in "http://localhost:1080/WebTours/"  	[MsgId: MMSG-26574]
Action.c(9): Found resource "http://localhost:1080/WebTours/images/hp_logo.png" in HTML "http://localhost:1080/WebTours/header.html"  	[MsgId: MMSG-26659]
Action.c(9): Found resource "http://localhost:1080/WebTours/images/webtours.png" in HTML "http://localhost:1080/WebTours/header.html"  	[MsgId: MMSG-26659]
Action.c(9): Detected non-resource "http://localhost:1080/cgi-bin/nav.pl?in=home" in "http://localhost:1080/cgi-bin/welcome.pl?signOff=true"  	[MsgId: MMSG-26574]
Action.c(9): Detected non-resource "http://localhost:1080/WebTours/home.html" in "http://localhost:1080/cgi-bin/welcome.pl?signOff=true"  	[MsgId: MMSG-26574]
Action.c(9): Found resource "http://localhost:1080/WebTours/images/mer_login.gif" in HTML "http://localhost:1080/cgi-bin/nav.pl?in=home"  	[MsgId: MMSG-26659]
Action.c(9): Registered web_reg_find successful for "Text=A Session ID has been created and loaded into a cookie" (count=1)  	[MsgId: MMSG-26364]
Action.c(9): web_url("WebTours") was successful, 10079 body bytes, 2377 header bytes, 24 chunking overhead bytes  	[MsgId: MMSG-26385]
Action.c(18): web_set_sockets_option started  	[MsgId: MMSG-26355]
Action.c(18): web_set_sockets_option was successful  	[MsgId: MMSG-26392]
Action.c(21): Notify: Transaction "login" started.
Action.c(23): web_reg_find started  	[MsgId: MMSG-26355]
Action.c(23): Registering web_reg_find was successful  	[MsgId: MMSG-26390]
Action.c(27): web_submit_form("login.pl") started  	[MsgId: MMSG-26355]
Action.c(27): Submitting form to "http://localhost:1080/cgi-bin/login.pl", Target Frame="body"  	[MsgId: MMSG-27978]
Action.c(27): Detected non-resource "http://localhost:1080/cgi-bin/nav.pl?page=menu&in=home" in "http://localhost:1080/cgi-bin/login.pl"  	[MsgId: MMSG-26574]
Action.c(27): Detected non-resource "http://localhost:1080/cgi-bin/login.pl?intro=true" in "http://localhost:1080/cgi-bin/login.pl"  	[MsgId: MMSG-26574]
Action.c(27): Found resource "http://localhost:1080/WebTours/images/flights.gif" in HTML "http://localhost:1080/cgi-bin/nav.pl?page=menu&in=home"  	[MsgId: MMSG-26659]
Action.c(27): Found resource "http://localhost:1080/WebTours/images/itinerary.gif" in HTML "http://localhost:1080/cgi-bin/nav.pl?page=menu&in=home"  	[MsgId: MMSG-26659]
Action.c(27): Found resource "http://localhost:1080/WebTours/images/in_home.gif" in HTML "http://localhost:1080/cgi-bin/nav.pl?page=menu&in=home"  	[MsgId: MMSG-26659]
Action.c(27): Found resource "http://localhost:1080/WebTours/images/signoff.gif" in HTML "http://localhost:1080/cgi-bin/nav.pl?page=menu&in=home"  	[MsgId: MMSG-26659]
Action.c(27): Registered web_reg_find successful for "Text=User password was correct" (count=1)  	[MsgId: MMSG-26364]
Action.c(27): web_submit_form("login.pl") was successful, 5781 body bytes, 2053 header bytes, 36 chunking overhead bytes  	[MsgId: MMSG-26385]
Action.c(36): Notify: Transaction "login" ended with a "Pass" status (Duration: 0,1425 Wasted Time: 0,0118).
Action.c(39): Notify: Transaction "logout" started.
Action.c(41): web_reg_find started  	[MsgId: MMSG-26355]
Action.c(41): Registering web_reg_find was successful  	[MsgId: MMSG-26390]
Action.c(45): web_image("SignOff Button") started  	[MsgId: MMSG-26355]
Action.c(45): Image-linking to "http://localhost:1080/cgi-bin/welcome.pl?signOff=1", Target Frame="body"  	[MsgId: MMSG-27993]
Action.c(45): Detected non-resource "http://localhost:1080/cgi-bin/nav.pl?in=home" in "http://localhost:1080/cgi-bin/welcome.pl?signOff=1"  	[MsgId: MMSG-26574]
Action.c(45): Detected non-resource "http://localhost:1080/WebTours/home.html" in "http://localhost:1080/cgi-bin/welcome.pl?signOff=1"  	[MsgId: MMSG-26574]
Action.c(45): Retrieving data from cache for "http://localhost:1080/WebTours/home.html"  	[MsgId: MMSG-26558]
Action.c(45): Resource "http://localhost:1080/WebTours/images/mer_login.gif" is in the cache already and will not be downloaded again  	[MsgId: MMSG-26655]
Action.c(45): Registered web_reg_find successful for "Text=A Session ID has been created and loaded into a cookie" (count=1)  	[MsgId: MMSG-26364]
Action.c(45): web_image("SignOff Button") was successful, 2172 body bytes, 582 header bytes, 24 chunking overhead bytes  	[MsgId: MMSG-26385]
Action.c(50): Notify: Transaction "logout" ended with a "Pass" status (Duration: 0.1226 Wasted Time: 0.0104).
Action.c(52): Notify: Transaction "01_LoginLogout" ended with a "Pass" status (Duration: 0.4208 Wasted Time: 0.0340).
Ending action Action.
Ending iteration 4.
Starting iteration 5.
Starting action Action.
Action.c(3): Notify: Transaction "01_LoginLogout" started.
Action.c(5): web_reg_find started  	[MsgId: MMSG-26355]
Action.c(5): Registering web_reg_find was successful  	[MsgId: MMSG-26390]
Action.c(9): web_url("WebTours") started  	[MsgId: MMSG-26355]
Action.c(9): Detected non-resource "http://localhost:1080/WebTours/header.html" in "http://localhost:1080/WebTours/"  	[MsgId: MMSG-26574]
Action.c(9): Detected non-resource "http://localhost:1080/cgi-bin/welcome.pl?signOff=true" in "http://localhost:1080/WebTours/"  	[MsgId: MMSG-26574]
Action.c(9): Found resource "http://localhost:1080/WebTours/images/hp_logo.png" in HTML "http://localhost:1080/WebTours/header.html"  	[MsgId: MMSG-26659]
Action.c(9): Found resource "http://localhost:1080/WebTours/images/webtours.png" in HTML "http://localhost:1080/WebTours/header.html"  	[MsgId: MMSG-26659]
Action.c(9): Detected non-resource "http://localhost:1080/cgi-bin/nav.pl?in=home" in "http://localhost:1080/cgi-bin/welcome.pl?signOff=true"  	[MsgId: MMSG-26574]
Action.c(9): Detected non-resource "http://localhost:1080/WebTours/home.html" in "http://localhost:1080/cgi-bin/welcome.pl?signOff=true"  	[MsgId: MMSG-26574]
Action.c(9): Found resource "http://localhost:1080/WebTours/images/mer_login.gif" in HTML "http://localhost:1080/cgi-bin/nav.pl?in=home"  	[MsgId: MMSG-26659]
Action.c(9): Registered web_reg_find successful for "Text=A Session ID has been created and loaded into a cookie" (count=1)  	[MsgId: MMSG-26364]
Action.c(9): web_url("WebTours") was successful, 10076 body bytes, 2377 header bytes, 24 chunking overhead bytes  	[MsgId: MMSG-26385]
Action.c(18): web_set_sockets_option started  	[MsgId: MMSG-26355]
Action.c(18): web_set_sockets_option was successful  	[MsgId: MMSG-26392]
Action.c(21): Notify: Transaction "login" started.
Action.c(23): web_reg_find started  	[MsgId: MMSG-26355]
Action.c(23): Registering web_reg_find was successful  	[MsgId: MMSG-26390]
Action.c(27): web_submit_form("login.pl") started  	[MsgId: MMSG-26355]
Action.c(27): Submitting form to "http://localhost:1080/cgi-bin/login.pl", Target Frame="body"  	[MsgId: MMSG-27978]
Action.c(27): Detected non-resource "http://localhost:1080/cgi-bin/nav.pl?page=menu&in=home" in "http://localhost:1080/cgi-bin/login.pl"  	[MsgId: MMSG-26574]
Action.c(27): Detected non-resource "http://localhost:1080/cgi-bin/login.pl?intro=true" in "http://localhost:1080/cgi-bin/login.pl"  	[MsgId: MMSG-26574]
Action.c(27): Found resource "http://localhost:1080/WebTours/images/flights.gif" in HTML "http://localhost:1080/cgi-bin/nav.pl?page=menu&in=home"  	[MsgId: MMSG-26659]
Action.c(27): Found resource "http://localhost:1080/WebTours/images/itinerary.gif" in HTML "http://localhost:1080/cgi-bin/nav.pl?page=menu&in=home"  	[MsgId: MMSG-26659]
Action.c(27): Found resource "http://localhost:1080/WebTours/images/in_home.gif" in HTML "http://localhost:1080/cgi-bin/nav.pl?page=menu&in=home"  	[MsgId: MMSG-26659]
Action.c(27): Found resource "http://localhost:1080/WebTours/images/signoff.gif" in HTML "http://localhost:1080/cgi-bin/nav.pl?page=menu&in=home"  	[MsgId: MMSG-26659]
Action.c(27): Registered web_reg_find successful for "Text=User password was correct" (count=1)  	[MsgId: MMSG-26364]
Action.c(27): web_submit_form("login.pl") was successful, 5781 body bytes, 2053 header bytes, 36 chunking overhead bytes  	[MsgId: MMSG-26385]
Action.c(36): Notify: Transaction "login" ended with a "Pass" status (Duration: 0.1465 Wasted Time: 0.0140).
Action.c(39): Notify: Transaction "logout" started.
Action.c(41): web_reg_find started  	[MsgId: MMSG-26355]
Action.c(41): Registering web_reg_find was successful  	[MsgId: MMSG-26390]
Action.c(45): web_image("SignOff Button") started  	[MsgId: MMSG-26355]
Action.c(45): Image-linking to "http://localhost:1080/cgi-bin/welcome.pl?signOff=1", Target Frame="body"  	[MsgId: MMSG-27993]
Action.c(45): Detected non-resource "http://localhost:1080/cgi-bin/nav.pl?in=home" in "http://localhost:1080/cgi-bin/welcome.pl?signOff=1"  	[MsgId: MMSG-26574]
Action.c(45): Detected non-resource "http://localhost:1080/WebTours/home.html" in "http://localhost:1080/cgi-bin/welcome.pl?signOff=1"  	[MsgId: MMSG-26574]
Action.c(45): Retrieving data from cache for "http://localhost:1080/WebTours/home.html"  	[MsgId: MMSG-26558]
Action.c(45): Resource "http://localhost:1080/WebTours/images/mer_login.gif" is in the cache already and will not be downloaded again  	[MsgId: MMSG-26655]
Action.c(45): Registered web_reg_find successful for "Text=A Session ID has been created and loaded into a cookie" (count=1)  	[MsgId: MMSG-26364]
Action.c(45): web_image("SignOff Button") was successful, 2172 body bytes, 582 header bytes, 24 chunking overhead bytes  	[MsgId: MMSG-26385]
Action.c(50): Notify: Transaction "logout" ended with a "Pass" status (Duration: 0.1306 Wasted Time: 0.0129).
Action.c(52): Notify: Transaction "01_LoginLogout" ended with a "Pass" status (Duration: 0.4367 Wasted Time: 0.0414).
Ending action Action.
Ending iteration 5.
Starting iteration 6.
Starting action Action.
Action.c(3): Notify: Transaction "01_LoginLogout" started.
Action.c(5): web_reg_find started  	[MsgId: MMSG-26355]
Action.c(5): Registering web_reg_find was successful  	[MsgId: MMSG-26390]
Action.c(9): web_url("WebTours") started  	[MsgId: MMSG-26355]
Action.c(9): Detected non-resource "http://localhost:1080/WebTours/header.html" in "http://localhost:1080/WebTours/"  	[MsgId: MMSG-26574]
Action.c(9): Detected non-resource "http://localhost:1080/cgi-bin/welcome.pl?signOff=true" in "http://localhost:1080/WebTours/"  	[MsgId: MMSG-26574]
Action.c(9): Found resource "http://localhost:1080/WebTours/images/hp_logo.png" in HTML "http://localhost:1080/WebTours/header.html"  	[MsgId: MMSG-26659]
Action.c(9): Found resource "http://localhost:1080/WebTours/images/webtours.png" in HTML "http://localhost:1080/WebTours/header.html"  	[MsgId: MMSG-26659]
Action.c(9): Detected non-resource "http://localhost:1080/cgi-bin/nav.pl?in=home" in "http://localhost:1080/cgi-bin/welcome.pl?signOff=true"  	[MsgId: MMSG-26574]
Action.c(9): Detected non-resource "http://localhost:1080/WebTours/home.html" in "http://localhost:1080/cgi-bin/welcome.pl?signOff=true"  	[MsgId: MMSG-26574]
Action.c(9): Found resource "http://localhost:1080/WebTours/images/mer_login.gif" in HTML "http://localhost:1080/cgi-bin/nav.pl?in=home"  	[MsgId: MMSG-26659]
Action.c(9): Registered web_reg_find successful for "Text=A Session ID has been created and loaded into a cookie" (count=1)  	[MsgId: MMSG-26364]
Action.c(9): web_url("WebTours") was successful, 10076 body bytes, 2377 header bytes, 24 chunking overhead bytes  	[MsgId: MMSG-26385]
Action.c(18): web_set_sockets_option started  	[MsgId: MMSG-26355]
Action.c(18): web_set_sockets_option was successful  	[MsgId: MMSG-26392]
Action.c(21): Notify: Transaction "login" started.
Action.c(23): web_reg_find started  	[MsgId: MMSG-26355]
Action.c(23): Registering web_reg_find was successful  	[MsgId: MMSG-26390]
Action.c(27): web_submit_form("login.pl") started  	[MsgId: MMSG-26355]
Action.c(27): Submitting form to "http://localhost:1080/cgi-bin/login.pl", Target Frame="body"  	[MsgId: MMSG-27978]
Action.c(27): Detected non-resource "http://localhost:1080/cgi-bin/nav.pl?page=menu&in=home" in "http://localhost:1080/cgi-bin/login.pl"  	[MsgId: MMSG-26574]
Action.c(27): Detected non-resource "http://localhost:1080/cgi-bin/login.pl?intro=true" in "http://localhost:1080/cgi-bin/login.pl"  	[MsgId: MMSG-26574]
Action.c(27): Found resource "http://localhost:1080/WebTours/images/flights.gif" in HTML "http://localhost:1080/cgi-bin/nav.pl?page=menu&in=home"  	[MsgId: MMSG-26659]
Action.c(27): Found resource "http://localhost:1080/WebTours/images/itinerary.gif" in HTML "http://localhost:1080/cgi-bin/nav.pl?page=menu&in=home"  	[MsgId: MMSG-26659]
Action.c(27): Found resource "http://localhost:1080/WebTours/images/in_home.gif" in HTML "http://localhost:1080/cgi-bin/nav.pl?page=menu&in=home"  	[MsgId: MMSG-26659]
Action.c(27): Found resource "http://localhost:1080/WebTours/images/signoff.gif" in HTML "http://localhost:1080/cgi-bin/nav.pl?page=menu&in=home"  	[MsgId: MMSG-26659]
Action.c(27): Registered web_reg_find successful for "Text=User password was correct" (count=1)  	[MsgId: MMSG-26364]
Action.c(27): web_submit_form("login.pl") was successful, 5781 body bytes, 2052 header bytes, 36 chunking overhead bytes  	[MsgId: MMSG-26385]
Action.c(36): Notify: Transaction "login" ended with a "Pass" status (Duration: 0,1878 Wasted Time: 0,0162).
Action.c(39): Notify: Transaction "logout" started.
Action.c(41): web_reg_find started  	[MsgId: MMSG-26355]
Action.c(41): Registering web_reg_find was successful  	[MsgId: MMSG-26390]
Action.c(45): web_image("SignOff Button") started  	[MsgId: MMSG-26355]
Action.c(45): Image-linking to "http://localhost:1080/cgi-bin/welcome.pl?signOff=1", Target Frame="body"  	[MsgId: MMSG-27993]
Action.c(45): Detected non-resource "http://localhost:1080/cgi-bin/nav.pl?in=home" in "http://localhost:1080/cgi-bin/welcome.pl?signOff=1"  	[MsgId: MMSG-26574]
Action.c(45): Detected non-resource "http://localhost:1080/WebTours/home.html" in "http://localhost:1080/cgi-bin/welcome.pl?signOff=1"  	[MsgId: MMSG-26574]
Action.c(45): Retrieving data from cache for "http://localhost:1080/WebTours/home.html"  	[MsgId: MMSG-26558]
Action.c(45): Resource "http://localhost:1080/WebTours/images/mer_login.gif" is in the cache already and will not be downloaded again  	[MsgId: MMSG-26655]
Action.c(45): Registered web_reg_find successful for "Text=A Session ID has been created and loaded into a cookie" (count=1)  	[MsgId: MMSG-26364]
Action.c(45): web_image("SignOff Button") was successful, 2174 body bytes, 582 header bytes, 24 chunking overhead bytes  	[MsgId: MMSG-26385]
Action.c(50): Notify: Transaction "logout" ended with a "Pass" status (Duration: 0,1266 Wasted Time: 0,0156).
Action.c(52): Notify: Transaction "01_LoginLogout" ended with a "Pass" status (Duration: 0,4752 Wasted Time: 0,0488).
Ending action Action.
Ending iteration 6.
Starting iteration 7.
Starting action Action.
Action.c(3): Notify: Transaction "01_LoginLogout" started.
Action.c(5): web_reg_find started  	[MsgId: MMSG-26355]
Action.c(5): Registering web_reg_find was successful  	[MsgId: MMSG-26390]
Action.c(9): web_url("WebTours") started  	[MsgId: MMSG-26355]
Action.c(9): Detected non-resource "http://localhost:1080/WebTours/header.html" in "http://localhost:1080/WebTours/"  	[MsgId: MMSG-26574]
Action.c(9): Detected non-resource "http://localhost:1080/cgi-bin/welcome.pl?signOff=true" in "http://localhost:1080/WebTours/"  	[MsgId: MMSG-26574]
Action.c(9): Found resource "http://localhost:1080/WebTours/images/hp_logo.png" in HTML "http://localhost:1080/WebTours/header.html"  	[MsgId: MMSG-26659]
Action.c(9): Found resource "http://localhost:1080/WebTours/images/webtours.png" in HTML "http://localhost:1080/WebTours/header.html"  	[MsgId: MMSG-26659]
Action.c(9): Detected non-resource "http://localhost:1080/cgi-bin/nav.pl?in=home" in "http://localhost:1080/cgi-bin/welcome.pl?signOff=true"  	[MsgId: MMSG-26574]
Action.c(9): Detected non-resource "http://localhost:1080/WebTours/home.html" in "http://localhost:1080/cgi-bin/welcome.pl?signOff=true"  	[MsgId: MMSG-26574]
Action.c(9): Found resource "http://localhost:1080/WebTours/images/mer_login.gif" in HTML "http://localhost:1080/cgi-bin/nav.pl?in=home"  	[MsgId: MMSG-26659]
Action.c(9): Registered web_reg_find successful for "Text=A Session ID has been created and loaded into a cookie" (count=1)  	[MsgId: MMSG-26364]
Action.c(9): web_url("WebTours") was successful, 10078 body bytes, 2377 header bytes, 24 chunking overhead bytes  	[MsgId: MMSG-26385]
Action.c(18): web_set_sockets_option started  	[MsgId: MMSG-26355]
Action.c(18): web_set_sockets_option was successful  	[MsgId: MMSG-26392]
Action.c(21): Notify: Transaction "login" started.
Action.c(23): web_reg_find started  	[MsgId: MMSG-26355]
Action.c(23): Registering web_reg_find was successful  	[MsgId: MMSG-26390]
Action.c(27): web_submit_form("login.pl") started  	[MsgId: MMSG-26355]
Action.c(27): Submitting form to "http://localhost:1080/cgi-bin/login.pl", Target Frame="body"  	[MsgId: MMSG-27978]
Action.c(27): Detected non-resource "http://localhost:1080/cgi-bin/nav.pl?page=menu&in=home" in "http://localhost:1080/cgi-bin/login.pl"  	[MsgId: MMSG-26574]
Action.c(27): Detected non-resource "http://localhost:1080/cgi-bin/login.pl?intro=true" in "http://localhost:1080/cgi-bin/login.pl"  	[MsgId: MMSG-26574]
Action.c(27): Found resource "http://localhost:1080/WebTours/images/flights.gif" in HTML "http://localhost:1080/cgi-bin/nav.pl?page=menu&in=home"  	[MsgId: MMSG-26659]
Action.c(27): Found resource "http://localhost:1080/WebTours/images/itinerary.gif" in HTML "http://localhost:1080/cgi-bin/nav.pl?page=menu&in=home"  	[MsgId: MMSG-26659]
Action.c(27): Found resource "http://localhost:1080/WebTours/images/in_home.gif" in HTML "http://localhost:1080/cgi-bin/nav.pl?page=menu&in=home"  	[MsgId: MMSG-26659]
Action.c(27): Found resource "http://localhost:1080/WebTours/images/signoff.gif" in HTML "http://localhost:1080/cgi-bin/nav.pl?page=menu&in=home"  	[MsgId: MMSG-26659]
Action.c(27): Registered web_reg_find successful for "Text=User password was correct" (count=1)  	[MsgId: MMSG-26364]
Action.c(27): web_submit_form("login.pl") was successful, 5781 body bytes, 2053 header bytes, 36 chunking overhead bytes  	[MsgId: MMSG-26385]
Action.c(36): Notify: Transaction "login" ended with a "Pass" status (Duration: 0,1495 Wasted Time: 0,0189).
Action.c(39): Notify: Transaction "logout" started.
Action.c(41): web_reg_find started  	[MsgId: MMSG-26355]
Action.c(41): Registering web_reg_find was successful  	[MsgId: MMSG-26390]
Action.c(45): web_image("SignOff Button") started  	[MsgId: MMSG-26355]
Action.c(45): Image-linking to "http://localhost:1080/cgi-bin/welcome.pl?signOff=1", Target Frame="body"  	[MsgId: MMSG-27993]
Action.c(45): Detected non-resource "http://localhost:1080/cgi-bin/nav.pl?in=home" in "http://localhost:1080/cgi-bin/welcome.pl?signOff=1"  	[MsgId: MMSG-26574]
Action.c(45): Detected non-resource "http://localhost:1080/WebTours/home.html" in "http://localhost:1080/cgi-bin/welcome.pl?signOff=1"  	[MsgId: MMSG-26574]
Action.c(45): Retrieving data from cache for "http://localhost:1080/WebTours/home.html"  	[MsgId: MMSG-26558]
Action.c(45): Resource "http://localhost:1080/WebTours/images/mer_login.gif" is in the cache already and will not be downloaded again  	[MsgId: MMSG-26655]
Action.c(45): Registered web_reg_find successful for "Text=A Session ID has been created and loaded into a cookie" (count=1)  	[MsgId: MMSG-26364]
Action.c(45): web_image("SignOff Button") was successful, 2174 body bytes, 582 header bytes, 24 chunking overhead bytes  	[MsgId: MMSG-26385]
Action.c(50): Notify: Transaction "logout" ended with a "Pass" status (Duration: 0.1285 Wasted Time: 0.0178).
Action.c(52): Notify: Transaction "01_LoginLogout" ended with a "Pass" status (Duration: 0.4407 Wasted Time: 0.0560).
Ending action Action.
Ending iteration 7.
Starting iteration 8.
Starting action Action.
Action.c(3): Notify: Transaction "01_LoginLogout" started.
Action.c(5): web_reg_find started  	[MsgId: MMSG-26355]
Action.c(5): Registering web_reg_find was successful  	[MsgId: MMSG-26390]
Action.c(9): web_url("WebTours") started  	[MsgId: MMSG-26355]
Action.c(9): Detected non-resource "http://localhost:1080/WebTours/header.html" in "http://localhost:1080/WebTours/"  	[MsgId: MMSG-26574]
Action.c(9): Detected non-resource "http://localhost:1080/cgi-bin/welcome.pl?signOff=true" in "http://localhost:1080/WebTours/"  	[MsgId: MMSG-26574]
Action.c(9): Found resource "http://localhost:1080/WebTours/images/hp_logo.png" in HTML "http://localhost:1080/WebTours/header.html"  	[MsgId: MMSG-26659]
Action.c(9): Found resource "http://localhost:1080/WebTours/images/webtours.png" in HTML "http://localhost:1080/WebTours/header.html"  	[MsgId: MMSG-26659]
Action.c(9): Detected non-resource "http://localhost:1080/cgi-bin/nav.pl?in=home" in "http://localhost:1080/cgi-bin/welcome.pl?signOff=true"  	[MsgId: MMSG-26574]
Action.c(9): Detected non-resource "http://localhost:1080/WebTours/home.html" in "http://localhost:1080/cgi-bin/welcome.pl?signOff=true"  	[MsgId: MMSG-26574]
Action.c(9): Found resource "http://localhost:1080/WebTours/images/mer_login.gif" in HTML "http://localhost:1080/cgi-bin/nav.pl?in=home"  	[MsgId: MMSG-26659]
Action.c(9): Registered web_reg_find successful for "Text=A Session ID has been created and loaded into a cookie" (count=1)  	[MsgId: MMSG-26364]
Action.c(9): web_url("WebTours") was successful, 10078 body bytes, 2377 header bytes, 24 chunking overhead bytes  	[MsgId: MMSG-26385]
Action.c(18): web_set_sockets_option started  	[MsgId: MMSG-26355]
Action.c(18): web_set_sockets_option was successful  	[MsgId: MMSG-26392]
Action.c(21): Notify: Transaction "login" started.
Action.c(23): web_reg_find started  	[MsgId: MMSG-26355]
Action.c(23): Registering web_reg_find was successful  	[MsgId: MMSG-26390]
Action.c(27): web_submit_form("login.pl") started  	[MsgId: MMSG-26355]
Action.c(27): Submitting form to "http://localhost:1080/cgi-bin/login.pl", Target Frame="body"  	[MsgId: MMSG-27978]
Action.c(27): Detected non-resource "http://localhost:1080/cgi-bin/nav.pl?page=menu&in=home" in "http://localhost:1080/cgi-bin/login.pl"  	[MsgId: MMSG-26574]
Action.c(27): Detected non-resource "http://localhost:1080/cgi-bin/login.pl?intro=true" in "http://localhost:1080/cgi-bin/login.pl"  	[MsgId: MMSG-26574]
Action.c(27): Found resource "http://localhost:1080/WebTours/images/flights.gif" in HTML "http://localhost:1080/cgi-bin/nav.pl?page=menu&in=home"  	[MsgId: MMSG-26659]
Action.c(27): Found resource "http://localhost:1080/WebTours/images/itinerary.gif" in HTML "http://localhost:1080/cgi-bin/nav.pl?page=menu&in=home"  	[MsgId: MMSG-26659]
Action.c(27): Found resource "http://localhost:1080/WebTours/images/in_home.gif" in HTML "http://localhost:1080/cgi-bin/nav.pl?page=menu&in=home"  	[MsgId: MMSG-26659]
Action.c(27): Found resource "http://localhost:1080/WebTours/images/signoff.gif" in HTML "http://localhost:1080/cgi-bin/nav.pl?page=menu&in=home"  	[MsgId: MMSG-26659]
Action.c(27): Registered web_reg_find successful for "Text=User password was correct" (count=1)  	[MsgId: MMSG-26364]
Action.c(27): web_submit_form("login.pl") was successful, 5781 body bytes, 2053 header bytes, 36 chunking overhead bytes  	[MsgId: MMSG-26385]
Action.c(36): Notify: Transaction "login" ended with a "Pass" status (Duration: 0.1535 Wasted Time: 0.0221).
Action.c(39): Notify: Transaction "logout" started.
Action.c(41): web_reg_find started  	[MsgId: MMSG-26355]
Action.c(41): Registering web_reg_find was successful  	[MsgId: MMSG-26390]
Action.c(45): web_image("SignOff Button") started  	[MsgId: MMSG-26355]
Action.c(45): Image-linking to "http://localhost:1080/cgi-bin/welcome.pl?signOff=1", Target Frame="body"  	[MsgId: MMSG-27993]
Action.c(45): Detected non-resource "http://localhost:1080/cgi-bin/nav.pl?in=home" in "http://localhost:1080/cgi-bin/welcome.pl?signOff=1"  	[MsgId: MMSG-26574]
Action.c(45): Detected non-resource "http://localhost:1080/WebTours/home.html" in "http://localhost:1080/cgi-bin/welcome.pl?signOff=1"  	[MsgId: MMSG-26574]
Action.c(45): Retrieving data from cache for "http://localhost:1080/WebTours/home.html"  	[MsgId: MMSG-26558]
Action.c(45): Resource "http://localhost:1080/WebTours/images/mer_login.gif" is in the cache already and will not be downloaded again  	[MsgId: MMSG-26655]
Action.c(45): Registered web_reg_find successful for "Text=A Session ID has been created and loaded into a cookie" (count=1)  	[MsgId: MMSG-26364]
Action.c(45): web_image("SignOff Button") was successful, 2176 body bytes, 582 header bytes, 24 chunking overhead bytes  	[MsgId: MMSG-26385]
Action.c(50): Notify: Transaction "logout" ended with a "Pass" status (Duration: 0.1315 Wasted Time: 0.0200).
Action.c(52): Notify: Transaction "01_LoginLogout" ended with a "Pass" status (Duration: 0.4497 Wasted Time: 0.0638).
Ending action Action.
Ending iteration 8.
Starting iteration 9.
Starting action Action.
Action.c(3): Notify: Transaction "01_LoginLogout" started.
Action.c(5): web_reg_find started  	[MsgId: MMSG-26355]
Action.c(5): Registering web_reg_find was successful  	[MsgId: MMSG-26390]
Action.c(9): web_url("WebTours") started  	[MsgId: MMSG-26355]
Action.c(9): Detected non-resource "http://localhost:1080/WebTours/header.html" in "http://localhost:1080/WebTours/"  	[MsgId: MMSG-26574]
Action.c(9): Detected non-resource "http://localhost:1080/cgi-bin/welcome.pl?signOff=true" in "http://localhost:1080/WebTours/"  	[MsgId: MMSG-26574]
Action.c(9): Found resource "http://localhost:1080/WebTours/images/hp_logo.png" in HTML "http://localhost:1080/WebTours/header.html"  	[MsgId: MMSG-26659]
Action.c(9): Found resource "http://localhost:1080/WebTours/images/webtours.png" in HTML "http://localhost:1080/WebTours/header.html"  	[MsgId: MMSG-26659]
Action.c(9): Detected non-resource "http://localhost:1080/cgi-bin/nav.pl?in=home" in "http://localhost:1080/cgi-bin/welcome.pl?signOff=true"  	[MsgId: MMSG-26574]
Action.c(9): Detected non-resource "http://localhost:1080/WebTours/home.html" in "http://localhost:1080/cgi-bin/welcome.pl?signOff=true"  	[MsgId: MMSG-26574]
Action.c(9): Found resource "http://localhost:1080/WebTours/images/mer_login.gif" in HTML "http://localhost:1080/cgi-bin/nav.pl?in=home"  	[MsgId: MMSG-26659]
Action.c(9): Registered web_reg_find successful for "Text=A Session ID has been created and loaded into a cookie" (count=1)  	[MsgId: MMSG-26364]
Action.c(9): web_url("WebTours") was successful, 10080 body bytes, 2377 header bytes, 24 chunking overhead bytes  	[MsgId: MMSG-26385]
Action.c(18): web_set_sockets_option started  	[MsgId: MMSG-26355]
Action.c(18): web_set_sockets_option was successful  	[MsgId: MMSG-26392]
Action.c(21): Notify: Transaction "login" started.
Action.c(23): web_reg_find started  	[MsgId: MMSG-26355]
Action.c(23): Registering web_reg_find was successful  	[MsgId: MMSG-26390]
Action.c(27): web_submit_form("login.pl") started  	[MsgId: MMSG-26355]
Action.c(27): Submitting form to "http://localhost:1080/cgi-bin/login.pl", Target Frame="body"  	[MsgId: MMSG-27978]
Action.c(27): Detected non-resource "http://localhost:1080/cgi-bin/nav.pl?page=menu&in=home" in "http://localhost:1080/cgi-bin/login.pl"  	[MsgId: MMSG-26574]
Action.c(27): Detected non-resource "http://localhost:1080/cgi-bin/login.pl?intro=true" in "http://localhost:1080/cgi-bin/login.pl"  	[MsgId: MMSG-26574]
Action.c(27): Found resource "http://localhost:1080/WebTours/images/flights.gif" in HTML "http://localhost:1080/cgi-bin/nav.pl?page=menu&in=home"  	[MsgId: MMSG-26659]
Action.c(27): Found resource "http://localhost:1080/WebTours/images/itinerary.gif" in HTML "http://localhost:1080/cgi-bin/nav.pl?page=menu&in=home"  	[MsgId: MMSG-26659]
Action.c(27): Found resource "http://localhost:1080/WebTours/images/in_home.gif" in HTML "http://localhost:1080/cgi-bin/nav.pl?page=menu&in=home"  	[MsgId: MMSG-26659]
Action.c(27): Found resource "http://localhost:1080/WebTours/images/signoff.gif" in HTML "http://localhost:1080/cgi-bin/nav.pl?page=menu&in=home"  	[MsgId: MMSG-26659]
Action.c(27): Registered web_reg_find successful for "Text=User password was correct" (count=1)  	[MsgId: MMSG-26364]
Action.c(27): web_submit_form("login.pl") was successful, 5781 body bytes, 2053 header bytes, 36 chunking overhead bytes  	[MsgId: MMSG-26385]
Action.c(36): Notify: Transaction "login" ended with a "Pass" status (Duration: 0.1535 Wasted Time: 0.0243).
Action.c(39): Notify: Transaction "logout" started.
Action.c(41): web_reg_find started  	[MsgId: MMSG-26355]
Action.c(41): Registering web_reg_find was successful  	[MsgId: MMSG-26390]
Action.c(45): web_image("SignOff Button") started  	[MsgId: MMSG-26355]
Action.c(45): Image-linking to "http://localhost:1080/cgi-bin/welcome.pl?signOff=1", Target Frame="body"  	[MsgId: MMSG-27993]
Action.c(45): Detected non-resource "http://localhost:1080/cgi-bin/nav.pl?in=home" in "http://localhost:1080/cgi-bin/welcome.pl?signOff=1"  	[MsgId: MMSG-26574]
Action.c(45): Detected non-resource "http://localhost:1080/WebTours/home.html" in "http://localhost:1080/cgi-bin/welcome.pl?signOff=1"  	[MsgId: MMSG-26574]
Action.c(45): Retrieving data from cache for "http://localhost:1080/WebTours/home.html"  	[MsgId: MMSG-26558]
Action.c(45): Resource "http://localhost:1080/WebTours/images/mer_login.gif" is in the cache already and will not be downloaded again  	[MsgId: MMSG-26655]
Action.c(45): Registered web_reg_find successful for "Text=A Session ID has been created and loaded into a cookie" (count=1)  	[MsgId: MMSG-26364]
Action.c(45): web_image("SignOff Button") was successful, 2176 body bytes, 582 header bytes, 24 chunking overhead bytes  	[MsgId: MMSG-26385]
Action.c(50): Notify: Transaction "logout" ended with a "Pass" status (Duration: 0.1335 Wasted Time: 0.0226).
Action.c(52): Notify: Transaction "01_LoginLogout" ended with a "Pass" status (Duration: 0.4567 Wasted Time: 0.0710).
Ending action Action.
Ending iteration 9.
Starting iteration 10.
Starting action Action.
Action.c(3): Notify: Transaction "01_LoginLogout" started.
Action.c(5): web_reg_find started  	[MsgId: MMSG-26355]
Action.c(5): Registering web_reg_find was successful  	[MsgId: MMSG-26390]
Action.c(9): web_url("WebTours") started  	[MsgId: MMSG-26355]
Action.c(9): Detected non-resource "http://localhost:1080/WebTours/header.html" in "http://localhost:1080/WebTours/"  	[MsgId: MMSG-26574]
Action.c(9): Detected non-resource "http://localhost:1080/cgi-bin/welcome.pl?signOff=true" in "http://localhost:1080/WebTours/"  	[MsgId: MMSG-26574]
Action.c(9): Found resource "http://localhost:1080/WebTours/images/hp_logo.png" in HTML "http://localhost:1080/WebTours/header.html"  	[MsgId: MMSG-26659]
Action.c(9): Found resource "http://localhost:1080/WebTours/images/webtours.png" in HTML "http://localhost:1080/WebTours/header.html"  	[MsgId: MMSG-26659]
Action.c(9): Detected non-resource "http://localhost:1080/cgi-bin/nav.pl?in=home" in "http://localhost:1080/cgi-bin/welcome.pl?signOff=true"  	[MsgId: MMSG-26574]
Action.c(9): Detected non-resource "http://localhost:1080/WebTours/home.html" in "http://localhost:1080/cgi-bin/welcome.pl?signOff=true"  	[MsgId: MMSG-26574]
Action.c(9): Found resource "http://localhost:1080/WebTours/images/mer_login.gif" in HTML "http://localhost:1080/cgi-bin/nav.pl?in=home"  	[MsgId: MMSG-26659]
Action.c(9): Registered web_reg_find successful for "Text=A Session ID has been created and loaded into a cookie" (count=1)  	[MsgId: MMSG-26364]
Action.c(9): web_url("WebTours") was successful, 10080 body bytes, 2377 header bytes, 24 chunking overhead bytes  	[MsgId: MMSG-26385]
Action.c(18): web_set_sockets_option started  	[MsgId: MMSG-26355]
Action.c(18): web_set_sockets_option was successful  	[MsgId: MMSG-26392]
Action.c(21): Notify: Transaction "login" started.
Action.c(23): web_reg_find started  	[MsgId: MMSG-26355]
Action.c(23): Registering web_reg_find was successful  	[MsgId: MMSG-26390]
Action.c(27): web_submit_form("login.pl") started  	[MsgId: MMSG-26355]
Action.c(27): Submitting form to "http://localhost:1080/cgi-bin/login.pl", Target Frame="body"  	[MsgId: MMSG-27978]
Action.c(27): Detected non-resource "http://localhost:1080/cgi-bin/nav.pl?page=menu&in=home" in "http://localhost:1080/cgi-bin/login.pl"  	[MsgId: MMSG-26574]
Action.c(27): Detected non-resource "http://localhost:1080/cgi-bin/login.pl?intro=true" in "http://localhost:1080/cgi-bin/login.pl"  	[MsgId: MMSG-26574]
Action.c(27): Found resource "http://localhost:1080/WebTours/images/flights.gif" in HTML "http://localhost:1080/cgi-bin/nav.pl?page=menu&in=home"  	[MsgId: MMSG-26659]
Action.c(27): Found resource "http://localhost:1080/WebTours/images/itinerary.gif" in HTML "http://localhost:1080/cgi-bin/nav.pl?page=menu&in=home"  	[MsgId: MMSG-26659]
Action.c(27): Found resource "http://localhost:1080/WebTours/images/in_home.gif" in HTML "http://localhost:1080/cgi-bin/nav.pl?page=menu&in=home"  	[MsgId: MMSG-26659]
Action.c(27): Found resource "http://localhost:1080/WebTours/images/signoff.gif" in HTML "http://localhost:1080/cgi-bin/nav.pl?page=menu&in=home"  	[MsgId: MMSG-26659]
Action.c(27): Registered web_reg_find successful for "Text=User password was correct" (count=1)  	[MsgId: MMSG-26364]
Action.c(27): web_submit_form("login.pl") was successful, 5781 body bytes, 2053 header bytes, 36 chunking overhead bytes  	[MsgId: MMSG-26385]
Action.c(36): Notify: Transaction "login" ended with a "Pass" status (Duration: 0,1555 Wasted Time: 0,0266).
Action.c(39): Notify: Transaction "logout" started.
Action.c(41): web_reg_find started  	[MsgId: MMSG-26355]
Action.c(41): Registering web_reg_find was successful  	[MsgId: MMSG-26390]
Action.c(45): web_image("SignOff Button") started  	[MsgId: MMSG-26355]
Action.c(45): Image-linking to "http://localhost:1080/cgi-bin/welcome.pl?signOff=1", Target Frame="body"  	[MsgId: MMSG-27993]
Action.c(45): Detected non-resource "http://localhost:1080/cgi-bin/nav.pl?in=home" in "http://localhost:1080/cgi-bin/welcome.pl?signOff=1"  	[MsgId: MMSG-26574]
Action.c(45): Detected non-resource "http://localhost:1080/WebTours/home.html" in "http://localhost:1080/cgi-bin/welcome.pl?signOff=1"  	[MsgId: MMSG-26574]
Action.c(45): Retrieving data from cache for "http://localhost:1080/WebTours/home.html"  	[MsgId: MMSG-26558]
Action.c(45): Resource "http://localhost:1080/WebTours/images/mer_login.gif" is in the cache already and will not be downloaded again  	[MsgId: MMSG-26655]
Action.c(45): Registered web_reg_find successful for "Text=A Session ID has been created and loaded into a cookie" (count=1)  	[MsgId: MMSG-26364]
Action.c(45): web_image("SignOff Button") was successful, 2170 body bytes, 582 header bytes, 24 chunking overhead bytes  	[MsgId: MMSG-26385]
Action.c(50): Notify: Transaction "logout" ended with a "Pass" status (Duration: 0.1356 Wasted Time: 0.0257).
Action.c(52): Notify: Transaction "01_LoginLogout" ended with a "Pass" status (Duration: 0.4627 Wasted Time: 0.0801).
Ending action Action.
Ending iteration 10.
Ending Vuser...
Starting action vuser_end.
Ending action vuser_end.
Vuser Terminated.
