Virtual User Script started at: 22.09.2022 12:55:44	[MsgId: MMSG-15967]
Starting action vuser_init.	[MsgId: MMSG-15919]
Web Turbo Replay of LoadRunner 2021.0.0 for Windows 10; build 430 (џэт 05 2021 19:27:22)  	[MsgId: MMSG-26983]
Run mode: HTML  	[MsgId: MMSG-26993]
Replay user agent: Mozilla/5.0 (Windows NT 10.0; WOW64; Trident/7.0; rv:11.0) like Gecko  	[MsgId: MMSG-26988]
Runtime Settings file: "C:\Users\baldr\AppData\Local\Temp\lr5tmpdirlQf.904\lrcfgJjj.905\cfgh4f.906"  	[MsgId: MMSG-27141]
Ending action vuser_init.	[MsgId: MMSG-15918]
Running Vuser...	[MsgId: MMSG-15964]
Starting iteration 1.	[MsgId: MMSG-15968]
Maximum number of concurrent connections per server: 6  	[MsgId: MMSG-26989]
Starting action Action.	[MsgId: MMSG-15919]
Action.c(3): Notify: Transaction "UC_01_LoginLogout" started.	[MsgId: MMSG-16999]
Action.c(5): Notify: Transaction "openHomePage" started.	[MsgId: MMSG-16999]
../Library/CommonFunctions.h(6): web_reg_save_param started  	[MsgId: MMSG-26355]
../Library/CommonFunctions.h(6): Registering web_reg_save_param was successful  	[MsgId: MMSG-26390]
../Library/CommonFunctions.h(11): web_url("WebTours") started  	[MsgId: MMSG-26355]
../Library/CommonFunctions.h(11): Detected non-resource "http://localhost:1080/WebTours/header.html" in "http://localhost:1080/WebTours/"  	[MsgId: MMSG-26574]
../Library/CommonFunctions.h(11): Detected non-resource "http://localhost:1080/cgi-bin/welcome.pl?signOff=true" in "http://localhost:1080/WebTours/"  	[MsgId: MMSG-26574]
../Library/CommonFunctions.h(11): Found resource "http://localhost:1080/WebTours/images/hp_logo.png" in HTML "http://localhost:1080/WebTours/header.html"  	[MsgId: MMSG-26659]
../Library/CommonFunctions.h(11): Found resource "http://localhost:1080/WebTours/images/webtours.png" in HTML "http://localhost:1080/WebTours/header.html"  	[MsgId: MMSG-26659]
../Library/CommonFunctions.h(11): Detected non-resource "http://localhost:1080/cgi-bin/nav.pl?in=home" in "http://localhost:1080/cgi-bin/welcome.pl?signOff=true"  	[MsgId: MMSG-26574]
../Library/CommonFunctions.h(11): Detected non-resource "http://localhost:1080/WebTours/home.html" in "http://localhost:1080/cgi-bin/welcome.pl?signOff=true"  	[MsgId: MMSG-26574]
../Library/CommonFunctions.h(11): Notify: Saving Parameter "userSession = 134778.496881328zQDczzipQDDDDDDDtVfQzpAVDz".	[MsgId: MMSG-13798]
../Library/CommonFunctions.h(11): Found resource "http://localhost:1080/WebTours/images/mer_login.gif" in HTML "http://localhost:1080/cgi-bin/nav.pl?in=home"  	[MsgId: MMSG-26659]
../Library/CommonFunctions.h(11): web_url("WebTours") was successful, 10078 body bytes, 2377 header bytes, 24 chunking overhead bytes  	[MsgId: MMSG-26385]
../Library/CommonFunctions.h(21): web_set_sockets_option started  	[MsgId: MMSG-26355]
../Library/CommonFunctions.h(21): web_set_sockets_option was successful  	[MsgId: MMSG-26392]
Action.c(9): Notify: Transaction "openHomePage" ended with a "Pass" status (Duration: 0,0527 Wasted Time: 0,0001).	[MsgId: MMSG-16871]
Action.c(11): lr_think_time: 5,00 seconds.	[MsgId: MMSG-15948]
Action.c(13): Notify: Transaction "login" started.	[MsgId: MMSG-16999]
../Library/CommonFunctions.h(26): web_reg_find started  	[MsgId: MMSG-26355]
../Library/CommonFunctions.h(26): Notify: Parameter Substitution: parameter "userName" =  "user00"	[MsgId: MMSG-13992]
../Library/CommonFunctions.h(26): Registering web_reg_find was successful  	[MsgId: MMSG-26390]
../Library/CommonFunctions.h(31): web_submit_data("login.pl") started  	[MsgId: MMSG-26355]
../Library/CommonFunctions.h(31): Notify: Parameter Substitution: parameter "userSession" =  "134778.496881328zQDczzipQDDDDDDDtVfQzpAVDz"	[MsgId: MMSG-13992]
../Library/CommonFunctions.h(31): Notify: Parameter Substitution: parameter "userName" =  "user00"	[MsgId: MMSG-13992]
../Library/CommonFunctions.h(31): Notify: Next row for parameter password = 1 [table  = password].	[MsgId: MMSG-13876]
../Library/CommonFunctions.h(31): Notify: Parameter Substitution: parameter "password" =  "12345"	[MsgId: MMSG-13992]
../Library/CommonFunctions.h(31): Detected non-resource "http://localhost:1080/cgi-bin/nav.pl?page=menu&in=home" in "http://localhost:1080/cgi-bin/login.pl"  	[MsgId: MMSG-26574]
../Library/CommonFunctions.h(31): Detected non-resource "http://localhost:1080/cgi-bin/login.pl?intro=true" in "http://localhost:1080/cgi-bin/login.pl"  	[MsgId: MMSG-26574]
../Library/CommonFunctions.h(31): Found resource "http://localhost:1080/WebTours/images/flights.gif" in HTML "http://localhost:1080/cgi-bin/nav.pl?page=menu&in=home"  	[MsgId: MMSG-26659]
../Library/CommonFunctions.h(31): Found resource "http://localhost:1080/WebTours/images/itinerary.gif" in HTML "http://localhost:1080/cgi-bin/nav.pl?page=menu&in=home"  	[MsgId: MMSG-26659]
../Library/CommonFunctions.h(31): Found resource "http://localhost:1080/WebTours/images/in_home.gif" in HTML "http://localhost:1080/cgi-bin/nav.pl?page=menu&in=home"  	[MsgId: MMSG-26659]
../Library/CommonFunctions.h(31): Found resource "http://localhost:1080/WebTours/images/signoff.gif" in HTML "http://localhost:1080/cgi-bin/nav.pl?page=menu&in=home"  	[MsgId: MMSG-26659]
../Library/CommonFunctions.h(31): Registered web_reg_find successful for "Text=Welcome, <b>user00</b>" (count=1)  	[MsgId: MMSG-26364]
../Library/CommonFunctions.h(31): web_submit_data("login.pl") was successful, 5781 body bytes, 2056 header bytes, 36 chunking overhead bytes  	[MsgId: MMSG-26385]
Action.c(17): Notify: Transaction "login" ended with a "Pass" status (Duration: 0,0790 Wasted Time: 0,0000).	[MsgId: MMSG-16871]
Action.c(19): lr_think_time: 5,00 seconds.	[MsgId: MMSG-15948]
Action.c(21): Notify: Transaction "browsingItenerary" started.	[MsgId: MMSG-16999]
Action.c(23): web_reg_find started  	[MsgId: MMSG-26355]
Action.c(23): Registering web_reg_find was successful  	[MsgId: MMSG-26390]
Action.c(27): web_url("Itinerary Button") started  	[MsgId: MMSG-26355]
Action.c(27): Detected non-resource "http://localhost:1080/cgi-bin/nav.pl?page=menu&in=itinerary" in "http://localhost:1080/cgi-bin/welcome.pl?page=itinerary"  	[MsgId: MMSG-26574]
Action.c(27): Detected non-resource "http://localhost:1080/cgi-bin/itinerary.pl" in "http://localhost:1080/cgi-bin/welcome.pl?page=itinerary"  	[MsgId: MMSG-26574]
Action.c(27): Resource "http://localhost:1080/WebTours/images/flights.gif" is in the cache already and will not be downloaded again  	[MsgId: MMSG-26655]
Action.c(27): Found resource "http://localhost:1080/WebTours/images/in_itinerary.gif" in HTML "http://localhost:1080/cgi-bin/nav.pl?page=menu&in=itinerary"  	[MsgId: MMSG-26659]
Action.c(27): Found resource "http://localhost:1080/WebTours/images/home.gif" in HTML "http://localhost:1080/cgi-bin/nav.pl?page=menu&in=itinerary"  	[MsgId: MMSG-26659]
Action.c(27): Resource "http://localhost:1080/WebTours/images/signoff.gif" is in the cache already and will not be downloaded again  	[MsgId: MMSG-26655]
Action.c(27): Found resource "http://localhost:1080/WebTours/images/cancelreservation.gif" in HTML "http://localhost:1080/cgi-bin/itinerary.pl"  	[MsgId: MMSG-26659]
Action.c(27): Found resource "http://localhost:1080/WebTours/images/cancelallreservations.gif" in HTML "http://localhost:1080/cgi-bin/itinerary.pl"  	[MsgId: MMSG-26659]
Action.c(27): Registered web_reg_find successful for "Text=Itinerary" (count=3)  	[MsgId: MMSG-26364]
Action.c(27): web_url("Itinerary Button") was successful, 7697 body bytes, 1921 header bytes, 36 chunking overhead bytes  	[MsgId: MMSG-26385]
Action.c(37): Notify: Transaction "browsingItenerary" ended with a "Pass" status (Duration: 0,1113 Wasted Time: 0,0000).	[MsgId: MMSG-16871]
Action.c(39): lr_think_time: 5,00 seconds.	[MsgId: MMSG-15948]
Action.c(41): Notify: Transaction "logout" started.	[MsgId: MMSG-16999]
../Library/CommonFunctions.h(51): web_reg_find started  	[MsgId: MMSG-26355]
../Library/CommonFunctions.h(51): Registering web_reg_find was successful  	[MsgId: MMSG-26390]
../Library/CommonFunctions.h(55): web_url("SignOff Button") started  	[MsgId: MMSG-26355]
../Library/CommonFunctions.h(55): Detected non-resource "http://localhost:1080/cgi-bin/nav.pl?in=home" in "http://localhost:1080/cgi-bin/welcome.pl?signOff=1"  	[MsgId: MMSG-26574]
../Library/CommonFunctions.h(55): Detected non-resource "http://localhost:1080/WebTours/home.html" in "http://localhost:1080/cgi-bin/welcome.pl?signOff=1"  	[MsgId: MMSG-26574]
../Library/CommonFunctions.h(55): Retrieving data from cache for "http://localhost:1080/WebTours/home.html"  	[MsgId: MMSG-26558]
../Library/CommonFunctions.h(55): Resource "http://localhost:1080/WebTours/images/mer_login.gif" is in the cache already and will not be downloaded again  	[MsgId: MMSG-26655]
../Library/CommonFunctions.h(55): Registered web_reg_find successful for "Text=A Session ID has been created and loaded into a cookie" (count=1)  	[MsgId: MMSG-26364]
../Library/CommonFunctions.h(55): web_url("SignOff Button") was successful, 2162 body bytes, 584 header bytes, 24 chunking overhead bytes  	[MsgId: MMSG-26385]
Action.c(45): Notify: Transaction "logout" ended with a "Pass" status (Duration: 0,0756 Wasted Time: 0,0000).	[MsgId: MMSG-16871]
Action.c(47): Notify: Transaction "UC_01_LoginLogout" ended with a "Pass" status (Duration: 15,3213 Think Time: 15,0021 Wasted Time: 0,0001).	[MsgId: MMSG-16870]
Ending action Action.	[MsgId: MMSG-15918]
Ending iteration 1.	[MsgId: MMSG-15965]
Waiting 154,6780 seconds for iteration pacing.	[MsgId: MMSG-15996]
Virtual User Script started at: 22.09.2022 12:56:44	[MsgId: MMSG-15967]
Starting action vuser_init.	[MsgId: MMSG-15919]
Web Turbo Replay of LoadRunner 2021.0.0 for Windows 10; build 430 (џэт 05 2021 19:27:22)  	[MsgId: MMSG-26983]
Run mode: HTML  	[MsgId: MMSG-26993]
Replay user agent: Mozilla/5.0 (Windows NT 10.0; WOW64; Trident/7.0; rv:11.0) like Gecko  	[MsgId: MMSG-26988]
Runtime Settings file: "C:\Users\baldr\AppData\Local\Temp\lr5tmpdirlQf.904\lrcfgJjj.905\cfgh4f.906"  	[MsgId: MMSG-27141]
Ending action vuser_init.	[MsgId: MMSG-15918]
Running Vuser...	[MsgId: MMSG-15964]
Starting iteration 1.	[MsgId: MMSG-15968]
Maximum number of concurrent connections per server: 6  	[MsgId: MMSG-26989]
Starting action Action.	[MsgId: MMSG-15919]
Action.c(3): Notify: Transaction "UC_01_LoginLogout" started.	[MsgId: MMSG-16999]
Action.c(5): Notify: Transaction "openHomePage" started.	[MsgId: MMSG-16999]
../Library/CommonFunctions.h(6): web_reg_save_param started  	[MsgId: MMSG-26355]
../Library/CommonFunctions.h(6): Registering web_reg_save_param was successful  	[MsgId: MMSG-26390]
../Library/CommonFunctions.h(11): web_url("WebTours") started  	[MsgId: MMSG-26355]
../Library/CommonFunctions.h(11): Detected non-resource "http://localhost:1080/WebTours/header.html" in "http://localhost:1080/WebTours/"  	[MsgId: MMSG-26574]
../Library/CommonFunctions.h(11): Detected non-resource "http://localhost:1080/cgi-bin/welcome.pl?signOff=true" in "http://localhost:1080/WebTours/"  	[MsgId: MMSG-26574]
../Library/CommonFunctions.h(11): Found resource "http://localhost:1080/WebTours/images/hp_logo.png" in HTML "http://localhost:1080/WebTours/header.html"  	[MsgId: MMSG-26659]
../Library/CommonFunctions.h(11): Found resource "http://localhost:1080/WebTours/images/webtours.png" in HTML "http://localhost:1080/WebTours/header.html"  	[MsgId: MMSG-26659]
../Library/CommonFunctions.h(11): Detected non-resource "http://localhost:1080/cgi-bin/nav.pl?in=home" in "http://localhost:1080/cgi-bin/welcome.pl?signOff=true"  	[MsgId: MMSG-26574]
../Library/CommonFunctions.h(11): Detected non-resource "http://localhost:1080/WebTours/home.html" in "http://localhost:1080/cgi-bin/welcome.pl?signOff=true"  	[MsgId: MMSG-26574]
../Library/CommonFunctions.h(11): Notify: Saving Parameter "userSession = 134778.501741596zQDczzQpViDDDDDDtVfQzpAVfV".	[MsgId: MMSG-13798]
../Library/CommonFunctions.h(11): Found resource "http://localhost:1080/WebTours/images/mer_login.gif" in HTML "http://localhost:1080/cgi-bin/nav.pl?in=home"  	[MsgId: MMSG-26659]
../Library/CommonFunctions.h(11): web_url("WebTours") was successful, 10078 body bytes, 2377 header bytes, 24 chunking overhead bytes  	[MsgId: MMSG-26385]
../Library/CommonFunctions.h(21): web_set_sockets_option started  	[MsgId: MMSG-26355]
../Library/CommonFunctions.h(21): web_set_sockets_option was successful  	[MsgId: MMSG-26392]
Action.c(9): Notify: Transaction "openHomePage" ended with a "Pass" status (Duration: 0,0533 Wasted Time: 0,0001).	[MsgId: MMSG-16871]
Action.c(11): lr_think_time: 5,00 seconds.	[MsgId: MMSG-15948]
Action.c(13): Notify: Transaction "login" started.	[MsgId: MMSG-16999]
../Library/CommonFunctions.h(26): web_reg_find started  	[MsgId: MMSG-26355]
../Library/CommonFunctions.h(26): Notify: Parameter Substitution: parameter "userName" =  "user00"	[MsgId: MMSG-13992]
../Library/CommonFunctions.h(26): Registering web_reg_find was successful  	[MsgId: MMSG-26390]
../Library/CommonFunctions.h(31): web_submit_data("login.pl") started  	[MsgId: MMSG-26355]
../Library/CommonFunctions.h(31): Notify: Parameter Substitution: parameter "userSession" =  "134778.501741596zQDczzQpViDDDDDDtVfQzpAVfV"	[MsgId: MMSG-13992]
../Library/CommonFunctions.h(31): Notify: Parameter Substitution: parameter "userName" =  "user00"	[MsgId: MMSG-13992]
../Library/CommonFunctions.h(31): Notify: Next row for parameter password = 1 [table  = password].	[MsgId: MMSG-13876]
../Library/CommonFunctions.h(31): Notify: Parameter Substitution: parameter "password" =  "12345"	[MsgId: MMSG-13992]
../Library/CommonFunctions.h(31): Detected non-resource "http://localhost:1080/cgi-bin/nav.pl?page=menu&in=home" in "http://localhost:1080/cgi-bin/login.pl"  	[MsgId: MMSG-26574]
../Library/CommonFunctions.h(31): Detected non-resource "http://localhost:1080/cgi-bin/login.pl?intro=true" in "http://localhost:1080/cgi-bin/login.pl"  	[MsgId: MMSG-26574]
../Library/CommonFunctions.h(31): Found resource "http://localhost:1080/WebTours/images/flights.gif" in HTML "http://localhost:1080/cgi-bin/nav.pl?page=menu&in=home"  	[MsgId: MMSG-26659]
../Library/CommonFunctions.h(31): Found resource "http://localhost:1080/WebTours/images/itinerary.gif" in HTML "http://localhost:1080/cgi-bin/nav.pl?page=menu&in=home"  	[MsgId: MMSG-26659]
../Library/CommonFunctions.h(31): Found resource "http://localhost:1080/WebTours/images/in_home.gif" in HTML "http://localhost:1080/cgi-bin/nav.pl?page=menu&in=home"  	[MsgId: MMSG-26659]
../Library/CommonFunctions.h(31): Found resource "http://localhost:1080/WebTours/images/signoff.gif" in HTML "http://localhost:1080/cgi-bin/nav.pl?page=menu&in=home"  	[MsgId: MMSG-26659]
../Library/CommonFunctions.h(31): Registered web_reg_find successful for "Text=Welcome, <b>user00</b>" (count=1)  	[MsgId: MMSG-26364]
../Library/CommonFunctions.h(31): web_submit_data("login.pl") was successful, 5781 body bytes, 2056 header bytes, 36 chunking overhead bytes  	[MsgId: MMSG-26385]
Action.c(17): Notify: Transaction "login" ended with a "Pass" status (Duration: 0,0871 Wasted Time: 0,0000).	[MsgId: MMSG-16871]
Action.c(19): lr_think_time: 5,00 seconds.	[MsgId: MMSG-15948]
Action.c(21): Notify: Transaction "browsingItenerary" started.	[MsgId: MMSG-16999]
Action.c(23): web_reg_find started  	[MsgId: MMSG-26355]
Action.c(23): Registering web_reg_find was successful  	[MsgId: MMSG-26390]
Action.c(27): web_url("Itinerary Button") started  	[MsgId: MMSG-26355]
Action.c(27): Detected non-resource "http://localhost:1080/cgi-bin/nav.pl?page=menu&in=itinerary" in "http://localhost:1080/cgi-bin/welcome.pl?page=itinerary"  	[MsgId: MMSG-26574]
Action.c(27): Detected non-resource "http://localhost:1080/cgi-bin/itinerary.pl" in "http://localhost:1080/cgi-bin/welcome.pl?page=itinerary"  	[MsgId: MMSG-26574]
Action.c(27): Resource "http://localhost:1080/WebTours/images/flights.gif" is in the cache already and will not be downloaded again  	[MsgId: MMSG-26655]
Action.c(27): Found resource "http://localhost:1080/WebTours/images/in_itinerary.gif" in HTML "http://localhost:1080/cgi-bin/nav.pl?page=menu&in=itinerary"  	[MsgId: MMSG-26659]
Action.c(27): Found resource "http://localhost:1080/WebTours/images/home.gif" in HTML "http://localhost:1080/cgi-bin/nav.pl?page=menu&in=itinerary"  	[MsgId: MMSG-26659]
Action.c(27): Resource "http://localhost:1080/WebTours/images/signoff.gif" is in the cache already and will not be downloaded again  	[MsgId: MMSG-26655]
Action.c(27): Found resource "http://localhost:1080/WebTours/images/cancelreservation.gif" in HTML "http://localhost:1080/cgi-bin/itinerary.pl"  	[MsgId: MMSG-26659]
Action.c(27): Found resource "http://localhost:1080/WebTours/images/cancelallreservations.gif" in HTML "http://localhost:1080/cgi-bin/itinerary.pl"  	[MsgId: MMSG-26659]
Action.c(27): Registered web_reg_find successful for "Text=Itinerary" (count=3)  	[MsgId: MMSG-26364]
Action.c(27): web_url("Itinerary Button") was successful, 7703 body bytes, 1921 header bytes, 36 chunking overhead bytes  	[MsgId: MMSG-26385]
Action.c(37): Notify: Transaction "browsingItenerary" ended with a "Pass" status (Duration: 0,1130 Wasted Time: 0,0000).	[MsgId: MMSG-16871]
Action.c(39): lr_think_time: 5,00 seconds.	[MsgId: MMSG-15948]
Action.c(41): Notify: Transaction "logout" started.	[MsgId: MMSG-16999]
../Library/CommonFunctions.h(51): web_reg_find started  	[MsgId: MMSG-26355]
../Library/CommonFunctions.h(51): Registering web_reg_find was successful  	[MsgId: MMSG-26390]
../Library/CommonFunctions.h(55): web_url("SignOff Button") started  	[MsgId: MMSG-26355]
../Library/CommonFunctions.h(55): Detected non-resource "http://localhost:1080/cgi-bin/nav.pl?in=home" in "http://localhost:1080/cgi-bin/welcome.pl?signOff=1"  	[MsgId: MMSG-26574]
../Library/CommonFunctions.h(55): Detected non-resource "http://localhost:1080/WebTours/home.html" in "http://localhost:1080/cgi-bin/welcome.pl?signOff=1"  	[MsgId: MMSG-26574]
../Library/CommonFunctions.h(55): Retrieving data from cache for "http://localhost:1080/WebTours/home.html"  	[MsgId: MMSG-26558]
../Library/CommonFunctions.h(55): Resource "http://localhost:1080/WebTours/images/mer_login.gif" is in the cache already and will not be downloaded again  	[MsgId: MMSG-26655]
../Library/CommonFunctions.h(55): Registered web_reg_find successful for "Text=A Session ID has been created and loaded into a cookie" (count=1)  	[MsgId: MMSG-26364]
../Library/CommonFunctions.h(55): web_url("SignOff Button") was successful, 2168 body bytes, 584 header bytes, 24 chunking overhead bytes  	[MsgId: MMSG-26385]
Action.c(45): Notify: Transaction "logout" ended with a "Pass" status (Duration: 0,0841 Wasted Time: 0,0000).	[MsgId: MMSG-16871]
Action.c(47): Notify: Transaction "UC_01_LoginLogout" ended with a "Pass" status (Duration: 15,3414 Think Time: 15,0032 Wasted Time: 0,0001).	[MsgId: MMSG-16870]
Ending action Action.	[MsgId: MMSG-15918]
Ending iteration 1.	[MsgId: MMSG-15965]
Waiting 154,6470 seconds for iteration pacing.	[MsgId: MMSG-15996]
Starting iteration 2.	[MsgId: MMSG-15968]
Notify: Next row for parameter userName = 2 [table  = userName].	[MsgId: MMSG-13876]
Notify: Getting new value for parameter 'userName': table = '..\Param\TestUserInfo.dat' column = '0' row = '2'.	[MsgId: MMSG-13877]
Notify: Next row for parameter password = 2 [table  = password].	[MsgId: MMSG-13876]
Notify: Getting new value for parameter 'password': table = '..\Param\TestUserInfo.dat' column = '1' row = '2'.	[MsgId: MMSG-13877]
Starting action Action.	[MsgId: MMSG-15919]
Action.c(3): Notify: Transaction "UC_01_LoginLogout" started.	[MsgId: MMSG-16999]
Action.c(5): Notify: Transaction "openHomePage" started.	[MsgId: MMSG-16999]
../Library/CommonFunctions.h(6): web_reg_save_param started  	[MsgId: MMSG-26355]
../Library/CommonFunctions.h(6): Registering web_reg_save_param was successful  	[MsgId: MMSG-26390]
../Library/CommonFunctions.h(11): web_url("WebTours") started  	[MsgId: MMSG-26355]
../Library/CommonFunctions.h(11): Detected non-resource "http://localhost:1080/WebTours/header.html" in "http://localhost:1080/WebTours/"  	[MsgId: MMSG-26574]
../Library/CommonFunctions.h(11): Detected non-resource "http://localhost:1080/cgi-bin/welcome.pl?signOff=true" in "http://localhost:1080/WebTours/"  	[MsgId: MMSG-26574]
../Library/CommonFunctions.h(11): Found resource "http://localhost:1080/WebTours/images/hp_logo.png" in HTML "http://localhost:1080/WebTours/header.html"  	[MsgId: MMSG-26659]
../Library/CommonFunctions.h(11): Found resource "http://localhost:1080/WebTours/images/webtours.png" in HTML "http://localhost:1080/WebTours/header.html"  	[MsgId: MMSG-26659]
../Library/CommonFunctions.h(11): Detected non-resource "http://localhost:1080/cgi-bin/nav.pl?in=home" in "http://localhost:1080/cgi-bin/welcome.pl?signOff=true"  	[MsgId: MMSG-26574]
../Library/CommonFunctions.h(11): Detected non-resource "http://localhost:1080/WebTours/home.html" in "http://localhost:1080/cgi-bin/welcome.pl?signOff=true"  	[MsgId: MMSG-26574]
../Library/CommonFunctions.h(11): Notify: Saving Parameter "userSession = 134778.510652086zQDczzQpztVzzzzHtVfQzpAVHif".	[MsgId: MMSG-13798]
../Library/CommonFunctions.h(11): Found resource "http://localhost:1080/WebTours/images/mer_login.gif" in HTML "http://localhost:1080/cgi-bin/nav.pl?in=home"  	[MsgId: MMSG-26659]
../Library/CommonFunctions.h(11): web_url("WebTours") was successful, 10079 body bytes, 2377 header bytes, 24 chunking overhead bytes  	[MsgId: MMSG-26385]
../Library/CommonFunctions.h(21): web_set_sockets_option started  	[MsgId: MMSG-26355]
../Library/CommonFunctions.h(21): web_set_sockets_option was successful  	[MsgId: MMSG-26392]
Action.c(9): Notify: Transaction "openHomePage" ended with a "Pass" status (Duration: 0,0603 Wasted Time: 0,0001).	[MsgId: MMSG-16871]
Action.c(11): lr_think_time: 5,00 seconds.	[MsgId: MMSG-15948]
Action.c(13): Notify: Transaction "login" started.	[MsgId: MMSG-16999]
../Library/CommonFunctions.h(26): web_reg_find started  	[MsgId: MMSG-26355]
../Library/CommonFunctions.h(26): Notify: Parameter Substitution: parameter "userName" =  "user01"	[MsgId: MMSG-13992]
../Library/CommonFunctions.h(26): Registering web_reg_find was successful  	[MsgId: MMSG-26390]
../Library/CommonFunctions.h(31): web_submit_data("login.pl") started  	[MsgId: MMSG-26355]
../Library/CommonFunctions.h(31): Notify: Parameter Substitution: parameter "userSession" =  "134778.510652086zQDczzQpztVzzzzHtVfQzpAVHif"	[MsgId: MMSG-13992]
../Library/CommonFunctions.h(31): Notify: Parameter Substitution: parameter "userName" =  "user01"	[MsgId: MMSG-13992]
../Library/CommonFunctions.h(31): Notify: Next row for parameter password = 2 [table  = password].	[MsgId: MMSG-13876]
../Library/CommonFunctions.h(31): Notify: Parameter Substitution: parameter "password" =  "12345"	[MsgId: MMSG-13992]
../Library/CommonFunctions.h(31): Detected non-resource "http://localhost:1080/cgi-bin/nav.pl?page=menu&in=home" in "http://localhost:1080/cgi-bin/login.pl"  	[MsgId: MMSG-26574]
../Library/CommonFunctions.h(31): Detected non-resource "http://localhost:1080/cgi-bin/login.pl?intro=true" in "http://localhost:1080/cgi-bin/login.pl"  	[MsgId: MMSG-26574]
../Library/CommonFunctions.h(31): Found resource "http://localhost:1080/WebTours/images/flights.gif" in HTML "http://localhost:1080/cgi-bin/nav.pl?page=menu&in=home"  	[MsgId: MMSG-26659]
../Library/CommonFunctions.h(31): Found resource "http://localhost:1080/WebTours/images/itinerary.gif" in HTML "http://localhost:1080/cgi-bin/nav.pl?page=menu&in=home"  	[MsgId: MMSG-26659]
../Library/CommonFunctions.h(31): Found resource "http://localhost:1080/WebTours/images/in_home.gif" in HTML "http://localhost:1080/cgi-bin/nav.pl?page=menu&in=home"  	[MsgId: MMSG-26659]
../Library/CommonFunctions.h(31): Found resource "http://localhost:1080/WebTours/images/signoff.gif" in HTML "http://localhost:1080/cgi-bin/nav.pl?page=menu&in=home"  	[MsgId: MMSG-26659]
../Library/CommonFunctions.h(31): Registered web_reg_find successful for "Text=Welcome, <b>user01</b>" (count=1)  	[MsgId: MMSG-26364]
../Library/CommonFunctions.h(31): web_submit_data("login.pl") was successful, 5781 body bytes, 2056 header bytes, 36 chunking overhead bytes  	[MsgId: MMSG-26385]
Action.c(17): Notify: Transaction "login" ended with a "Pass" status (Duration: 0,0790 Wasted Time: 0,0000).	[MsgId: MMSG-16871]
Action.c(19): lr_think_time: 5,00 seconds.	[MsgId: MMSG-15948]
Action.c(21): Notify: Transaction "browsingItenerary" started.	[MsgId: MMSG-16999]
Action.c(23): web_reg_find started  	[MsgId: MMSG-26355]
Action.c(23): Registering web_reg_find was successful  	[MsgId: MMSG-26390]
Action.c(27): web_url("Itinerary Button") started  	[MsgId: MMSG-26355]
Action.c(27): Detected non-resource "http://localhost:1080/cgi-bin/nav.pl?page=menu&in=itinerary" in "http://localhost:1080/cgi-bin/welcome.pl?page=itinerary"  	[MsgId: MMSG-26574]
Action.c(27): Detected non-resource "http://localhost:1080/cgi-bin/itinerary.pl" in "http://localhost:1080/cgi-bin/welcome.pl?page=itinerary"  	[MsgId: MMSG-26574]
Action.c(27): Resource "http://localhost:1080/WebTours/images/flights.gif" is in the cache already and will not be downloaded again  	[MsgId: MMSG-26655]
Action.c(27): Found resource "http://localhost:1080/WebTours/images/in_itinerary.gif" in HTML "http://localhost:1080/cgi-bin/nav.pl?page=menu&in=itinerary"  	[MsgId: MMSG-26659]
Action.c(27): Found resource "http://localhost:1080/WebTours/images/home.gif" in HTML "http://localhost:1080/cgi-bin/nav.pl?page=menu&in=itinerary"  	[MsgId: MMSG-26659]
Action.c(27): Resource "http://localhost:1080/WebTours/images/signoff.gif" is in the cache already and will not be downloaded again  	[MsgId: MMSG-26655]
Action.c(27): Found resource "http://localhost:1080/WebTours/images/cancelreservation.gif" in HTML "http://localhost:1080/cgi-bin/itinerary.pl"  	[MsgId: MMSG-26659]
Action.c(27): Found resource "http://localhost:1080/WebTours/images/cancelallreservations.gif" in HTML "http://localhost:1080/cgi-bin/itinerary.pl"  	[MsgId: MMSG-26659]
Action.c(27): Registered web_reg_find successful for "Text=Itinerary" (count=3)  	[MsgId: MMSG-26364]
Action.c(27): web_url("Itinerary Button") was successful, 8837 body bytes, 1921 header bytes, 36 chunking overhead bytes  	[MsgId: MMSG-26385]
Action.c(37): Notify: Transaction "browsingItenerary" ended with a "Pass" status (Duration: 0,1015 Wasted Time: 0,0000).	[MsgId: MMSG-16871]
Action.c(39): lr_think_time: 5,00 seconds.	[MsgId: MMSG-15948]
Action.c(41): Notify: Transaction "logout" started.	[MsgId: MMSG-16999]
../Library/CommonFunctions.h(51): web_reg_find started  	[MsgId: MMSG-26355]
../Library/CommonFunctions.h(51): Registering web_reg_find was successful  	[MsgId: MMSG-26390]
../Library/CommonFunctions.h(55): web_url("SignOff Button") started  	[MsgId: MMSG-26355]
../Library/CommonFunctions.h(55): Detected non-resource "http://localhost:1080/cgi-bin/nav.pl?in=home" in "http://localhost:1080/cgi-bin/welcome.pl?signOff=1"  	[MsgId: MMSG-26574]
../Library/CommonFunctions.h(55): Detected non-resource "http://localhost:1080/WebTours/home.html" in "http://localhost:1080/cgi-bin/welcome.pl?signOff=1"  	[MsgId: MMSG-26574]
../Library/CommonFunctions.h(55): Retrieving data from cache for "http://localhost:1080/WebTours/home.html"  	[MsgId: MMSG-26558]
../Library/CommonFunctions.h(55): Resource "http://localhost:1080/WebTours/images/mer_login.gif" is in the cache already and will not be downloaded again  	[MsgId: MMSG-26655]
../Library/CommonFunctions.h(55): Registered web_reg_find successful for "Text=A Session ID has been created and loaded into a cookie" (count=1)  	[MsgId: MMSG-26364]
../Library/CommonFunctions.h(55): web_url("SignOff Button") was successful, 2175 body bytes, 584 header bytes, 24 chunking overhead bytes  	[MsgId: MMSG-26385]
Action.c(45): Notify: Transaction "logout" ended with a "Pass" status (Duration: 0,0549 Wasted Time: 0,0000).	[MsgId: MMSG-16871]
Action.c(47): Notify: Transaction "UC_01_LoginLogout" ended with a "Pass" status (Duration: 15,2993 Think Time: 15,0028 Wasted Time: 0,0001).	[MsgId: MMSG-16870]
Ending action Action.	[MsgId: MMSG-15918]
Ending iteration 2.	[MsgId: MMSG-15965]
Waiting 154,7000 seconds for iteration pacing.	[MsgId: MMSG-15996]
Starting iteration 2.	[MsgId: MMSG-15968]
Notify: Next row for parameter userName = 2 [table  = userName].	[MsgId: MMSG-13876]
Notify: Getting new value for parameter 'userName': table = '..\Param\TestUserInfo.dat' column = '0' row = '2'.	[MsgId: MMSG-13877]
Notify: Next row for parameter password = 2 [table  = password].	[MsgId: MMSG-13876]
Notify: Getting new value for parameter 'password': table = '..\Param\TestUserInfo.dat' column = '1' row = '2'.	[MsgId: MMSG-13877]
Starting action Action.	[MsgId: MMSG-15919]
Action.c(3): Notify: Transaction "UC_01_LoginLogout" started.	[MsgId: MMSG-16999]
Action.c(5): Notify: Transaction "openHomePage" started.	[MsgId: MMSG-16999]
../Library/CommonFunctions.h(6): web_reg_save_param started  	[MsgId: MMSG-26355]
../Library/CommonFunctions.h(6): Registering web_reg_save_param was successful  	[MsgId: MMSG-26390]
../Library/CommonFunctions.h(11): web_url("WebTours") started  	[MsgId: MMSG-26355]
../Library/CommonFunctions.h(11): Detected non-resource "http://localhost:1080/WebTours/header.html" in "http://localhost:1080/WebTours/"  	[MsgId: MMSG-26574]
../Library/CommonFunctions.h(11): Detected non-resource "http://localhost:1080/cgi-bin/welcome.pl?signOff=true" in "http://localhost:1080/WebTours/"  	[MsgId: MMSG-26574]
../Library/CommonFunctions.h(11): Found resource "http://localhost:1080/WebTours/images/hp_logo.png" in HTML "http://localhost:1080/WebTours/header.html"  	[MsgId: MMSG-26659]
../Library/CommonFunctions.h(11): Found resource "http://localhost:1080/WebTours/images/webtours.png" in HTML "http://localhost:1080/WebTours/header.html"  	[MsgId: MMSG-26659]
../Library/CommonFunctions.h(11): Detected non-resource "http://localhost:1080/cgi-bin/nav.pl?in=home" in "http://localhost:1080/cgi-bin/welcome.pl?signOff=true"  	[MsgId: MMSG-26574]
../Library/CommonFunctions.h(11): Detected non-resource "http://localhost:1080/WebTours/home.html" in "http://localhost:1080/cgi-bin/welcome.pl?signOff=true"  	[MsgId: MMSG-26574]
../Library/CommonFunctions.h(11): Notify: Saving Parameter "userSession = 134778.515512353zQDczzQpiQVzzzzHtVfQzpAVQDf".	[MsgId: MMSG-13798]
../Library/CommonFunctions.h(11): Found resource "http://localhost:1080/WebTours/images/mer_login.gif" in HTML "http://localhost:1080/cgi-bin/nav.pl?in=home"  	[MsgId: MMSG-26659]
../Library/CommonFunctions.h(11): web_url("WebTours") was successful, 10079 body bytes, 2377 header bytes, 24 chunking overhead bytes  	[MsgId: MMSG-26385]
../Library/CommonFunctions.h(21): web_set_sockets_option started  	[MsgId: MMSG-26355]
../Library/CommonFunctions.h(21): web_set_sockets_option was successful  	[MsgId: MMSG-26392]
Action.c(9): Notify: Transaction "openHomePage" ended with a "Pass" status (Duration: 0,0657 Wasted Time: 0,0001).	[MsgId: MMSG-16871]
Action.c(11): lr_think_time: 5,00 seconds.	[MsgId: MMSG-15948]
Action.c(13): Notify: Transaction "login" started.	[MsgId: MMSG-16999]
../Library/CommonFunctions.h(26): web_reg_find started  	[MsgId: MMSG-26355]
../Library/CommonFunctions.h(26): Notify: Parameter Substitution: parameter "userName" =  "user01"	[MsgId: MMSG-13992]
../Library/CommonFunctions.h(26): Registering web_reg_find was successful  	[MsgId: MMSG-26390]
../Library/CommonFunctions.h(31): web_submit_data("login.pl") started  	[MsgId: MMSG-26355]
../Library/CommonFunctions.h(31): Notify: Parameter Substitution: parameter "userSession" =  "134778.515512353zQDczzQpiQVzzzzHtVfQzpAVQDf"	[MsgId: MMSG-13992]
../Library/CommonFunctions.h(31): Notify: Parameter Substitution: parameter "userName" =  "user01"	[MsgId: MMSG-13992]
../Library/CommonFunctions.h(31): Notify: Next row for parameter password = 2 [table  = password].	[MsgId: MMSG-13876]
../Library/CommonFunctions.h(31): Notify: Parameter Substitution: parameter "password" =  "12345"	[MsgId: MMSG-13992]
../Library/CommonFunctions.h(31): Detected non-resource "http://localhost:1080/cgi-bin/nav.pl?page=menu&in=home" in "http://localhost:1080/cgi-bin/login.pl"  	[MsgId: MMSG-26574]
../Library/CommonFunctions.h(31): Detected non-resource "http://localhost:1080/cgi-bin/login.pl?intro=true" in "http://localhost:1080/cgi-bin/login.pl"  	[MsgId: MMSG-26574]
../Library/CommonFunctions.h(31): Found resource "http://localhost:1080/WebTours/images/flights.gif" in HTML "http://localhost:1080/cgi-bin/nav.pl?page=menu&in=home"  	[MsgId: MMSG-26659]
../Library/CommonFunctions.h(31): Found resource "http://localhost:1080/WebTours/images/itinerary.gif" in HTML "http://localhost:1080/cgi-bin/nav.pl?page=menu&in=home"  	[MsgId: MMSG-26659]
../Library/CommonFunctions.h(31): Found resource "http://localhost:1080/WebTours/images/in_home.gif" in HTML "http://localhost:1080/cgi-bin/nav.pl?page=menu&in=home"  	[MsgId: MMSG-26659]
../Library/CommonFunctions.h(31): Found resource "http://localhost:1080/WebTours/images/signoff.gif" in HTML "http://localhost:1080/cgi-bin/nav.pl?page=menu&in=home"  	[MsgId: MMSG-26659]
../Library/CommonFunctions.h(31): Registered web_reg_find successful for "Text=Welcome, <b>user01</b>" (count=1)  	[MsgId: MMSG-26364]
../Library/CommonFunctions.h(31): web_submit_data("login.pl") was successful, 5781 body bytes, 2056 header bytes, 36 chunking overhead bytes  	[MsgId: MMSG-26385]
Action.c(17): Notify: Transaction "login" ended with a "Pass" status (Duration: 0,0743 Wasted Time: 0,0000).	[MsgId: MMSG-16871]
Action.c(19): lr_think_time: 5,00 seconds.	[MsgId: MMSG-15948]
Action.c(21): Notify: Transaction "browsingItenerary" started.	[MsgId: MMSG-16999]
Action.c(23): web_reg_find started  	[MsgId: MMSG-26355]
Action.c(23): Registering web_reg_find was successful  	[MsgId: MMSG-26390]
Action.c(27): web_url("Itinerary Button") started  	[MsgId: MMSG-26355]
Action.c(27): Detected non-resource "http://localhost:1080/cgi-bin/nav.pl?page=menu&in=itinerary" in "http://localhost:1080/cgi-bin/welcome.pl?page=itinerary"  	[MsgId: MMSG-26574]
Action.c(27): Detected non-resource "http://localhost:1080/cgi-bin/itinerary.pl" in "http://localhost:1080/cgi-bin/welcome.pl?page=itinerary"  	[MsgId: MMSG-26574]
Action.c(27): Resource "http://localhost:1080/WebTours/images/flights.gif" is in the cache already and will not be downloaded again  	[MsgId: MMSG-26655]
Action.c(27): Found resource "http://localhost:1080/WebTours/images/in_itinerary.gif" in HTML "http://localhost:1080/cgi-bin/nav.pl?page=menu&in=itinerary"  	[MsgId: MMSG-26659]
Action.c(27): Found resource "http://localhost:1080/WebTours/images/home.gif" in HTML "http://localhost:1080/cgi-bin/nav.pl?page=menu&in=itinerary"  	[MsgId: MMSG-26659]
Action.c(27): Resource "http://localhost:1080/WebTours/images/signoff.gif" is in the cache already and will not be downloaded again  	[MsgId: MMSG-26655]
Action.c(27): Found resource "http://localhost:1080/WebTours/images/cancelreservation.gif" in HTML "http://localhost:1080/cgi-bin/itinerary.pl"  	[MsgId: MMSG-26659]
Action.c(27): Found resource "http://localhost:1080/WebTours/images/cancelallreservations.gif" in HTML "http://localhost:1080/cgi-bin/itinerary.pl"  	[MsgId: MMSG-26659]
Action.c(27): Registered web_reg_find successful for "Text=Itinerary" (count=3)  	[MsgId: MMSG-26364]
Action.c(27): web_url("Itinerary Button") was successful, 8837 body bytes, 1922 header bytes, 36 chunking overhead bytes  	[MsgId: MMSG-26385]
Action.c(37): Notify: Transaction "browsingItenerary" ended with a "Pass" status (Duration: 0,0752 Wasted Time: 0,0000).	[MsgId: MMSG-16871]
Action.c(39): lr_think_time: 5,00 seconds.	[MsgId: MMSG-15948]
Action.c(41): Notify: Transaction "logout" started.	[MsgId: MMSG-16999]
../Library/CommonFunctions.h(51): web_reg_find started  	[MsgId: MMSG-26355]
../Library/CommonFunctions.h(51): Registering web_reg_find was successful  	[MsgId: MMSG-26390]
../Library/CommonFunctions.h(55): web_url("SignOff Button") started  	[MsgId: MMSG-26355]
../Library/CommonFunctions.h(55): Detected non-resource "http://localhost:1080/cgi-bin/nav.pl?in=home" in "http://localhost:1080/cgi-bin/welcome.pl?signOff=1"  	[MsgId: MMSG-26574]
../Library/CommonFunctions.h(55): Detected non-resource "http://localhost:1080/WebTours/home.html" in "http://localhost:1080/cgi-bin/welcome.pl?signOff=1"  	[MsgId: MMSG-26574]
../Library/CommonFunctions.h(55): Retrieving data from cache for "http://localhost:1080/WebTours/home.html"  	[MsgId: MMSG-26558]
../Library/CommonFunctions.h(55): Resource "http://localhost:1080/WebTours/images/mer_login.gif" is in the cache already and will not be downloaded again  	[MsgId: MMSG-26655]
../Library/CommonFunctions.h(55): Registered web_reg_find successful for "Text=A Session ID has been created and loaded into a cookie" (count=1)  	[MsgId: MMSG-26364]
../Library/CommonFunctions.h(55): web_url("SignOff Button") was successful, 2175 body bytes, 583 header bytes, 24 chunking overhead bytes  	[MsgId: MMSG-26385]
Action.c(45): Notify: Transaction "logout" ended with a "Pass" status (Duration: 0,0511 Wasted Time: 0,0000).	[MsgId: MMSG-16871]
Action.c(47): Notify: Transaction "UC_01_LoginLogout" ended with a "Pass" status (Duration: 15,2696 Think Time: 15,0026 Wasted Time: 0,0001).	[MsgId: MMSG-16870]
Ending action Action.	[MsgId: MMSG-15918]
Ending iteration 2.	[MsgId: MMSG-15965]
Waiting 154,7300 seconds for iteration pacing.	[MsgId: MMSG-15996]
Starting iteration 3.	[MsgId: MMSG-15968]
Notify: Next row for parameter userName = 3 [table  = userName].	[MsgId: MMSG-13876]
Notify: Getting new value for parameter 'userName': table = '..\Param\TestUserInfo.dat' column = '0' row = '3'.	[MsgId: MMSG-13877]
Notify: Next row for parameter password = 3 [table  = password].	[MsgId: MMSG-13876]
Notify: Getting new value for parameter 'password': table = '..\Param\TestUserInfo.dat' column = '1' row = '3'.	[MsgId: MMSG-13877]
Starting action Action.	[MsgId: MMSG-15919]
Action.c(3): Notify: Transaction "UC_01_LoginLogout" started.	[MsgId: MMSG-16999]
Action.c(5): Notify: Transaction "openHomePage" started.	[MsgId: MMSG-16999]
../Library/CommonFunctions.h(6): web_reg_save_param started  	[MsgId: MMSG-26355]
../Library/CommonFunctions.h(6): Registering web_reg_save_param was successful  	[MsgId: MMSG-26390]
../Library/CommonFunctions.h(11): web_url("WebTours") started  	[MsgId: MMSG-26355]
../Library/CommonFunctions.h(11): Detected non-resource "http://localhost:1080/WebTours/header.html" in "http://localhost:1080/WebTours/"  	[MsgId: MMSG-26574]
../Library/CommonFunctions.h(11): Detected non-resource "http://localhost:1080/cgi-bin/welcome.pl?signOff=true" in "http://localhost:1080/WebTours/"  	[MsgId: MMSG-26574]
../Library/CommonFunctions.h(11): Found resource "http://localhost:1080/WebTours/images/hp_logo.png" in HTML "http://localhost:1080/WebTours/header.html"  	[MsgId: MMSG-26659]
../Library/CommonFunctions.h(11): Found resource "http://localhost:1080/WebTours/images/webtours.png" in HTML "http://localhost:1080/WebTours/header.html"  	[MsgId: MMSG-26659]
../Library/CommonFunctions.h(11): Detected non-resource "http://localhost:1080/cgi-bin/nav.pl?in=home" in "http://localhost:1080/cgi-bin/welcome.pl?signOff=true"  	[MsgId: MMSG-26574]
../Library/CommonFunctions.h(11): Detected non-resource "http://localhost:1080/WebTours/home.html" in "http://localhost:1080/cgi-bin/welcome.pl?signOff=true"  	[MsgId: MMSG-26574]
../Library/CommonFunctions.h(11): Notify: Saving Parameter "userSession = 134778.524422843zQDczHApDftVfQzpAccV".	[MsgId: MMSG-13798]
../Library/CommonFunctions.h(11): Found resource "http://localhost:1080/WebTours/images/mer_login.gif" in HTML "http://localhost:1080/cgi-bin/nav.pl?in=home"  	[MsgId: MMSG-26659]
../Library/CommonFunctions.h(11): web_url("WebTours") was successful, 10072 body bytes, 2377 header bytes, 24 chunking overhead bytes  	[MsgId: MMSG-26385]
../Library/CommonFunctions.h(21): web_set_sockets_option started  	[MsgId: MMSG-26355]
../Library/CommonFunctions.h(21): web_set_sockets_option was successful  	[MsgId: MMSG-26392]
Action.c(9): Notify: Transaction "openHomePage" ended with a "Pass" status (Duration: 0,0578 Wasted Time: 0,0001).	[MsgId: MMSG-16871]
Action.c(11): lr_think_time: 5,00 seconds.	[MsgId: MMSG-15948]
Action.c(13): Notify: Transaction "login" started.	[MsgId: MMSG-16999]
../Library/CommonFunctions.h(26): web_reg_find started  	[MsgId: MMSG-26355]
../Library/CommonFunctions.h(26): Notify: Parameter Substitution: parameter "userName" =  "user02"	[MsgId: MMSG-13992]
../Library/CommonFunctions.h(26): Registering web_reg_find was successful  	[MsgId: MMSG-26390]
../Library/CommonFunctions.h(31): web_submit_data("login.pl") started  	[MsgId: MMSG-26355]
../Library/CommonFunctions.h(31): Notify: Parameter Substitution: parameter "userSession" =  "134778.524422843zQDczHApDftVfQzpAccV"	[MsgId: MMSG-13992]
../Library/CommonFunctions.h(31): Notify: Parameter Substitution: parameter "userName" =  "user02"	[MsgId: MMSG-13992]
../Library/CommonFunctions.h(31): Notify: Next row for parameter password = 3 [table  = password].	[MsgId: MMSG-13876]
../Library/CommonFunctions.h(31): Notify: Parameter Substitution: parameter "password" =  "12345"	[MsgId: MMSG-13992]
../Library/CommonFunctions.h(31): Detected non-resource "http://localhost:1080/cgi-bin/nav.pl?page=menu&in=home" in "http://localhost:1080/cgi-bin/login.pl"  	[MsgId: MMSG-26574]
../Library/CommonFunctions.h(31): Detected non-resource "http://localhost:1080/cgi-bin/login.pl?intro=true" in "http://localhost:1080/cgi-bin/login.pl"  	[MsgId: MMSG-26574]
../Library/CommonFunctions.h(31): Found resource "http://localhost:1080/WebTours/images/flights.gif" in HTML "http://localhost:1080/cgi-bin/nav.pl?page=menu&in=home"  	[MsgId: MMSG-26659]
../Library/CommonFunctions.h(31): Found resource "http://localhost:1080/WebTours/images/itinerary.gif" in HTML "http://localhost:1080/cgi-bin/nav.pl?page=menu&in=home"  	[MsgId: MMSG-26659]
../Library/CommonFunctions.h(31): Found resource "http://localhost:1080/WebTours/images/in_home.gif" in HTML "http://localhost:1080/cgi-bin/nav.pl?page=menu&in=home"  	[MsgId: MMSG-26659]
../Library/CommonFunctions.h(31): Found resource "http://localhost:1080/WebTours/images/signoff.gif" in HTML "http://localhost:1080/cgi-bin/nav.pl?page=menu&in=home"  	[MsgId: MMSG-26659]
../Library/CommonFunctions.h(31): Registered web_reg_find successful for "Text=Welcome, <b>user02</b>" (count=1)  	[MsgId: MMSG-26364]
../Library/CommonFunctions.h(31): web_submit_data("login.pl") was successful, 5781 body bytes, 2056 header bytes, 36 chunking overhead bytes  	[MsgId: MMSG-26385]
Action.c(17): Notify: Transaction "login" ended with a "Pass" status (Duration: 0,0792 Wasted Time: 0,0000).	[MsgId: MMSG-16871]
Action.c(19): lr_think_time: 5,00 seconds.	[MsgId: MMSG-15948]
Action.c(21): Notify: Transaction "browsingItenerary" started.	[MsgId: MMSG-16999]
Action.c(23): web_reg_find started  	[MsgId: MMSG-26355]
Action.c(23): Registering web_reg_find was successful  	[MsgId: MMSG-26390]
Action.c(27): web_url("Itinerary Button") started  	[MsgId: MMSG-26355]
Action.c(27): Detected non-resource "http://localhost:1080/cgi-bin/nav.pl?page=menu&in=itinerary" in "http://localhost:1080/cgi-bin/welcome.pl?page=itinerary"  	[MsgId: MMSG-26574]
Action.c(27): Detected non-resource "http://localhost:1080/cgi-bin/itinerary.pl" in "http://localhost:1080/cgi-bin/welcome.pl?page=itinerary"  	[MsgId: MMSG-26574]
Action.c(27): Resource "http://localhost:1080/WebTours/images/flights.gif" is in the cache already and will not be downloaded again  	[MsgId: MMSG-26655]
Action.c(27): Found resource "http://localhost:1080/WebTours/images/in_itinerary.gif" in HTML "http://localhost:1080/cgi-bin/nav.pl?page=menu&in=itinerary"  	[MsgId: MMSG-26659]
Action.c(27): Found resource "http://localhost:1080/WebTours/images/home.gif" in HTML "http://localhost:1080/cgi-bin/nav.pl?page=menu&in=itinerary"  	[MsgId: MMSG-26659]
Action.c(27): Resource "http://localhost:1080/WebTours/images/signoff.gif" is in the cache already and will not be downloaded again  	[MsgId: MMSG-26655]
Action.c(27): Found resource "http://localhost:1080/WebTours/images/cancelreservation.gif" in HTML "http://localhost:1080/cgi-bin/itinerary.pl"  	[MsgId: MMSG-26659]
Action.c(27): Found resource "http://localhost:1080/WebTours/images/cancelallreservations.gif" in HTML "http://localhost:1080/cgi-bin/itinerary.pl"  	[MsgId: MMSG-26659]
Action.c(27): Registered web_reg_find successful for "Text=Itinerary" (count=3)  	[MsgId: MMSG-26364]
Action.c(27): web_url("Itinerary Button") was successful, 9965 body bytes, 1919 header bytes, 43 chunking overhead bytes  	[MsgId: MMSG-26385]
Action.c(37): Notify: Transaction "browsingItenerary" ended with a "Pass" status (Duration: 0,0958 Wasted Time: 0,0000).	[MsgId: MMSG-16871]
Action.c(39): lr_think_time: 5,00 seconds.	[MsgId: MMSG-15948]
Action.c(41): Notify: Transaction "logout" started.	[MsgId: MMSG-16999]
../Library/CommonFunctions.h(51): web_reg_find started  	[MsgId: MMSG-26355]
../Library/CommonFunctions.h(51): Registering web_reg_find was successful  	[MsgId: MMSG-26390]
../Library/CommonFunctions.h(55): web_url("SignOff Button") started  	[MsgId: MMSG-26355]
../Library/CommonFunctions.h(55): Detected non-resource "http://localhost:1080/cgi-bin/nav.pl?in=home" in "http://localhost:1080/cgi-bin/welcome.pl?signOff=1"  	[MsgId: MMSG-26574]
../Library/CommonFunctions.h(55): Detected non-resource "http://localhost:1080/WebTours/home.html" in "http://localhost:1080/cgi-bin/welcome.pl?signOff=1"  	[MsgId: MMSG-26574]
../Library/CommonFunctions.h(55): Retrieving data from cache for "http://localhost:1080/WebTours/home.html"  	[MsgId: MMSG-26558]
../Library/CommonFunctions.h(55): Resource "http://localhost:1080/WebTours/images/mer_login.gif" is in the cache already and will not be downloaded again  	[MsgId: MMSG-26655]
../Library/CommonFunctions.h(55): Registered web_reg_find successful for "Text=A Session ID has been created and loaded into a cookie" (count=1)  	[MsgId: MMSG-26364]
../Library/CommonFunctions.h(55): web_url("SignOff Button") was successful, 2174 body bytes, 584 header bytes, 24 chunking overhead bytes  	[MsgId: MMSG-26385]
Action.c(45): Notify: Transaction "logout" ended with a "Pass" status (Duration: 0,0528 Wasted Time: 0,0000).	[MsgId: MMSG-16871]
Action.c(47): Notify: Transaction "UC_01_LoginLogout" ended with a "Pass" status (Duration: 15,2879 Think Time: 15,0019 Wasted Time: 0,0001).	[MsgId: MMSG-16870]
Ending action Action.	[MsgId: MMSG-15918]
Ending iteration 3.	[MsgId: MMSG-15965]
Waiting 154,7110 seconds for iteration pacing.	[MsgId: MMSG-15996]
Action was aborted.	[MsgId: MMSG-10694]
Action was aborted.	[MsgId: MMSG-10694]
Ending Vuser...	[MsgId: MMSG-15966]
Ending Vuser...	[MsgId: MMSG-15966]
Starting action vuser_end.	[MsgId: MMSG-15919]
Starting action vuser_end.	[MsgId: MMSG-15919]
Ending action vuser_end.	[MsgId: MMSG-15918]
Vuser Terminated.	[MsgId: MMSG-15963]
Ending action vuser_end.	[MsgId: MMSG-15918]
Vuser Terminated.	[MsgId: MMSG-15963]
Vuser 0 (thread 15836), ended OK."	[MsgId: MMSG-10695]
Vuser 1 (thread 15804), ended OK."	[MsgId: MMSG-10695]
