Virtual User Script started at: 09.09.2022 12:31:34	[MsgId: MMSG-15967]
Starting action vuser_init.	[MsgId: MMSG-15919]
Web Turbo Replay of LoadRunner 2021.0.0 for Windows 10; build 430 (џэт 05 2021 19:27:22)  	[MsgId: MMSG-26983]
Run mode: HTML  	[MsgId: MMSG-26993]
Replay user agent: Mozilla/5.0 (Windows NT 10.0; WOW64; Trident/7.0; rv:11.0) like Gecko  	[MsgId: MMSG-26988]
Runtime Settings file: "C:\Users\baldr\AppData\Local\Temp\lr5tmpdirXyv.260\lrcfg6fD.261\cfgqEC.264"  	[MsgId: MMSG-27141]
Ending action vuser_init.	[MsgId: MMSG-15918]
Running Vuser...	[MsgId: MMSG-15964]
Starting iteration 1.	[MsgId: MMSG-15968]
Maximum number of concurrent connections per server: 6  	[MsgId: MMSG-26989]
Starting action Action.	[MsgId: MMSG-15919]
Action.c(3): Notify: Transaction "UC_01_LoginLogout" started.	[MsgId: MMSG-16999]
Action.c(5): Notify: Transaction "openHomePage" started.	[MsgId: MMSG-16999]
../Library/CommonFunctions.h(6): web_reg_save_param started  	[MsgId: MMSG-26355]
../Library/CommonFunctions.h(6): Registering web_reg_save_param was successful  	[MsgId: MMSG-26390]
../Library/CommonFunctions.h(11): web_url("WebTours") started  	[MsgId: MMSG-26355]
../Library/CommonFunctions.h(11): Error -27792: Failed to connect to server "localhost:1080": [10061] Connection refused  	[MsgId: MERR-27792]
../Library/CommonFunctions.h(11): Error -26377: No match found for the requested parameter "userSession". Either the specified boundaries were not found in the response or the matched text is longer than current max html parameter size of 256 bytes. The total length of the response is 0 bytes. You can use "web_set_max_html_param_len" to increase the max parameter size.  	[MsgId: MERR-26377]
../Library/CommonFunctions.h(11): Notify: Saving Parameter "userSession = ".	[MsgId: MMSG-13798]
../Library/CommonFunctions.h(11): Error -26374: The above "not found" error(s) may be explained by header and body byte counts being 0 and 0, respectively.  	[MsgId: MERR-26374]
../Library/CommonFunctions.h(11): web_url("WebTours") highest severity level was "ERROR", 0 body bytes, 0 header bytes  	[MsgId: MMSG-26388]
../Library/CommonFunctions.h(11): Notify: Transaction "openHomePage" ended with a "Fail" status (Duration: 2,0053).	[MsgId: MMSG-16873]
../Library/CommonFunctions.h(11): Notify: Transaction "openHomePage" has 3 error message(s).	[MsgId: MMSG-16818]
../Library/CommonFunctions.h(11): Notify: The 1st error message associated with transaction "openHomePage" is "Error -27792: Failed to connect to server "localhost:1080": [10061] Connection refused"	[MsgId: MMSG-16819]
../Library/CommonFunctions.h(11): Notify: The 2nd error message associated with transaction "openHomePage" is "Error -26377: No match found for the requested parameter "userSession". Either the specified boundaries were not found in the response or the matched text is longer than current max html parameter size of 256 bytes. The total length of the response is 0 bytes. You can use "web_set_max_html_param_len" to increase the max parameter size."	[MsgId: MMSG-16819]
../Library/CommonFunctions.h(11): Notify: The 3rd error message associated with transaction "openHomePage" is "Error -26374: The above "not found" error(s) may be explained by header and body byte counts being 0 and 0, respectively."	[MsgId: MMSG-16819]
../Library/CommonFunctions.h(11): Notify: Transaction "UC_01_LoginLogout" ended with a "Fail" status (Duration: 2,0053).	[MsgId: MMSG-16873]
../Library/CommonFunctions.h(11): Notify: Transaction "UC_01_LoginLogout" has 3 error message(s).	[MsgId: MMSG-16818]
../Library/CommonFunctions.h(11): Notify: The 1st error message associated with transaction "UC_01_LoginLogout" is "Error -27792: Failed to connect to server "localhost:1080": [10061] Connection refused"	[MsgId: MMSG-16819]
../Library/CommonFunctions.h(11): Notify: The 2nd error message associated with transaction "UC_01_LoginLogout" is "Error -26377: No match found for the requested parameter "userSession". Either the specified boundaries were not found in the response or the matched text is longer than current max html parameter size of 256 bytes. The total length of the response is 0 bytes. You can use "web_set_max_html_param_len" to increase the max parameter size."	[MsgId: MMSG-16819]
../Library/CommonFunctions.h(11): Notify: The 3rd error message associated with transaction "UC_01_LoginLogout" is "Error -26374: The above "not found" error(s) may be explained by header and body byte counts being 0 and 0, respectively."	[MsgId: MMSG-16819]
Ending action Action.	[MsgId: MMSG-15918]
Ending iteration 1.	[MsgId: MMSG-15965]
Waiting 167,9830 seconds for iteration pacing.	[MsgId: MMSG-15996]
Virtual User Script started at: 09.09.2022 12:32:34	[MsgId: MMSG-15967]
Starting action vuser_init.	[MsgId: MMSG-15919]
Web Turbo Replay of LoadRunner 2021.0.0 for Windows 10; build 430 (џэт 05 2021 19:27:22)  	[MsgId: MMSG-26983]
Run mode: HTML  	[MsgId: MMSG-26993]
Replay user agent: Mozilla/5.0 (Windows NT 10.0; WOW64; Trident/7.0; rv:11.0) like Gecko  	[MsgId: MMSG-26988]
Runtime Settings file: "C:\Users\baldr\AppData\Local\Temp\lr5tmpdirXyv.260\lrcfg6fD.261\cfgqEC.264"  	[MsgId: MMSG-27141]
Ending action vuser_init.	[MsgId: MMSG-15918]
Running Vuser...	[MsgId: MMSG-15964]
Starting iteration 1.	[MsgId: MMSG-15968]
Maximum number of concurrent connections per server: 6  	[MsgId: MMSG-26989]
Starting action Action.	[MsgId: MMSG-15919]
Action.c(3): Notify: Transaction "UC_01_LoginLogout" started.	[MsgId: MMSG-16999]
Action.c(5): Notify: Transaction "openHomePage" started.	[MsgId: MMSG-16999]
../Library/CommonFunctions.h(6): web_reg_save_param started  	[MsgId: MMSG-26355]
../Library/CommonFunctions.h(6): Registering web_reg_save_param was successful  	[MsgId: MMSG-26390]
../Library/CommonFunctions.h(11): web_url("WebTours") started  	[MsgId: MMSG-26355]
../Library/CommonFunctions.h(11): Error -27792: Failed to connect to server "localhost:1080": [10061] Connection refused  	[MsgId: MERR-27792]
../Library/CommonFunctions.h(11): Error -26377: No match found for the requested parameter "userSession". Either the specified boundaries were not found in the response or the matched text is longer than current max html parameter size of 256 bytes. The total length of the response is 0 bytes. You can use "web_set_max_html_param_len" to increase the max parameter size.  	[MsgId: MERR-26377]
../Library/CommonFunctions.h(11): Notify: Saving Parameter "userSession = ".	[MsgId: MMSG-13798]
../Library/CommonFunctions.h(11): Error -26374: The above "not found" error(s) may be explained by header and body byte counts being 0 and 0, respectively.  	[MsgId: MERR-26374]
../Library/CommonFunctions.h(11): web_url("WebTours") highest severity level was "ERROR", 0 body bytes, 0 header bytes  	[MsgId: MMSG-26388]
../Library/CommonFunctions.h(11): Notify: Transaction "openHomePage" ended with a "Fail" status (Duration: 2,0038).	[MsgId: MMSG-16873]
../Library/CommonFunctions.h(11): Notify: Transaction "openHomePage" has 3 error message(s).	[MsgId: MMSG-16818]
../Library/CommonFunctions.h(11): Notify: The 1st error message associated with transaction "openHomePage" is "Error -27792: Failed to connect to server "localhost:1080": [10061] Connection refused"	[MsgId: MMSG-16819]
../Library/CommonFunctions.h(11): Notify: The 2nd error message associated with transaction "openHomePage" is "Error -26377: No match found for the requested parameter "userSession". Either the specified boundaries were not found in the response or the matched text is longer than current max html parameter size of 256 bytes. The total length of the response is 0 bytes. You can use "web_set_max_html_param_len" to increase the max parameter size."	[MsgId: MMSG-16819]
../Library/CommonFunctions.h(11): Notify: The 3rd error message associated with transaction "openHomePage" is "Error -26374: The above "not found" error(s) may be explained by header and body byte counts being 0 and 0, respectively."	[MsgId: MMSG-16819]
../Library/CommonFunctions.h(11): Notify: Transaction "UC_01_LoginLogout" ended with a "Fail" status (Duration: 2,0038).	[MsgId: MMSG-16873]
../Library/CommonFunctions.h(11): Notify: Transaction "UC_01_LoginLogout" has 3 error message(s).	[MsgId: MMSG-16818]
../Library/CommonFunctions.h(11): Notify: The 1st error message associated with transaction "UC_01_LoginLogout" is "Error -27792: Failed to connect to server "localhost:1080": [10061] Connection refused"	[MsgId: MMSG-16819]
../Library/CommonFunctions.h(11): Notify: The 2nd error message associated with transaction "UC_01_LoginLogout" is "Error -26377: No match found for the requested parameter "userSession". Either the specified boundaries were not found in the response or the matched text is longer than current max html parameter size of 256 bytes. The total length of the response is 0 bytes. You can use "web_set_max_html_param_len" to increase the max parameter size."	[MsgId: MMSG-16819]
../Library/CommonFunctions.h(11): Notify: The 3rd error message associated with transaction "UC_01_LoginLogout" is "Error -26374: The above "not found" error(s) may be explained by header and body byte counts being 0 and 0, respectively."	[MsgId: MMSG-16819]
Ending action Action.	[MsgId: MMSG-15918]
Ending iteration 1.	[MsgId: MMSG-15965]
Waiting 167,9830 seconds for iteration pacing.	[MsgId: MMSG-15996]
Starting iteration 2.	[MsgId: MMSG-15968]
Notify: Next row for parameter userName = 2 [table  = userName].	[MsgId: MMSG-13876]
Notify: Getting new value for parameter 'userName': table = '..\Param\TestUserInfo.dat' column = '0' row = '2'.	[MsgId: MMSG-13877]
Notify: Next row for parameter password = 2 [table  = password].	[MsgId: MMSG-13876]
Notify: Getting new value for parameter 'password': table = '..\Param\TestUserInfo.dat' column = '1' row = '2'.	[MsgId: MMSG-13877]
Starting action Action.	[MsgId: MMSG-15919]
Action.c(3): Notify: Transaction "UC_01_LoginLogout" started.	[MsgId: MMSG-16999]
Action.c(5): Notify: Transaction "openHomePage" started.	[MsgId: MMSG-16999]
../Library/CommonFunctions.h(6): web_reg_save_param started  	[MsgId: MMSG-26355]
../Library/CommonFunctions.h(6): Registering web_reg_save_param was successful  	[MsgId: MMSG-26390]
../Library/CommonFunctions.h(11): web_url("WebTours") started  	[MsgId: MMSG-26355]
../Library/CommonFunctions.h(11): Error -27792: Failed to connect to server "localhost:1080": [10061] Connection refused  	[MsgId: MERR-27792]
../Library/CommonFunctions.h(11): Error -26377: No match found for the requested parameter "userSession". Either the specified boundaries were not found in the response or the matched text is longer than current max html parameter size of 256 bytes. The total length of the response is 0 bytes. You can use "web_set_max_html_param_len" to increase the max parameter size.  	[MsgId: MERR-26377]
../Library/CommonFunctions.h(11): Notify: Saving Parameter "userSession = ".	[MsgId: MMSG-13798]
../Library/CommonFunctions.h(11): Error -26374: The above "not found" error(s) may be explained by header and body byte counts being 0 and 0, respectively.  	[MsgId: MERR-26374]
../Library/CommonFunctions.h(11): web_url("WebTours") highest severity level was "ERROR", 0 body bytes, 0 header bytes  	[MsgId: MMSG-26388]
../Library/CommonFunctions.h(11): Notify: Transaction "openHomePage" ended with a "Fail" status (Duration: 2,0074).	[MsgId: MMSG-16873]
../Library/CommonFunctions.h(11): Notify: Transaction "openHomePage" has 3 error message(s).	[MsgId: MMSG-16818]
../Library/CommonFunctions.h(11): Notify: The 1st error message associated with transaction "openHomePage" is "Error -27792: Failed to connect to server "localhost:1080": [10061] Connection refused"	[MsgId: MMSG-16819]
../Library/CommonFunctions.h(11): Notify: The 2nd error message associated with transaction "openHomePage" is "Error -26377: No match found for the requested parameter "userSession". Either the specified boundaries were not found in the response or the matched text is longer than current max html parameter size of 256 bytes. The total length of the response is 0 bytes. You can use "web_set_max_html_param_len" to increase the max parameter size."	[MsgId: MMSG-16819]
../Library/CommonFunctions.h(11): Notify: The 3rd error message associated with transaction "openHomePage" is "Error -26374: The above "not found" error(s) may be explained by header and body byte counts being 0 and 0, respectively."	[MsgId: MMSG-16819]
../Library/CommonFunctions.h(11): Notify: Transaction "UC_01_LoginLogout" ended with a "Fail" status (Duration: 2,0074).	[MsgId: MMSG-16873]
../Library/CommonFunctions.h(11): Notify: Transaction "UC_01_LoginLogout" has 3 error message(s).	[MsgId: MMSG-16818]
../Library/CommonFunctions.h(11): Notify: The 1st error message associated with transaction "UC_01_LoginLogout" is "Error -27792: Failed to connect to server "localhost:1080": [10061] Connection refused"	[MsgId: MMSG-16819]
../Library/CommonFunctions.h(11): Notify: The 2nd error message associated with transaction "UC_01_LoginLogout" is "Error -26377: No match found for the requested parameter "userSession". Either the specified boundaries were not found in the response or the matched text is longer than current max html parameter size of 256 bytes. The total length of the response is 0 bytes. You can use "web_set_max_html_param_len" to increase the max parameter size."	[MsgId: MMSG-16819]
../Library/CommonFunctions.h(11): Notify: The 3rd error message associated with transaction "UC_01_LoginLogout" is "Error -26374: The above "not found" error(s) may be explained by header and body byte counts being 0 and 0, respectively."	[MsgId: MMSG-16819]
Ending action Action.	[MsgId: MMSG-15918]
Ending iteration 2.	[MsgId: MMSG-15965]
Waiting 167,9910 seconds for iteration pacing.	[MsgId: MMSG-15996]
Starting iteration 2.	[MsgId: MMSG-15968]
Notify: Next row for parameter userName = 2 [table  = userName].	[MsgId: MMSG-13876]
Notify: Getting new value for parameter 'userName': table = '..\Param\TestUserInfo.dat' column = '0' row = '2'.	[MsgId: MMSG-13877]
Notify: Next row for parameter password = 2 [table  = password].	[MsgId: MMSG-13876]
Notify: Getting new value for parameter 'password': table = '..\Param\TestUserInfo.dat' column = '1' row = '2'.	[MsgId: MMSG-13877]
Starting action Action.	[MsgId: MMSG-15919]
Action.c(3): Notify: Transaction "UC_01_LoginLogout" started.	[MsgId: MMSG-16999]
Action.c(5): Notify: Transaction "openHomePage" started.	[MsgId: MMSG-16999]
../Library/CommonFunctions.h(6): web_reg_save_param started  	[MsgId: MMSG-26355]
../Library/CommonFunctions.h(6): Registering web_reg_save_param was successful  	[MsgId: MMSG-26390]
../Library/CommonFunctions.h(11): web_url("WebTours") started  	[MsgId: MMSG-26355]
../Library/CommonFunctions.h(11): Error -27792: Failed to connect to server "localhost:1080": [10061] Connection refused  	[MsgId: MERR-27792]
../Library/CommonFunctions.h(11): Error -26377: No match found for the requested parameter "userSession". Either the specified boundaries were not found in the response or the matched text is longer than current max html parameter size of 256 bytes. The total length of the response is 0 bytes. You can use "web_set_max_html_param_len" to increase the max parameter size.  	[MsgId: MERR-26377]
../Library/CommonFunctions.h(11): Notify: Saving Parameter "userSession = ".	[MsgId: MMSG-13798]
../Library/CommonFunctions.h(11): Error -26374: The above "not found" error(s) may be explained by header and body byte counts being 0 and 0, respectively.  	[MsgId: MERR-26374]
../Library/CommonFunctions.h(11): web_url("WebTours") highest severity level was "ERROR", 0 body bytes, 0 header bytes  	[MsgId: MMSG-26388]
../Library/CommonFunctions.h(11): Notify: Transaction "openHomePage" ended with a "Fail" status (Duration: 2,0084).	[MsgId: MMSG-16873]
../Library/CommonFunctions.h(11): Notify: Transaction "openHomePage" has 3 error message(s).	[MsgId: MMSG-16818]
../Library/CommonFunctions.h(11): Notify: The 1st error message associated with transaction "openHomePage" is "Error -27792: Failed to connect to server "localhost:1080": [10061] Connection refused"	[MsgId: MMSG-16819]
../Library/CommonFunctions.h(11): Notify: The 2nd error message associated with transaction "openHomePage" is "Error -26377: No match found for the requested parameter "userSession". Either the specified boundaries were not found in the response or the matched text is longer than current max html parameter size of 256 bytes. The total length of the response is 0 bytes. You can use "web_set_max_html_param_len" to increase the max parameter size."	[MsgId: MMSG-16819]
../Library/CommonFunctions.h(11): Notify: The 3rd error message associated with transaction "openHomePage" is "Error -26374: The above "not found" error(s) may be explained by header and body byte counts being 0 and 0, respectively."	[MsgId: MMSG-16819]
../Library/CommonFunctions.h(11): Notify: Transaction "UC_01_LoginLogout" ended with a "Fail" status (Duration: 2,0084).	[MsgId: MMSG-16873]
../Library/CommonFunctions.h(11): Notify: Transaction "UC_01_LoginLogout" has 3 error message(s).	[MsgId: MMSG-16818]
../Library/CommonFunctions.h(11): Notify: The 1st error message associated with transaction "UC_01_LoginLogout" is "Error -27792: Failed to connect to server "localhost:1080": [10061] Connection refused"	[MsgId: MMSG-16819]
../Library/CommonFunctions.h(11): Notify: The 2nd error message associated with transaction "UC_01_LoginLogout" is "Error -26377: No match found for the requested parameter "userSession". Either the specified boundaries were not found in the response or the matched text is longer than current max html parameter size of 256 bytes. The total length of the response is 0 bytes. You can use "web_set_max_html_param_len" to increase the max parameter size."	[MsgId: MMSG-16819]
../Library/CommonFunctions.h(11): Notify: The 3rd error message associated with transaction "UC_01_LoginLogout" is "Error -26374: The above "not found" error(s) may be explained by header and body byte counts being 0 and 0, respectively."	[MsgId: MMSG-16819]
Ending action Action.	[MsgId: MMSG-15918]
Ending iteration 2.	[MsgId: MMSG-15965]
Waiting 167,9910 seconds for iteration pacing.	[MsgId: MMSG-15996]
Starting iteration 3.	[MsgId: MMSG-15968]
Notify: Next row for parameter userName = 3 [table  = userName].	[MsgId: MMSG-13876]
Notify: Getting new value for parameter 'userName': table = '..\Param\TestUserInfo.dat' column = '0' row = '3'.	[MsgId: MMSG-13877]
Notify: Next row for parameter password = 3 [table  = password].	[MsgId: MMSG-13876]
Notify: Getting new value for parameter 'password': table = '..\Param\TestUserInfo.dat' column = '1' row = '3'.	[MsgId: MMSG-13877]
Starting action Action.	[MsgId: MMSG-15919]
Action.c(3): Notify: Transaction "UC_01_LoginLogout" started.	[MsgId: MMSG-16999]
Action.c(5): Notify: Transaction "openHomePage" started.	[MsgId: MMSG-16999]
../Library/CommonFunctions.h(6): web_reg_save_param started  	[MsgId: MMSG-26355]
../Library/CommonFunctions.h(6): Registering web_reg_save_param was successful  	[MsgId: MMSG-26390]
../Library/CommonFunctions.h(11): web_url("WebTours") started  	[MsgId: MMSG-26355]
../Library/CommonFunctions.h(11): Error -27792: Failed to connect to server "localhost:1080": [10061] Connection refused  	[MsgId: MERR-27792]
../Library/CommonFunctions.h(11): Error -26377: No match found for the requested parameter "userSession". Either the specified boundaries were not found in the response or the matched text is longer than current max html parameter size of 256 bytes. The total length of the response is 0 bytes. You can use "web_set_max_html_param_len" to increase the max parameter size.  	[MsgId: MERR-26377]
../Library/CommonFunctions.h(11): Notify: Saving Parameter "userSession = ".	[MsgId: MMSG-13798]
../Library/CommonFunctions.h(11): Error -26374: The above "not found" error(s) may be explained by header and body byte counts being 0 and 0, respectively.  	[MsgId: MERR-26374]
../Library/CommonFunctions.h(11): web_url("WebTours") highest severity level was "ERROR", 0 body bytes, 0 header bytes  	[MsgId: MMSG-26388]
../Library/CommonFunctions.h(11): Notify: Transaction "openHomePage" ended with a "Fail" status (Duration: 2,0091).	[MsgId: MMSG-16873]
../Library/CommonFunctions.h(11): Notify: Transaction "openHomePage" has 3 error message(s).	[MsgId: MMSG-16818]
../Library/CommonFunctions.h(11): Notify: The 1st error message associated with transaction "openHomePage" is "Error -27792: Failed to connect to server "localhost:1080": [10061] Connection refused"	[MsgId: MMSG-16819]
../Library/CommonFunctions.h(11): Notify: The 2nd error message associated with transaction "openHomePage" is "Error -26377: No match found for the requested parameter "userSession". Either the specified boundaries were not found in the response or the matched text is longer than current max html parameter size of 256 bytes. The total length of the response is 0 bytes. You can use "web_set_max_html_param_len" to increase the max parameter size."	[MsgId: MMSG-16819]
../Library/CommonFunctions.h(11): Notify: The 3rd error message associated with transaction "openHomePage" is "Error -26374: The above "not found" error(s) may be explained by header and body byte counts being 0 and 0, respectively."	[MsgId: MMSG-16819]
../Library/CommonFunctions.h(11): Notify: Transaction "UC_01_LoginLogout" ended with a "Fail" status (Duration: 2,0092).	[MsgId: MMSG-16873]
../Library/CommonFunctions.h(11): Notify: Transaction "UC_01_LoginLogout" has 3 error message(s).	[MsgId: MMSG-16818]
../Library/CommonFunctions.h(11): Notify: The 1st error message associated with transaction "UC_01_LoginLogout" is "Error -27792: Failed to connect to server "localhost:1080": [10061] Connection refused"	[MsgId: MMSG-16819]
../Library/CommonFunctions.h(11): Notify: The 2nd error message associated with transaction "UC_01_LoginLogout" is "Error -26377: No match found for the requested parameter "userSession". Either the specified boundaries were not found in the response or the matched text is longer than current max html parameter size of 256 bytes. The total length of the response is 0 bytes. You can use "web_set_max_html_param_len" to increase the max parameter size."	[MsgId: MMSG-16819]
../Library/CommonFunctions.h(11): Notify: The 3rd error message associated with transaction "UC_01_LoginLogout" is "Error -26374: The above "not found" error(s) may be explained by header and body byte counts being 0 and 0, respectively."	[MsgId: MMSG-16819]
Ending action Action.	[MsgId: MMSG-15918]
Ending iteration 3.	[MsgId: MMSG-15965]
Waiting 167,9890 seconds for iteration pacing.	[MsgId: MMSG-15996]
Starting iteration 3.	[MsgId: MMSG-15968]
Notify: Next row for parameter userName = 3 [table  = userName].	[MsgId: MMSG-13876]
Notify: Getting new value for parameter 'userName': table = '..\Param\TestUserInfo.dat' column = '0' row = '3'.	[MsgId: MMSG-13877]
Notify: Next row for parameter password = 3 [table  = password].	[MsgId: MMSG-13876]
Notify: Getting new value for parameter 'password': table = '..\Param\TestUserInfo.dat' column = '1' row = '3'.	[MsgId: MMSG-13877]
Starting action Action.	[MsgId: MMSG-15919]
Action.c(3): Notify: Transaction "UC_01_LoginLogout" started.	[MsgId: MMSG-16999]
Action.c(5): Notify: Transaction "openHomePage" started.	[MsgId: MMSG-16999]
../Library/CommonFunctions.h(6): web_reg_save_param started  	[MsgId: MMSG-26355]
../Library/CommonFunctions.h(6): Registering web_reg_save_param was successful  	[MsgId: MMSG-26390]
../Library/CommonFunctions.h(11): web_url("WebTours") started  	[MsgId: MMSG-26355]
../Library/CommonFunctions.h(11): Error -27792: Failed to connect to server "localhost:1080": [10061] Connection refused  	[MsgId: MERR-27792]
../Library/CommonFunctions.h(11): Error -26377: No match found for the requested parameter "userSession". Either the specified boundaries were not found in the response or the matched text is longer than current max html parameter size of 256 bytes. The total length of the response is 0 bytes. You can use "web_set_max_html_param_len" to increase the max parameter size.  	[MsgId: MERR-26377]
../Library/CommonFunctions.h(11): Notify: Saving Parameter "userSession = ".	[MsgId: MMSG-13798]
../Library/CommonFunctions.h(11): Error -26374: The above "not found" error(s) may be explained by header and body byte counts being 0 and 0, respectively.  	[MsgId: MERR-26374]
../Library/CommonFunctions.h(11): web_url("WebTours") highest severity level was "ERROR", 0 body bytes, 0 header bytes  	[MsgId: MMSG-26388]
../Library/CommonFunctions.h(11): Notify: Transaction "openHomePage" ended with a "Fail" status (Duration: 2,0064).	[MsgId: MMSG-16873]
../Library/CommonFunctions.h(11): Notify: Transaction "openHomePage" has 3 error message(s).	[MsgId: MMSG-16818]
../Library/CommonFunctions.h(11): Notify: The 1st error message associated with transaction "openHomePage" is "Error -27792: Failed to connect to server "localhost:1080": [10061] Connection refused"	[MsgId: MMSG-16819]
../Library/CommonFunctions.h(11): Notify: The 2nd error message associated with transaction "openHomePage" is "Error -26377: No match found for the requested parameter "userSession". Either the specified boundaries were not found in the response or the matched text is longer than current max html parameter size of 256 bytes. The total length of the response is 0 bytes. You can use "web_set_max_html_param_len" to increase the max parameter size."	[MsgId: MMSG-16819]
../Library/CommonFunctions.h(11): Notify: The 3rd error message associated with transaction "openHomePage" is "Error -26374: The above "not found" error(s) may be explained by header and body byte counts being 0 and 0, respectively."	[MsgId: MMSG-16819]
../Library/CommonFunctions.h(11): Notify: Transaction "UC_01_LoginLogout" ended with a "Fail" status (Duration: 2,0064).	[MsgId: MMSG-16873]
../Library/CommonFunctions.h(11): Notify: Transaction "UC_01_LoginLogout" has 3 error message(s).	[MsgId: MMSG-16818]
../Library/CommonFunctions.h(11): Notify: The 1st error message associated with transaction "UC_01_LoginLogout" is "Error -27792: Failed to connect to server "localhost:1080": [10061] Connection refused"	[MsgId: MMSG-16819]
../Library/CommonFunctions.h(11): Notify: The 2nd error message associated with transaction "UC_01_LoginLogout" is "Error -26377: No match found for the requested parameter "userSession". Either the specified boundaries were not found in the response or the matched text is longer than current max html parameter size of 256 bytes. The total length of the response is 0 bytes. You can use "web_set_max_html_param_len" to increase the max parameter size."	[MsgId: MMSG-16819]
../Library/CommonFunctions.h(11): Notify: The 3rd error message associated with transaction "UC_01_LoginLogout" is "Error -26374: The above "not found" error(s) may be explained by header and body byte counts being 0 and 0, respectively."	[MsgId: MMSG-16819]
Ending action Action.	[MsgId: MMSG-15918]
Ending iteration 3.	[MsgId: MMSG-15965]
Waiting 167,9930 seconds for iteration pacing.	[MsgId: MMSG-15996]
Starting iteration 4.	[MsgId: MMSG-15968]
Notify: Next row for parameter userName = 4 [table  = userName].	[MsgId: MMSG-13876]
Notify: Getting new value for parameter 'userName': table = '..\Param\TestUserInfo.dat' column = '0' row = '4'.	[MsgId: MMSG-13877]
Notify: Next row for parameter password = 4 [table  = password].	[MsgId: MMSG-13876]
Notify: Getting new value for parameter 'password': table = '..\Param\TestUserInfo.dat' column = '1' row = '4'.	[MsgId: MMSG-13877]
Starting action Action.	[MsgId: MMSG-15919]
Action.c(3): Notify: Transaction "UC_01_LoginLogout" started.	[MsgId: MMSG-16999]
Action.c(5): Notify: Transaction "openHomePage" started.	[MsgId: MMSG-16999]
../Library/CommonFunctions.h(6): web_reg_save_param started  	[MsgId: MMSG-26355]
../Library/CommonFunctions.h(6): Registering web_reg_save_param was successful  	[MsgId: MMSG-26390]
../Library/CommonFunctions.h(11): web_url("WebTours") started  	[MsgId: MMSG-26355]
../Library/CommonFunctions.h(11): Error -27792: Failed to connect to server "localhost:1080": [10061] Connection refused  	[MsgId: MERR-27792]
../Library/CommonFunctions.h(11): Error -26377: No match found for the requested parameter "userSession". Either the specified boundaries were not found in the response or the matched text is longer than current max html parameter size of 256 bytes. The total length of the response is 0 bytes. You can use "web_set_max_html_param_len" to increase the max parameter size.  	[MsgId: MERR-26377]
../Library/CommonFunctions.h(11): Notify: Saving Parameter "userSession = ".	[MsgId: MMSG-13798]
../Library/CommonFunctions.h(11): Error -26374: The above "not found" error(s) may be explained by header and body byte counts being 0 and 0, respectively.  	[MsgId: MERR-26374]
../Library/CommonFunctions.h(11): web_url("WebTours") highest severity level was "ERROR", 0 body bytes, 0 header bytes  	[MsgId: MMSG-26388]
../Library/CommonFunctions.h(11): Notify: Transaction "openHomePage" ended with a "Fail" status (Duration: 2,0056).	[MsgId: MMSG-16873]
../Library/CommonFunctions.h(11): Notify: Transaction "openHomePage" has 3 error message(s).	[MsgId: MMSG-16818]
../Library/CommonFunctions.h(11): Notify: The 1st error message associated with transaction "openHomePage" is "Error -27792: Failed to connect to server "localhost:1080": [10061] Connection refused"	[MsgId: MMSG-16819]
../Library/CommonFunctions.h(11): Notify: The 2nd error message associated with transaction "openHomePage" is "Error -26377: No match found for the requested parameter "userSession". Either the specified boundaries were not found in the response or the matched text is longer than current max html parameter size of 256 bytes. The total length of the response is 0 bytes. You can use "web_set_max_html_param_len" to increase the max parameter size."	[MsgId: MMSG-16819]
../Library/CommonFunctions.h(11): Notify: The 3rd error message associated with transaction "openHomePage" is "Error -26374: The above "not found" error(s) may be explained by header and body byte counts being 0 and 0, respectively."	[MsgId: MMSG-16819]
../Library/CommonFunctions.h(11): Notify: Transaction "UC_01_LoginLogout" ended with a "Fail" status (Duration: 2,0057).	[MsgId: MMSG-16873]
../Library/CommonFunctions.h(11): Notify: Transaction "UC_01_LoginLogout" has 3 error message(s).	[MsgId: MMSG-16818]
../Library/CommonFunctions.h(11): Notify: The 1st error message associated with transaction "UC_01_LoginLogout" is "Error -27792: Failed to connect to server "localhost:1080": [10061] Connection refused"	[MsgId: MMSG-16819]
../Library/CommonFunctions.h(11): Notify: The 2nd error message associated with transaction "UC_01_LoginLogout" is "Error -26377: No match found for the requested parameter "userSession". Either the specified boundaries were not found in the response or the matched text is longer than current max html parameter size of 256 bytes. The total length of the response is 0 bytes. You can use "web_set_max_html_param_len" to increase the max parameter size."	[MsgId: MMSG-16819]
../Library/CommonFunctions.h(11): Notify: The 3rd error message associated with transaction "UC_01_LoginLogout" is "Error -26374: The above "not found" error(s) may be explained by header and body byte counts being 0 and 0, respectively."	[MsgId: MMSG-16819]
Ending action Action.	[MsgId: MMSG-15918]
Ending iteration 4.	[MsgId: MMSG-15965]
Waiting 167,9910 seconds for iteration pacing.	[MsgId: MMSG-15996]
Starting iteration 4.	[MsgId: MMSG-15968]
Notify: Next row for parameter userName = 4 [table  = userName].	[MsgId: MMSG-13876]
Notify: Getting new value for parameter 'userName': table = '..\Param\TestUserInfo.dat' column = '0' row = '4'.	[MsgId: MMSG-13877]
Notify: Next row for parameter password = 4 [table  = password].	[MsgId: MMSG-13876]
Notify: Getting new value for parameter 'password': table = '..\Param\TestUserInfo.dat' column = '1' row = '4'.	[MsgId: MMSG-13877]
Starting action Action.	[MsgId: MMSG-15919]
Action.c(3): Notify: Transaction "UC_01_LoginLogout" started.	[MsgId: MMSG-16999]
Action.c(5): Notify: Transaction "openHomePage" started.	[MsgId: MMSG-16999]
../Library/CommonFunctions.h(6): web_reg_save_param started  	[MsgId: MMSG-26355]
../Library/CommonFunctions.h(6): Registering web_reg_save_param was successful  	[MsgId: MMSG-26390]
../Library/CommonFunctions.h(11): web_url("WebTours") started  	[MsgId: MMSG-26355]
../Library/CommonFunctions.h(11): Error -27792: Failed to connect to server "localhost:1080": [10061] Connection refused  	[MsgId: MERR-27792]
../Library/CommonFunctions.h(11): Error -26377: No match found for the requested parameter "userSession". Either the specified boundaries were not found in the response or the matched text is longer than current max html parameter size of 256 bytes. The total length of the response is 0 bytes. You can use "web_set_max_html_param_len" to increase the max parameter size.  	[MsgId: MERR-26377]
../Library/CommonFunctions.h(11): Notify: Saving Parameter "userSession = ".	[MsgId: MMSG-13798]
../Library/CommonFunctions.h(11): Error -26374: The above "not found" error(s) may be explained by header and body byte counts being 0 and 0, respectively.  	[MsgId: MERR-26374]
../Library/CommonFunctions.h(11): web_url("WebTours") highest severity level was "ERROR", 0 body bytes, 0 header bytes  	[MsgId: MMSG-26388]
../Library/CommonFunctions.h(11): Notify: Transaction "openHomePage" ended with a "Fail" status (Duration: 2,0071).	[MsgId: MMSG-16873]
../Library/CommonFunctions.h(11): Notify: Transaction "openHomePage" has 3 error message(s).	[MsgId: MMSG-16818]
../Library/CommonFunctions.h(11): Notify: The 1st error message associated with transaction "openHomePage" is "Error -27792: Failed to connect to server "localhost:1080": [10061] Connection refused"	[MsgId: MMSG-16819]
../Library/CommonFunctions.h(11): Notify: The 2nd error message associated with transaction "openHomePage" is "Error -26377: No match found for the requested parameter "userSession". Either the specified boundaries were not found in the response or the matched text is longer than current max html parameter size of 256 bytes. The total length of the response is 0 bytes. You can use "web_set_max_html_param_len" to increase the max parameter size."	[MsgId: MMSG-16819]
../Library/CommonFunctions.h(11): Notify: The 3rd error message associated with transaction "openHomePage" is "Error -26374: The above "not found" error(s) may be explained by header and body byte counts being 0 and 0, respectively."	[MsgId: MMSG-16819]
../Library/CommonFunctions.h(11): Notify: Transaction "UC_01_LoginLogout" ended with a "Fail" status (Duration: 2,0072).	[MsgId: MMSG-16873]
../Library/CommonFunctions.h(11): Notify: Transaction "UC_01_LoginLogout" has 3 error message(s).	[MsgId: MMSG-16818]
../Library/CommonFunctions.h(11): Notify: The 1st error message associated with transaction "UC_01_LoginLogout" is "Error -27792: Failed to connect to server "localhost:1080": [10061] Connection refused"	[MsgId: MMSG-16819]
../Library/CommonFunctions.h(11): Notify: The 2nd error message associated with transaction "UC_01_LoginLogout" is "Error -26377: No match found for the requested parameter "userSession". Either the specified boundaries were not found in the response or the matched text is longer than current max html parameter size of 256 bytes. The total length of the response is 0 bytes. You can use "web_set_max_html_param_len" to increase the max parameter size."	[MsgId: MMSG-16819]
../Library/CommonFunctions.h(11): Notify: The 3rd error message associated with transaction "UC_01_LoginLogout" is "Error -26374: The above "not found" error(s) may be explained by header and body byte counts being 0 and 0, respectively."	[MsgId: MMSG-16819]
Ending action Action.	[MsgId: MMSG-15918]
Ending iteration 4.	[MsgId: MMSG-15965]
Waiting 167,9920 seconds for iteration pacing.	[MsgId: MMSG-15996]
Starting iteration 5.	[MsgId: MMSG-15968]
Notify: Next row for parameter userName = 5 [table  = userName].	[MsgId: MMSG-13876]
Notify: Getting new value for parameter 'userName': table = '..\Param\TestUserInfo.dat' column = '0' row = '5'.	[MsgId: MMSG-13877]
Notify: Next row for parameter password = 5 [table  = password].	[MsgId: MMSG-13876]
Notify: Getting new value for parameter 'password': table = '..\Param\TestUserInfo.dat' column = '1' row = '5'.	[MsgId: MMSG-13877]
Starting action Action.	[MsgId: MMSG-15919]
Action.c(3): Notify: Transaction "UC_01_LoginLogout" started.	[MsgId: MMSG-16999]
Action.c(5): Notify: Transaction "openHomePage" started.	[MsgId: MMSG-16999]
../Library/CommonFunctions.h(6): web_reg_save_param started  	[MsgId: MMSG-26355]
../Library/CommonFunctions.h(6): Registering web_reg_save_param was successful  	[MsgId: MMSG-26390]
../Library/CommonFunctions.h(11): web_url("WebTours") started  	[MsgId: MMSG-26355]
../Library/CommonFunctions.h(11): Error -27792: Failed to connect to server "localhost:1080": [10061] Connection refused  	[MsgId: MERR-27792]
../Library/CommonFunctions.h(11): Error -26377: No match found for the requested parameter "userSession". Either the specified boundaries were not found in the response or the matched text is longer than current max html parameter size of 256 bytes. The total length of the response is 0 bytes. You can use "web_set_max_html_param_len" to increase the max parameter size.  	[MsgId: MERR-26377]
../Library/CommonFunctions.h(11): Notify: Saving Parameter "userSession = ".	[MsgId: MMSG-13798]
../Library/CommonFunctions.h(11): Error -26374: The above "not found" error(s) may be explained by header and body byte counts being 0 and 0, respectively.  	[MsgId: MERR-26374]
../Library/CommonFunctions.h(11): web_url("WebTours") highest severity level was "ERROR", 0 body bytes, 0 header bytes  	[MsgId: MMSG-26388]
../Library/CommonFunctions.h(11): Notify: Transaction "openHomePage" ended with a "Fail" status (Duration: 2,0065).	[MsgId: MMSG-16873]
../Library/CommonFunctions.h(11): Notify: Transaction "openHomePage" has 3 error message(s).	[MsgId: MMSG-16818]
../Library/CommonFunctions.h(11): Notify: The 1st error message associated with transaction "openHomePage" is "Error -27792: Failed to connect to server "localhost:1080": [10061] Connection refused"	[MsgId: MMSG-16819]
../Library/CommonFunctions.h(11): Notify: The 2nd error message associated with transaction "openHomePage" is "Error -26377: No match found for the requested parameter "userSession". Either the specified boundaries were not found in the response or the matched text is longer than current max html parameter size of 256 bytes. The total length of the response is 0 bytes. You can use "web_set_max_html_param_len" to increase the max parameter size."	[MsgId: MMSG-16819]
../Library/CommonFunctions.h(11): Notify: The 3rd error message associated with transaction "openHomePage" is "Error -26374: The above "not found" error(s) may be explained by header and body byte counts being 0 and 0, respectively."	[MsgId: MMSG-16819]
../Library/CommonFunctions.h(11): Notify: Transaction "UC_01_LoginLogout" ended with a "Fail" status (Duration: 2,0066).	[MsgId: MMSG-16873]
../Library/CommonFunctions.h(11): Notify: Transaction "UC_01_LoginLogout" has 3 error message(s).	[MsgId: MMSG-16818]
../Library/CommonFunctions.h(11): Notify: The 1st error message associated with transaction "UC_01_LoginLogout" is "Error -27792: Failed to connect to server "localhost:1080": [10061] Connection refused"	[MsgId: MMSG-16819]
../Library/CommonFunctions.h(11): Notify: The 2nd error message associated with transaction "UC_01_LoginLogout" is "Error -26377: No match found for the requested parameter "userSession". Either the specified boundaries were not found in the response or the matched text is longer than current max html parameter size of 256 bytes. The total length of the response is 0 bytes. You can use "web_set_max_html_param_len" to increase the max parameter size."	[MsgId: MMSG-16819]
../Library/CommonFunctions.h(11): Notify: The 3rd error message associated with transaction "UC_01_LoginLogout" is "Error -26374: The above "not found" error(s) may be explained by header and body byte counts being 0 and 0, respectively."	[MsgId: MMSG-16819]
Ending action Action.	[MsgId: MMSG-15918]
Ending iteration 5.	[MsgId: MMSG-15965]
Waiting 167,9920 seconds for iteration pacing.	[MsgId: MMSG-15996]
Starting iteration 5.	[MsgId: MMSG-15968]
Notify: Next row for parameter userName = 5 [table  = userName].	[MsgId: MMSG-13876]
Notify: Getting new value for parameter 'userName': table = '..\Param\TestUserInfo.dat' column = '0' row = '5'.	[MsgId: MMSG-13877]
Notify: Next row for parameter password = 5 [table  = password].	[MsgId: MMSG-13876]
Notify: Getting new value for parameter 'password': table = '..\Param\TestUserInfo.dat' column = '1' row = '5'.	[MsgId: MMSG-13877]
Starting action Action.	[MsgId: MMSG-15919]
Action.c(3): Notify: Transaction "UC_01_LoginLogout" started.	[MsgId: MMSG-16999]
Action.c(5): Notify: Transaction "openHomePage" started.	[MsgId: MMSG-16999]
../Library/CommonFunctions.h(6): web_reg_save_param started  	[MsgId: MMSG-26355]
../Library/CommonFunctions.h(6): Registering web_reg_save_param was successful  	[MsgId: MMSG-26390]
../Library/CommonFunctions.h(11): web_url("WebTours") started  	[MsgId: MMSG-26355]
../Library/CommonFunctions.h(11): Error -27792: Failed to connect to server "localhost:1080": [10061] Connection refused  	[MsgId: MERR-27792]
../Library/CommonFunctions.h(11): Error -26377: No match found for the requested parameter "userSession". Either the specified boundaries were not found in the response or the matched text is longer than current max html parameter size of 256 bytes. The total length of the response is 0 bytes. You can use "web_set_max_html_param_len" to increase the max parameter size.  	[MsgId: MERR-26377]
../Library/CommonFunctions.h(11): Notify: Saving Parameter "userSession = ".	[MsgId: MMSG-13798]
../Library/CommonFunctions.h(11): Error -26374: The above "not found" error(s) may be explained by header and body byte counts being 0 and 0, respectively.  	[MsgId: MERR-26374]
../Library/CommonFunctions.h(11): web_url("WebTours") highest severity level was "ERROR", 0 body bytes, 0 header bytes  	[MsgId: MMSG-26388]
../Library/CommonFunctions.h(11): Notify: Transaction "openHomePage" ended with a "Fail" status (Duration: 2,0064).	[MsgId: MMSG-16873]
../Library/CommonFunctions.h(11): Notify: Transaction "openHomePage" has 3 error message(s).	[MsgId: MMSG-16818]
../Library/CommonFunctions.h(11): Notify: The 1st error message associated with transaction "openHomePage" is "Error -27792: Failed to connect to server "localhost:1080": [10061] Connection refused"	[MsgId: MMSG-16819]
../Library/CommonFunctions.h(11): Notify: The 2nd error message associated with transaction "openHomePage" is "Error -26377: No match found for the requested parameter "userSession". Either the specified boundaries were not found in the response or the matched text is longer than current max html parameter size of 256 bytes. The total length of the response is 0 bytes. You can use "web_set_max_html_param_len" to increase the max parameter size."	[MsgId: MMSG-16819]
../Library/CommonFunctions.h(11): Notify: The 3rd error message associated with transaction "openHomePage" is "Error -26374: The above "not found" error(s) may be explained by header and body byte counts being 0 and 0, respectively."	[MsgId: MMSG-16819]
../Library/CommonFunctions.h(11): Notify: Transaction "UC_01_LoginLogout" ended with a "Fail" status (Duration: 2,0065).	[MsgId: MMSG-16873]
../Library/CommonFunctions.h(11): Notify: Transaction "UC_01_LoginLogout" has 3 error message(s).	[MsgId: MMSG-16818]
../Library/CommonFunctions.h(11): Notify: The 1st error message associated with transaction "UC_01_LoginLogout" is "Error -27792: Failed to connect to server "localhost:1080": [10061] Connection refused"	[MsgId: MMSG-16819]
../Library/CommonFunctions.h(11): Notify: The 2nd error message associated with transaction "UC_01_LoginLogout" is "Error -26377: No match found for the requested parameter "userSession". Either the specified boundaries were not found in the response or the matched text is longer than current max html parameter size of 256 bytes. The total length of the response is 0 bytes. You can use "web_set_max_html_param_len" to increase the max parameter size."	[MsgId: MMSG-16819]
../Library/CommonFunctions.h(11): Notify: The 3rd error message associated with transaction "UC_01_LoginLogout" is "Error -26374: The above "not found" error(s) may be explained by header and body byte counts being 0 and 0, respectively."	[MsgId: MMSG-16819]
Ending action Action.	[MsgId: MMSG-15918]
Ending iteration 5.	[MsgId: MMSG-15965]
Waiting 167,9930 seconds for iteration pacing.	[MsgId: MMSG-15996]
Starting iteration 6.	[MsgId: MMSG-15968]
Notify: Next row for parameter userName = 6 [table  = userName].	[MsgId: MMSG-13876]
Notify: Getting new value for parameter 'userName': table = '..\Param\TestUserInfo.dat' column = '0' row = '6'.	[MsgId: MMSG-13877]
Notify: Next row for parameter password = 6 [table  = password].	[MsgId: MMSG-13876]
Notify: Getting new value for parameter 'password': table = '..\Param\TestUserInfo.dat' column = '1' row = '6'.	[MsgId: MMSG-13877]
Starting action Action.	[MsgId: MMSG-15919]
Action.c(3): Notify: Transaction "UC_01_LoginLogout" started.	[MsgId: MMSG-16999]
Action.c(5): Notify: Transaction "openHomePage" started.	[MsgId: MMSG-16999]
../Library/CommonFunctions.h(6): web_reg_save_param started  	[MsgId: MMSG-26355]
../Library/CommonFunctions.h(6): Registering web_reg_save_param was successful  	[MsgId: MMSG-26390]
../Library/CommonFunctions.h(11): web_url("WebTours") started  	[MsgId: MMSG-26355]
../Library/CommonFunctions.h(11): Error -27792: Failed to connect to server "localhost:1080": [10061] Connection refused  	[MsgId: MERR-27792]
../Library/CommonFunctions.h(11): Error -26377: No match found for the requested parameter "userSession". Either the specified boundaries were not found in the response or the matched text is longer than current max html parameter size of 256 bytes. The total length of the response is 0 bytes. You can use "web_set_max_html_param_len" to increase the max parameter size.  	[MsgId: MERR-26377]
../Library/CommonFunctions.h(11): Notify: Saving Parameter "userSession = ".	[MsgId: MMSG-13798]
../Library/CommonFunctions.h(11): Error -26374: The above "not found" error(s) may be explained by header and body byte counts being 0 and 0, respectively.  	[MsgId: MERR-26374]
../Library/CommonFunctions.h(11): web_url("WebTours") highest severity level was "ERROR", 0 body bytes, 0 header bytes  	[MsgId: MMSG-26388]
../Library/CommonFunctions.h(11): Notify: Transaction "openHomePage" ended with a "Fail" status (Duration: 2,0064).	[MsgId: MMSG-16873]
../Library/CommonFunctions.h(11): Notify: Transaction "openHomePage" has 3 error message(s).	[MsgId: MMSG-16818]
../Library/CommonFunctions.h(11): Notify: The 1st error message associated with transaction "openHomePage" is "Error -27792: Failed to connect to server "localhost:1080": [10061] Connection refused"	[MsgId: MMSG-16819]
../Library/CommonFunctions.h(11): Notify: The 2nd error message associated with transaction "openHomePage" is "Error -26377: No match found for the requested parameter "userSession". Either the specified boundaries were not found in the response or the matched text is longer than current max html parameter size of 256 bytes. The total length of the response is 0 bytes. You can use "web_set_max_html_param_len" to increase the max parameter size."	[MsgId: MMSG-16819]
../Library/CommonFunctions.h(11): Notify: The 3rd error message associated with transaction "openHomePage" is "Error -26374: The above "not found" error(s) may be explained by header and body byte counts being 0 and 0, respectively."	[MsgId: MMSG-16819]
../Library/CommonFunctions.h(11): Notify: Transaction "UC_01_LoginLogout" ended with a "Fail" status (Duration: 2,0064).	[MsgId: MMSG-16873]
../Library/CommonFunctions.h(11): Notify: Transaction "UC_01_LoginLogout" has 3 error message(s).	[MsgId: MMSG-16818]
../Library/CommonFunctions.h(11): Notify: The 1st error message associated with transaction "UC_01_LoginLogout" is "Error -27792: Failed to connect to server "localhost:1080": [10061] Connection refused"	[MsgId: MMSG-16819]
../Library/CommonFunctions.h(11): Notify: The 2nd error message associated with transaction "UC_01_LoginLogout" is "Error -26377: No match found for the requested parameter "userSession". Either the specified boundaries were not found in the response or the matched text is longer than current max html parameter size of 256 bytes. The total length of the response is 0 bytes. You can use "web_set_max_html_param_len" to increase the max parameter size."	[MsgId: MMSG-16819]
../Library/CommonFunctions.h(11): Notify: The 3rd error message associated with transaction "UC_01_LoginLogout" is "Error -26374: The above "not found" error(s) may be explained by header and body byte counts being 0 and 0, respectively."	[MsgId: MMSG-16819]
Ending action Action.	[MsgId: MMSG-15918]
Ending iteration 6.	[MsgId: MMSG-15965]
Waiting 167,9920 seconds for iteration pacing.	[MsgId: MMSG-15996]
Starting iteration 6.	[MsgId: MMSG-15968]
Notify: Next row for parameter userName = 6 [table  = userName].	[MsgId: MMSG-13876]
Notify: Getting new value for parameter 'userName': table = '..\Param\TestUserInfo.dat' column = '0' row = '6'.	[MsgId: MMSG-13877]
Notify: Next row for parameter password = 6 [table  = password].	[MsgId: MMSG-13876]
Notify: Getting new value for parameter 'password': table = '..\Param\TestUserInfo.dat' column = '1' row = '6'.	[MsgId: MMSG-13877]
Starting action Action.	[MsgId: MMSG-15919]
Action.c(3): Notify: Transaction "UC_01_LoginLogout" started.	[MsgId: MMSG-16999]
Action.c(5): Notify: Transaction "openHomePage" started.	[MsgId: MMSG-16999]
../Library/CommonFunctions.h(6): web_reg_save_param started  	[MsgId: MMSG-26355]
../Library/CommonFunctions.h(6): Registering web_reg_save_param was successful  	[MsgId: MMSG-26390]
../Library/CommonFunctions.h(11): web_url("WebTours") started  	[MsgId: MMSG-26355]
../Library/CommonFunctions.h(11): Error -27792: Failed to connect to server "localhost:1080": [10061] Connection refused  	[MsgId: MERR-27792]
../Library/CommonFunctions.h(11): Error -26377: No match found for the requested parameter "userSession". Either the specified boundaries were not found in the response or the matched text is longer than current max html parameter size of 256 bytes. The total length of the response is 0 bytes. You can use "web_set_max_html_param_len" to increase the max parameter size.  	[MsgId: MERR-26377]
../Library/CommonFunctions.h(11): Notify: Saving Parameter "userSession = ".	[MsgId: MMSG-13798]
../Library/CommonFunctions.h(11): Error -26374: The above "not found" error(s) may be explained by header and body byte counts being 0 and 0, respectively.  	[MsgId: MERR-26374]
../Library/CommonFunctions.h(11): web_url("WebTours") highest severity level was "ERROR", 0 body bytes, 0 header bytes  	[MsgId: MMSG-26388]
../Library/CommonFunctions.h(11): Notify: Transaction "openHomePage" ended with a "Fail" status (Duration: 2,0063).	[MsgId: MMSG-16873]
../Library/CommonFunctions.h(11): Notify: Transaction "openHomePage" has 3 error message(s).	[MsgId: MMSG-16818]
../Library/CommonFunctions.h(11): Notify: The 1st error message associated with transaction "openHomePage" is "Error -27792: Failed to connect to server "localhost:1080": [10061] Connection refused"	[MsgId: MMSG-16819]
../Library/CommonFunctions.h(11): Notify: The 2nd error message associated with transaction "openHomePage" is "Error -26377: No match found for the requested parameter "userSession". Either the specified boundaries were not found in the response or the matched text is longer than current max html parameter size of 256 bytes. The total length of the response is 0 bytes. You can use "web_set_max_html_param_len" to increase the max parameter size."	[MsgId: MMSG-16819]
../Library/CommonFunctions.h(11): Notify: The 3rd error message associated with transaction "openHomePage" is "Error -26374: The above "not found" error(s) may be explained by header and body byte counts being 0 and 0, respectively."	[MsgId: MMSG-16819]
../Library/CommonFunctions.h(11): Notify: Transaction "UC_01_LoginLogout" ended with a "Fail" status (Duration: 2,0063).	[MsgId: MMSG-16873]
../Library/CommonFunctions.h(11): Notify: Transaction "UC_01_LoginLogout" has 3 error message(s).	[MsgId: MMSG-16818]
../Library/CommonFunctions.h(11): Notify: The 1st error message associated with transaction "UC_01_LoginLogout" is "Error -27792: Failed to connect to server "localhost:1080": [10061] Connection refused"	[MsgId: MMSG-16819]
../Library/CommonFunctions.h(11): Notify: The 2nd error message associated with transaction "UC_01_LoginLogout" is "Error -26377: No match found for the requested parameter "userSession". Either the specified boundaries were not found in the response or the matched text is longer than current max html parameter size of 256 bytes. The total length of the response is 0 bytes. You can use "web_set_max_html_param_len" to increase the max parameter size."	[MsgId: MMSG-16819]
../Library/CommonFunctions.h(11): Notify: The 3rd error message associated with transaction "UC_01_LoginLogout" is "Error -26374: The above "not found" error(s) may be explained by header and body byte counts being 0 and 0, respectively."	[MsgId: MMSG-16819]
Ending action Action.	[MsgId: MMSG-15918]
Ending iteration 6.	[MsgId: MMSG-15965]
Waiting 167,9910 seconds for iteration pacing.	[MsgId: MMSG-15996]
Starting iteration 7.	[MsgId: MMSG-15968]
Notify: Next row for parameter userName = 7 [table  = userName].	[MsgId: MMSG-13876]
Notify: Getting new value for parameter 'userName': table = '..\Param\TestUserInfo.dat' column = '0' row = '7'.	[MsgId: MMSG-13877]
Notify: Next row for parameter password = 7 [table  = password].	[MsgId: MMSG-13876]
Notify: Getting new value for parameter 'password': table = '..\Param\TestUserInfo.dat' column = '1' row = '7'.	[MsgId: MMSG-13877]
Starting action Action.	[MsgId: MMSG-15919]
Action.c(3): Notify: Transaction "UC_01_LoginLogout" started.	[MsgId: MMSG-16999]
Action.c(5): Notify: Transaction "openHomePage" started.	[MsgId: MMSG-16999]
../Library/CommonFunctions.h(6): web_reg_save_param started  	[MsgId: MMSG-26355]
../Library/CommonFunctions.h(6): Registering web_reg_save_param was successful  	[MsgId: MMSG-26390]
../Library/CommonFunctions.h(11): web_url("WebTours") started  	[MsgId: MMSG-26355]
../Library/CommonFunctions.h(11): Error -27792: Failed to connect to server "localhost:1080": [10061] Connection refused  	[MsgId: MERR-27792]
../Library/CommonFunctions.h(11): Error -26377: No match found for the requested parameter "userSession". Either the specified boundaries were not found in the response or the matched text is longer than current max html parameter size of 256 bytes. The total length of the response is 0 bytes. You can use "web_set_max_html_param_len" to increase the max parameter size.  	[MsgId: MERR-26377]
../Library/CommonFunctions.h(11): Notify: Saving Parameter "userSession = ".	[MsgId: MMSG-13798]
../Library/CommonFunctions.h(11): Error -26374: The above "not found" error(s) may be explained by header and body byte counts being 0 and 0, respectively.  	[MsgId: MERR-26374]
../Library/CommonFunctions.h(11): web_url("WebTours") highest severity level was "ERROR", 0 body bytes, 0 header bytes  	[MsgId: MMSG-26388]
../Library/CommonFunctions.h(11): Notify: Transaction "openHomePage" ended with a "Fail" status (Duration: 2,0063).	[MsgId: MMSG-16873]
../Library/CommonFunctions.h(11): Notify: Transaction "openHomePage" has 3 error message(s).	[MsgId: MMSG-16818]
../Library/CommonFunctions.h(11): Notify: The 1st error message associated with transaction "openHomePage" is "Error -27792: Failed to connect to server "localhost:1080": [10061] Connection refused"	[MsgId: MMSG-16819]
../Library/CommonFunctions.h(11): Notify: The 2nd error message associated with transaction "openHomePage" is "Error -26377: No match found for the requested parameter "userSession". Either the specified boundaries were not found in the response or the matched text is longer than current max html parameter size of 256 bytes. The total length of the response is 0 bytes. You can use "web_set_max_html_param_len" to increase the max parameter size."	[MsgId: MMSG-16819]
../Library/CommonFunctions.h(11): Notify: The 3rd error message associated with transaction "openHomePage" is "Error -26374: The above "not found" error(s) may be explained by header and body byte counts being 0 and 0, respectively."	[MsgId: MMSG-16819]
../Library/CommonFunctions.h(11): Notify: Transaction "UC_01_LoginLogout" ended with a "Fail" status (Duration: 2,0063).	[MsgId: MMSG-16873]
../Library/CommonFunctions.h(11): Notify: Transaction "UC_01_LoginLogout" has 3 error message(s).	[MsgId: MMSG-16818]
../Library/CommonFunctions.h(11): Notify: The 1st error message associated with transaction "UC_01_LoginLogout" is "Error -27792: Failed to connect to server "localhost:1080": [10061] Connection refused"	[MsgId: MMSG-16819]
../Library/CommonFunctions.h(11): Notify: The 2nd error message associated with transaction "UC_01_LoginLogout" is "Error -26377: No match found for the requested parameter "userSession". Either the specified boundaries were not found in the response or the matched text is longer than current max html parameter size of 256 bytes. The total length of the response is 0 bytes. You can use "web_set_max_html_param_len" to increase the max parameter size."	[MsgId: MMSG-16819]
../Library/CommonFunctions.h(11): Notify: The 3rd error message associated with transaction "UC_01_LoginLogout" is "Error -26374: The above "not found" error(s) may be explained by header and body byte counts being 0 and 0, respectively."	[MsgId: MMSG-16819]
Ending action Action.	[MsgId: MMSG-15918]
Ending iteration 7.	[MsgId: MMSG-15965]
Waiting 167,9920 seconds for iteration pacing.	[MsgId: MMSG-15996]
Starting iteration 7.	[MsgId: MMSG-15968]
Notify: Next row for parameter userName = 7 [table  = userName].	[MsgId: MMSG-13876]
Notify: Getting new value for parameter 'userName': table = '..\Param\TestUserInfo.dat' column = '0' row = '7'.	[MsgId: MMSG-13877]
Notify: Next row for parameter password = 7 [table  = password].	[MsgId: MMSG-13876]
Notify: Getting new value for parameter 'password': table = '..\Param\TestUserInfo.dat' column = '1' row = '7'.	[MsgId: MMSG-13877]
Starting action Action.	[MsgId: MMSG-15919]
Action.c(3): Notify: Transaction "UC_01_LoginLogout" started.	[MsgId: MMSG-16999]
Action.c(5): Notify: Transaction "openHomePage" started.	[MsgId: MMSG-16999]
../Library/CommonFunctions.h(6): web_reg_save_param started  	[MsgId: MMSG-26355]
../Library/CommonFunctions.h(6): Registering web_reg_save_param was successful  	[MsgId: MMSG-26390]
../Library/CommonFunctions.h(11): web_url("WebTours") started  	[MsgId: MMSG-26355]
../Library/CommonFunctions.h(11): Error -27792: Failed to connect to server "localhost:1080": [10061] Connection refused  	[MsgId: MERR-27792]
../Library/CommonFunctions.h(11): Error -26377: No match found for the requested parameter "userSession". Either the specified boundaries were not found in the response or the matched text is longer than current max html parameter size of 256 bytes. The total length of the response is 0 bytes. You can use "web_set_max_html_param_len" to increase the max parameter size.  	[MsgId: MERR-26377]
../Library/CommonFunctions.h(11): Notify: Saving Parameter "userSession = ".	[MsgId: MMSG-13798]
../Library/CommonFunctions.h(11): Error -26374: The above "not found" error(s) may be explained by header and body byte counts being 0 and 0, respectively.  	[MsgId: MERR-26374]
../Library/CommonFunctions.h(11): web_url("WebTours") highest severity level was "ERROR", 0 body bytes, 0 header bytes  	[MsgId: MMSG-26388]
../Library/CommonFunctions.h(11): Notify: Transaction "openHomePage" ended with a "Fail" status (Duration: 2,0045).	[MsgId: MMSG-16873]
../Library/CommonFunctions.h(11): Notify: Transaction "openHomePage" has 3 error message(s).	[MsgId: MMSG-16818]
../Library/CommonFunctions.h(11): Notify: The 1st error message associated with transaction "openHomePage" is "Error -27792: Failed to connect to server "localhost:1080": [10061] Connection refused"	[MsgId: MMSG-16819]
../Library/CommonFunctions.h(11): Notify: The 2nd error message associated with transaction "openHomePage" is "Error -26377: No match found for the requested parameter "userSession". Either the specified boundaries were not found in the response or the matched text is longer than current max html parameter size of 256 bytes. The total length of the response is 0 bytes. You can use "web_set_max_html_param_len" to increase the max parameter size."	[MsgId: MMSG-16819]
../Library/CommonFunctions.h(11): Notify: The 3rd error message associated with transaction "openHomePage" is "Error -26374: The above "not found" error(s) may be explained by header and body byte counts being 0 and 0, respectively."	[MsgId: MMSG-16819]
../Library/CommonFunctions.h(11): Notify: Transaction "UC_01_LoginLogout" ended with a "Fail" status (Duration: 2,0046).	[MsgId: MMSG-16873]
../Library/CommonFunctions.h(11): Notify: Transaction "UC_01_LoginLogout" has 3 error message(s).	[MsgId: MMSG-16818]
../Library/CommonFunctions.h(11): Notify: The 1st error message associated with transaction "UC_01_LoginLogout" is "Error -27792: Failed to connect to server "localhost:1080": [10061] Connection refused"	[MsgId: MMSG-16819]
../Library/CommonFunctions.h(11): Notify: The 2nd error message associated with transaction "UC_01_LoginLogout" is "Error -26377: No match found for the requested parameter "userSession". Either the specified boundaries were not found in the response or the matched text is longer than current max html parameter size of 256 bytes. The total length of the response is 0 bytes. You can use "web_set_max_html_param_len" to increase the max parameter size."	[MsgId: MMSG-16819]
../Library/CommonFunctions.h(11): Notify: The 3rd error message associated with transaction "UC_01_LoginLogout" is "Error -26374: The above "not found" error(s) may be explained by header and body byte counts being 0 and 0, respectively."	[MsgId: MMSG-16819]
Ending action Action.	[MsgId: MMSG-15918]
Ending iteration 7.	[MsgId: MMSG-15965]
Waiting 167,9940 seconds for iteration pacing.	[MsgId: MMSG-15996]
Starting iteration 8.	[MsgId: MMSG-15968]
Notify: Next row for parameter userName = 8 [table  = userName].	[MsgId: MMSG-13876]
Notify: Getting new value for parameter 'userName': table = '..\Param\TestUserInfo.dat' column = '0' row = '8'.	[MsgId: MMSG-13877]
Notify: Next row for parameter password = 8 [table  = password].	[MsgId: MMSG-13876]
Notify: Getting new value for parameter 'password': table = '..\Param\TestUserInfo.dat' column = '1' row = '8'.	[MsgId: MMSG-13877]
Starting action Action.	[MsgId: MMSG-15919]
Action.c(3): Notify: Transaction "UC_01_LoginLogout" started.	[MsgId: MMSG-16999]
Action.c(5): Notify: Transaction "openHomePage" started.	[MsgId: MMSG-16999]
../Library/CommonFunctions.h(6): web_reg_save_param started  	[MsgId: MMSG-26355]
../Library/CommonFunctions.h(6): Registering web_reg_save_param was successful  	[MsgId: MMSG-26390]
../Library/CommonFunctions.h(11): web_url("WebTours") started  	[MsgId: MMSG-26355]
../Library/CommonFunctions.h(11): Detected non-resource "http://localhost:1080/WebTours/header.html" in "http://localhost:1080/WebTours/"  	[MsgId: MMSG-26574]
../Library/CommonFunctions.h(11): Detected non-resource "http://localhost:1080/cgi-bin/welcome.pl?signOff=true" in "http://localhost:1080/WebTours/"  	[MsgId: MMSG-26574]
../Library/CommonFunctions.h(11): Found resource "http://localhost:1080/WebTours/images/hp_logo.png" in HTML "http://localhost:1080/WebTours/header.html"  	[MsgId: MMSG-26659]
../Library/CommonFunctions.h(11): Found resource "http://localhost:1080/WebTours/images/webtours.png" in HTML "http://localhost:1080/WebTours/header.html"  	[MsgId: MMSG-26659]
../Library/CommonFunctions.h(11): Detected non-resource "http://localhost:1080/cgi-bin/nav.pl?in=home" in "http://localhost:1080/cgi-bin/welcome.pl?signOff=true"  	[MsgId: MMSG-26574]
../Library/CommonFunctions.h(11): Detected non-resource "http://localhost:1080/WebTours/home.html" in "http://localhost:1080/cgi-bin/welcome.pl?signOff=true"  	[MsgId: MMSG-26574]
../Library/CommonFunctions.h(11): Notify: Saving Parameter "userSession = 134687.491616039zQcHQiHpiftVfzHpQcHV".	[MsgId: MMSG-13798]
../Library/CommonFunctions.h(11): Found resource "http://localhost:1080/WebTours/images/mer_login.gif" in HTML "http://localhost:1080/cgi-bin/nav.pl?in=home"  	[MsgId: MMSG-26659]
../Library/CommonFunctions.h(11): web_url("WebTours") was successful, 10072 body bytes, 2377 header bytes, 24 chunking overhead bytes  	[MsgId: MMSG-26385]
../Library/CommonFunctions.h(21): web_set_sockets_option started  	[MsgId: MMSG-26355]
../Library/CommonFunctions.h(21): web_set_sockets_option was successful  	[MsgId: MMSG-26392]
Action.c(9): Notify: Transaction "openHomePage" ended with a "Pass" status (Duration: 0,0901 Wasted Time: 0,0002).	[MsgId: MMSG-16871]
Action.c(11): lr_think_time: 5,00 seconds.	[MsgId: MMSG-15948]
Action.c(13): Notify: Transaction "login" started.	[MsgId: MMSG-16999]
../Library/CommonFunctions.h(26): web_reg_find started  	[MsgId: MMSG-26355]
../Library/CommonFunctions.h(26): Notify: Parameter Substitution: parameter "userName" =  "user07"	[MsgId: MMSG-13992]
../Library/CommonFunctions.h(26): Registering web_reg_find was successful  	[MsgId: MMSG-26390]
../Library/CommonFunctions.h(31): web_submit_data("login.pl") started  	[MsgId: MMSG-26355]
../Library/CommonFunctions.h(31): Notify: Parameter Substitution: parameter "userSession" =  "134687.491616039zQcHQiHpiftVfzHpQcHV"	[MsgId: MMSG-13992]
../Library/CommonFunctions.h(31): Notify: Parameter Substitution: parameter "userName" =  "user07"	[MsgId: MMSG-13992]
../Library/CommonFunctions.h(31): Notify: Next row for parameter password = 8 [table  = password].	[MsgId: MMSG-13876]
../Library/CommonFunctions.h(31): Notify: Parameter Substitution: parameter "password" =  "12345"	[MsgId: MMSG-13992]
../Library/CommonFunctions.h(31): Detected non-resource "http://localhost:1080/cgi-bin/nav.pl?page=menu&in=home" in "http://localhost:1080/cgi-bin/login.pl"  	[MsgId: MMSG-26574]
../Library/CommonFunctions.h(31): Detected non-resource "http://localhost:1080/cgi-bin/login.pl?intro=true" in "http://localhost:1080/cgi-bin/login.pl"  	[MsgId: MMSG-26574]
../Library/CommonFunctions.h(31): Found resource "http://localhost:1080/WebTours/images/flights.gif" in HTML "http://localhost:1080/cgi-bin/nav.pl?page=menu&in=home"  	[MsgId: MMSG-26659]
../Library/CommonFunctions.h(31): Found resource "http://localhost:1080/WebTours/images/itinerary.gif" in HTML "http://localhost:1080/cgi-bin/nav.pl?page=menu&in=home"  	[MsgId: MMSG-26659]
../Library/CommonFunctions.h(31): Found resource "http://localhost:1080/WebTours/images/in_home.gif" in HTML "http://localhost:1080/cgi-bin/nav.pl?page=menu&in=home"  	[MsgId: MMSG-26659]
../Library/CommonFunctions.h(31): Found resource "http://localhost:1080/WebTours/images/signoff.gif" in HTML "http://localhost:1080/cgi-bin/nav.pl?page=menu&in=home"  	[MsgId: MMSG-26659]
../Library/CommonFunctions.h(31): Registered web_reg_find successful for "Text=Welcome, <b>user07</b>" (count=1)  	[MsgId: MMSG-26364]
../Library/CommonFunctions.h(31): web_submit_data("login.pl") was successful, 5781 body bytes, 2056 header bytes, 36 chunking overhead bytes  	[MsgId: MMSG-26385]
Action.c(17): Notify: Transaction "login" ended with a "Pass" status (Duration: 0,0784 Wasted Time: 0,0000).	[MsgId: MMSG-16871]
Action.c(19): lr_think_time: 5,00 seconds.	[MsgId: MMSG-15948]
Action.c(21): Notify: Transaction "browsingItenerary" started.	[MsgId: MMSG-16999]
Action.c(23): web_reg_find started  	[MsgId: MMSG-26355]
Action.c(23): Registering web_reg_find was successful  	[MsgId: MMSG-26390]
Action.c(27): web_url("Itinerary Button") started  	[MsgId: MMSG-26355]
Action.c(27): Detected non-resource "http://localhost:1080/cgi-bin/nav.pl?page=menu&in=itinerary" in "http://localhost:1080/cgi-bin/welcome.pl?page=itinerary"  	[MsgId: MMSG-26574]
Action.c(27): Detected non-resource "http://localhost:1080/cgi-bin/itinerary.pl" in "http://localhost:1080/cgi-bin/welcome.pl?page=itinerary"  	[MsgId: MMSG-26574]
Action.c(27): Resource "http://localhost:1080/WebTours/images/flights.gif" is in the cache already and will not be downloaded again  	[MsgId: MMSG-26655]
Action.c(27): Found resource "http://localhost:1080/WebTours/images/in_itinerary.gif" in HTML "http://localhost:1080/cgi-bin/nav.pl?page=menu&in=itinerary"  	[MsgId: MMSG-26659]
Action.c(27): Found resource "http://localhost:1080/WebTours/images/home.gif" in HTML "http://localhost:1080/cgi-bin/nav.pl?page=menu&in=itinerary"  	[MsgId: MMSG-26659]
Action.c(27): Resource "http://localhost:1080/WebTours/images/signoff.gif" is in the cache already and will not be downloaded again  	[MsgId: MMSG-26655]
Action.c(27): Found resource "http://localhost:1080/WebTours/images/cancelreservation.gif" in HTML "http://localhost:1080/cgi-bin/itinerary.pl"  	[MsgId: MMSG-26659]
Action.c(27): Found resource "http://localhost:1080/WebTours/images/cancelallreservations.gif" in HTML "http://localhost:1080/cgi-bin/itinerary.pl"  	[MsgId: MMSG-26659]
Action.c(27): Registered web_reg_find successful for "Text=Itinerary" (count=3)  	[MsgId: MMSG-26364]
Action.c(27): web_url("Itinerary Button") was successful, 30431 body bytes, 1921 header bytes, 83 chunking overhead bytes  	[MsgId: MMSG-26385]
Action.c(37): Notify: Transaction "browsingItenerary" ended with a "Pass" status (Duration: 0,1130 Wasted Time: 0,0001).	[MsgId: MMSG-16871]
Action.c(39): lr_think_time: 5,00 seconds.	[MsgId: MMSG-15948]
Action.c(41): Notify: Transaction "logout" started.	[MsgId: MMSG-16999]
../Library/CommonFunctions.h(51): web_reg_find started  	[MsgId: MMSG-26355]
../Library/CommonFunctions.h(51): Registering web_reg_find was successful  	[MsgId: MMSG-26390]
../Library/CommonFunctions.h(55): web_url("SignOff Button") started  	[MsgId: MMSG-26355]
../Library/CommonFunctions.h(55): Detected non-resource "http://localhost:1080/cgi-bin/nav.pl?in=home" in "http://localhost:1080/cgi-bin/welcome.pl?signOff=1"  	[MsgId: MMSG-26574]
../Library/CommonFunctions.h(55): Detected non-resource "http://localhost:1080/WebTours/home.html" in "http://localhost:1080/cgi-bin/welcome.pl?signOff=1"  	[MsgId: MMSG-26574]
../Library/CommonFunctions.h(55): Retrieving data from cache for "http://localhost:1080/WebTours/home.html"  	[MsgId: MMSG-26558]
../Library/CommonFunctions.h(55): Resource "http://localhost:1080/WebTours/images/mer_login.gif" is in the cache already and will not be downloaded again  	[MsgId: MMSG-26655]
../Library/CommonFunctions.h(55): Registered web_reg_find successful for "Text=A Session ID has been created and loaded into a cookie" (count=1)  	[MsgId: MMSG-26364]
../Library/CommonFunctions.h(55): web_url("SignOff Button") was successful, 2172 body bytes, 584 header bytes, 24 chunking overhead bytes  	[MsgId: MMSG-26385]
Action.c(45): Notify: Transaction "logout" ended with a "Pass" status (Duration: 0,0819 Wasted Time: 0,0000).	[MsgId: MMSG-16871]
Action.c(47): Notify: Transaction "UC_01_LoginLogout" ended with a "Pass" status (Duration: 15,3671 Think Time: 15,0027 Wasted Time: 0,0003).	[MsgId: MMSG-16870]
Ending action Action.	[MsgId: MMSG-15918]
Ending iteration 8.	[MsgId: MMSG-15965]
Waiting 154,6320 seconds for iteration pacing.	[MsgId: MMSG-15996]
Starting iteration 8.	[MsgId: MMSG-15968]
Notify: Next row for parameter userName = 8 [table  = userName].	[MsgId: MMSG-13876]
Notify: Getting new value for parameter 'userName': table = '..\Param\TestUserInfo.dat' column = '0' row = '8'.	[MsgId: MMSG-13877]
Notify: Next row for parameter password = 8 [table  = password].	[MsgId: MMSG-13876]
Notify: Getting new value for parameter 'password': table = '..\Param\TestUserInfo.dat' column = '1' row = '8'.	[MsgId: MMSG-13877]
Starting action Action.	[MsgId: MMSG-15919]
Action.c(3): Notify: Transaction "UC_01_LoginLogout" started.	[MsgId: MMSG-16999]
Action.c(5): Notify: Transaction "openHomePage" started.	[MsgId: MMSG-16999]
../Library/CommonFunctions.h(6): web_reg_save_param started  	[MsgId: MMSG-26355]
../Library/CommonFunctions.h(6): Registering web_reg_save_param was successful  	[MsgId: MMSG-26390]
../Library/CommonFunctions.h(11): web_url("WebTours") started  	[MsgId: MMSG-26355]
../Library/CommonFunctions.h(11): Detected non-resource "http://localhost:1080/WebTours/header.html" in "http://localhost:1080/WebTours/"  	[MsgId: MMSG-26574]
../Library/CommonFunctions.h(11): Detected non-resource "http://localhost:1080/cgi-bin/welcome.pl?signOff=true" in "http://localhost:1080/WebTours/"  	[MsgId: MMSG-26574]
../Library/CommonFunctions.h(11): Found resource "http://localhost:1080/WebTours/images/hp_logo.png" in HTML "http://localhost:1080/WebTours/header.html"  	[MsgId: MMSG-26659]
../Library/CommonFunctions.h(11): Found resource "http://localhost:1080/WebTours/images/webtours.png" in HTML "http://localhost:1080/WebTours/header.html"  	[MsgId: MMSG-26659]
../Library/CommonFunctions.h(11): Detected non-resource "http://localhost:1080/cgi-bin/nav.pl?in=home" in "http://localhost:1080/cgi-bin/welcome.pl?signOff=true"  	[MsgId: MMSG-26574]
../Library/CommonFunctions.h(11): Detected non-resource "http://localhost:1080/WebTours/home.html" in "http://localhost:1080/cgi-bin/welcome.pl?signOff=true"  	[MsgId: MMSG-26574]
../Library/CommonFunctions.h(11): Notify: Saving Parameter "userSession = 134687.496476306zQcHQiipVtVfzHpQciz".	[MsgId: MMSG-13798]
../Library/CommonFunctions.h(11): Found resource "http://localhost:1080/WebTours/images/mer_login.gif" in HTML "http://localhost:1080/cgi-bin/nav.pl?in=home"  	[MsgId: MMSG-26659]
../Library/CommonFunctions.h(11): web_url("WebTours") was successful, 10071 body bytes, 2377 header bytes, 24 chunking overhead bytes  	[MsgId: MMSG-26385]
../Library/CommonFunctions.h(21): web_set_sockets_option started  	[MsgId: MMSG-26355]
../Library/CommonFunctions.h(21): web_set_sockets_option was successful  	[MsgId: MMSG-26392]
Action.c(9): Notify: Transaction "openHomePage" ended with a "Pass" status (Duration: 0,0816 Wasted Time: 0,0001).	[MsgId: MMSG-16871]
Action.c(11): lr_think_time: 5,00 seconds.	[MsgId: MMSG-15948]
Action.c(13): Notify: Transaction "login" started.	[MsgId: MMSG-16999]
../Library/CommonFunctions.h(26): web_reg_find started  	[MsgId: MMSG-26355]
../Library/CommonFunctions.h(26): Notify: Parameter Substitution: parameter "userName" =  "user07"	[MsgId: MMSG-13992]
../Library/CommonFunctions.h(26): Registering web_reg_find was successful  	[MsgId: MMSG-26390]
../Library/CommonFunctions.h(31): web_submit_data("login.pl") started  	[MsgId: MMSG-26355]
../Library/CommonFunctions.h(31): Notify: Parameter Substitution: parameter "userSession" =  "134687.496476306zQcHQiipVtVfzHpQciz"	[MsgId: MMSG-13992]
../Library/CommonFunctions.h(31): Notify: Parameter Substitution: parameter "userName" =  "user07"	[MsgId: MMSG-13992]
../Library/CommonFunctions.h(31): Notify: Next row for parameter password = 8 [table  = password].	[MsgId: MMSG-13876]
../Library/CommonFunctions.h(31): Notify: Parameter Substitution: parameter "password" =  "12345"	[MsgId: MMSG-13992]
../Library/CommonFunctions.h(31): Detected non-resource "http://localhost:1080/cgi-bin/nav.pl?page=menu&in=home" in "http://localhost:1080/cgi-bin/login.pl"  	[MsgId: MMSG-26574]
../Library/CommonFunctions.h(31): Detected non-resource "http://localhost:1080/cgi-bin/login.pl?intro=true" in "http://localhost:1080/cgi-bin/login.pl"  	[MsgId: MMSG-26574]
../Library/CommonFunctions.h(31): Found resource "http://localhost:1080/WebTours/images/flights.gif" in HTML "http://localhost:1080/cgi-bin/nav.pl?page=menu&in=home"  	[MsgId: MMSG-26659]
../Library/CommonFunctions.h(31): Found resource "http://localhost:1080/WebTours/images/itinerary.gif" in HTML "http://localhost:1080/cgi-bin/nav.pl?page=menu&in=home"  	[MsgId: MMSG-26659]
../Library/CommonFunctions.h(31): Found resource "http://localhost:1080/WebTours/images/in_home.gif" in HTML "http://localhost:1080/cgi-bin/nav.pl?page=menu&in=home"  	[MsgId: MMSG-26659]
../Library/CommonFunctions.h(31): Found resource "http://localhost:1080/WebTours/images/signoff.gif" in HTML "http://localhost:1080/cgi-bin/nav.pl?page=menu&in=home"  	[MsgId: MMSG-26659]
../Library/CommonFunctions.h(31): Registered web_reg_find successful for "Text=Welcome, <b>user07</b>" (count=1)  	[MsgId: MMSG-26364]
../Library/CommonFunctions.h(31): web_submit_data("login.pl") was successful, 5781 body bytes, 2056 header bytes, 36 chunking overhead bytes  	[MsgId: MMSG-26385]
Action.c(17): Notify: Transaction "login" ended with a "Pass" status (Duration: 0,1066 Wasted Time: 0,0000).	[MsgId: MMSG-16871]
Action.c(19): lr_think_time: 5,00 seconds.	[MsgId: MMSG-15948]
Action.c(21): Notify: Transaction "browsingItenerary" started.	[MsgId: MMSG-16999]
Action.c(23): web_reg_find started  	[MsgId: MMSG-26355]
Action.c(23): Registering web_reg_find was successful  	[MsgId: MMSG-26390]
Action.c(27): web_url("Itinerary Button") started  	[MsgId: MMSG-26355]
Action.c(27): Detected non-resource "http://localhost:1080/cgi-bin/nav.pl?page=menu&in=itinerary" in "http://localhost:1080/cgi-bin/welcome.pl?page=itinerary"  	[MsgId: MMSG-26574]
Action.c(27): Detected non-resource "http://localhost:1080/cgi-bin/itinerary.pl" in "http://localhost:1080/cgi-bin/welcome.pl?page=itinerary"  	[MsgId: MMSG-26574]
Action.c(27): Resource "http://localhost:1080/WebTours/images/flights.gif" is in the cache already and will not be downloaded again  	[MsgId: MMSG-26655]
Action.c(27): Found resource "http://localhost:1080/WebTours/images/in_itinerary.gif" in HTML "http://localhost:1080/cgi-bin/nav.pl?page=menu&in=itinerary"  	[MsgId: MMSG-26659]
Action.c(27): Found resource "http://localhost:1080/WebTours/images/home.gif" in HTML "http://localhost:1080/cgi-bin/nav.pl?page=menu&in=itinerary"  	[MsgId: MMSG-26659]
Action.c(27): Resource "http://localhost:1080/WebTours/images/signoff.gif" is in the cache already and will not be downloaded again  	[MsgId: MMSG-26655]
Action.c(27): Found resource "http://localhost:1080/WebTours/images/cancelreservation.gif" in HTML "http://localhost:1080/cgi-bin/itinerary.pl"  	[MsgId: MMSG-26659]
Action.c(27): Found resource "http://localhost:1080/WebTours/images/cancelallreservations.gif" in HTML "http://localhost:1080/cgi-bin/itinerary.pl"  	[MsgId: MMSG-26659]
Action.c(27): Registered web_reg_find successful for "Text=Itinerary" (count=3)  	[MsgId: MMSG-26364]
Action.c(27): web_url("Itinerary Button") was successful, 30431 body bytes, 1921 header bytes, 83 chunking overhead bytes  	[MsgId: MMSG-26385]
Action.c(37): Notify: Transaction "browsingItenerary" ended with a "Pass" status (Duration: 0,1289 Wasted Time: 0,0000).	[MsgId: MMSG-16871]
Action.c(39): lr_think_time: 5,00 seconds.	[MsgId: MMSG-15948]
Action.c(41): Notify: Transaction "logout" started.	[MsgId: MMSG-16999]
../Library/CommonFunctions.h(51): web_reg_find started  	[MsgId: MMSG-26355]
../Library/CommonFunctions.h(51): Registering web_reg_find was successful  	[MsgId: MMSG-26390]
../Library/CommonFunctions.h(55): web_url("SignOff Button") started  	[MsgId: MMSG-26355]
../Library/CommonFunctions.h(55): Detected non-resource "http://localhost:1080/cgi-bin/nav.pl?in=home" in "http://localhost:1080/cgi-bin/welcome.pl?signOff=1"  	[MsgId: MMSG-26574]
../Library/CommonFunctions.h(55): Detected non-resource "http://localhost:1080/WebTours/home.html" in "http://localhost:1080/cgi-bin/welcome.pl?signOff=1"  	[MsgId: MMSG-26574]
../Library/CommonFunctions.h(55): Retrieving data from cache for "http://localhost:1080/WebTours/home.html"  	[MsgId: MMSG-26558]
../Library/CommonFunctions.h(55): Resource "http://localhost:1080/WebTours/images/mer_login.gif" is in the cache already and will not be downloaded again  	[MsgId: MMSG-26655]
../Library/CommonFunctions.h(55): Registered web_reg_find successful for "Text=A Session ID has been created and loaded into a cookie" (count=1)  	[MsgId: MMSG-26364]
../Library/CommonFunctions.h(55): web_url("SignOff Button") was successful, 2172 body bytes, 584 header bytes, 24 chunking overhead bytes  	[MsgId: MMSG-26385]
Action.c(45): Notify: Transaction "logout" ended with a "Pass" status (Duration: 0,0857 Wasted Time: 0,0000).	[MsgId: MMSG-16871]
Action.c(47): Notify: Transaction "UC_01_LoginLogout" ended with a "Pass" status (Duration: 15,4058 Think Time: 15,0018 Wasted Time: 0,0002).	[MsgId: MMSG-16870]
Ending action Action.	[MsgId: MMSG-15918]
Ending iteration 8.	[MsgId: MMSG-15965]
Waiting 154,5930 seconds for iteration pacing.	[MsgId: MMSG-15996]
Starting iteration 9.	[MsgId: MMSG-15968]
Notify: Next row for parameter userName = 9 [table  = userName].	[MsgId: MMSG-13876]
Notify: Getting new value for parameter 'userName': table = '..\Param\TestUserInfo.dat' column = '0' row = '9'.	[MsgId: MMSG-13877]
Notify: Next row for parameter password = 9 [table  = password].	[MsgId: MMSG-13876]
Notify: Getting new value for parameter 'password': table = '..\Param\TestUserInfo.dat' column = '1' row = '9'.	[MsgId: MMSG-13877]
Starting action Action.	[MsgId: MMSG-15919]
Action.c(3): Notify: Transaction "UC_01_LoginLogout" started.	[MsgId: MMSG-16999]
Action.c(5): Notify: Transaction "openHomePage" started.	[MsgId: MMSG-16999]
../Library/CommonFunctions.h(6): web_reg_save_param started  	[MsgId: MMSG-26355]
../Library/CommonFunctions.h(6): Registering web_reg_save_param was successful  	[MsgId: MMSG-26390]
../Library/CommonFunctions.h(11): web_url("WebTours") started  	[MsgId: MMSG-26355]
../Library/CommonFunctions.h(11): Detected non-resource "http://localhost:1080/WebTours/header.html" in "http://localhost:1080/WebTours/"  	[MsgId: MMSG-26574]
../Library/CommonFunctions.h(11): Detected non-resource "http://localhost:1080/cgi-bin/welcome.pl?signOff=true" in "http://localhost:1080/WebTours/"  	[MsgId: MMSG-26574]
../Library/CommonFunctions.h(11): Found resource "http://localhost:1080/WebTours/images/hp_logo.png" in HTML "http://localhost:1080/WebTours/header.html"  	[MsgId: MMSG-26659]
../Library/CommonFunctions.h(11): Found resource "http://localhost:1080/WebTours/images/webtours.png" in HTML "http://localhost:1080/WebTours/header.html"  	[MsgId: MMSG-26659]
../Library/CommonFunctions.h(11): Detected non-resource "http://localhost:1080/cgi-bin/nav.pl?in=home" in "http://localhost:1080/cgi-bin/welcome.pl?signOff=true"  	[MsgId: MMSG-26574]
../Library/CommonFunctions.h(11): Detected non-resource "http://localhost:1080/WebTours/home.html" in "http://localhost:1080/cgi-bin/welcome.pl?signOff=true"  	[MsgId: MMSG-26574]
../Library/CommonFunctions.h(11): Notify: Saving Parameter "userSession = 134687.505386796zQcHQiipffiDDDDDtVfzHpQDVDf".	[MsgId: MMSG-13798]
../Library/CommonFunctions.h(11): Found resource "http://localhost:1080/WebTours/images/mer_login.gif" in HTML "http://localhost:1080/cgi-bin/nav.pl?in=home"  	[MsgId: MMSG-26659]
../Library/CommonFunctions.h(11): web_url("WebTours") was successful, 10079 body bytes, 2377 header bytes, 24 chunking overhead bytes  	[MsgId: MMSG-26385]
../Library/CommonFunctions.h(21): web_set_sockets_option started  	[MsgId: MMSG-26355]
../Library/CommonFunctions.h(21): web_set_sockets_option was successful  	[MsgId: MMSG-26392]
Action.c(9): Notify: Transaction "openHomePage" ended with a "Pass" status (Duration: 0,0619 Wasted Time: 0,0001).	[MsgId: MMSG-16871]
Action.c(11): lr_think_time: 5,00 seconds.	[MsgId: MMSG-15948]
Action.c(13): Notify: Transaction "login" started.	[MsgId: MMSG-16999]
../Library/CommonFunctions.h(26): web_reg_find started  	[MsgId: MMSG-26355]
../Library/CommonFunctions.h(26): Notify: Parameter Substitution: parameter "userName" =  "user08"	[MsgId: MMSG-13992]
../Library/CommonFunctions.h(26): Registering web_reg_find was successful  	[MsgId: MMSG-26390]
../Library/CommonFunctions.h(31): web_submit_data("login.pl") started  	[MsgId: MMSG-26355]
../Library/CommonFunctions.h(31): Notify: Parameter Substitution: parameter "userSession" =  "134687.505386796zQcHQiipffiDDDDDtVfzHpQDVDf"	[MsgId: MMSG-13992]
../Library/CommonFunctions.h(31): Notify: Parameter Substitution: parameter "userName" =  "user08"	[MsgId: MMSG-13992]
../Library/CommonFunctions.h(31): Notify: Next row for parameter password = 9 [table  = password].	[MsgId: MMSG-13876]
../Library/CommonFunctions.h(31): Notify: Parameter Substitution: parameter "password" =  "12345"	[MsgId: MMSG-13992]
../Library/CommonFunctions.h(31): Detected non-resource "http://localhost:1080/cgi-bin/nav.pl?page=menu&in=home" in "http://localhost:1080/cgi-bin/login.pl"  	[MsgId: MMSG-26574]
../Library/CommonFunctions.h(31): Detected non-resource "http://localhost:1080/cgi-bin/login.pl?intro=true" in "http://localhost:1080/cgi-bin/login.pl"  	[MsgId: MMSG-26574]
../Library/CommonFunctions.h(31): Found resource "http://localhost:1080/WebTours/images/flights.gif" in HTML "http://localhost:1080/cgi-bin/nav.pl?page=menu&in=home"  	[MsgId: MMSG-26659]
../Library/CommonFunctions.h(31): Found resource "http://localhost:1080/WebTours/images/itinerary.gif" in HTML "http://localhost:1080/cgi-bin/nav.pl?page=menu&in=home"  	[MsgId: MMSG-26659]
../Library/CommonFunctions.h(31): Found resource "http://localhost:1080/WebTours/images/in_home.gif" in HTML "http://localhost:1080/cgi-bin/nav.pl?page=menu&in=home"  	[MsgId: MMSG-26659]
../Library/CommonFunctions.h(31): Found resource "http://localhost:1080/WebTours/images/signoff.gif" in HTML "http://localhost:1080/cgi-bin/nav.pl?page=menu&in=home"  	[MsgId: MMSG-26659]
../Library/CommonFunctions.h(31): Registered web_reg_find successful for "Text=Welcome, <b>user08</b>" (count=1)  	[MsgId: MMSG-26364]
../Library/CommonFunctions.h(31): web_submit_data("login.pl") was successful, 5781 body bytes, 2056 header bytes, 36 chunking overhead bytes  	[MsgId: MMSG-26385]
Action.c(17): Notify: Transaction "login" ended with a "Pass" status (Duration: 0,0889 Wasted Time: 0,0000).	[MsgId: MMSG-16871]
Action.c(19): lr_think_time: 5,00 seconds.	[MsgId: MMSG-15948]
Action.c(21): Notify: Transaction "browsingItenerary" started.	[MsgId: MMSG-16999]
Action.c(23): web_reg_find started  	[MsgId: MMSG-26355]
Action.c(23): Registering web_reg_find was successful  	[MsgId: MMSG-26390]
Action.c(27): web_url("Itinerary Button") started  	[MsgId: MMSG-26355]
Action.c(27): Detected non-resource "http://localhost:1080/cgi-bin/nav.pl?page=menu&in=itinerary" in "http://localhost:1080/cgi-bin/welcome.pl?page=itinerary"  	[MsgId: MMSG-26574]
Action.c(27): Detected non-resource "http://localhost:1080/cgi-bin/itinerary.pl" in "http://localhost:1080/cgi-bin/welcome.pl?page=itinerary"  	[MsgId: MMSG-26574]
Action.c(27): Resource "http://localhost:1080/WebTours/images/flights.gif" is in the cache already and will not be downloaded again  	[MsgId: MMSG-26655]
Action.c(27): Found resource "http://localhost:1080/WebTours/images/in_itinerary.gif" in HTML "http://localhost:1080/cgi-bin/nav.pl?page=menu&in=itinerary"  	[MsgId: MMSG-26659]
Action.c(27): Found resource "http://localhost:1080/WebTours/images/home.gif" in HTML "http://localhost:1080/cgi-bin/nav.pl?page=menu&in=itinerary"  	[MsgId: MMSG-26659]
Action.c(27): Resource "http://localhost:1080/WebTours/images/signoff.gif" is in the cache already and will not be downloaded again  	[MsgId: MMSG-26655]
Action.c(27): Found resource "http://localhost:1080/WebTours/images/cancelreservation.gif" in HTML "http://localhost:1080/cgi-bin/itinerary.pl"  	[MsgId: MMSG-26659]
Action.c(27): Found resource "http://localhost:1080/WebTours/images/cancelallreservations.gif" in HTML "http://localhost:1080/cgi-bin/itinerary.pl"  	[MsgId: MMSG-26659]
Action.c(27): Registered web_reg_find successful for "Text=Itinerary" (count=3)  	[MsgId: MMSG-26364]
Action.c(27): web_url("Itinerary Button") was successful, 34952 body bytes, 1919 header bytes, 91 chunking overhead bytes  	[MsgId: MMSG-26385]
Action.c(37): Notify: Transaction "browsingItenerary" ended with a "Pass" status (Duration: 0,0968 Wasted Time: 0,0000).	[MsgId: MMSG-16871]
Action.c(39): lr_think_time: 5,00 seconds.	[MsgId: MMSG-15948]
Action.c(41): Notify: Transaction "logout" started.	[MsgId: MMSG-16999]
../Library/CommonFunctions.h(51): web_reg_find started  	[MsgId: MMSG-26355]
../Library/CommonFunctions.h(51): Registering web_reg_find was successful  	[MsgId: MMSG-26390]
../Library/CommonFunctions.h(55): web_url("SignOff Button") started  	[MsgId: MMSG-26355]
../Library/CommonFunctions.h(55): Detected non-resource "http://localhost:1080/cgi-bin/nav.pl?in=home" in "http://localhost:1080/cgi-bin/welcome.pl?signOff=1"  	[MsgId: MMSG-26574]
../Library/CommonFunctions.h(55): Detected non-resource "http://localhost:1080/WebTours/home.html" in "http://localhost:1080/cgi-bin/welcome.pl?signOff=1"  	[MsgId: MMSG-26574]
../Library/CommonFunctions.h(55): Retrieving data from cache for "http://localhost:1080/WebTours/home.html"  	[MsgId: MMSG-26558]
../Library/CommonFunctions.h(55): Resource "http://localhost:1080/WebTours/images/mer_login.gif" is in the cache already and will not be downloaded again  	[MsgId: MMSG-26655]
../Library/CommonFunctions.h(55): Registered web_reg_find successful for "Text=A Session ID has been created and loaded into a cookie" (count=1)  	[MsgId: MMSG-26364]
../Library/CommonFunctions.h(55): web_url("SignOff Button") was successful, 2176 body bytes, 584 header bytes, 24 chunking overhead bytes  	[MsgId: MMSG-26385]
Action.c(45): Notify: Transaction "logout" ended with a "Pass" status (Duration: 0,0509 Wasted Time: 0,0000).	[MsgId: MMSG-16871]
Action.c(47): Notify: Transaction "UC_01_LoginLogout" ended with a "Pass" status (Duration: 15,2996 Think Time: 15,0007 Wasted Time: 0,0002).	[MsgId: MMSG-16870]
Ending action Action.	[MsgId: MMSG-15918]
Ending iteration 9.	[MsgId: MMSG-15965]
Waiting 154,6990 seconds for iteration pacing.	[MsgId: MMSG-15996]
Action was aborted.	[MsgId: MMSG-10694]
Ending Vuser...	[MsgId: MMSG-15966]
Starting action vuser_end.	[MsgId: MMSG-15919]
Ending action vuser_end.	[MsgId: MMSG-15918]
Vuser Terminated.	[MsgId: MMSG-15963]
Action was aborted.	[MsgId: MMSG-10694]
Ending Vuser...	[MsgId: MMSG-15966]
Starting action vuser_end.	[MsgId: MMSG-15919]
Ending action vuser_end.	[MsgId: MMSG-15918]
Vuser Terminated.	[MsgId: MMSG-15963]
Vuser 0 (thread 19260), ended OK."	[MsgId: MMSG-10695]
Vuser 1 (thread 10372), ended OK."	[MsgId: MMSG-10695]
