Virtual User Script started at: 08.09.2022 18:01:58	[MsgId: MMSG-15967]
Starting action vuser_init.	[MsgId: MMSG-15919]
Web Turbo Replay of LoadRunner 2021.0.0 for Windows 10; build 430 (џэт 05 2021 19:27:22)  	[MsgId: MMSG-26983]
Run mode: HTML  	[MsgId: MMSG-26993]
Replay user agent: Mozilla/5.0 (Windows NT 10.0; WOW64; Trident/7.0; rv:11.0) like Gecko  	[MsgId: MMSG-26988]
Runtime Settings file: "C:\Users\baldr\AppData\Local\Temp\lr5tmpdirfwh.328\lrcfgFRe.329\cfgJY2.378"  	[MsgId: MMSG-27141]
Ending action vuser_init.	[MsgId: MMSG-15918]
Running Vuser...	[MsgId: MMSG-15964]
Starting iteration 1.	[MsgId: MMSG-15968]
Maximum number of concurrent connections per server: 6  	[MsgId: MMSG-26989]
Starting action Action.	[MsgId: MMSG-15919]
Action.c(6): Notify: Transaction "UC_04_ItineraryListBrowsing" started.	[MsgId: MMSG-16999]
Action.c(8): Notify: Transaction "openHomePage" started.	[MsgId: MMSG-16999]
../Library/CommonFunctions.h(6): web_reg_save_param started  	[MsgId: MMSG-26355]
../Library/CommonFunctions.h(6): Registering web_reg_save_param was successful  	[MsgId: MMSG-26390]
../Library/CommonFunctions.h(11): web_url("WebTours") started  	[MsgId: MMSG-26355]
../Library/CommonFunctions.h(11): Detected non-resource "http://localhost:1080/WebTours/header.html" in "http://localhost:1080/WebTours/"  	[MsgId: MMSG-26574]
../Library/CommonFunctions.h(11): Detected non-resource "http://localhost:1080/cgi-bin/welcome.pl?signOff=true" in "http://localhost:1080/WebTours/"  	[MsgId: MMSG-26574]
../Library/CommonFunctions.h(11): Found resource "http://localhost:1080/WebTours/images/hp_logo.png" in HTML "http://localhost:1080/WebTours/header.html"  	[MsgId: MMSG-26659]
../Library/CommonFunctions.h(11): Found resource "http://localhost:1080/WebTours/images/webtours.png" in HTML "http://localhost:1080/WebTours/header.html"  	[MsgId: MMSG-26659]
../Library/CommonFunctions.h(11): Detected non-resource "http://localhost:1080/cgi-bin/nav.pl?in=home" in "http://localhost:1080/cgi-bin/welcome.pl?signOff=true"  	[MsgId: MMSG-26574]
../Library/CommonFunctions.h(11): Detected non-resource "http://localhost:1080/WebTours/home.html" in "http://localhost:1080/cgi-bin/welcome.pl?signOff=true"  	[MsgId: MMSG-26574]
../Library/CommonFunctions.h(11): Notify: Saving Parameter "userSession = 134682.002268125zQcHHAfptQVzzzzHtVfzzpcDcQf".	[MsgId: MMSG-13798]
../Library/CommonFunctions.h(11): Found resource "http://localhost:1080/WebTours/images/mer_login.gif" in HTML "http://localhost:1080/cgi-bin/nav.pl?in=home"  	[MsgId: MMSG-26659]
../Library/CommonFunctions.h(11): web_url("WebTours") was successful, 10079 body bytes, 2377 header bytes, 24 chunking overhead bytes  	[MsgId: MMSG-26385]
../Library/CommonFunctions.h(21): web_set_sockets_option started  	[MsgId: MMSG-26355]
../Library/CommonFunctions.h(21): web_set_sockets_option was successful  	[MsgId: MMSG-26392]
Action.c(12): Notify: Transaction "openHomePage" ended with a "Pass" status (Duration: 0,0544 Wasted Time: 0,0001).	[MsgId: MMSG-16871]
Action.c(14): lr_think_time: 5,00 seconds.	[MsgId: MMSG-15948]
Action.c(16): Notify: Transaction "login" started.	[MsgId: MMSG-16999]
../Library/CommonFunctions.h(26): web_reg_find started  	[MsgId: MMSG-26355]
../Library/CommonFunctions.h(26): Notify: Parameter Substitution: parameter "userName" =  "user00"	[MsgId: MMSG-13992]
../Library/CommonFunctions.h(26): Registering web_reg_find was successful  	[MsgId: MMSG-26390]
../Library/CommonFunctions.h(31): web_submit_data("login.pl") started  	[MsgId: MMSG-26355]
../Library/CommonFunctions.h(31): Notify: Parameter Substitution: parameter "userSession" =  "134682.002268125zQcHHAfptQVzzzzHtVfzzpcDcQf"	[MsgId: MMSG-13992]
../Library/CommonFunctions.h(31): Notify: Parameter Substitution: parameter "userName" =  "user00"	[MsgId: MMSG-13992]
../Library/CommonFunctions.h(31): Notify: Next row for parameter password = 1 [table  = password].	[MsgId: MMSG-13876]
../Library/CommonFunctions.h(31): Notify: Parameter Substitution: parameter "password" =  "12345"	[MsgId: MMSG-13992]
../Library/CommonFunctions.h(31): Detected non-resource "http://localhost:1080/cgi-bin/nav.pl?page=menu&in=home" in "http://localhost:1080/cgi-bin/login.pl"  	[MsgId: MMSG-26574]
../Library/CommonFunctions.h(31): Detected non-resource "http://localhost:1080/cgi-bin/login.pl?intro=true" in "http://localhost:1080/cgi-bin/login.pl"  	[MsgId: MMSG-26574]
../Library/CommonFunctions.h(31): Found resource "http://localhost:1080/WebTours/images/flights.gif" in HTML "http://localhost:1080/cgi-bin/nav.pl?page=menu&in=home"  	[MsgId: MMSG-26659]
../Library/CommonFunctions.h(31): Found resource "http://localhost:1080/WebTours/images/itinerary.gif" in HTML "http://localhost:1080/cgi-bin/nav.pl?page=menu&in=home"  	[MsgId: MMSG-26659]
../Library/CommonFunctions.h(31): Found resource "http://localhost:1080/WebTours/images/in_home.gif" in HTML "http://localhost:1080/cgi-bin/nav.pl?page=menu&in=home"  	[MsgId: MMSG-26659]
../Library/CommonFunctions.h(31): Found resource "http://localhost:1080/WebTours/images/signoff.gif" in HTML "http://localhost:1080/cgi-bin/nav.pl?page=menu&in=home"  	[MsgId: MMSG-26659]
../Library/CommonFunctions.h(31): Registered web_reg_find successful for "Text=Welcome, <b>user00</b>" (count=1)  	[MsgId: MMSG-26364]
../Library/CommonFunctions.h(31): web_submit_data("login.pl") was successful, 5781 body bytes, 2056 header bytes, 36 chunking overhead bytes  	[MsgId: MMSG-26385]
Action.c(20): Notify: Transaction "login" ended with a "Pass" status (Duration: 0,0853 Wasted Time: 0,0000).	[MsgId: MMSG-16871]
Action.c(22): lr_think_time: 5,00 seconds.	[MsgId: MMSG-15948]
Action.c(24): Notify: Transaction "browsingItenerary" started.	[MsgId: MMSG-16999]
Action.c(26): web_reg_find started  	[MsgId: MMSG-26355]
Action.c(26): Registering web_reg_find was successful  	[MsgId: MMSG-26390]
Action.c(30): web_reg_save_param started  	[MsgId: MMSG-26355]
Action.c(30): Registering web_reg_save_param was successful  	[MsgId: MMSG-26390]
Action.c(37): web_url("Itinerary Button") started  	[MsgId: MMSG-26355]
Action.c(37): Detected non-resource "http://localhost:1080/cgi-bin/nav.pl?page=menu&in=itinerary" in "http://localhost:1080/cgi-bin/welcome.pl?page=itinerary"  	[MsgId: MMSG-26574]
Action.c(37): Detected non-resource "http://localhost:1080/cgi-bin/itinerary.pl" in "http://localhost:1080/cgi-bin/welcome.pl?page=itinerary"  	[MsgId: MMSG-26574]
Action.c(37): Resource "http://localhost:1080/WebTours/images/flights.gif" is in the cache already and will not be downloaded again  	[MsgId: MMSG-26655]
Action.c(37): Found resource "http://localhost:1080/WebTours/images/in_itinerary.gif" in HTML "http://localhost:1080/cgi-bin/nav.pl?page=menu&in=itinerary"  	[MsgId: MMSG-26659]
Action.c(37): Found resource "http://localhost:1080/WebTours/images/home.gif" in HTML "http://localhost:1080/cgi-bin/nav.pl?page=menu&in=itinerary"  	[MsgId: MMSG-26659]
Action.c(37): Resource "http://localhost:1080/WebTours/images/signoff.gif" is in the cache already and will not be downloaded again  	[MsgId: MMSG-26655]
Action.c(37): Notify: Saving Parameter "flightId_1 = 215971-7787-fl".	[MsgId: MMSG-13798]
Action.c(37): Notify: Saving Parameter "flightId_2 = 10860-1555-fl".	[MsgId: MMSG-13798]
Action.c(37): Notify: Saving Parameter "flightId_3 = 300045-23170-fl".	[MsgId: MMSG-13798]
Action.c(37): Notify: Saving Parameter "flightId_4 = 1540-3122-fl".	[MsgId: MMSG-13798]
Action.c(37): Notify: Saving Parameter "flightId_5 = 103803-38669-fl".	[MsgId: MMSG-13798]
Action.c(37): Notify: Saving Parameter "flightId_6 = 311210-46359-fl".	[MsgId: MMSG-13798]
Action.c(37): Notify: Saving Parameter "flightId_7 = 17183-5458-fl".	[MsgId: MMSG-13798]
Action.c(37): Notify: Saving Parameter "flightId_8 = 8932-6167-fl".	[MsgId: MMSG-13798]
Action.c(37): Notify: Saving Parameter "flightId_9 = 29323-6980-fl".	[MsgId: MMSG-13798]
Action.c(37): Found resource "http://localhost:1080/WebTours/images/cancelreservation.gif" in HTML "http://localhost:1080/cgi-bin/itinerary.pl"  	[MsgId: MMSG-26659]
Action.c(37): Found resource "http://localhost:1080/WebTours/images/cancelallreservations.gif" in HTML "http://localhost:1080/cgi-bin/itinerary.pl"  	[MsgId: MMSG-26659]
Action.c(37): Registered web_reg_find successful for "Text=Itinerary" (count=3)  	[MsgId: MMSG-26364]
Action.c(37): Notify: Saving Parameter "flightId_count = 9".	[MsgId: MMSG-13798]
Action.c(37): web_url("Itinerary Button") was successful, 16761 body bytes, 1919 header bytes, 51 chunking overhead bytes  	[MsgId: MMSG-26385]
Action.c(47): Notify: Transaction "browsingItenerary" ended with a "Pass" status (Duration: 0,0973 Wasted Time: 0,0003).	[MsgId: MMSG-16871]
Action.c(49): lr_think_time: 5,00 seconds.	[MsgId: MMSG-15948]
Action.c(51): Notify: Transaction "CancelingFlight" started.	[MsgId: MMSG-16999]
Action.c(53): Notify: Parameter Substitution: parameter "flightId_count" =  "9"	[MsgId: MMSG-13992]
Action.c(108): web_reg_find started  	[MsgId: MMSG-26355]
Action.c(108): Notify: Parameter Substitution: parameter "flightId_1" =  "215971-7787-fl"	[MsgId: MMSG-13992]
Action.c(108): Registering web_reg_find was successful  	[MsgId: MMSG-26390]
Action.c(113): web_submit_form("itinerary.pl") started  	[MsgId: MMSG-26355]
Action.c(113): Submitting form to "http://localhost:1080/cgi-bin/itinerary.pl", Target Frame=""  	[MsgId: MMSG-27978]
Action.c(113): Resource "http://localhost:1080/WebTours/images/cancelreservation.gif" is in the cache already and will not be downloaded again  	[MsgId: MMSG-26655]
Action.c(113): Resource "http://localhost:1080/WebTours/images/cancelallreservations.gif" is in the cache already and will not be downloaded again  	[MsgId: MMSG-26655]
Action.c(113): Registered web_reg_find successful for "Text=215971-7787-fl"  	[MsgId: MMSG-26362]
Action.c(113): web_submit_form("itinerary.pl") was successful, 10558 body bytes, 256 header bytes, 27 chunking overhead bytes  	[MsgId: MMSG-26385]
Action.c(122): Notify: Transaction "CancelingFlight" ended with a "Pass" status (Duration: 0,0340 Wasted Time: 0,0000).	[MsgId: MMSG-16871]
Action.c(130): Notify: Transaction "UC_04_ItineraryListBrowsing" ended with a "Pass" status (Duration: 15,2744 Think Time: 15,0030 Wasted Time: 0,0004).	[MsgId: MMSG-16870]
Ending action Action.	[MsgId: MMSG-15918]
Ending iteration 1.	[MsgId: MMSG-15965]
Waiting 34,7250 seconds for iteration pacing.	[MsgId: MMSG-15996]
Starting iteration 2.	[MsgId: MMSG-15968]
Notify: Next row for parameter userName = 2 [table  = userName].	[MsgId: MMSG-13876]
Notify: Getting new value for parameter 'userName': table = '..\Param\TestUserInfo.dat' column = '0' row = '2'.	[MsgId: MMSG-13877]
Notify: Next row for parameter password = 2 [table  = password].	[MsgId: MMSG-13876]
Notify: Getting new value for parameter 'password': table = '..\Param\TestUserInfo.dat' column = '1' row = '2'.	[MsgId: MMSG-13877]
Starting action Action.	[MsgId: MMSG-15919]
Action.c(6): Notify: Transaction "UC_04_ItineraryListBrowsing" started.	[MsgId: MMSG-16999]
Action.c(8): Notify: Transaction "openHomePage" started.	[MsgId: MMSG-16999]
../Library/CommonFunctions.h(6): web_reg_save_param started  	[MsgId: MMSG-26355]
../Library/CommonFunctions.h(6): Registering web_reg_save_param was successful  	[MsgId: MMSG-26390]
../Library/CommonFunctions.h(11): web_url("WebTours") started  	[MsgId: MMSG-26355]
../Library/CommonFunctions.h(11): Detected non-resource "http://localhost:1080/WebTours/header.html" in "http://localhost:1080/WebTours/"  	[MsgId: MMSG-26574]
../Library/CommonFunctions.h(11): Detected non-resource "http://localhost:1080/cgi-bin/welcome.pl?signOff=true" in "http://localhost:1080/WebTours/"  	[MsgId: MMSG-26574]
../Library/CommonFunctions.h(11): Found resource "http://localhost:1080/WebTours/images/hp_logo.png" in HTML "http://localhost:1080/WebTours/header.html"  	[MsgId: MMSG-26659]
../Library/CommonFunctions.h(11): Found resource "http://localhost:1080/WebTours/images/webtours.png" in HTML "http://localhost:1080/WebTours/header.html"  	[MsgId: MMSG-26659]
../Library/CommonFunctions.h(11): Detected non-resource "http://localhost:1080/cgi-bin/nav.pl?in=home" in "http://localhost:1080/cgi-bin/welcome.pl?signOff=true"  	[MsgId: MMSG-26574]
../Library/CommonFunctions.h(11): Detected non-resource "http://localhost:1080/WebTours/home.html" in "http://localhost:1080/cgi-bin/welcome.pl?signOff=true"  	[MsgId: MMSG-26574]
../Library/CommonFunctions.h(11): Notify: Saving Parameter "userSession = 134682.006318348zQcHHAfpHtVfzzpcDtc".	[MsgId: MMSG-13798]
../Library/CommonFunctions.h(11): Found resource "http://localhost:1080/WebTours/images/mer_login.gif" in HTML "http://localhost:1080/cgi-bin/nav.pl?in=home"  	[MsgId: MMSG-26659]
../Library/CommonFunctions.h(11): web_url("WebTours") was successful, 10071 body bytes, 2377 header bytes, 24 chunking overhead bytes  	[MsgId: MMSG-26385]
../Library/CommonFunctions.h(21): web_set_sockets_option started  	[MsgId: MMSG-26355]
../Library/CommonFunctions.h(21): web_set_sockets_option was successful  	[MsgId: MMSG-26392]
Action.c(12): Notify: Transaction "openHomePage" ended with a "Pass" status (Duration: 0,0555 Wasted Time: 0,0001).	[MsgId: MMSG-16871]
Action.c(14): lr_think_time: 5,00 seconds.	[MsgId: MMSG-15948]
Action.c(16): Notify: Transaction "login" started.	[MsgId: MMSG-16999]
../Library/CommonFunctions.h(26): web_reg_find started  	[MsgId: MMSG-26355]
../Library/CommonFunctions.h(26): Notify: Parameter Substitution: parameter "userName" =  "user01"	[MsgId: MMSG-13992]
../Library/CommonFunctions.h(26): Registering web_reg_find was successful  	[MsgId: MMSG-26390]
../Library/CommonFunctions.h(31): web_submit_data("login.pl") started  	[MsgId: MMSG-26355]
../Library/CommonFunctions.h(31): Notify: Parameter Substitution: parameter "userSession" =  "134682.006318348zQcHHAfpHtVfzzpcDtc"	[MsgId: MMSG-13992]
../Library/CommonFunctions.h(31): Notify: Parameter Substitution: parameter "userName" =  "user01"	[MsgId: MMSG-13992]
../Library/CommonFunctions.h(31): Notify: Next row for parameter password = 2 [table  = password].	[MsgId: MMSG-13876]
../Library/CommonFunctions.h(31): Notify: Parameter Substitution: parameter "password" =  "12345"	[MsgId: MMSG-13992]
../Library/CommonFunctions.h(31): Detected non-resource "http://localhost:1080/cgi-bin/nav.pl?page=menu&in=home" in "http://localhost:1080/cgi-bin/login.pl"  	[MsgId: MMSG-26574]
../Library/CommonFunctions.h(31): Detected non-resource "http://localhost:1080/cgi-bin/login.pl?intro=true" in "http://localhost:1080/cgi-bin/login.pl"  	[MsgId: MMSG-26574]
../Library/CommonFunctions.h(31): Found resource "http://localhost:1080/WebTours/images/flights.gif" in HTML "http://localhost:1080/cgi-bin/nav.pl?page=menu&in=home"  	[MsgId: MMSG-26659]
../Library/CommonFunctions.h(31): Found resource "http://localhost:1080/WebTours/images/itinerary.gif" in HTML "http://localhost:1080/cgi-bin/nav.pl?page=menu&in=home"  	[MsgId: MMSG-26659]
../Library/CommonFunctions.h(31): Found resource "http://localhost:1080/WebTours/images/in_home.gif" in HTML "http://localhost:1080/cgi-bin/nav.pl?page=menu&in=home"  	[MsgId: MMSG-26659]
../Library/CommonFunctions.h(31): Found resource "http://localhost:1080/WebTours/images/signoff.gif" in HTML "http://localhost:1080/cgi-bin/nav.pl?page=menu&in=home"  	[MsgId: MMSG-26659]
../Library/CommonFunctions.h(31): Registered web_reg_find successful for "Text=Welcome, <b>user01</b>" (count=1)  	[MsgId: MMSG-26364]
../Library/CommonFunctions.h(31): web_submit_data("login.pl") was successful, 5781 body bytes, 2056 header bytes, 36 chunking overhead bytes  	[MsgId: MMSG-26385]
Action.c(20): Notify: Transaction "login" ended with a "Pass" status (Duration: 0,0803 Wasted Time: 0,0000).	[MsgId: MMSG-16871]
Action.c(22): lr_think_time: 5,00 seconds.	[MsgId: MMSG-15948]
Action.c(24): Notify: Transaction "browsingItenerary" started.	[MsgId: MMSG-16999]
Action.c(26): web_reg_find started  	[MsgId: MMSG-26355]
Action.c(26): Registering web_reg_find was successful  	[MsgId: MMSG-26390]
Action.c(30): web_reg_save_param started  	[MsgId: MMSG-26355]
Action.c(30): Registering web_reg_save_param was successful  	[MsgId: MMSG-26390]
Action.c(37): web_url("Itinerary Button") started  	[MsgId: MMSG-26355]
Action.c(37): Detected non-resource "http://localhost:1080/cgi-bin/nav.pl?page=menu&in=itinerary" in "http://localhost:1080/cgi-bin/welcome.pl?page=itinerary"  	[MsgId: MMSG-26574]
Action.c(37): Detected non-resource "http://localhost:1080/cgi-bin/itinerary.pl" in "http://localhost:1080/cgi-bin/welcome.pl?page=itinerary"  	[MsgId: MMSG-26574]
Action.c(37): Resource "http://localhost:1080/WebTours/images/flights.gif" is in the cache already and will not be downloaded again  	[MsgId: MMSG-26655]
Action.c(37): Found resource "http://localhost:1080/WebTours/images/in_itinerary.gif" in HTML "http://localhost:1080/cgi-bin/nav.pl?page=menu&in=itinerary"  	[MsgId: MMSG-26659]
Action.c(37): Found resource "http://localhost:1080/WebTours/images/home.gif" in HTML "http://localhost:1080/cgi-bin/nav.pl?page=menu&in=itinerary"  	[MsgId: MMSG-26659]
Action.c(37): Resource "http://localhost:1080/WebTours/images/signoff.gif" is in the cache already and will not be downloaded again  	[MsgId: MMSG-26655]
Action.c(37): Notify: Saving Parameter "flightId_1 = 34820-780-fl".	[MsgId: MMSG-13798]
Action.c(37): Notify: Saving Parameter "flightId_2 = 22694-1597-fl".	[MsgId: MMSG-13798]
Action.c(37): Notify: Saving Parameter "flightId_3 = 17103-2369-fl".	[MsgId: MMSG-13798]
Action.c(37): Notify: Saving Parameter "flightId_4 = 7498-3112-fl".	[MsgId: MMSG-13798]
Action.c(37): Notify: Saving Parameter "flightId_5 = 16724-3888-fl".	[MsgId: MMSG-13798]
Action.c(37): Notify: Saving Parameter "flightId_6 = 330066-46291-fl".	[MsgId: MMSG-13798]
Action.c(37): Notify: Saving Parameter "flightId_7 = 19394-5435-fl".	[MsgId: MMSG-13798]
Action.c(37): Notify: Saving Parameter "flightId_8 = 30881-6214-fl".	[MsgId: MMSG-13798]
Action.c(37): Notify: Saving Parameter "flightId_9 = 5603-6945-fl".	[MsgId: MMSG-13798]
Action.c(37): Notify: Saving Parameter "flightId_10 = 23036-7767-fl".	[MsgId: MMSG-13798]
Action.c(37): Notify: Saving Parameter "flightId_11 = 26802-8513-fl".	[MsgId: MMSG-13798]
Action.c(37): Notify: Saving Parameter "flightId_12 = 19713-9251-fl".	[MsgId: MMSG-13798]
Action.c(37): Notify: Saving Parameter "flightId_13 = 26802-10051-fl".	[MsgId: MMSG-13798]
Action.c(37): Notify: Saving Parameter "flightId_14 = 33787-10790-fl".	[MsgId: MMSG-13798]
Action.c(37): Found resource "http://localhost:1080/WebTours/images/cancelreservation.gif" in HTML "http://localhost:1080/cgi-bin/itinerary.pl"  	[MsgId: MMSG-26659]
Action.c(37): Found resource "http://localhost:1080/WebTours/images/cancelallreservations.gif" in HTML "http://localhost:1080/cgi-bin/itinerary.pl"  	[MsgId: MMSG-26659]
Action.c(37): Registered web_reg_find successful for "Text=Itinerary" (count=3)  	[MsgId: MMSG-26364]
Action.c(37): Notify: Saving Parameter "flightId_count = 14".	[MsgId: MMSG-13798]
Action.c(37): web_url("Itinerary Button") was successful, 22475 body bytes, 1919 header bytes, 67 chunking overhead bytes  	[MsgId: MMSG-26385]
Action.c(47): Notify: Transaction "browsingItenerary" ended with a "Pass" status (Duration: 0,1072 Wasted Time: 0,0003).	[MsgId: MMSG-16871]
Action.c(49): lr_think_time: 5,00 seconds.	[MsgId: MMSG-15948]
Action.c(51): Notify: Transaction "CancelingFlight" started.	[MsgId: MMSG-16999]
Action.c(53): Notify: Parameter Substitution: parameter "flightId_count" =  "14"	[MsgId: MMSG-13992]
Action.c(87): web_reg_find started  	[MsgId: MMSG-26355]
Action.c(87): Notify: Parameter Substitution: parameter "flightId_1" =  "34820-780-fl"	[MsgId: MMSG-13992]
Action.c(87): Registering web_reg_find was successful  	[MsgId: MMSG-26390]
Action.c(92): web_reg_find started  	[MsgId: MMSG-26355]
Action.c(92): Notify: Parameter Substitution: parameter "flightId_2" =  "22694-1597-fl"	[MsgId: MMSG-13992]
Action.c(92): Registering web_reg_find was successful  	[MsgId: MMSG-26390]
Action.c(97): web_submit_form("itinerary.pl") started  	[MsgId: MMSG-26355]
Action.c(97): Submitting form to "http://localhost:1080/cgi-bin/itinerary.pl", Target Frame=""  	[MsgId: MMSG-27978]
Action.c(97): Resource "http://localhost:1080/WebTours/images/cancelreservation.gif" is in the cache already and will not be downloaded again  	[MsgId: MMSG-26655]
Action.c(97): Resource "http://localhost:1080/WebTours/images/cancelallreservations.gif" is in the cache already and will not be downloaded again  	[MsgId: MMSG-26655]
Action.c(97): Registered web_reg_find successful for "Text=34820-780-fl"  	[MsgId: MMSG-26362]
Action.c(97): Registered web_reg_find successful for "Text=22694-1597-fl"  	[MsgId: MMSG-26362]
Action.c(97): web_submit_form("itinerary.pl") was successful, 15133 body bytes, 256 header bytes, 35 chunking overhead bytes  	[MsgId: MMSG-26385]
Action.c(122): Notify: Transaction "CancelingFlight" ended with a "Pass" status (Duration: 0,0351 Wasted Time: 0,0000).	[MsgId: MMSG-16871]
Action.c(130): Notify: Transaction "UC_04_ItineraryListBrowsing" ended with a "Pass" status (Duration: 15,2807 Think Time: 15,0023 Wasted Time: 0,0004).	[MsgId: MMSG-16870]
Ending action Action.	[MsgId: MMSG-15918]
Ending iteration 2.	[MsgId: MMSG-15965]
Waiting 34,7190 seconds for iteration pacing.	[MsgId: MMSG-15996]
Starting iteration 3.	[MsgId: MMSG-15968]
Notify: Next row for parameter userName = 3 [table  = userName].	[MsgId: MMSG-13876]
Notify: Getting new value for parameter 'userName': table = '..\Param\TestUserInfo.dat' column = '0' row = '3'.	[MsgId: MMSG-13877]
Notify: Next row for parameter password = 3 [table  = password].	[MsgId: MMSG-13876]
Notify: Getting new value for parameter 'password': table = '..\Param\TestUserInfo.dat' column = '1' row = '3'.	[MsgId: MMSG-13877]
Starting action Action.	[MsgId: MMSG-15919]
Action.c(6): Notify: Transaction "UC_04_ItineraryListBrowsing" started.	[MsgId: MMSG-16999]
Action.c(8): Notify: Transaction "openHomePage" started.	[MsgId: MMSG-16999]
../Library/CommonFunctions.h(6): web_reg_save_param started  	[MsgId: MMSG-26355]
../Library/CommonFunctions.h(6): Registering web_reg_save_param was successful  	[MsgId: MMSG-26390]
../Library/CommonFunctions.h(11): web_url("WebTours") started  	[MsgId: MMSG-26355]
../Library/CommonFunctions.h(11): Detected non-resource "http://localhost:1080/WebTours/header.html" in "http://localhost:1080/WebTours/"  	[MsgId: MMSG-26574]
../Library/CommonFunctions.h(11): Detected non-resource "http://localhost:1080/cgi-bin/welcome.pl?signOff=true" in "http://localhost:1080/WebTours/"  	[MsgId: MMSG-26574]
../Library/CommonFunctions.h(11): Found resource "http://localhost:1080/WebTours/images/hp_logo.png" in HTML "http://localhost:1080/WebTours/header.html"  	[MsgId: MMSG-26659]
../Library/CommonFunctions.h(11): Found resource "http://localhost:1080/WebTours/images/webtours.png" in HTML "http://localhost:1080/WebTours/header.html"  	[MsgId: MMSG-26659]
../Library/CommonFunctions.h(11): Detected non-resource "http://localhost:1080/cgi-bin/nav.pl?in=home" in "http://localhost:1080/cgi-bin/welcome.pl?signOff=true"  	[MsgId: MMSG-26574]
../Library/CommonFunctions.h(11): Detected non-resource "http://localhost:1080/WebTours/home.html" in "http://localhost:1080/cgi-bin/welcome.pl?signOff=true"  	[MsgId: MMSG-26574]
../Library/CommonFunctions.h(11): Notify: Saving Parameter "userSession = 134682.01036857zQcHHAfpQAiDDDDDtVfzzpcDftf".	[MsgId: MMSG-13798]
../Library/CommonFunctions.h(11): Found resource "http://localhost:1080/WebTours/images/mer_login.gif" in HTML "http://localhost:1080/cgi-bin/nav.pl?in=home"  	[MsgId: MMSG-26659]
../Library/CommonFunctions.h(11): web_url("WebTours") was successful, 10078 body bytes, 2377 header bytes, 24 chunking overhead bytes  	[MsgId: MMSG-26385]
../Library/CommonFunctions.h(21): web_set_sockets_option started  	[MsgId: MMSG-26355]
../Library/CommonFunctions.h(21): web_set_sockets_option was successful  	[MsgId: MMSG-26392]
Action.c(12): Notify: Transaction "openHomePage" ended with a "Pass" status (Duration: 0,0543 Wasted Time: 0,0001).	[MsgId: MMSG-16871]
Action.c(14): lr_think_time: 5,00 seconds.	[MsgId: MMSG-15948]
Action.c(16): Notify: Transaction "login" started.	[MsgId: MMSG-16999]
../Library/CommonFunctions.h(26): web_reg_find started  	[MsgId: MMSG-26355]
../Library/CommonFunctions.h(26): Notify: Parameter Substitution: parameter "userName" =  "user02"	[MsgId: MMSG-13992]
../Library/CommonFunctions.h(26): Registering web_reg_find was successful  	[MsgId: MMSG-26390]
../Library/CommonFunctions.h(31): web_submit_data("login.pl") started  	[MsgId: MMSG-26355]
../Library/CommonFunctions.h(31): Notify: Parameter Substitution: parameter "userSession" =  "134682.01036857zQcHHAfpQAiDDDDDtVfzzpcDftf"	[MsgId: MMSG-13992]
../Library/CommonFunctions.h(31): Notify: Parameter Substitution: parameter "userName" =  "user02"	[MsgId: MMSG-13992]
../Library/CommonFunctions.h(31): Notify: Next row for parameter password = 3 [table  = password].	[MsgId: MMSG-13876]
../Library/CommonFunctions.h(31): Notify: Parameter Substitution: parameter "password" =  "12345"	[MsgId: MMSG-13992]
../Library/CommonFunctions.h(31): Detected non-resource "http://localhost:1080/cgi-bin/nav.pl?page=menu&in=home" in "http://localhost:1080/cgi-bin/login.pl"  	[MsgId: MMSG-26574]
../Library/CommonFunctions.h(31): Detected non-resource "http://localhost:1080/cgi-bin/login.pl?intro=true" in "http://localhost:1080/cgi-bin/login.pl"  	[MsgId: MMSG-26574]
../Library/CommonFunctions.h(31): Found resource "http://localhost:1080/WebTours/images/flights.gif" in HTML "http://localhost:1080/cgi-bin/nav.pl?page=menu&in=home"  	[MsgId: MMSG-26659]
../Library/CommonFunctions.h(31): Found resource "http://localhost:1080/WebTours/images/itinerary.gif" in HTML "http://localhost:1080/cgi-bin/nav.pl?page=menu&in=home"  	[MsgId: MMSG-26659]
../Library/CommonFunctions.h(31): Found resource "http://localhost:1080/WebTours/images/in_home.gif" in HTML "http://localhost:1080/cgi-bin/nav.pl?page=menu&in=home"  	[MsgId: MMSG-26659]
../Library/CommonFunctions.h(31): Found resource "http://localhost:1080/WebTours/images/signoff.gif" in HTML "http://localhost:1080/cgi-bin/nav.pl?page=menu&in=home"  	[MsgId: MMSG-26659]
../Library/CommonFunctions.h(31): Registered web_reg_find successful for "Text=Welcome, <b>user02</b>" (count=1)  	[MsgId: MMSG-26364]
../Library/CommonFunctions.h(31): web_submit_data("login.pl") was successful, 5781 body bytes, 2056 header bytes, 36 chunking overhead bytes  	[MsgId: MMSG-26385]
Action.c(20): Notify: Transaction "login" ended with a "Pass" status (Duration: 0,0785 Wasted Time: 0,0000).	[MsgId: MMSG-16871]
Action.c(22): lr_think_time: 5,00 seconds.	[MsgId: MMSG-15948]
Action.c(24): Notify: Transaction "browsingItenerary" started.	[MsgId: MMSG-16999]
Action.c(26): web_reg_find started  	[MsgId: MMSG-26355]
Action.c(26): Registering web_reg_find was successful  	[MsgId: MMSG-26390]
Action.c(30): web_reg_save_param started  	[MsgId: MMSG-26355]
Action.c(30): Registering web_reg_save_param was successful  	[MsgId: MMSG-26390]
Action.c(37): web_url("Itinerary Button") started  	[MsgId: MMSG-26355]
Action.c(37): Detected non-resource "http://localhost:1080/cgi-bin/nav.pl?page=menu&in=itinerary" in "http://localhost:1080/cgi-bin/welcome.pl?page=itinerary"  	[MsgId: MMSG-26574]
Action.c(37): Detected non-resource "http://localhost:1080/cgi-bin/itinerary.pl" in "http://localhost:1080/cgi-bin/welcome.pl?page=itinerary"  	[MsgId: MMSG-26574]
Action.c(37): Resource "http://localhost:1080/WebTours/images/flights.gif" is in the cache already and will not be downloaded again  	[MsgId: MMSG-26655]
Action.c(37): Found resource "http://localhost:1080/WebTours/images/in_itinerary.gif" in HTML "http://localhost:1080/cgi-bin/nav.pl?page=menu&in=itinerary"  	[MsgId: MMSG-26659]
Action.c(37): Found resource "http://localhost:1080/WebTours/images/home.gif" in HTML "http://localhost:1080/cgi-bin/nav.pl?page=menu&in=itinerary"  	[MsgId: MMSG-26659]
Action.c(37): Resource "http://localhost:1080/WebTours/images/signoff.gif" is in the cache already and will not be downloaded again  	[MsgId: MMSG-26655]
Action.c(37): Notify: Saving Parameter "flightId_1 = 4867-801-fl".	[MsgId: MMSG-13798]
Action.c(37): Notify: Saving Parameter "flightId_2 = 7419-1564-fl".	[MsgId: MMSG-13798]
Action.c(37): Notify: Saving Parameter "flightId_3 = 67077-23160-fl".	[MsgId: MMSG-13798]
Action.c(37): Notify: Saving Parameter "flightId_4 = 23850-3150-fl".	[MsgId: MMSG-13798]
Action.c(37): Notify: Saving Parameter "flightId_5 = 13713-3865-fl".	[MsgId: MMSG-13798]
Action.c(37): Notify: Saving Parameter "flightId_6 = 1562-469-fl".	[MsgId: MMSG-13798]
Action.c(37): Notify: Saving Parameter "flightId_7 = 3098-5434-fl".	[MsgId: MMSG-13798]
Action.c(37): Notify: Saving Parameter "flightId_8 = 329704-61693-fl".	[MsgId: MMSG-13798]
Action.c(37): Notify: Saving Parameter "flightId_9 = 66732-69366-fl".	[MsgId: MMSG-13798]
Action.c(37): Notify: Saving Parameter "flightId_10 = 104494-77027-fl".	[MsgId: MMSG-13798]
Action.c(37): Notify: Saving Parameter "flightId_11 = 31511-8523-fl".	[MsgId: MMSG-13798]
Action.c(37): Notify: Saving Parameter "flightId_12 = 11128-9267-fl".	[MsgId: MMSG-13798]
Action.c(37): Notify: Saving Parameter "flightId_13 = 31995-10067-fl".	[MsgId: MMSG-13798]
Action.c(37): Notify: Saving Parameter "flightId_14 = 9651-10814-fl".	[MsgId: MMSG-13798]
Action.c(37): Notify: Saving Parameter "flightId_15 = 311528-115482-fl".	[MsgId: MMSG-13798]
Action.c(37): Notify: Saving Parameter "flightId_16 = 22344-12331-fl".	[MsgId: MMSG-13798]
Action.c(37): Notify: Saving Parameter "flightId_17 = 19394-13127-fl".	[MsgId: MMSG-13798]
Action.c(37): Notify: Saving Parameter "flightId_18 = 1339-1388-fl".	[MsgId: MMSG-13798]
Action.c(37): Notify: Saving Parameter "flightId_19 = 31583-14673-fl".	[MsgId: MMSG-13798]
Action.c(37): Notify: Saving Parameter "flightId_20 = 103803-154053-fl".	[MsgId: MMSG-13798]
Action.c(37): Notify: Saving Parameter "flightId_21 = 12973-16175-fl".	[MsgId: MMSG-13798]
Action.c(37): Notify: Saving Parameter "flightId_22 = 25605-16948-fl".	[MsgId: MMSG-13798]
Action.c(37): Notify: Saving Parameter "flightId_23 = 35642-17719-fl".	[MsgId: MMSG-13798]
Action.c(37): Notify: Saving Parameter "flightId_24 = 27429-18507-fl".	[MsgId: MMSG-13798]
Action.c(37): Found resource "http://localhost:1080/WebTours/images/cancelreservation.gif" in HTML "http://localhost:1080/cgi-bin/itinerary.pl"  	[MsgId: MMSG-26659]
Action.c(37): Found resource "http://localhost:1080/WebTours/images/cancelallreservations.gif" in HTML "http://localhost:1080/cgi-bin/itinerary.pl"  	[MsgId: MMSG-26659]
Action.c(37): Registered web_reg_find successful for "Text=Itinerary" (count=3)  	[MsgId: MMSG-26364]
Action.c(37): Notify: Saving Parameter "flightId_count = 24".	[MsgId: MMSG-13798]
Action.c(37): web_url("Itinerary Button") was successful, 33847 body bytes, 1919 header bytes, 90 chunking overhead bytes  	[MsgId: MMSG-26385]
Action.c(47): Notify: Transaction "browsingItenerary" ended with a "Pass" status (Duration: 0,0963 Wasted Time: 0,0006).	[MsgId: MMSG-16871]
Action.c(49): lr_think_time: 5,00 seconds.	[MsgId: MMSG-15948]
Action.c(51): Notify: Transaction "CancelingFlight" started.	[MsgId: MMSG-16999]
Action.c(53): Notify: Parameter Substitution: parameter "flightId_count" =  "24"	[MsgId: MMSG-13992]
Action.c(87): web_reg_find started  	[MsgId: MMSG-26355]
Action.c(87): Notify: Parameter Substitution: parameter "flightId_1" =  "4867-801-fl"	[MsgId: MMSG-13992]
Action.c(87): Registering web_reg_find was successful  	[MsgId: MMSG-26390]
Action.c(92): web_reg_find started  	[MsgId: MMSG-26355]
Action.c(92): Notify: Parameter Substitution: parameter "flightId_2" =  "7419-1564-fl"	[MsgId: MMSG-13992]
Action.c(92): Registering web_reg_find was successful  	[MsgId: MMSG-26390]
Action.c(97): web_submit_form("itinerary.pl") started  	[MsgId: MMSG-26355]
Action.c(97): Submitting form to "http://localhost:1080/cgi-bin/itinerary.pl", Target Frame=""  	[MsgId: MMSG-27978]
Action.c(97): Resource "http://localhost:1080/WebTours/images/cancelreservation.gif" is in the cache already and will not be downloaded again  	[MsgId: MMSG-26655]
Action.c(97): Resource "http://localhost:1080/WebTours/images/cancelallreservations.gif" is in the cache already and will not be downloaded again  	[MsgId: MMSG-26655]
Action.c(97): Registered web_reg_find successful for "Text=4867-801-fl"  	[MsgId: MMSG-26362]
Action.c(97): Registered web_reg_find successful for "Text=7419-1564-fl"  	[MsgId: MMSG-26362]
Action.c(97): web_submit_form("itinerary.pl") was successful, 26505 body bytes, 256 header bytes, 59 chunking overhead bytes  	[MsgId: MMSG-26385]
Action.c(122): Notify: Transaction "CancelingFlight" ended with a "Pass" status (Duration: 0,0354 Wasted Time: 0,0000).	[MsgId: MMSG-16871]
Action.c(130): Notify: Transaction "UC_04_ItineraryListBrowsing" ended with a "Pass" status (Duration: 15,2662 Think Time: 15,0013 Wasted Time: 0,0007).	[MsgId: MMSG-16870]
Ending action Action.	[MsgId: MMSG-15918]
Ending iteration 3.	[MsgId: MMSG-15965]
Waiting 34,7340 seconds for iteration pacing.	[MsgId: MMSG-15996]
Starting iteration 4.	[MsgId: MMSG-15968]
Notify: Next row for parameter userName = 4 [table  = userName].	[MsgId: MMSG-13876]
Notify: Getting new value for parameter 'userName': table = '..\Param\TestUserInfo.dat' column = '0' row = '4'.	[MsgId: MMSG-13877]
Notify: Next row for parameter password = 4 [table  = password].	[MsgId: MMSG-13876]
Notify: Getting new value for parameter 'password': table = '..\Param\TestUserInfo.dat' column = '1' row = '4'.	[MsgId: MMSG-13877]
Starting action Action.	[MsgId: MMSG-15919]
Action.c(6): Notify: Transaction "UC_04_ItineraryListBrowsing" started.	[MsgId: MMSG-16999]
Action.c(8): Notify: Transaction "openHomePage" started.	[MsgId: MMSG-16999]
../Library/CommonFunctions.h(6): web_reg_save_param started  	[MsgId: MMSG-26355]
../Library/CommonFunctions.h(6): Registering web_reg_save_param was successful  	[MsgId: MMSG-26390]
../Library/CommonFunctions.h(11): web_url("WebTours") started  	[MsgId: MMSG-26355]
../Library/CommonFunctions.h(11): Detected non-resource "http://localhost:1080/WebTours/header.html" in "http://localhost:1080/WebTours/"  	[MsgId: MMSG-26574]
../Library/CommonFunctions.h(11): Detected non-resource "http://localhost:1080/cgi-bin/welcome.pl?signOff=true" in "http://localhost:1080/WebTours/"  	[MsgId: MMSG-26574]
../Library/CommonFunctions.h(11): Found resource "http://localhost:1080/WebTours/images/hp_logo.png" in HTML "http://localhost:1080/WebTours/header.html"  	[MsgId: MMSG-26659]
../Library/CommonFunctions.h(11): Found resource "http://localhost:1080/WebTours/images/webtours.png" in HTML "http://localhost:1080/WebTours/header.html"  	[MsgId: MMSG-26659]
../Library/CommonFunctions.h(11): Detected non-resource "http://localhost:1080/cgi-bin/nav.pl?in=home" in "http://localhost:1080/cgi-bin/welcome.pl?signOff=true"  	[MsgId: MMSG-26574]
../Library/CommonFunctions.h(11): Detected non-resource "http://localhost:1080/WebTours/home.html" in "http://localhost:1080/cgi-bin/welcome.pl?signOff=true"  	[MsgId: MMSG-26574]
../Library/CommonFunctions.h(11): Notify: Saving Parameter "userSession = 134682.014418793zQcHHAzpVVzzzzzHtVfzzpcDzH".	[MsgId: MMSG-13798]
../Library/CommonFunctions.h(11): Found resource "http://localhost:1080/WebTours/images/mer_login.gif" in HTML "http://localhost:1080/cgi-bin/nav.pl?in=home"  	[MsgId: MMSG-26659]
../Library/CommonFunctions.h(11): web_url("WebTours") was successful, 10078 body bytes, 2377 header bytes, 24 chunking overhead bytes  	[MsgId: MMSG-26385]
../Library/CommonFunctions.h(21): web_set_sockets_option started  	[MsgId: MMSG-26355]
../Library/CommonFunctions.h(21): web_set_sockets_option was successful  	[MsgId: MMSG-26392]
Action.c(12): Notify: Transaction "openHomePage" ended with a "Pass" status (Duration: 0,0673 Wasted Time: 0,0001).	[MsgId: MMSG-16871]
Action.c(14): lr_think_time: 5,00 seconds.	[MsgId: MMSG-15948]
Action.c(16): Notify: Transaction "login" started.	[MsgId: MMSG-16999]
../Library/CommonFunctions.h(26): web_reg_find started  	[MsgId: MMSG-26355]
../Library/CommonFunctions.h(26): Notify: Parameter Substitution: parameter "userName" =  "user03"	[MsgId: MMSG-13992]
../Library/CommonFunctions.h(26): Registering web_reg_find was successful  	[MsgId: MMSG-26390]
../Library/CommonFunctions.h(31): web_submit_data("login.pl") started  	[MsgId: MMSG-26355]
../Library/CommonFunctions.h(31): Notify: Parameter Substitution: parameter "userSession" =  "134682.014418793zQcHHAzpVVzzzzzHtVfzzpcDzH"	[MsgId: MMSG-13992]
../Library/CommonFunctions.h(31): Notify: Parameter Substitution: parameter "userName" =  "user03"	[MsgId: MMSG-13992]
../Library/CommonFunctions.h(31): Notify: Next row for parameter password = 4 [table  = password].	[MsgId: MMSG-13876]
../Library/CommonFunctions.h(31): Notify: Parameter Substitution: parameter "password" =  "12345"	[MsgId: MMSG-13992]
../Library/CommonFunctions.h(31): Detected non-resource "http://localhost:1080/cgi-bin/nav.pl?page=menu&in=home" in "http://localhost:1080/cgi-bin/login.pl"  	[MsgId: MMSG-26574]
../Library/CommonFunctions.h(31): Detected non-resource "http://localhost:1080/cgi-bin/login.pl?intro=true" in "http://localhost:1080/cgi-bin/login.pl"  	[MsgId: MMSG-26574]
../Library/CommonFunctions.h(31): Found resource "http://localhost:1080/WebTours/images/flights.gif" in HTML "http://localhost:1080/cgi-bin/nav.pl?page=menu&in=home"  	[MsgId: MMSG-26659]
../Library/CommonFunctions.h(31): Found resource "http://localhost:1080/WebTours/images/itinerary.gif" in HTML "http://localhost:1080/cgi-bin/nav.pl?page=menu&in=home"  	[MsgId: MMSG-26659]
../Library/CommonFunctions.h(31): Found resource "http://localhost:1080/WebTours/images/in_home.gif" in HTML "http://localhost:1080/cgi-bin/nav.pl?page=menu&in=home"  	[MsgId: MMSG-26659]
../Library/CommonFunctions.h(31): Found resource "http://localhost:1080/WebTours/images/signoff.gif" in HTML "http://localhost:1080/cgi-bin/nav.pl?page=menu&in=home"  	[MsgId: MMSG-26659]
../Library/CommonFunctions.h(31): Registered web_reg_find successful for "Text=Welcome, <b>user03</b>" (count=1)  	[MsgId: MMSG-26364]
../Library/CommonFunctions.h(31): web_submit_data("login.pl") was successful, 5781 body bytes, 2056 header bytes, 36 chunking overhead bytes  	[MsgId: MMSG-26385]
Action.c(20): Notify: Transaction "login" ended with a "Pass" status (Duration: 0,1001 Wasted Time: 0,0000).	[MsgId: MMSG-16871]
Action.c(22): lr_think_time: 5,00 seconds.	[MsgId: MMSG-15948]
Action.c(24): Notify: Transaction "browsingItenerary" started.	[MsgId: MMSG-16999]
Action.c(26): web_reg_find started  	[MsgId: MMSG-26355]
Action.c(26): Registering web_reg_find was successful  	[MsgId: MMSG-26390]
Action.c(30): web_reg_save_param started  	[MsgId: MMSG-26355]
Action.c(30): Registering web_reg_save_param was successful  	[MsgId: MMSG-26390]
Action.c(37): web_url("Itinerary Button") started  	[MsgId: MMSG-26355]
Action.c(37): Detected non-resource "http://localhost:1080/cgi-bin/nav.pl?page=menu&in=itinerary" in "http://localhost:1080/cgi-bin/welcome.pl?page=itinerary"  	[MsgId: MMSG-26574]
Action.c(37): Detected non-resource "http://localhost:1080/cgi-bin/itinerary.pl" in "http://localhost:1080/cgi-bin/welcome.pl?page=itinerary"  	[MsgId: MMSG-26574]
Action.c(37): Resource "http://localhost:1080/WebTours/images/flights.gif" is in the cache already and will not be downloaded again  	[MsgId: MMSG-26655]
Action.c(37): Found resource "http://localhost:1080/WebTours/images/in_itinerary.gif" in HTML "http://localhost:1080/cgi-bin/nav.pl?page=menu&in=itinerary"  	[MsgId: MMSG-26659]
Action.c(37): Found resource "http://localhost:1080/WebTours/images/home.gif" in HTML "http://localhost:1080/cgi-bin/nav.pl?page=menu&in=itinerary"  	[MsgId: MMSG-26659]
Action.c(37): Resource "http://localhost:1080/WebTours/images/signoff.gif" is in the cache already and will not be downloaded again  	[MsgId: MMSG-26655]
Action.c(37): Notify: Saving Parameter "flightId_1 = 35244-815-fl".	[MsgId: MMSG-13798]
Action.c(37): Notify: Saving Parameter "flightId_2 = 4935-1558-fl".	[MsgId: MMSG-13798]
Action.c(37): Notify: Saving Parameter "flightId_3 = 7796-2346-fl".	[MsgId: MMSG-13798]
Action.c(37): Notify: Saving Parameter "flightId_4 = 19018-3114-fl".	[MsgId: MMSG-13798]
Action.c(37): Notify: Saving Parameter "flightId_5 = 4940-3875-fl".	[MsgId: MMSG-13798]
Action.c(37): Notify: Saving Parameter "flightId_6 = 28991-4673-fl".	[MsgId: MMSG-13798]
Action.c(37): Notify: Saving Parameter "flightId_7 = 33435-5442-fl".	[MsgId: MMSG-13798]
Action.c(37): Notify: Saving Parameter "flightId_8 = 18194-6172-fl".	[MsgId: MMSG-13798]
Action.c(37): Notify: Saving Parameter "flightId_9 = 1197-6949-fl".	[MsgId: MMSG-13798]
Action.c(37): Notify: Saving Parameter "flightId_10 = 34893-7702-fl".	[MsgId: MMSG-13798]
Action.c(37): Notify: Saving Parameter "flightId_11 = 35615-8509-fl".	[MsgId: MMSG-13798]
Action.c(37): Notify: Saving Parameter "flightId_12 = 252640-92408-fl".	[MsgId: MMSG-13798]
Action.c(37): Notify: Saving Parameter "flightId_13 = 11124-10028-fl".	[MsgId: MMSG-13798]
Action.c(37): Notify: Saving Parameter "flightId_14 = 13820-10780-fl".	[MsgId: MMSG-13798]
Action.c(37): Notify: Saving Parameter "flightId_15 = 237818-115469-fl".	[MsgId: MMSG-13798]
Action.c(37): Notify: Saving Parameter "flightId_16 = 4944-12346-fl".	[MsgId: MMSG-13798]
Action.c(37): Notify: Saving Parameter "flightId_17 = 758-13114-fl".	[MsgId: MMSG-13798]
Action.c(37): Notify: Saving Parameter "flightId_18 = 7823-13864-fl".	[MsgId: MMSG-13798]
Action.c(37): Notify: Saving Parameter "flightId_19 = 7796-14653-fl".	[MsgId: MMSG-13798]
Action.c(37): Found resource "http://localhost:1080/WebTours/images/cancelreservation.gif" in HTML "http://localhost:1080/cgi-bin/itinerary.pl"  	[MsgId: MMSG-26659]
Action.c(37): Found resource "http://localhost:1080/WebTours/images/cancelallreservations.gif" in HTML "http://localhost:1080/cgi-bin/itinerary.pl"  	[MsgId: MMSG-26659]
Action.c(37): Registered web_reg_find successful for "Text=Itinerary" (count=3)  	[MsgId: MMSG-26364]
Action.c(37): Notify: Saving Parameter "flightId_count = 19".	[MsgId: MMSG-13798]
Action.c(37): web_url("Itinerary Button") was successful, 28156 body bytes, 1921 header bytes, 75 chunking overhead bytes  	[MsgId: MMSG-26385]
Action.c(47): Notify: Transaction "browsingItenerary" ended with a "Pass" status (Duration: 0,1063 Wasted Time: 0,0005).	[MsgId: MMSG-16871]
Action.c(49): lr_think_time: 5,00 seconds.	[MsgId: MMSG-15948]
Action.c(51): Notify: Transaction "CancelingFlight" started.	[MsgId: MMSG-16999]
Action.c(53): Notify: Parameter Substitution: parameter "flightId_count" =  "19"	[MsgId: MMSG-13992]
Action.c(87): web_reg_find started  	[MsgId: MMSG-26355]
Action.c(87): Notify: Parameter Substitution: parameter "flightId_1" =  "35244-815-fl"	[MsgId: MMSG-13992]
Action.c(87): Registering web_reg_find was successful  	[MsgId: MMSG-26390]
Action.c(92): web_reg_find started  	[MsgId: MMSG-26355]
Action.c(92): Notify: Parameter Substitution: parameter "flightId_2" =  "4935-1558-fl"	[MsgId: MMSG-13992]
Action.c(92): Registering web_reg_find was successful  	[MsgId: MMSG-26390]
Action.c(97): web_submit_form("itinerary.pl") started  	[MsgId: MMSG-26355]
Action.c(97): Submitting form to "http://localhost:1080/cgi-bin/itinerary.pl", Target Frame=""  	[MsgId: MMSG-27978]
Action.c(97): Resource "http://localhost:1080/WebTours/images/cancelreservation.gif" is in the cache already and will not be downloaded again  	[MsgId: MMSG-26655]
Action.c(97): Resource "http://localhost:1080/WebTours/images/cancelallreservations.gif" is in the cache already and will not be downloaded again  	[MsgId: MMSG-26655]
Action.c(97): Registered web_reg_find successful for "Text=35244-815-fl"  	[MsgId: MMSG-26362]
Action.c(97): Registered web_reg_find successful for "Text=4935-1558-fl"  	[MsgId: MMSG-26362]
Action.c(97): web_submit_form("itinerary.pl") was successful, 20810 body bytes, 256 header bytes, 51 chunking overhead bytes  	[MsgId: MMSG-26385]
Action.c(122): Notify: Transaction "CancelingFlight" ended with a "Pass" status (Duration: 0,0410 Wasted Time: 0,0000).	[MsgId: MMSG-16871]
Action.c(130): Notify: Transaction "UC_04_ItineraryListBrowsing" ended with a "Pass" status (Duration: 15,3167 Think Time: 15,0015 Wasted Time: 0,0006).	[MsgId: MMSG-16870]
Ending action Action.	[MsgId: MMSG-15918]
Ending iteration 4.	[MsgId: MMSG-15965]
Waiting 34,6830 seconds for iteration pacing.	[MsgId: MMSG-15996]
Starting iteration 5.	[MsgId: MMSG-15968]
Notify: Next row for parameter userName = 5 [table  = userName].	[MsgId: MMSG-13876]
Notify: Getting new value for parameter 'userName': table = '..\Param\TestUserInfo.dat' column = '0' row = '5'.	[MsgId: MMSG-13877]
Notify: Next row for parameter password = 5 [table  = password].	[MsgId: MMSG-13876]
Notify: Getting new value for parameter 'password': table = '..\Param\TestUserInfo.dat' column = '1' row = '5'.	[MsgId: MMSG-13877]
Starting action Action.	[MsgId: MMSG-15919]
Action.c(6): Notify: Transaction "UC_04_ItineraryListBrowsing" started.	[MsgId: MMSG-16999]
Action.c(8): Notify: Transaction "openHomePage" started.	[MsgId: MMSG-16999]
../Library/CommonFunctions.h(6): web_reg_save_param started  	[MsgId: MMSG-26355]
../Library/CommonFunctions.h(6): Registering web_reg_save_param was successful  	[MsgId: MMSG-26390]
../Library/CommonFunctions.h(11): web_url("WebTours") started  	[MsgId: MMSG-26355]
../Library/CommonFunctions.h(11): Detected non-resource "http://localhost:1080/WebTours/header.html" in "http://localhost:1080/WebTours/"  	[MsgId: MMSG-26574]
../Library/CommonFunctions.h(11): Detected non-resource "http://localhost:1080/cgi-bin/welcome.pl?signOff=true" in "http://localhost:1080/WebTours/"  	[MsgId: MMSG-26574]
../Library/CommonFunctions.h(11): Found resource "http://localhost:1080/WebTours/images/hp_logo.png" in HTML "http://localhost:1080/WebTours/header.html"  	[MsgId: MMSG-26659]
../Library/CommonFunctions.h(11): Found resource "http://localhost:1080/WebTours/images/webtours.png" in HTML "http://localhost:1080/WebTours/header.html"  	[MsgId: MMSG-26659]
../Library/CommonFunctions.h(11): Detected non-resource "http://localhost:1080/cgi-bin/nav.pl?in=home" in "http://localhost:1080/cgi-bin/welcome.pl?signOff=true"  	[MsgId: MMSG-26574]
../Library/CommonFunctions.h(11): Detected non-resource "http://localhost:1080/WebTours/home.html" in "http://localhost:1080/cgi-bin/welcome.pl?signOff=true"  	[MsgId: MMSG-26574]
../Library/CommonFunctions.h(11): Notify: Saving Parameter "userSession = 134682.018469016zQcHHAzpDcftVfzzpcDHQf".	[MsgId: MMSG-13798]
../Library/CommonFunctions.h(11): Found resource "http://localhost:1080/WebTours/images/mer_login.gif" in HTML "http://localhost:1080/cgi-bin/nav.pl?in=home"  	[MsgId: MMSG-26659]
../Library/CommonFunctions.h(11): web_url("WebTours") was successful, 10074 body bytes, 2377 header bytes, 24 chunking overhead bytes  	[MsgId: MMSG-26385]
../Library/CommonFunctions.h(21): web_set_sockets_option started  	[MsgId: MMSG-26355]
../Library/CommonFunctions.h(21): web_set_sockets_option was successful  	[MsgId: MMSG-26392]
Action.c(12): Notify: Transaction "openHomePage" ended with a "Pass" status (Duration: 0,0880 Wasted Time: 0,0002).	[MsgId: MMSG-16871]
Action.c(14): lr_think_time: 5,00 seconds.	[MsgId: MMSG-15948]
Action.c(16): Notify: Transaction "login" started.	[MsgId: MMSG-16999]
../Library/CommonFunctions.h(26): web_reg_find started  	[MsgId: MMSG-26355]
../Library/CommonFunctions.h(26): Notify: Parameter Substitution: parameter "userName" =  "user04"	[MsgId: MMSG-13992]
../Library/CommonFunctions.h(26): Registering web_reg_find was successful  	[MsgId: MMSG-26390]
../Library/CommonFunctions.h(31): web_submit_data("login.pl") started  	[MsgId: MMSG-26355]
../Library/CommonFunctions.h(31): Notify: Parameter Substitution: parameter "userSession" =  "134682.018469016zQcHHAzpDcftVfzzpcDHQf"	[MsgId: MMSG-13992]
../Library/CommonFunctions.h(31): Notify: Parameter Substitution: parameter "userName" =  "user04"	[MsgId: MMSG-13992]
../Library/CommonFunctions.h(31): Notify: Next row for parameter password = 5 [table  = password].	[MsgId: MMSG-13876]
../Library/CommonFunctions.h(31): Notify: Parameter Substitution: parameter "password" =  "12345"	[MsgId: MMSG-13992]
../Library/CommonFunctions.h(31): Detected non-resource "http://localhost:1080/cgi-bin/nav.pl?page=menu&in=home" in "http://localhost:1080/cgi-bin/login.pl"  	[MsgId: MMSG-26574]
../Library/CommonFunctions.h(31): Detected non-resource "http://localhost:1080/cgi-bin/login.pl?intro=true" in "http://localhost:1080/cgi-bin/login.pl"  	[MsgId: MMSG-26574]
../Library/CommonFunctions.h(31): Found resource "http://localhost:1080/WebTours/images/flights.gif" in HTML "http://localhost:1080/cgi-bin/nav.pl?page=menu&in=home"  	[MsgId: MMSG-26659]
../Library/CommonFunctions.h(31): Found resource "http://localhost:1080/WebTours/images/itinerary.gif" in HTML "http://localhost:1080/cgi-bin/nav.pl?page=menu&in=home"  	[MsgId: MMSG-26659]
../Library/CommonFunctions.h(31): Found resource "http://localhost:1080/WebTours/images/in_home.gif" in HTML "http://localhost:1080/cgi-bin/nav.pl?page=menu&in=home"  	[MsgId: MMSG-26659]
../Library/CommonFunctions.h(31): Found resource "http://localhost:1080/WebTours/images/signoff.gif" in HTML "http://localhost:1080/cgi-bin/nav.pl?page=menu&in=home"  	[MsgId: MMSG-26659]
../Library/CommonFunctions.h(31): Registered web_reg_find successful for "Text=Welcome, <b>user04</b>" (count=1)  	[MsgId: MMSG-26364]
../Library/CommonFunctions.h(31): web_submit_data("login.pl") was successful, 5781 body bytes, 2056 header bytes, 36 chunking overhead bytes  	[MsgId: MMSG-26385]
Action.c(20): Notify: Transaction "login" ended with a "Pass" status (Duration: 0,1021 Wasted Time: 0,0000).	[MsgId: MMSG-16871]
Action.c(22): lr_think_time: 5,00 seconds.	[MsgId: MMSG-15948]
Action.c(24): Notify: Transaction "browsingItenerary" started.	[MsgId: MMSG-16999]
Action.c(26): web_reg_find started  	[MsgId: MMSG-26355]
Action.c(26): Registering web_reg_find was successful  	[MsgId: MMSG-26390]
Action.c(30): web_reg_save_param started  	[MsgId: MMSG-26355]
Action.c(30): Registering web_reg_save_param was successful  	[MsgId: MMSG-26390]
Action.c(37): web_url("Itinerary Button") started  	[MsgId: MMSG-26355]
Action.c(37): Detected non-resource "http://localhost:1080/cgi-bin/nav.pl?page=menu&in=itinerary" in "http://localhost:1080/cgi-bin/welcome.pl?page=itinerary"  	[MsgId: MMSG-26574]
Action.c(37): Detected non-resource "http://localhost:1080/cgi-bin/itinerary.pl" in "http://localhost:1080/cgi-bin/welcome.pl?page=itinerary"  	[MsgId: MMSG-26574]
Action.c(37): Resource "http://localhost:1080/WebTours/images/flights.gif" is in the cache already and will not be downloaded again  	[MsgId: MMSG-26655]
Action.c(37): Found resource "http://localhost:1080/WebTours/images/in_itinerary.gif" in HTML "http://localhost:1080/cgi-bin/nav.pl?page=menu&in=itinerary"  	[MsgId: MMSG-26659]
Action.c(37): Found resource "http://localhost:1080/WebTours/images/home.gif" in HTML "http://localhost:1080/cgi-bin/nav.pl?page=menu&in=itinerary"  	[MsgId: MMSG-26659]
Action.c(37): Resource "http://localhost:1080/WebTours/images/signoff.gif" is in the cache already and will not be downloaded again  	[MsgId: MMSG-26655]
Action.c(37): Notify: Saving Parameter "flightId_1 = 2676-790-fl".	[MsgId: MMSG-13798]
Action.c(37): Notify: Saving Parameter "flightId_2 = 319307-15484-fl".	[MsgId: MMSG-13798]
Action.c(37): Notify: Saving Parameter "flightId_3 = 36022-2354-fl".	[MsgId: MMSG-13798]
Action.c(37): Notify: Saving Parameter "flightId_4 = 24819-3086-fl".	[MsgId: MMSG-13798]
Action.c(37): Notify: Saving Parameter "flightId_5 = 35977-3876-fl".	[MsgId: MMSG-13798]
Action.c(37): Notify: Saving Parameter "flightId_6 = 19018-4653-fl".	[MsgId: MMSG-13798]
Action.c(37): Notify: Saving Parameter "flightId_7 = 14573-5421-fl".	[MsgId: MMSG-13798]
Action.c(37): Notify: Saving Parameter "flightId_8 = 288931-61627-fl".	[MsgId: MMSG-13798]
Action.c(37): Notify: Saving Parameter "flightId_9 = 25936-6945-fl".	[MsgId: MMSG-13798]
Action.c(37): Notify: Saving Parameter "flightId_10 = 104539-77119-fl".	[MsgId: MMSG-13798]
Action.c(37): Notify: Saving Parameter "flightId_11 = 18533-8492-fl".	[MsgId: MMSG-13798]
Action.c(37): Notify: Saving Parameter "flightId_12 = 5265-9244-fl".	[MsgId: MMSG-13798]
Action.c(37): Notify: Saving Parameter "flightId_13 = 11120-10019-fl".	[MsgId: MMSG-13798]
Action.c(37): Notify: Saving Parameter "flightId_14 = 35289-10832-fl".	[MsgId: MMSG-13798]
Action.c(37): Notify: Saving Parameter "flightId_15 = 33823-11556-fl".	[MsgId: MMSG-13798]
Action.c(37): Notify: Saving Parameter "flightId_16 = 5983-12350-fl".	[MsgId: MMSG-13798]
Action.c(37): Notify: Saving Parameter "flightId_17 = 34820-13087-fl".	[MsgId: MMSG-13798]
Action.c(37): Notify: Saving Parameter "flightId_18 = 12656-13902-fl".	[MsgId: MMSG-13798]
Action.c(37): Notify: Saving Parameter "flightId_19 = 17103-14677-fl".	[MsgId: MMSG-13798]
Action.c(37): Found resource "http://localhost:1080/WebTours/images/cancelreservation.gif" in HTML "http://localhost:1080/cgi-bin/itinerary.pl"  	[MsgId: MMSG-26659]
Action.c(37): Found resource "http://localhost:1080/WebTours/images/cancelallreservations.gif" in HTML "http://localhost:1080/cgi-bin/itinerary.pl"  	[MsgId: MMSG-26659]
Action.c(37): Registered web_reg_find successful for "Text=Itinerary" (count=3)  	[MsgId: MMSG-26364]
Action.c(37): Notify: Saving Parameter "flightId_count = 19".	[MsgId: MMSG-13798]
Action.c(37): web_url("Itinerary Button") was successful, 28163 body bytes, 1920 header bytes, 75 chunking overhead bytes  	[MsgId: MMSG-26385]
Action.c(47): Notify: Transaction "browsingItenerary" ended with a "Pass" status (Duration: 0,1023 Wasted Time: 0,0005).	[MsgId: MMSG-16871]
Action.c(49): lr_think_time: 5,00 seconds.	[MsgId: MMSG-15948]
Action.c(51): Notify: Transaction "CancelingFlight" started.	[MsgId: MMSG-16999]
Action.c(53): Notify: Parameter Substitution: parameter "flightId_count" =  "19"	[MsgId: MMSG-13992]
Action.c(87): web_reg_find started  	[MsgId: MMSG-26355]
Action.c(87): Notify: Parameter Substitution: parameter "flightId_1" =  "2676-790-fl"	[MsgId: MMSG-13992]
Action.c(87): Registering web_reg_find was successful  	[MsgId: MMSG-26390]
Action.c(92): web_reg_find started  	[MsgId: MMSG-26355]
Action.c(92): Notify: Parameter Substitution: parameter "flightId_2" =  "319307-15484-fl"	[MsgId: MMSG-13992]
Action.c(92): Registering web_reg_find was successful  	[MsgId: MMSG-26390]
Action.c(97): web_submit_form("itinerary.pl") started  	[MsgId: MMSG-26355]
Action.c(97): Submitting form to "http://localhost:1080/cgi-bin/itinerary.pl", Target Frame=""  	[MsgId: MMSG-27978]
Action.c(97): Resource "http://localhost:1080/WebTours/images/cancelreservation.gif" is in the cache already and will not be downloaded again  	[MsgId: MMSG-26655]
Action.c(97): Resource "http://localhost:1080/WebTours/images/cancelallreservations.gif" is in the cache already and will not be downloaded again  	[MsgId: MMSG-26655]
Action.c(97): Registered web_reg_find successful for "Text=2676-790-fl"  	[MsgId: MMSG-26362]
Action.c(97): Registered web_reg_find successful for "Text=319307-15484-fl"  	[MsgId: MMSG-26362]
Action.c(97): web_submit_form("itinerary.pl") was successful, 20820 body bytes, 256 header bytes, 51 chunking overhead bytes  	[MsgId: MMSG-26385]
Action.c(122): Notify: Transaction "CancelingFlight" ended with a "Pass" status (Duration: 0,0349 Wasted Time: 0,0000).	[MsgId: MMSG-16871]
Action.c(130): Notify: Transaction "UC_04_ItineraryListBrowsing" ended with a "Pass" status (Duration: 15,3301 Think Time: 15,0023 Wasted Time: 0,0007).	[MsgId: MMSG-16870]
Ending action Action.	[MsgId: MMSG-15918]
Ending iteration 5.	[MsgId: MMSG-15965]
Waiting 34,6690 seconds for iteration pacing.	[MsgId: MMSG-15996]
Starting iteration 6.	[MsgId: MMSG-15968]
Notify: Next row for parameter userName = 6 [table  = userName].	[MsgId: MMSG-13876]
Notify: Getting new value for parameter 'userName': table = '..\Param\TestUserInfo.dat' column = '0' row = '6'.	[MsgId: MMSG-13877]
Notify: Next row for parameter password = 6 [table  = password].	[MsgId: MMSG-13876]
Notify: Getting new value for parameter 'password': table = '..\Param\TestUserInfo.dat' column = '1' row = '6'.	[MsgId: MMSG-13877]
Starting action Action.	[MsgId: MMSG-15919]
Action.c(6): Notify: Transaction "UC_04_ItineraryListBrowsing" started.	[MsgId: MMSG-16999]
Action.c(8): Notify: Transaction "openHomePage" started.	[MsgId: MMSG-16999]
../Library/CommonFunctions.h(6): web_reg_save_param started  	[MsgId: MMSG-26355]
../Library/CommonFunctions.h(6): Registering web_reg_save_param was successful  	[MsgId: MMSG-26390]
../Library/CommonFunctions.h(11): web_url("WebTours") started  	[MsgId: MMSG-26355]
../Library/CommonFunctions.h(11): Detected non-resource "http://localhost:1080/WebTours/header.html" in "http://localhost:1080/WebTours/"  	[MsgId: MMSG-26574]
../Library/CommonFunctions.h(11): Detected non-resource "http://localhost:1080/cgi-bin/welcome.pl?signOff=true" in "http://localhost:1080/WebTours/"  	[MsgId: MMSG-26574]
../Library/CommonFunctions.h(11): Found resource "http://localhost:1080/WebTours/images/hp_logo.png" in HTML "http://localhost:1080/WebTours/header.html"  	[MsgId: MMSG-26659]
../Library/CommonFunctions.h(11): Found resource "http://localhost:1080/WebTours/images/webtours.png" in HTML "http://localhost:1080/WebTours/header.html"  	[MsgId: MMSG-26659]
../Library/CommonFunctions.h(11): Detected non-resource "http://localhost:1080/cgi-bin/nav.pl?in=home" in "http://localhost:1080/cgi-bin/welcome.pl?signOff=true"  	[MsgId: MMSG-26574]
../Library/CommonFunctions.h(11): Detected non-resource "http://localhost:1080/WebTours/home.html" in "http://localhost:1080/cgi-bin/welcome.pl?signOff=true"  	[MsgId: MMSG-26574]
../Library/CommonFunctions.h(11): Notify: Saving Parameter "userSession = 134682.022519239zQcHHAzpfDDDDDDDtVfzzpcDQc".	[MsgId: MMSG-13798]
../Library/CommonFunctions.h(11): Found resource "http://localhost:1080/WebTours/images/mer_login.gif" in HTML "http://localhost:1080/cgi-bin/nav.pl?in=home"  	[MsgId: MMSG-26659]
../Library/CommonFunctions.h(11): web_url("WebTours") was successful, 10078 body bytes, 2377 header bytes, 24 chunking overhead bytes  	[MsgId: MMSG-26385]
../Library/CommonFunctions.h(21): web_set_sockets_option started  	[MsgId: MMSG-26355]
../Library/CommonFunctions.h(21): web_set_sockets_option was successful  	[MsgId: MMSG-26392]
Action.c(12): Notify: Transaction "openHomePage" ended with a "Pass" status (Duration: 0,0603 Wasted Time: 0,0001).	[MsgId: MMSG-16871]
Action.c(14): lr_think_time: 5,00 seconds.	[MsgId: MMSG-15948]
Action.c(16): Notify: Transaction "login" started.	[MsgId: MMSG-16999]
../Library/CommonFunctions.h(26): web_reg_find started  	[MsgId: MMSG-26355]
../Library/CommonFunctions.h(26): Notify: Parameter Substitution: parameter "userName" =  "user05"	[MsgId: MMSG-13992]
../Library/CommonFunctions.h(26): Registering web_reg_find was successful  	[MsgId: MMSG-26390]
../Library/CommonFunctions.h(31): web_submit_data("login.pl") started  	[MsgId: MMSG-26355]
../Library/CommonFunctions.h(31): Notify: Parameter Substitution: parameter "userSession" =  "134682.022519239zQcHHAzpfDDDDDDDtVfzzpcDQc"	[MsgId: MMSG-13992]
../Library/CommonFunctions.h(31): Notify: Parameter Substitution: parameter "userName" =  "user05"	[MsgId: MMSG-13992]
../Library/CommonFunctions.h(31): Notify: Next row for parameter password = 6 [table  = password].	[MsgId: MMSG-13876]
../Library/CommonFunctions.h(31): Notify: Parameter Substitution: parameter "password" =  "12345"	[MsgId: MMSG-13992]
../Library/CommonFunctions.h(31): Detected non-resource "http://localhost:1080/cgi-bin/nav.pl?page=menu&in=home" in "http://localhost:1080/cgi-bin/login.pl"  	[MsgId: MMSG-26574]
../Library/CommonFunctions.h(31): Detected non-resource "http://localhost:1080/cgi-bin/login.pl?intro=true" in "http://localhost:1080/cgi-bin/login.pl"  	[MsgId: MMSG-26574]
../Library/CommonFunctions.h(31): Found resource "http://localhost:1080/WebTours/images/flights.gif" in HTML "http://localhost:1080/cgi-bin/nav.pl?page=menu&in=home"  	[MsgId: MMSG-26659]
../Library/CommonFunctions.h(31): Found resource "http://localhost:1080/WebTours/images/itinerary.gif" in HTML "http://localhost:1080/cgi-bin/nav.pl?page=menu&in=home"  	[MsgId: MMSG-26659]
../Library/CommonFunctions.h(31): Found resource "http://localhost:1080/WebTours/images/in_home.gif" in HTML "http://localhost:1080/cgi-bin/nav.pl?page=menu&in=home"  	[MsgId: MMSG-26659]
../Library/CommonFunctions.h(31): Found resource "http://localhost:1080/WebTours/images/signoff.gif" in HTML "http://localhost:1080/cgi-bin/nav.pl?page=menu&in=home"  	[MsgId: MMSG-26659]
../Library/CommonFunctions.h(31): Registered web_reg_find successful for "Text=Welcome, <b>user05</b>" (count=1)  	[MsgId: MMSG-26364]
../Library/CommonFunctions.h(31): web_submit_data("login.pl") was successful, 5781 body bytes, 2056 header bytes, 36 chunking overhead bytes  	[MsgId: MMSG-26385]
Action.c(20): Notify: Transaction "login" ended with a "Pass" status (Duration: 0,0880 Wasted Time: 0,0000).	[MsgId: MMSG-16871]
Action.c(22): lr_think_time: 5,00 seconds.	[MsgId: MMSG-15948]
Action.c(24): Notify: Transaction "browsingItenerary" started.	[MsgId: MMSG-16999]
Action.c(26): web_reg_find started  	[MsgId: MMSG-26355]
Action.c(26): Registering web_reg_find was successful  	[MsgId: MMSG-26390]
Action.c(30): web_reg_save_param started  	[MsgId: MMSG-26355]
Action.c(30): Registering web_reg_save_param was successful  	[MsgId: MMSG-26390]
Action.c(37): web_url("Itinerary Button") started  	[MsgId: MMSG-26355]
Action.c(37): Detected non-resource "http://localhost:1080/cgi-bin/nav.pl?page=menu&in=itinerary" in "http://localhost:1080/cgi-bin/welcome.pl?page=itinerary"  	[MsgId: MMSG-26574]
Action.c(37): Detected non-resource "http://localhost:1080/cgi-bin/itinerary.pl" in "http://localhost:1080/cgi-bin/welcome.pl?page=itinerary"  	[MsgId: MMSG-26574]
Action.c(37): Resource "http://localhost:1080/WebTours/images/flights.gif" is in the cache already and will not be downloaded again  	[MsgId: MMSG-26655]
Action.c(37): Found resource "http://localhost:1080/WebTours/images/in_itinerary.gif" in HTML "http://localhost:1080/cgi-bin/nav.pl?page=menu&in=itinerary"  	[MsgId: MMSG-26659]
Action.c(37): Found resource "http://localhost:1080/WebTours/images/home.gif" in HTML "http://localhost:1080/cgi-bin/nav.pl?page=menu&in=itinerary"  	[MsgId: MMSG-26659]
Action.c(37): Resource "http://localhost:1080/WebTours/images/signoff.gif" is in the cache already and will not be downloaded again  	[MsgId: MMSG-26655]
Action.c(37): Notify: Saving Parameter "flightId_1 = 29283-819-fl".	[MsgId: MMSG-13798]
Action.c(37): Notify: Saving Parameter "flightId_2 = 35569-1567-fl".	[MsgId: MMSG-13798]
Action.c(37): Notify: Saving Parameter "flightId_3 = 16689-2355-fl".	[MsgId: MMSG-13798]
Action.c(37): Notify: Saving Parameter "flightId_4 = 19369-3152-fl".	[MsgId: MMSG-13798]
Action.c(37): Notify: Saving Parameter "flightId_5 = 1197-3872-fl".	[MsgId: MMSG-13798]
Action.c(37): Notify: Saving Parameter "flightId_6 = 8619-4671-fl".	[MsgId: MMSG-13798]
Action.c(37): Notify: Saving Parameter "flightId_7 = 22984-5429-fl".	[MsgId: MMSG-13798]
Action.c(37): Notify: Saving Parameter "flightId_8 = 35615-6202-fl".	[MsgId: MMSG-13798]
Action.c(37): Notify: Saving Parameter "flightId_9 = 2343-698-fl".	[MsgId: MMSG-13798]
Action.c(37): Notify: Saving Parameter "flightId_10 = 31511-7754-fl".	[MsgId: MMSG-13798]
Action.c(37): Notify: Saving Parameter "flightId_11 = 33106-8529-fl".	[MsgId: MMSG-13798]
Action.c(37): Notify: Saving Parameter "flightId_12 = 9006-9243-fl".	[MsgId: MMSG-13798]
Action.c(37): Notify: Saving Parameter "flightId_13 = 15192-10014-fl".	[MsgId: MMSG-13798]
Action.c(37): Notify: Saving Parameter "flightId_14 = 14098-10820-fl".	[MsgId: MMSG-13798]
Action.c(37): Notify: Saving Parameter "flightId_15 = 6050-11565-fl".	[MsgId: MMSG-13798]
Action.c(37): Notify: Saving Parameter "flightId_16 = 33362-12368-fl".	[MsgId: MMSG-13798]
Action.c(37): Notify: Saving Parameter "flightId_17 = 7460-13110-fl".	[MsgId: MMSG-13798]
Action.c(37): Notify: Saving Parameter "flightId_18 = 18227-13856-fl".	[MsgId: MMSG-13798]
Action.c(37): Found resource "http://localhost:1080/WebTours/images/cancelreservation.gif" in HTML "http://localhost:1080/cgi-bin/itinerary.pl"  	[MsgId: MMSG-26659]
Action.c(37): Found resource "http://localhost:1080/WebTours/images/cancelallreservations.gif" in HTML "http://localhost:1080/cgi-bin/itinerary.pl"  	[MsgId: MMSG-26659]
Action.c(37): Registered web_reg_find successful for "Text=Itinerary" (count=3)  	[MsgId: MMSG-26364]
Action.c(37): Notify: Saving Parameter "flightId_count = 18".	[MsgId: MMSG-13798]
Action.c(37): web_url("Itinerary Button") was successful, 27005 body bytes, 1921 header bytes, 75 chunking overhead bytes  	[MsgId: MMSG-26385]
Action.c(47): Notify: Transaction "browsingItenerary" ended with a "Pass" status (Duration: 0,1101 Wasted Time: 0,0005).	[MsgId: MMSG-16871]
Action.c(49): lr_think_time: 5,00 seconds.	[MsgId: MMSG-15948]
Action.c(51): Notify: Transaction "CancelingFlight" started.	[MsgId: MMSG-16999]
Action.c(53): Notify: Parameter Substitution: parameter "flightId_count" =  "18"	[MsgId: MMSG-13992]
Action.c(87): web_reg_find started  	[MsgId: MMSG-26355]
Action.c(87): Notify: Parameter Substitution: parameter "flightId_1" =  "29283-819-fl"	[MsgId: MMSG-13992]
Action.c(87): Registering web_reg_find was successful  	[MsgId: MMSG-26390]
Action.c(92): web_reg_find started  	[MsgId: MMSG-26355]
Action.c(92): Notify: Parameter Substitution: parameter "flightId_2" =  "35569-1567-fl"	[MsgId: MMSG-13992]
Action.c(92): Registering web_reg_find was successful  	[MsgId: MMSG-26390]
Action.c(97): web_submit_form("itinerary.pl") started  	[MsgId: MMSG-26355]
Action.c(97): Submitting form to "http://localhost:1080/cgi-bin/itinerary.pl", Target Frame=""  	[MsgId: MMSG-27978]
Action.c(97): Resource "http://localhost:1080/WebTours/images/cancelreservation.gif" is in the cache already and will not be downloaded again  	[MsgId: MMSG-26655]
Action.c(97): Resource "http://localhost:1080/WebTours/images/cancelallreservations.gif" is in the cache already and will not be downloaded again  	[MsgId: MMSG-26655]
Action.c(97): Registered web_reg_find successful for "Text=29283-819-fl"  	[MsgId: MMSG-26362]
Action.c(97): Registered web_reg_find successful for "Text=35569-1567-fl"  	[MsgId: MMSG-26362]
Action.c(97): web_submit_form("itinerary.pl") was successful, 19661 body bytes, 256 header bytes, 43 chunking overhead bytes  	[MsgId: MMSG-26385]
Action.c(122): Notify: Transaction "CancelingFlight" ended with a "Pass" status (Duration: 0,0397 Wasted Time: 0,0000).	[MsgId: MMSG-16871]
Action.c(130): Notify: Transaction "UC_04_ItineraryListBrowsing" ended with a "Pass" status (Duration: 15,3019 Think Time: 15,0031 Wasted Time: 0,0006).	[MsgId: MMSG-16870]
Ending action Action.	[MsgId: MMSG-15918]
Action was aborted.	[MsgId: MMSG-10694]
Ending Vuser...	[MsgId: MMSG-15966]
Starting action vuser_end.	[MsgId: MMSG-15919]
Ending action vuser_end.	[MsgId: MMSG-15918]
Vuser Terminated.	[MsgId: MMSG-15963]
Vuser 0 (thread 1456), ended OK."	[MsgId: MMSG-10695]
