Virtual User Script started at: 09.09.2022 13:00:35	[MsgId: MMSG-15967]
Starting action vuser_init.	[MsgId: MMSG-15919]
Web Turbo Replay of LoadRunner 2021.0.0 for Windows 10; build 430 (џэт 05 2021 19:27:22)  	[MsgId: MMSG-26983]
Run mode: HTML  	[MsgId: MMSG-26993]
Replay user agent: Mozilla/5.0 (Windows NT 10.0; WOW64; Trident/7.0; rv:11.0) like Gecko  	[MsgId: MMSG-26988]
Runtime Settings file: "C:\Users\baldr\AppData\Local\Temp\lr5tmpdirXyv.260\lrcfg6fD.261\cfgc1G.266"  	[MsgId: MMSG-27141]
Ending action vuser_init.	[MsgId: MMSG-15918]
Running Vuser...	[MsgId: MMSG-15964]
Starting iteration 1.	[MsgId: MMSG-15968]
Maximum number of concurrent connections per server: 6  	[MsgId: MMSG-26989]
Starting action Action.	[MsgId: MMSG-15919]
Action.c(6): Notify: Transaction "UC_04_ItineraryListBrowsing" started.	[MsgId: MMSG-16999]
Action.c(8): Notify: Transaction "openHomePage" started.	[MsgId: MMSG-16999]
../Library/CommonFunctions.h(6): web_reg_save_param started  	[MsgId: MMSG-26355]
../Library/CommonFunctions.h(6): Registering web_reg_save_param was successful  	[MsgId: MMSG-26390]
../Library/CommonFunctions.h(11): web_url("WebTours") started  	[MsgId: MMSG-26355]
../Library/CommonFunctions.h(11): Detected non-resource "http://localhost:1080/WebTours/header.html" in "http://localhost:1080/WebTours/"  	[MsgId: MMSG-26574]
../Library/CommonFunctions.h(11): Detected non-resource "http://localhost:1080/cgi-bin/welcome.pl?signOff=true" in "http://localhost:1080/WebTours/"  	[MsgId: MMSG-26574]
../Library/CommonFunctions.h(11): Found resource "http://localhost:1080/WebTours/images/hp_logo.png" in HTML "http://localhost:1080/WebTours/header.html"  	[MsgId: MMSG-26659]
../Library/CommonFunctions.h(11): Found resource "http://localhost:1080/WebTours/images/webtours.png" in HTML "http://localhost:1080/WebTours/header.html"  	[MsgId: MMSG-26659]
../Library/CommonFunctions.h(11): Detected non-resource "http://localhost:1080/cgi-bin/nav.pl?in=home" in "http://localhost:1080/cgi-bin/welcome.pl?signOff=true"  	[MsgId: MMSG-26574]
../Library/CommonFunctions.h(11): Detected non-resource "http://localhost:1080/WebTours/home.html" in "http://localhost:1080/cgi-bin/welcome.pl?signOff=true"  	[MsgId: MMSG-26574]
../Library/CommonFunctions.h(11): Notify: Saving Parameter "userSession = 134687.536249494zQcHQQApVtfiDDDDtVfzHpQtAiHf".	[MsgId: MMSG-13798]
../Library/CommonFunctions.h(11): Found resource "http://localhost:1080/WebTours/images/mer_login.gif" in HTML "http://localhost:1080/cgi-bin/nav.pl?in=home"  	[MsgId: MMSG-26659]
../Library/CommonFunctions.h(11): web_url("WebTours") was successful, 10080 body bytes, 2377 header bytes, 24 chunking overhead bytes  	[MsgId: MMSG-26385]
../Library/CommonFunctions.h(21): web_set_sockets_option started  	[MsgId: MMSG-26355]
../Library/CommonFunctions.h(21): web_set_sockets_option was successful  	[MsgId: MMSG-26392]
Action.c(12): Notify: Transaction "openHomePage" ended with a "Pass" status (Duration: 0,0558 Wasted Time: 0,0001).	[MsgId: MMSG-16871]
Action.c(14): lr_think_time: 5,00 seconds.	[MsgId: MMSG-15948]
Action.c(16): Notify: Transaction "login" started.	[MsgId: MMSG-16999]
../Library/CommonFunctions.h(26): web_reg_find started  	[MsgId: MMSG-26355]
../Library/CommonFunctions.h(26): Notify: Parameter Substitution: parameter "userName" =  "user00"	[MsgId: MMSG-13992]
../Library/CommonFunctions.h(26): Registering web_reg_find was successful  	[MsgId: MMSG-26390]
../Library/CommonFunctions.h(31): web_submit_data("login.pl") started  	[MsgId: MMSG-26355]
../Library/CommonFunctions.h(31): Notify: Parameter Substitution: parameter "userSession" =  "134687.536249494zQcHQQApVtfiDDDDtVfzHpQtAiHf"	[MsgId: MMSG-13992]
../Library/CommonFunctions.h(31): Notify: Parameter Substitution: parameter "userName" =  "user00"	[MsgId: MMSG-13992]
../Library/CommonFunctions.h(31): Notify: Next row for parameter password = 1 [table  = password].	[MsgId: MMSG-13876]
../Library/CommonFunctions.h(31): Notify: Parameter Substitution: parameter "password" =  "12345"	[MsgId: MMSG-13992]
../Library/CommonFunctions.h(31): Detected non-resource "http://localhost:1080/cgi-bin/nav.pl?page=menu&in=home" in "http://localhost:1080/cgi-bin/login.pl"  	[MsgId: MMSG-26574]
../Library/CommonFunctions.h(31): Detected non-resource "http://localhost:1080/cgi-bin/login.pl?intro=true" in "http://localhost:1080/cgi-bin/login.pl"  	[MsgId: MMSG-26574]
../Library/CommonFunctions.h(31): Found resource "http://localhost:1080/WebTours/images/flights.gif" in HTML "http://localhost:1080/cgi-bin/nav.pl?page=menu&in=home"  	[MsgId: MMSG-26659]
../Library/CommonFunctions.h(31): Found resource "http://localhost:1080/WebTours/images/itinerary.gif" in HTML "http://localhost:1080/cgi-bin/nav.pl?page=menu&in=home"  	[MsgId: MMSG-26659]
../Library/CommonFunctions.h(31): Found resource "http://localhost:1080/WebTours/images/in_home.gif" in HTML "http://localhost:1080/cgi-bin/nav.pl?page=menu&in=home"  	[MsgId: MMSG-26659]
../Library/CommonFunctions.h(31): Found resource "http://localhost:1080/WebTours/images/signoff.gif" in HTML "http://localhost:1080/cgi-bin/nav.pl?page=menu&in=home"  	[MsgId: MMSG-26659]
../Library/CommonFunctions.h(31): Registered web_reg_find successful for "Text=Welcome, <b>user00</b>" (count=1)  	[MsgId: MMSG-26364]
../Library/CommonFunctions.h(31): web_submit_data("login.pl") was successful, 5781 body bytes, 2056 header bytes, 36 chunking overhead bytes  	[MsgId: MMSG-26385]
Action.c(20): Notify: Transaction "login" ended with a "Pass" status (Duration: 0,0992 Wasted Time: 0,0000).	[MsgId: MMSG-16871]
Action.c(22): lr_think_time: 5,00 seconds.	[MsgId: MMSG-15948]
Action.c(24): Notify: Transaction "browsingItenerary" started.	[MsgId: MMSG-16999]
Action.c(26): web_reg_find started  	[MsgId: MMSG-26355]
Action.c(26): Registering web_reg_find was successful  	[MsgId: MMSG-26390]
Action.c(30): web_reg_save_param started  	[MsgId: MMSG-26355]
Action.c(30): Registering web_reg_save_param was successful  	[MsgId: MMSG-26390]
Action.c(37): web_url("Itinerary Button") started  	[MsgId: MMSG-26355]
Action.c(37): Detected non-resource "http://localhost:1080/cgi-bin/nav.pl?page=menu&in=itinerary" in "http://localhost:1080/cgi-bin/welcome.pl?page=itinerary"  	[MsgId: MMSG-26574]
Action.c(37): Detected non-resource "http://localhost:1080/cgi-bin/itinerary.pl" in "http://localhost:1080/cgi-bin/welcome.pl?page=itinerary"  	[MsgId: MMSG-26574]
Action.c(37): Resource "http://localhost:1080/WebTours/images/flights.gif" is in the cache already and will not be downloaded again  	[MsgId: MMSG-26655]
Action.c(37): Found resource "http://localhost:1080/WebTours/images/in_itinerary.gif" in HTML "http://localhost:1080/cgi-bin/nav.pl?page=menu&in=itinerary"  	[MsgId: MMSG-26659]
Action.c(37): Found resource "http://localhost:1080/WebTours/images/home.gif" in HTML "http://localhost:1080/cgi-bin/nav.pl?page=menu&in=itinerary"  	[MsgId: MMSG-26659]
Action.c(37): Resource "http://localhost:1080/WebTours/images/signoff.gif" is in the cache already and will not be downloaded again  	[MsgId: MMSG-26655]
Action.c(37): Notify: Saving Parameter "flightId_1 = 23028-827-fl".	[MsgId: MMSG-13798]
Action.c(37): Notify: Saving Parameter "flightId_2 = 22608-1571-fl".	[MsgId: MMSG-13798]
Action.c(37): Notify: Saving Parameter "flightId_3 = 30148-2384-fl".	[MsgId: MMSG-13798]
Action.c(37): Notify: Saving Parameter "flightId_4 = 7154-3089-fl".	[MsgId: MMSG-13798]
Action.c(37): Notify: Saving Parameter "flightId_5 = 3836-3891-fl".	[MsgId: MMSG-13798]
Action.c(37): Notify: Saving Parameter "flightId_6 = 97075-46233-fl".	[MsgId: MMSG-13798]
Action.c(37): Notify: Saving Parameter "flightId_7 = 2612-5426-fl".	[MsgId: MMSG-13798]
Action.c(37): Notify: Saving Parameter "flightId_8 = 5983-6196-fl".	[MsgId: MMSG-13798]
Action.c(37): Notify: Saving Parameter "flightId_9 = 10824-6942-fl".	[MsgId: MMSG-13798]
Action.c(37): Notify: Saving Parameter "flightId_10 = 11160-7717-fl".	[MsgId: MMSG-13798]
Action.c(37): Notify: Saving Parameter "flightId_11 = 4862-8483-fl".	[MsgId: MMSG-13798]
Action.c(37): Notify: Saving Parameter "flightId_12 = 329669-92390-fl".	[MsgId: MMSG-13798]
Action.c(37): Notify: Saving Parameter "flightId_13 = 35237-10031-fl".	[MsgId: MMSG-13798]
Action.c(37): Notify: Saving Parameter "flightId_14 = 22716-10796-fl".	[MsgId: MMSG-13798]
Action.c(37): Notify: Saving Parameter "flightId_15 = 33035-11612-fl".	[MsgId: MMSG-13798]
Action.c(37): Notify: Saving Parameter "flightId_16 = 2084-1236-fl".	[MsgId: MMSG-13798]
Action.c(37): Notify: Saving Parameter "flightId_17 = 9774-13146-fl".	[MsgId: MMSG-13798]
Action.c(37): Notify: Saving Parameter "flightId_18 = 13789-13870-fl".	[MsgId: MMSG-13798]
Action.c(37): Notify: Saving Parameter "flightId_19 = 25981-14652-fl".	[MsgId: MMSG-13798]
Action.c(37): Notify: Saving Parameter "flightId_20 = 140787-153942-fl".	[MsgId: MMSG-13798]
Action.c(37): Found resource "http://localhost:1080/WebTours/images/cancelreservation.gif" in HTML "http://localhost:1080/cgi-bin/itinerary.pl"  	[MsgId: MMSG-26659]
Action.c(37): Found resource "http://localhost:1080/WebTours/images/cancelallreservations.gif" in HTML "http://localhost:1080/cgi-bin/itinerary.pl"  	[MsgId: MMSG-26659]
Action.c(37): Registered web_reg_find successful for "Text=Itinerary" (count=3)  	[MsgId: MMSG-26364]
Action.c(37): Notify: Saving Parameter "flightId_count = 20".	[MsgId: MMSG-13798]
Action.c(37): web_url("Itinerary Button") was successful, 29310 body bytes, 1919 header bytes, 75 chunking overhead bytes  	[MsgId: MMSG-26385]
Action.c(47): Notify: Transaction "browsingItenerary" ended with a "Pass" status (Duration: 0,0983 Wasted Time: 0,0005).	[MsgId: MMSG-16871]
Action.c(49): lr_think_time: 5,00 seconds.	[MsgId: MMSG-15948]
Action.c(51): Notify: Transaction "CancelingFlight" started.	[MsgId: MMSG-16999]
Action.c(53): Notify: Parameter Substitution: parameter "flightId_count" =  "20"	[MsgId: MMSG-13992]
Action.c(87): web_reg_find started  	[MsgId: MMSG-26355]
Action.c(87): Notify: Parameter Substitution: parameter "flightId_1" =  "23028-827-fl"	[MsgId: MMSG-13992]
Action.c(87): Registering web_reg_find was successful  	[MsgId: MMSG-26390]
Action.c(92): web_reg_find started  	[MsgId: MMSG-26355]
Action.c(92): Notify: Parameter Substitution: parameter "flightId_2" =  "22608-1571-fl"	[MsgId: MMSG-13992]
Action.c(92): Registering web_reg_find was successful  	[MsgId: MMSG-26390]
Action.c(97): web_submit_form("itinerary.pl") started  	[MsgId: MMSG-26355]
Action.c(97): Submitting form to "http://localhost:1080/cgi-bin/itinerary.pl", Target Frame=""  	[MsgId: MMSG-27978]
Action.c(97): Resource "http://localhost:1080/WebTours/images/cancelreservation.gif" is in the cache already and will not be downloaded again  	[MsgId: MMSG-26655]
Action.c(97): Resource "http://localhost:1080/WebTours/images/cancelallreservations.gif" is in the cache already and will not be downloaded again  	[MsgId: MMSG-26655]
Action.c(97): Registered web_reg_find successful for "Text=23028-827-fl"  	[MsgId: MMSG-26362]
Action.c(97): Registered web_reg_find successful for "Text=22608-1571-fl"  	[MsgId: MMSG-26362]
Action.c(97): web_submit_form("itinerary.pl") was successful, 21957 body bytes, 256 header bytes, 51 chunking overhead bytes  	[MsgId: MMSG-26385]
Action.c(122): Notify: Transaction "CancelingFlight" ended with a "Pass" status (Duration: 0,0490 Wasted Time: 0,0000).	[MsgId: MMSG-16871]
Action.c(130): Notify: Transaction "UC_04_ItineraryListBrowsing" ended with a "Pass" status (Duration: 15,3044 Think Time: 15,0016 Wasted Time: 0,0007).	[MsgId: MMSG-16870]
Ending action Action.	[MsgId: MMSG-15918]
Ending iteration 1.	[MsgId: MMSG-15965]
Waiting 34,6840 seconds for iteration pacing.	[MsgId: MMSG-15996]
Starting iteration 2.	[MsgId: MMSG-15968]
Notify: Next row for parameter userName = 2 [table  = userName].	[MsgId: MMSG-13876]
Notify: Getting new value for parameter 'userName': table = '..\Param\TestUserInfo.dat' column = '0' row = '2'.	[MsgId: MMSG-13877]
Notify: Next row for parameter password = 2 [table  = password].	[MsgId: MMSG-13876]
Notify: Getting new value for parameter 'password': table = '..\Param\TestUserInfo.dat' column = '1' row = '2'.	[MsgId: MMSG-13877]
Starting action Action.	[MsgId: MMSG-15919]
Action.c(6): Notify: Transaction "UC_04_ItineraryListBrowsing" started.	[MsgId: MMSG-16999]
Action.c(8): Notify: Transaction "openHomePage" started.	[MsgId: MMSG-16999]
../Library/CommonFunctions.h(6): web_reg_save_param started  	[MsgId: MMSG-26355]
../Library/CommonFunctions.h(6): Registering web_reg_save_param was successful  	[MsgId: MMSG-26390]
../Library/CommonFunctions.h(11): web_url("WebTours") started  	[MsgId: MMSG-26355]
../Library/CommonFunctions.h(11): Detected non-resource "http://localhost:1080/WebTours/header.html" in "http://localhost:1080/WebTours/"  	[MsgId: MMSG-26574]
../Library/CommonFunctions.h(11): Detected non-resource "http://localhost:1080/cgi-bin/welcome.pl?signOff=true" in "http://localhost:1080/WebTours/"  	[MsgId: MMSG-26574]
../Library/CommonFunctions.h(11): Found resource "http://localhost:1080/WebTours/images/hp_logo.png" in HTML "http://localhost:1080/WebTours/header.html"  	[MsgId: MMSG-26659]
../Library/CommonFunctions.h(11): Found resource "http://localhost:1080/WebTours/images/webtours.png" in HTML "http://localhost:1080/WebTours/header.html"  	[MsgId: MMSG-26659]
../Library/CommonFunctions.h(11): Detected non-resource "http://localhost:1080/cgi-bin/nav.pl?in=home" in "http://localhost:1080/cgi-bin/welcome.pl?signOff=true"  	[MsgId: MMSG-26574]
../Library/CommonFunctions.h(11): Detected non-resource "http://localhost:1080/WebTours/home.html" in "http://localhost:1080/cgi-bin/welcome.pl?signOff=true"  	[MsgId: MMSG-26574]
../Library/CommonFunctions.h(11): Notify: Saving Parameter "userSession = 134687.540299716zQcHQQApDftVzzzHtVfzHpQtcVcf".	[MsgId: MMSG-13798]
../Library/CommonFunctions.h(11): Found resource "http://localhost:1080/WebTours/images/mer_login.gif" in HTML "http://localhost:1080/cgi-bin/nav.pl?in=home"  	[MsgId: MMSG-26659]
../Library/CommonFunctions.h(11): web_url("WebTours") was successful, 10080 body bytes, 2377 header bytes, 24 chunking overhead bytes  	[MsgId: MMSG-26385]
../Library/CommonFunctions.h(21): web_set_sockets_option started  	[MsgId: MMSG-26355]
../Library/CommonFunctions.h(21): web_set_sockets_option was successful  	[MsgId: MMSG-26392]
Action.c(12): Notify: Transaction "openHomePage" ended with a "Pass" status (Duration: 0,0621 Wasted Time: 0,0001).	[MsgId: MMSG-16871]
Action.c(14): lr_think_time: 5,00 seconds.	[MsgId: MMSG-15948]
Action.c(16): Notify: Transaction "login" started.	[MsgId: MMSG-16999]
../Library/CommonFunctions.h(26): web_reg_find started  	[MsgId: MMSG-26355]
../Library/CommonFunctions.h(26): Notify: Parameter Substitution: parameter "userName" =  "user01"	[MsgId: MMSG-13992]
../Library/CommonFunctions.h(26): Registering web_reg_find was successful  	[MsgId: MMSG-26390]
../Library/CommonFunctions.h(31): web_submit_data("login.pl") started  	[MsgId: MMSG-26355]
../Library/CommonFunctions.h(31): Notify: Parameter Substitution: parameter "userSession" =  "134687.540299716zQcHQQApDftVzzzHtVfzHpQtcVcf"	[MsgId: MMSG-13992]
../Library/CommonFunctions.h(31): Notify: Parameter Substitution: parameter "userName" =  "user01"	[MsgId: MMSG-13992]
../Library/CommonFunctions.h(31): Notify: Next row for parameter password = 2 [table  = password].	[MsgId: MMSG-13876]
../Library/CommonFunctions.h(31): Notify: Parameter Substitution: parameter "password" =  "12345"	[MsgId: MMSG-13992]
../Library/CommonFunctions.h(31): Detected non-resource "http://localhost:1080/cgi-bin/nav.pl?page=menu&in=home" in "http://localhost:1080/cgi-bin/login.pl"  	[MsgId: MMSG-26574]
../Library/CommonFunctions.h(31): Detected non-resource "http://localhost:1080/cgi-bin/login.pl?intro=true" in "http://localhost:1080/cgi-bin/login.pl"  	[MsgId: MMSG-26574]
../Library/CommonFunctions.h(31): Found resource "http://localhost:1080/WebTours/images/flights.gif" in HTML "http://localhost:1080/cgi-bin/nav.pl?page=menu&in=home"  	[MsgId: MMSG-26659]
../Library/CommonFunctions.h(31): Found resource "http://localhost:1080/WebTours/images/itinerary.gif" in HTML "http://localhost:1080/cgi-bin/nav.pl?page=menu&in=home"  	[MsgId: MMSG-26659]
../Library/CommonFunctions.h(31): Found resource "http://localhost:1080/WebTours/images/in_home.gif" in HTML "http://localhost:1080/cgi-bin/nav.pl?page=menu&in=home"  	[MsgId: MMSG-26659]
../Library/CommonFunctions.h(31): Found resource "http://localhost:1080/WebTours/images/signoff.gif" in HTML "http://localhost:1080/cgi-bin/nav.pl?page=menu&in=home"  	[MsgId: MMSG-26659]
../Library/CommonFunctions.h(31): Registered web_reg_find successful for "Text=Welcome, <b>user01</b>" (count=1)  	[MsgId: MMSG-26364]
../Library/CommonFunctions.h(31): web_submit_data("login.pl") was successful, 5781 body bytes, 2056 header bytes, 36 chunking overhead bytes  	[MsgId: MMSG-26385]
Action.c(20): Notify: Transaction "login" ended with a "Pass" status (Duration: 0,0764 Wasted Time: 0,0000).	[MsgId: MMSG-16871]
Action.c(22): lr_think_time: 5,00 seconds.	[MsgId: MMSG-15948]
Action.c(24): Notify: Transaction "browsingItenerary" started.	[MsgId: MMSG-16999]
Action.c(26): web_reg_find started  	[MsgId: MMSG-26355]
Action.c(26): Registering web_reg_find was successful  	[MsgId: MMSG-26390]
Action.c(30): web_reg_save_param started  	[MsgId: MMSG-26355]
Action.c(30): Registering web_reg_save_param was successful  	[MsgId: MMSG-26390]
Action.c(37): web_url("Itinerary Button") started  	[MsgId: MMSG-26355]
Action.c(37): Detected non-resource "http://localhost:1080/cgi-bin/nav.pl?page=menu&in=itinerary" in "http://localhost:1080/cgi-bin/welcome.pl?page=itinerary"  	[MsgId: MMSG-26574]
Action.c(37): Detected non-resource "http://localhost:1080/cgi-bin/itinerary.pl" in "http://localhost:1080/cgi-bin/welcome.pl?page=itinerary"  	[MsgId: MMSG-26574]
Action.c(37): Resource "http://localhost:1080/WebTours/images/flights.gif" is in the cache already and will not be downloaded again  	[MsgId: MMSG-26655]
Action.c(37): Found resource "http://localhost:1080/WebTours/images/in_itinerary.gif" in HTML "http://localhost:1080/cgi-bin/nav.pl?page=menu&in=itinerary"  	[MsgId: MMSG-26659]
Action.c(37): Found resource "http://localhost:1080/WebTours/images/home.gif" in HTML "http://localhost:1080/cgi-bin/nav.pl?page=menu&in=itinerary"  	[MsgId: MMSG-26659]
Action.c(37): Resource "http://localhost:1080/WebTours/images/signoff.gif" is in the cache already and will not be downloaded again  	[MsgId: MMSG-26655]
Action.c(37): Notify: Saving Parameter "flightId_1 = 2343-83-fl".	[MsgId: MMSG-13798]
Action.c(37): Notify: Saving Parameter "flightId_2 = 7121-1559-fl".	[MsgId: MMSG-13798]
Action.c(37): Notify: Saving Parameter "flightId_3 = 297077-23160-fl".	[MsgId: MMSG-13798]
Action.c(37): Notify: Saving Parameter "flightId_4 = 23761-3119-fl".	[MsgId: MMSG-13798]
Action.c(37): Notify: Saving Parameter "flightId_5 = 18263-3855-fl".	[MsgId: MMSG-13798]
Action.c(37): Notify: Saving Parameter "flightId_6 = 36368-4688-fl".	[MsgId: MMSG-13798]
Action.c(37): Notify: Saving Parameter "flightId_7 = 7537-5424-fl".	[MsgId: MMSG-13798]
Action.c(37): Notify: Saving Parameter "flightId_8 = 6028-6212-fl".	[MsgId: MMSG-13798]
Action.c(37): Notify: Saving Parameter "flightId_9 = 100039-69312-fl".	[MsgId: MMSG-13798]
Action.c(37): Notify: Saving Parameter "flightId_10 = 311187-77082-fl".	[MsgId: MMSG-13798]
Action.c(37): Notify: Saving Parameter "flightId_11 = 26697-8524-fl".	[MsgId: MMSG-13798]
Action.c(37): Notify: Saving Parameter "flightId_12 = 1866-9261-fl".	[MsgId: MMSG-13798]
Action.c(37): Notify: Saving Parameter "flightId_13 = 2303-10014-fl".	[MsgId: MMSG-13798]
Action.c(37): Notify: Saving Parameter "flightId_14 = 17060-10817-fl".	[MsgId: MMSG-13798]
Action.c(37): Notify: Saving Parameter "flightId_15 = 2084-1159-fl".	[MsgId: MMSG-13798]
Action.c(37): Notify: Saving Parameter "flightId_16 = 2125-1238-fl".	[MsgId: MMSG-13798]
Action.c(37): Notify: Saving Parameter "flightId_17 = 323015-130878-fl".	[MsgId: MMSG-13798]
Action.c(37): Notify: Saving Parameter "flightId_18 = 307453-138558-fl".	[MsgId: MMSG-13798]
Action.c(37): Notify: Saving Parameter "flightId_19 = 7086-14640-fl".	[MsgId: MMSG-13798]
Action.c(37): Notify: Saving Parameter "flightId_20 = 5267-15402-fl".	[MsgId: MMSG-13798]
Action.c(37): Notify: Saving Parameter "flightId_21 = 35575-16195-fl".	[MsgId: MMSG-13798]
Action.c(37): Notify: Saving Parameter "flightId_22 = 34157-16942-fl".	[MsgId: MMSG-13798]
Action.c(37): Found resource "http://localhost:1080/WebTours/images/cancelreservation.gif" in HTML "http://localhost:1080/cgi-bin/itinerary.pl"  	[MsgId: MMSG-26659]
Action.c(37): Found resource "http://localhost:1080/WebTours/images/cancelallreservations.gif" in HTML "http://localhost:1080/cgi-bin/itinerary.pl"  	[MsgId: MMSG-26659]
Action.c(37): Registered web_reg_find successful for "Text=Itinerary" (count=3)  	[MsgId: MMSG-26364]
Action.c(37): Notify: Saving Parameter "flightId_count = 22".	[MsgId: MMSG-13798]
Action.c(37): web_url("Itinerary Button") was successful, 31565 body bytes, 1919 header bytes, 83 chunking overhead bytes  	[MsgId: MMSG-26385]
Action.c(47): Notify: Transaction "browsingItenerary" ended with a "Pass" status (Duration: 0,1034 Wasted Time: 0,0009).	[MsgId: MMSG-16871]
Action.c(49): lr_think_time: 5,00 seconds.	[MsgId: MMSG-15948]
Action.c(51): Notify: Transaction "CancelingFlight" started.	[MsgId: MMSG-16999]
Action.c(53): Notify: Parameter Substitution: parameter "flightId_count" =  "22"	[MsgId: MMSG-13992]
Action.c(108): web_reg_find started  	[MsgId: MMSG-26355]
Action.c(108): Notify: Parameter Substitution: parameter "flightId_1" =  "2343-83-fl"	[MsgId: MMSG-13992]
Action.c(108): Registering web_reg_find was successful  	[MsgId: MMSG-26390]
Action.c(113): web_submit_form("itinerary.pl") started  	[MsgId: MMSG-26355]
Action.c(113): Submitting form to "http://localhost:1080/cgi-bin/itinerary.pl", Target Frame=""  	[MsgId: MMSG-27978]
Action.c(113): Resource "http://localhost:1080/WebTours/images/cancelreservation.gif" is in the cache already and will not be downloaded again  	[MsgId: MMSG-26655]
Action.c(113): Resource "http://localhost:1080/WebTours/images/cancelallreservations.gif" is in the cache already and will not be downloaded again  	[MsgId: MMSG-26655]
Action.c(113): Registered web_reg_find successful for "Text=2343-83-fl"  	[MsgId: MMSG-26362]
Action.c(113): web_submit_form("itinerary.pl") was successful, 25353 body bytes, 256 header bytes, 59 chunking overhead bytes  	[MsgId: MMSG-26385]
Action.c(122): Notify: Transaction "CancelingFlight" ended with a "Pass" status (Duration: 0,0363 Wasted Time: 0,0000).	[MsgId: MMSG-16871]
Action.c(130): Notify: Transaction "UC_04_ItineraryListBrowsing" ended with a "Pass" status (Duration: 15,2809 Think Time: 15,0022 Wasted Time: 0,0010).	[MsgId: MMSG-16870]
Ending action Action.	[MsgId: MMSG-15918]
Ending iteration 2.	[MsgId: MMSG-15965]
Waiting 34,7190 seconds for iteration pacing.	[MsgId: MMSG-15996]
Starting iteration 3.	[MsgId: MMSG-15968]
Notify: Next row for parameter userName = 3 [table  = userName].	[MsgId: MMSG-13876]
Notify: Getting new value for parameter 'userName': table = '..\Param\TestUserInfo.dat' column = '0' row = '3'.	[MsgId: MMSG-13877]
Notify: Next row for parameter password = 3 [table  = password].	[MsgId: MMSG-13876]
Notify: Getting new value for parameter 'password': table = '..\Param\TestUserInfo.dat' column = '1' row = '3'.	[MsgId: MMSG-13877]
Starting action Action.	[MsgId: MMSG-15919]
Action.c(6): Notify: Transaction "UC_04_ItineraryListBrowsing" started.	[MsgId: MMSG-16999]
Action.c(8): Notify: Transaction "openHomePage" started.	[MsgId: MMSG-16999]
../Library/CommonFunctions.h(6): web_reg_save_param started  	[MsgId: MMSG-26355]
../Library/CommonFunctions.h(6): Registering web_reg_save_param was successful  	[MsgId: MMSG-26390]
../Library/CommonFunctions.h(11): web_url("WebTours") started  	[MsgId: MMSG-26355]
../Library/CommonFunctions.h(11): Detected non-resource "http://localhost:1080/WebTours/header.html" in "http://localhost:1080/WebTours/"  	[MsgId: MMSG-26574]
../Library/CommonFunctions.h(11): Detected non-resource "http://localhost:1080/cgi-bin/welcome.pl?signOff=true" in "http://localhost:1080/WebTours/"  	[MsgId: MMSG-26574]
../Library/CommonFunctions.h(11): Found resource "http://localhost:1080/WebTours/images/hp_logo.png" in HTML "http://localhost:1080/WebTours/header.html"  	[MsgId: MMSG-26659]
../Library/CommonFunctions.h(11): Found resource "http://localhost:1080/WebTours/images/webtours.png" in HTML "http://localhost:1080/WebTours/header.html"  	[MsgId: MMSG-26659]
../Library/CommonFunctions.h(11): Detected non-resource "http://localhost:1080/cgi-bin/nav.pl?in=home" in "http://localhost:1080/cgi-bin/welcome.pl?signOff=true"  	[MsgId: MMSG-26574]
../Library/CommonFunctions.h(11): Detected non-resource "http://localhost:1080/WebTours/home.html" in "http://localhost:1080/cgi-bin/welcome.pl?signOff=true"  	[MsgId: MMSG-26574]
../Library/CommonFunctions.h(11): Notify: Saving Parameter "userSession = 134687.544349939zQcHQQApfzcftVfzHpQtDDHf".	[MsgId: MMSG-13798]
../Library/CommonFunctions.h(11): Found resource "http://localhost:1080/WebTours/images/mer_login.gif" in HTML "http://localhost:1080/cgi-bin/nav.pl?in=home"  	[MsgId: MMSG-26659]
../Library/CommonFunctions.h(11): web_url("WebTours") was successful, 10076 body bytes, 2377 header bytes, 24 chunking overhead bytes  	[MsgId: MMSG-26385]
../Library/CommonFunctions.h(21): web_set_sockets_option started  	[MsgId: MMSG-26355]
../Library/CommonFunctions.h(21): web_set_sockets_option was successful  	[MsgId: MMSG-26392]
Action.c(12): Notify: Transaction "openHomePage" ended with a "Pass" status (Duration: 0,0655 Wasted Time: 0,0001).	[MsgId: MMSG-16871]
Action.c(14): lr_think_time: 5,00 seconds.	[MsgId: MMSG-15948]
Action.c(16): Notify: Transaction "login" started.	[MsgId: MMSG-16999]
../Library/CommonFunctions.h(26): web_reg_find started  	[MsgId: MMSG-26355]
../Library/CommonFunctions.h(26): Notify: Parameter Substitution: parameter "userName" =  "user02"	[MsgId: MMSG-13992]
../Library/CommonFunctions.h(26): Registering web_reg_find was successful  	[MsgId: MMSG-26390]
../Library/CommonFunctions.h(31): web_submit_data("login.pl") started  	[MsgId: MMSG-26355]
../Library/CommonFunctions.h(31): Notify: Parameter Substitution: parameter "userSession" =  "134687.544349939zQcHQQApfzcftVfzHpQtDDHf"	[MsgId: MMSG-13992]
../Library/CommonFunctions.h(31): Notify: Parameter Substitution: parameter "userName" =  "user02"	[MsgId: MMSG-13992]
../Library/CommonFunctions.h(31): Notify: Next row for parameter password = 3 [table  = password].	[MsgId: MMSG-13876]
../Library/CommonFunctions.h(31): Notify: Parameter Substitution: parameter "password" =  "12345"	[MsgId: MMSG-13992]
../Library/CommonFunctions.h(31): Detected non-resource "http://localhost:1080/cgi-bin/nav.pl?page=menu&in=home" in "http://localhost:1080/cgi-bin/login.pl"  	[MsgId: MMSG-26574]
../Library/CommonFunctions.h(31): Detected non-resource "http://localhost:1080/cgi-bin/login.pl?intro=true" in "http://localhost:1080/cgi-bin/login.pl"  	[MsgId: MMSG-26574]
../Library/CommonFunctions.h(31): Found resource "http://localhost:1080/WebTours/images/flights.gif" in HTML "http://localhost:1080/cgi-bin/nav.pl?page=menu&in=home"  	[MsgId: MMSG-26659]
../Library/CommonFunctions.h(31): Found resource "http://localhost:1080/WebTours/images/itinerary.gif" in HTML "http://localhost:1080/cgi-bin/nav.pl?page=menu&in=home"  	[MsgId: MMSG-26659]
../Library/CommonFunctions.h(31): Found resource "http://localhost:1080/WebTours/images/in_home.gif" in HTML "http://localhost:1080/cgi-bin/nav.pl?page=menu&in=home"  	[MsgId: MMSG-26659]
../Library/CommonFunctions.h(31): Found resource "http://localhost:1080/WebTours/images/signoff.gif" in HTML "http://localhost:1080/cgi-bin/nav.pl?page=menu&in=home"  	[MsgId: MMSG-26659]
../Library/CommonFunctions.h(31): Registered web_reg_find successful for "Text=Welcome, <b>user02</b>" (count=1)  	[MsgId: MMSG-26364]
../Library/CommonFunctions.h(31): web_submit_data("login.pl") was successful, 5781 body bytes, 2056 header bytes, 36 chunking overhead bytes  	[MsgId: MMSG-26385]
Action.c(20): Notify: Transaction "login" ended with a "Pass" status (Duration: 0,0788 Wasted Time: 0,0000).	[MsgId: MMSG-16871]
Action.c(22): lr_think_time: 5,00 seconds.	[MsgId: MMSG-15948]
Action.c(24): Notify: Transaction "browsingItenerary" started.	[MsgId: MMSG-16999]
Action.c(26): web_reg_find started  	[MsgId: MMSG-26355]
Action.c(26): Registering web_reg_find was successful  	[MsgId: MMSG-26390]
Action.c(30): web_reg_save_param started  	[MsgId: MMSG-26355]
Action.c(30): Registering web_reg_save_param was successful  	[MsgId: MMSG-26390]
Action.c(37): web_url("Itinerary Button") started  	[MsgId: MMSG-26355]
Action.c(37): Detected non-resource "http://localhost:1080/cgi-bin/nav.pl?page=menu&in=itinerary" in "http://localhost:1080/cgi-bin/welcome.pl?page=itinerary"  	[MsgId: MMSG-26574]
Action.c(37): Detected non-resource "http://localhost:1080/cgi-bin/itinerary.pl" in "http://localhost:1080/cgi-bin/welcome.pl?page=itinerary"  	[MsgId: MMSG-26574]
Action.c(37): Resource "http://localhost:1080/WebTours/images/flights.gif" is in the cache already and will not be downloaded again  	[MsgId: MMSG-26655]
Action.c(37): Found resource "http://localhost:1080/WebTours/images/in_itinerary.gif" in HTML "http://localhost:1080/cgi-bin/nav.pl?page=menu&in=itinerary"  	[MsgId: MMSG-26659]
Action.c(37): Found resource "http://localhost:1080/WebTours/images/home.gif" in HTML "http://localhost:1080/cgi-bin/nav.pl?page=menu&in=itinerary"  	[MsgId: MMSG-26659]
Action.c(37): Resource "http://localhost:1080/WebTours/images/signoff.gif" is in the cache already and will not be downloaded again  	[MsgId: MMSG-26655]
Action.c(37): Notify: Saving Parameter "flightId_1 = 22344-793-fl".	[MsgId: MMSG-13798]
Action.c(37): Notify: Saving Parameter "flightId_2 = 19394-1589-fl".	[MsgId: MMSG-13798]
Action.c(37): Notify: Saving Parameter "flightId_3 = 1339-234-fl".	[MsgId: MMSG-13798]
Action.c(37): Notify: Saving Parameter "flightId_4 = 31583-3135-fl".	[MsgId: MMSG-13798]
Action.c(37): Notify: Saving Parameter "flightId_5 = 103803-38669-fl".	[MsgId: MMSG-13798]
Action.c(37): Notify: Saving Parameter "flightId_6 = 12973-4637-fl".	[MsgId: MMSG-13798]
Action.c(37): Notify: Saving Parameter "flightId_7 = 25605-5410-fl".	[MsgId: MMSG-13798]
Action.c(37): Notify: Saving Parameter "flightId_8 = 35642-6181-fl".	[MsgId: MMSG-13798]
Action.c(37): Notify: Saving Parameter "flightId_9 = 27429-6969-fl".	[MsgId: MMSG-13798]
Action.c(37): Notify: Saving Parameter "flightId_10 = 3753-7718-fl".	[MsgId: MMSG-13798]
Action.c(37): Notify: Saving Parameter "flightId_11 = 7419-8487-fl".	[MsgId: MMSG-13798]
Action.c(37): Notify: Saving Parameter "flightId_12 = 311901-92411-fl".	[MsgId: MMSG-13798]
Action.c(37): Notify: Saving Parameter "flightId_13 = 14205-10042-fl".	[MsgId: MMSG-13798]
Action.c(37): Notify: Saving Parameter "flightId_14 = 19710-10783-fl".	[MsgId: MMSG-13798]
Action.c(37): Notify: Saving Parameter "flightId_15 = 11532-11567-fl".	[MsgId: MMSG-13798]
Action.c(37): Notify: Saving Parameter "flightId_16 = 300445-123233-fl".	[MsgId: MMSG-13798]
Action.c(37): Notify: Saving Parameter "flightId_17 = 35581-13131-fl".	[MsgId: MMSG-13798]
Action.c(37): Notify: Saving Parameter "flightId_18 = 26697-13909-fl".	[MsgId: MMSG-13798]
Action.c(37): Notify: Saving Parameter "flightId_19 = 330424-146267-fl".	[MsgId: MMSG-13798]
Action.c(37): Notify: Saving Parameter "flightId_20 = 19749-15402-fl".	[MsgId: MMSG-13798]
Action.c(37): Notify: Saving Parameter "flightId_21 = 2346-1619-fl".	[MsgId: MMSG-13798]
Action.c(37): Notify: Saving Parameter "flightId_22 = 2346-1696-fl".	[MsgId: MMSG-13798]
Action.c(37): Notify: Saving Parameter "flightId_23 = 22681-17723-fl".	[MsgId: MMSG-13798]
Action.c(37): Notify: Saving Parameter "flightId_24 = 19401-18527-fl".	[MsgId: MMSG-13798]
Action.c(37): Notify: Saving Parameter "flightId_25 = 2125-1930-fl".	[MsgId: MMSG-13798]
Action.c(37): Notify: Saving Parameter "flightId_26 = 230408-200079-fl".	[MsgId: MMSG-13798]
Action.c(37): Notify: Saving Parameter "flightId_27 = 11233-20792-fl".	[MsgId: MMSG-13798]
Action.c(37): Notify: Saving Parameter "flightId_28 = 6323-21595-fl".	[MsgId: MMSG-13798]
Action.c(37): Notify: Saving Parameter "flightId_29 = 315223-223156-fl".	[MsgId: MMSG-13798]
Action.c(37): Notify: Saving Parameter "flightId_30 = 2347-2313-fl".	[MsgId: MMSG-13798]
Action.c(37): Found resource "http://localhost:1080/WebTours/images/cancelreservation.gif" in HTML "http://localhost:1080/cgi-bin/itinerary.pl"  	[MsgId: MMSG-26659]
Action.c(37): Found resource "http://localhost:1080/WebTours/images/cancelallreservations.gif" in HTML "http://localhost:1080/cgi-bin/itinerary.pl"  	[MsgId: MMSG-26659]
Action.c(37): Registered web_reg_find successful for "Text=Itinerary" (count=3)  	[MsgId: MMSG-26364]
Action.c(37): Notify: Saving Parameter "flightId_count = 30".	[MsgId: MMSG-13798]
Action.c(37): web_url("Itinerary Button") was successful, 40717 body bytes, 1919 header bytes, 99 chunking overhead bytes  	[MsgId: MMSG-26385]
Action.c(47): Notify: Transaction "browsingItenerary" ended with a "Pass" status (Duration: 0,1053 Wasted Time: 0,0008).	[MsgId: MMSG-16871]
Action.c(49): lr_think_time: 5,00 seconds.	[MsgId: MMSG-15948]
Action.c(51): Notify: Transaction "CancelingFlight" started.	[MsgId: MMSG-16999]
Action.c(53): Notify: Parameter Substitution: parameter "flightId_count" =  "30"	[MsgId: MMSG-13992]
Action.c(59): web_reg_find started  	[MsgId: MMSG-26355]
Action.c(59): Notify: Parameter Substitution: parameter "flightId_1" =  "22344-793-fl"	[MsgId: MMSG-13992]
Action.c(59): Registering web_reg_find was successful  	[MsgId: MMSG-26390]
Action.c(64): web_reg_find started  	[MsgId: MMSG-26355]
Action.c(64): Notify: Parameter Substitution: parameter "flightId_2" =  "19394-1589-fl"	[MsgId: MMSG-13992]
Action.c(64): Registering web_reg_find was successful  	[MsgId: MMSG-26390]
Action.c(69): web_reg_find started  	[MsgId: MMSG-26355]
Action.c(69): Notify: Parameter Substitution: parameter "flightId_3" =  "1339-234-fl"	[MsgId: MMSG-13992]
Action.c(69): Registering web_reg_find was successful  	[MsgId: MMSG-26390]
Action.c(74): web_submit_form("itinerary.pl") started  	[MsgId: MMSG-26355]
Action.c(74): Submitting form to "http://localhost:1080/cgi-bin/itinerary.pl", Target Frame=""  	[MsgId: MMSG-27978]
Action.c(74): Resource "http://localhost:1080/WebTours/images/cancelreservation.gif" is in the cache already and will not be downloaded again  	[MsgId: MMSG-26655]
Action.c(74): Resource "http://localhost:1080/WebTours/images/cancelallreservations.gif" is in the cache already and will not be downloaded again  	[MsgId: MMSG-26655]
Action.c(74): Registered web_reg_find successful for "Text=22344-793-fl"  	[MsgId: MMSG-26362]
Action.c(74): Registered web_reg_find successful for "Text=19394-1589-fl"  	[MsgId: MMSG-26362]
Action.c(74): Registered web_reg_find successful for "Text=1339-234-fl"  	[MsgId: MMSG-26362]
Action.c(74): web_submit_form("itinerary.pl") was successful, 32228 body bytes, 256 header bytes, 67 chunking overhead bytes  	[MsgId: MMSG-26385]
Action.c(122): Notify: Transaction "CancelingFlight" ended with a "Pass" status (Duration: 0,0400 Wasted Time: 0,0001).	[MsgId: MMSG-16871]
Action.c(130): Notify: Transaction "UC_04_ItineraryListBrowsing" ended with a "Pass" status (Duration: 15,2919 Think Time: 15,0019 Wasted Time: 0,0009).	[MsgId: MMSG-16870]
Ending action Action.	[MsgId: MMSG-15918]
Ending iteration 3.	[MsgId: MMSG-15965]
Waiting 34,7080 seconds for iteration pacing.	[MsgId: MMSG-15996]
Starting iteration 4.	[MsgId: MMSG-15968]
Notify: Next row for parameter userName = 4 [table  = userName].	[MsgId: MMSG-13876]
Notify: Getting new value for parameter 'userName': table = '..\Param\TestUserInfo.dat' column = '0' row = '4'.	[MsgId: MMSG-13877]
Notify: Next row for parameter password = 4 [table  = password].	[MsgId: MMSG-13876]
Notify: Getting new value for parameter 'password': table = '..\Param\TestUserInfo.dat' column = '1' row = '4'.	[MsgId: MMSG-13877]
Starting action Action.	[MsgId: MMSG-15919]
Action.c(6): Notify: Transaction "UC_04_ItineraryListBrowsing" started.	[MsgId: MMSG-16999]
Action.c(8): Notify: Transaction "openHomePage" started.	[MsgId: MMSG-16999]
../Library/CommonFunctions.h(6): web_reg_save_param started  	[MsgId: MMSG-26355]
../Library/CommonFunctions.h(6): Registering web_reg_save_param was successful  	[MsgId: MMSG-26390]
../Library/CommonFunctions.h(11): web_url("WebTours") started  	[MsgId: MMSG-26355]
../Library/CommonFunctions.h(11): Detected non-resource "http://localhost:1080/WebTours/header.html" in "http://localhost:1080/WebTours/"  	[MsgId: MMSG-26574]
../Library/CommonFunctions.h(11): Detected non-resource "http://localhost:1080/cgi-bin/welcome.pl?signOff=true" in "http://localhost:1080/WebTours/"  	[MsgId: MMSG-26574]
../Library/CommonFunctions.h(11): Found resource "http://localhost:1080/WebTours/images/hp_logo.png" in HTML "http://localhost:1080/WebTours/header.html"  	[MsgId: MMSG-26659]
../Library/CommonFunctions.h(11): Found resource "http://localhost:1080/WebTours/images/webtours.png" in HTML "http://localhost:1080/WebTours/header.html"  	[MsgId: MMSG-26659]
../Library/CommonFunctions.h(11): Detected non-resource "http://localhost:1080/cgi-bin/nav.pl?in=home" in "http://localhost:1080/cgi-bin/welcome.pl?signOff=true"  	[MsgId: MMSG-26574]
../Library/CommonFunctions.h(11): Detected non-resource "http://localhost:1080/WebTours/home.html" in "http://localhost:1080/cgi-bin/welcome.pl?signOff=true"  	[MsgId: MMSG-26574]
../Library/CommonFunctions.h(11): Notify: Saving Parameter "userSession = 134687.548400162zQcHQQApHHAiDDDDtVfzHpQttzcf".	[MsgId: MMSG-13798]
../Library/CommonFunctions.h(11): Found resource "http://localhost:1080/WebTours/images/mer_login.gif" in HTML "http://localhost:1080/cgi-bin/nav.pl?in=home"  	[MsgId: MMSG-26659]
../Library/CommonFunctions.h(11): web_url("WebTours") was successful, 10080 body bytes, 2377 header bytes, 24 chunking overhead bytes  	[MsgId: MMSG-26385]
../Library/CommonFunctions.h(21): web_set_sockets_option started  	[MsgId: MMSG-26355]
../Library/CommonFunctions.h(21): web_set_sockets_option was successful  	[MsgId: MMSG-26392]
Action.c(12): Notify: Transaction "openHomePage" ended with a "Pass" status (Duration: 0,0570 Wasted Time: 0,0001).	[MsgId: MMSG-16871]
Action.c(14): lr_think_time: 5,00 seconds.	[MsgId: MMSG-15948]
Action.c(16): Notify: Transaction "login" started.	[MsgId: MMSG-16999]
../Library/CommonFunctions.h(26): web_reg_find started  	[MsgId: MMSG-26355]
../Library/CommonFunctions.h(26): Notify: Parameter Substitution: parameter "userName" =  "user03"	[MsgId: MMSG-13992]
../Library/CommonFunctions.h(26): Registering web_reg_find was successful  	[MsgId: MMSG-26390]
../Library/CommonFunctions.h(31): web_submit_data("login.pl") started  	[MsgId: MMSG-26355]
../Library/CommonFunctions.h(31): Notify: Parameter Substitution: parameter "userSession" =  "134687.548400162zQcHQQApHHAiDDDDtVfzHpQttzcf"	[MsgId: MMSG-13992]
../Library/CommonFunctions.h(31): Notify: Parameter Substitution: parameter "userName" =  "user03"	[MsgId: MMSG-13992]
../Library/CommonFunctions.h(31): Notify: Next row for parameter password = 4 [table  = password].	[MsgId: MMSG-13876]
../Library/CommonFunctions.h(31): Notify: Parameter Substitution: parameter "password" =  "12345"	[MsgId: MMSG-13992]
../Library/CommonFunctions.h(31): Detected non-resource "http://localhost:1080/cgi-bin/nav.pl?page=menu&in=home" in "http://localhost:1080/cgi-bin/login.pl"  	[MsgId: MMSG-26574]
../Library/CommonFunctions.h(31): Detected non-resource "http://localhost:1080/cgi-bin/login.pl?intro=true" in "http://localhost:1080/cgi-bin/login.pl"  	[MsgId: MMSG-26574]
../Library/CommonFunctions.h(31): Found resource "http://localhost:1080/WebTours/images/flights.gif" in HTML "http://localhost:1080/cgi-bin/nav.pl?page=menu&in=home"  	[MsgId: MMSG-26659]
../Library/CommonFunctions.h(31): Found resource "http://localhost:1080/WebTours/images/itinerary.gif" in HTML "http://localhost:1080/cgi-bin/nav.pl?page=menu&in=home"  	[MsgId: MMSG-26659]
../Library/CommonFunctions.h(31): Found resource "http://localhost:1080/WebTours/images/in_home.gif" in HTML "http://localhost:1080/cgi-bin/nav.pl?page=menu&in=home"  	[MsgId: MMSG-26659]
../Library/CommonFunctions.h(31): Found resource "http://localhost:1080/WebTours/images/signoff.gif" in HTML "http://localhost:1080/cgi-bin/nav.pl?page=menu&in=home"  	[MsgId: MMSG-26659]
../Library/CommonFunctions.h(31): Registered web_reg_find successful for "Text=Welcome, <b>user03</b>" (count=1)  	[MsgId: MMSG-26364]
../Library/CommonFunctions.h(31): web_submit_data("login.pl") was successful, 5781 body bytes, 2056 header bytes, 36 chunking overhead bytes  	[MsgId: MMSG-26385]
Action.c(20): Notify: Transaction "login" ended with a "Pass" status (Duration: 0,0803 Wasted Time: 0,0000).	[MsgId: MMSG-16871]
Action.c(22): lr_think_time: 5,00 seconds.	[MsgId: MMSG-15948]
Action.c(24): Notify: Transaction "browsingItenerary" started.	[MsgId: MMSG-16999]
Action.c(26): web_reg_find started  	[MsgId: MMSG-26355]
Action.c(26): Registering web_reg_find was successful  	[MsgId: MMSG-26390]
Action.c(30): web_reg_save_param started  	[MsgId: MMSG-26355]
Action.c(30): Registering web_reg_save_param was successful  	[MsgId: MMSG-26390]
Action.c(37): web_url("Itinerary Button") started  	[MsgId: MMSG-26355]
Action.c(37): Detected non-resource "http://localhost:1080/cgi-bin/nav.pl?page=menu&in=itinerary" in "http://localhost:1080/cgi-bin/welcome.pl?page=itinerary"  	[MsgId: MMSG-26574]
Action.c(37): Detected non-resource "http://localhost:1080/cgi-bin/itinerary.pl" in "http://localhost:1080/cgi-bin/welcome.pl?page=itinerary"  	[MsgId: MMSG-26574]
Action.c(37): Resource "http://localhost:1080/WebTours/images/flights.gif" is in the cache already and will not be downloaded again  	[MsgId: MMSG-26655]
Action.c(37): Found resource "http://localhost:1080/WebTours/images/in_itinerary.gif" in HTML "http://localhost:1080/cgi-bin/nav.pl?page=menu&in=itinerary"  	[MsgId: MMSG-26659]
Action.c(37): Found resource "http://localhost:1080/WebTours/images/home.gif" in HTML "http://localhost:1080/cgi-bin/nav.pl?page=menu&in=itinerary"  	[MsgId: MMSG-26659]
Action.c(37): Resource "http://localhost:1080/WebTours/images/signoff.gif" is in the cache already and will not be downloaded again  	[MsgId: MMSG-26655]
Action.c(37): Notify: Saving Parameter "flightId_1 = 237818-7777-fl".	[MsgId: MMSG-13798]
Action.c(37): Notify: Saving Parameter "flightId_2 = 4944-1576-fl".	[MsgId: MMSG-13798]
Action.c(37): Notify: Saving Parameter "flightId_3 = 758-2345-fl".	[MsgId: MMSG-13798]
Action.c(37): Notify: Saving Parameter "flightId_4 = 7823-3095-fl".	[MsgId: MMSG-13798]
Action.c(37): Notify: Saving Parameter "flightId_5 = 7796-3884-fl".	[MsgId: MMSG-13798]
Action.c(37): Notify: Saving Parameter "flightId_6 = 170779-46233-fl".	[MsgId: MMSG-13798]
Action.c(37): Notify: Saving Parameter "flightId_7 = 35322-5439-fl".	[MsgId: MMSG-13798]
Action.c(37): Notify: Saving Parameter "flightId_8 = 35688-6198-fl".	[MsgId: MMSG-13798]
Action.c(37): Notify: Saving Parameter "flightId_9 = 174115-69317-fl".	[MsgId: MMSG-13798]
Action.c(37): Notify: Saving Parameter "flightId_10 = 7831-7726-fl".	[MsgId: MMSG-13798]
Action.c(37): Notify: Saving Parameter "flightId_11 = 237818-84700-fl".	[MsgId: MMSG-13798]
Action.c(37): Notify: Saving Parameter "flightId_12 = 20138-9287-fl".	[MsgId: MMSG-13798]
Action.c(37): Notify: Saving Parameter "flightId_13 = 31995-10067-fl".	[MsgId: MMSG-13798]
Action.c(37): Notify: Saving Parameter "flightId_14 = 10030-10832-fl".	[MsgId: MMSG-13798]
Action.c(37): Notify: Saving Parameter "flightId_15 = 86340-115475-fl".	[MsgId: MMSG-13798]
Action.c(37): Notify: Saving Parameter "flightId_16 = 27818-12316-fl".	[MsgId: MMSG-13798]
Action.c(37): Notify: Saving Parameter "flightId_17 = 30049-130871-fl".	[MsgId: MMSG-13798]
Action.c(37): Notify: Saving Parameter "flightId_18 = 34157-13865-fl".	[MsgId: MMSG-13798]
Action.c(37): Notify: Saving Parameter "flightId_19 = 14906-14652-fl".	[MsgId: MMSG-13798]
Action.c(37): Notify: Saving Parameter "flightId_20 = 1233-15407-fl".	[MsgId: MMSG-13798]
Action.c(37): Found resource "http://localhost:1080/WebTours/images/cancelreservation.gif" in HTML "http://localhost:1080/cgi-bin/itinerary.pl"  	[MsgId: MMSG-26659]
Action.c(37): Found resource "http://localhost:1080/WebTours/images/cancelallreservations.gif" in HTML "http://localhost:1080/cgi-bin/itinerary.pl"  	[MsgId: MMSG-26659]
Action.c(37): Registered web_reg_find successful for "Text=Itinerary" (count=3)  	[MsgId: MMSG-26364]
Action.c(37): Notify: Saving Parameter "flightId_count = 20".	[MsgId: MMSG-13798]
Action.c(37): web_url("Itinerary Button") was successful, 29299 body bytes, 1919 header bytes, 75 chunking overhead bytes  	[MsgId: MMSG-26385]
Action.c(47): Notify: Transaction "browsingItenerary" ended with a "Pass" status (Duration: 0,1092 Wasted Time: 0,0007).	[MsgId: MMSG-16871]
Action.c(49): lr_think_time: 5,00 seconds.	[MsgId: MMSG-15948]
Action.c(51): Notify: Transaction "CancelingFlight" started.	[MsgId: MMSG-16999]
Action.c(53): Notify: Parameter Substitution: parameter "flightId_count" =  "20"	[MsgId: MMSG-13992]
Action.c(59): web_reg_find started  	[MsgId: MMSG-26355]
Action.c(59): Notify: Parameter Substitution: parameter "flightId_1" =  "237818-7777-fl"	[MsgId: MMSG-13992]
Action.c(59): Registering web_reg_find was successful  	[MsgId: MMSG-26390]
Action.c(64): web_reg_find started  	[MsgId: MMSG-26355]
Action.c(64): Notify: Parameter Substitution: parameter "flightId_2" =  "4944-1576-fl"	[MsgId: MMSG-13992]
Action.c(64): Registering web_reg_find was successful  	[MsgId: MMSG-26390]
Action.c(69): web_reg_find started  	[MsgId: MMSG-26355]
Action.c(69): Notify: Parameter Substitution: parameter "flightId_3" =  "758-2345-fl"	[MsgId: MMSG-13992]
Action.c(69): Registering web_reg_find was successful  	[MsgId: MMSG-26390]
Action.c(74): web_submit_form("itinerary.pl") started  	[MsgId: MMSG-26355]
Action.c(74): Submitting form to "http://localhost:1080/cgi-bin/itinerary.pl", Target Frame=""  	[MsgId: MMSG-27978]
Action.c(74): Resource "http://localhost:1080/WebTours/images/cancelreservation.gif" is in the cache already and will not be downloaded again  	[MsgId: MMSG-26655]
Action.c(74): Resource "http://localhost:1080/WebTours/images/cancelallreservations.gif" is in the cache already and will not be downloaded again  	[MsgId: MMSG-26655]
Action.c(74): Registered web_reg_find successful for "Text=237818-7777-fl"  	[MsgId: MMSG-26362]
Action.c(74): Registered web_reg_find successful for "Text=4944-1576-fl"  	[MsgId: MMSG-26362]
Action.c(74): Registered web_reg_find successful for "Text=758-2345-fl"  	[MsgId: MMSG-26362]
Action.c(74): web_submit_form("itinerary.pl") was successful, 20815 body bytes, 256 header bytes, 51 chunking overhead bytes  	[MsgId: MMSG-26385]
Action.c(122): Notify: Transaction "CancelingFlight" ended with a "Pass" status (Duration: 0,0440 Wasted Time: 0,0000).	[MsgId: MMSG-16871]
Action.c(130): Notify: Transaction "UC_04_ItineraryListBrowsing" ended with a "Pass" status (Duration: 15,2927 Think Time: 15,0018 Wasted Time: 0,0009).	[MsgId: MMSG-16870]
Ending action Action.	[MsgId: MMSG-15918]
Ending iteration 4.	[MsgId: MMSG-15965]
Waiting 34,7070 seconds for iteration pacing.	[MsgId: MMSG-15996]
Starting iteration 5.	[MsgId: MMSG-15968]
Notify: Next row for parameter userName = 5 [table  = userName].	[MsgId: MMSG-13876]
Notify: Getting new value for parameter 'userName': table = '..\Param\TestUserInfo.dat' column = '0' row = '5'.	[MsgId: MMSG-13877]
Notify: Next row for parameter password = 5 [table  = password].	[MsgId: MMSG-13876]
Notify: Getting new value for parameter 'password': table = '..\Param\TestUserInfo.dat' column = '1' row = '5'.	[MsgId: MMSG-13877]
Starting action Action.	[MsgId: MMSG-15919]
Action.c(6): Notify: Transaction "UC_04_ItineraryListBrowsing" started.	[MsgId: MMSG-16999]
Action.c(8): Notify: Transaction "openHomePage" started.	[MsgId: MMSG-16999]
../Library/CommonFunctions.h(6): web_reg_save_param started  	[MsgId: MMSG-26355]
../Library/CommonFunctions.h(6): Registering web_reg_save_param was successful  	[MsgId: MMSG-26390]
../Library/CommonFunctions.h(11): web_url("WebTours") started  	[MsgId: MMSG-26355]
../Library/CommonFunctions.h(11): Detected non-resource "http://localhost:1080/WebTours/header.html" in "http://localhost:1080/WebTours/"  	[MsgId: MMSG-26574]
../Library/CommonFunctions.h(11): Detected non-resource "http://localhost:1080/cgi-bin/welcome.pl?signOff=true" in "http://localhost:1080/WebTours/"  	[MsgId: MMSG-26574]
../Library/CommonFunctions.h(11): Found resource "http://localhost:1080/WebTours/images/hp_logo.png" in HTML "http://localhost:1080/WebTours/header.html"  	[MsgId: MMSG-26659]
../Library/CommonFunctions.h(11): Found resource "http://localhost:1080/WebTours/images/webtours.png" in HTML "http://localhost:1080/WebTours/header.html"  	[MsgId: MMSG-26659]
../Library/CommonFunctions.h(11): Detected non-resource "http://localhost:1080/cgi-bin/nav.pl?in=home" in "http://localhost:1080/cgi-bin/welcome.pl?signOff=true"  	[MsgId: MMSG-26574]
../Library/CommonFunctions.h(11): Detected non-resource "http://localhost:1080/WebTours/home.html" in "http://localhost:1080/cgi-bin/welcome.pl?signOff=true"  	[MsgId: MMSG-26574]
../Library/CommonFunctions.h(11): Notify: Saving Parameter "userSession = 134687.552450385zQcHQQApQHQVzzzHtVfzHpQtfiHf".	[MsgId: MMSG-13798]
../Library/CommonFunctions.h(11): Found resource "http://localhost:1080/WebTours/images/mer_login.gif" in HTML "http://localhost:1080/cgi-bin/nav.pl?in=home"  	[MsgId: MMSG-26659]
../Library/CommonFunctions.h(11): web_url("WebTours") was successful, 10080 body bytes, 2377 header bytes, 24 chunking overhead bytes  	[MsgId: MMSG-26385]
../Library/CommonFunctions.h(21): web_set_sockets_option started  	[MsgId: MMSG-26355]
../Library/CommonFunctions.h(21): web_set_sockets_option was successful  	[MsgId: MMSG-26392]
Action.c(12): Notify: Transaction "openHomePage" ended with a "Pass" status (Duration: 0,0557 Wasted Time: 0,0001).	[MsgId: MMSG-16871]
Action.c(14): lr_think_time: 5,00 seconds.	[MsgId: MMSG-15948]
Action.c(16): Notify: Transaction "login" started.	[MsgId: MMSG-16999]
../Library/CommonFunctions.h(26): web_reg_find started  	[MsgId: MMSG-26355]
../Library/CommonFunctions.h(26): Notify: Parameter Substitution: parameter "userName" =  "user04"	[MsgId: MMSG-13992]
../Library/CommonFunctions.h(26): Registering web_reg_find was successful  	[MsgId: MMSG-26390]
../Library/CommonFunctions.h(31): web_submit_data("login.pl") started  	[MsgId: MMSG-26355]
../Library/CommonFunctions.h(31): Notify: Parameter Substitution: parameter "userSession" =  "134687.552450385zQcHQQApQHQVzzzHtVfzHpQtfiHf"	[MsgId: MMSG-13992]
../Library/CommonFunctions.h(31): Notify: Parameter Substitution: parameter "userName" =  "user04"	[MsgId: MMSG-13992]
../Library/CommonFunctions.h(31): Notify: Next row for parameter password = 5 [table  = password].	[MsgId: MMSG-13876]
../Library/CommonFunctions.h(31): Notify: Parameter Substitution: parameter "password" =  "12345"	[MsgId: MMSG-13992]
../Library/CommonFunctions.h(31): Detected non-resource "http://localhost:1080/cgi-bin/nav.pl?page=menu&in=home" in "http://localhost:1080/cgi-bin/login.pl"  	[MsgId: MMSG-26574]
../Library/CommonFunctions.h(31): Detected non-resource "http://localhost:1080/cgi-bin/login.pl?intro=true" in "http://localhost:1080/cgi-bin/login.pl"  	[MsgId: MMSG-26574]
../Library/CommonFunctions.h(31): Found resource "http://localhost:1080/WebTours/images/flights.gif" in HTML "http://localhost:1080/cgi-bin/nav.pl?page=menu&in=home"  	[MsgId: MMSG-26659]
../Library/CommonFunctions.h(31): Found resource "http://localhost:1080/WebTours/images/itinerary.gif" in HTML "http://localhost:1080/cgi-bin/nav.pl?page=menu&in=home"  	[MsgId: MMSG-26659]
../Library/CommonFunctions.h(31): Found resource "http://localhost:1080/WebTours/images/in_home.gif" in HTML "http://localhost:1080/cgi-bin/nav.pl?page=menu&in=home"  	[MsgId: MMSG-26659]
../Library/CommonFunctions.h(31): Found resource "http://localhost:1080/WebTours/images/signoff.gif" in HTML "http://localhost:1080/cgi-bin/nav.pl?page=menu&in=home"  	[MsgId: MMSG-26659]
../Library/CommonFunctions.h(31): Registered web_reg_find successful for "Text=Welcome, <b>user04</b>" (count=1)  	[MsgId: MMSG-26364]
../Library/CommonFunctions.h(31): web_submit_data("login.pl") was successful, 5781 body bytes, 2056 header bytes, 36 chunking overhead bytes  	[MsgId: MMSG-26385]
Action.c(20): Notify: Transaction "login" ended with a "Pass" status (Duration: 0,0754 Wasted Time: 0,0000).	[MsgId: MMSG-16871]
Action.c(22): lr_think_time: 5,00 seconds.	[MsgId: MMSG-15948]
Action.c(24): Notify: Transaction "browsingItenerary" started.	[MsgId: MMSG-16999]
Action.c(26): web_reg_find started  	[MsgId: MMSG-26355]
Action.c(26): Registering web_reg_find was successful  	[MsgId: MMSG-26390]
Action.c(30): web_reg_save_param started  	[MsgId: MMSG-26355]
Action.c(30): Registering web_reg_save_param was successful  	[MsgId: MMSG-26390]
Action.c(37): web_url("Itinerary Button") started  	[MsgId: MMSG-26355]
Action.c(37): Detected non-resource "http://localhost:1080/cgi-bin/nav.pl?page=menu&in=itinerary" in "http://localhost:1080/cgi-bin/welcome.pl?page=itinerary"  	[MsgId: MMSG-26574]
Action.c(37): Detected non-resource "http://localhost:1080/cgi-bin/itinerary.pl" in "http://localhost:1080/cgi-bin/welcome.pl?page=itinerary"  	[MsgId: MMSG-26574]
Action.c(37): Resource "http://localhost:1080/WebTours/images/flights.gif" is in the cache already and will not be downloaded again  	[MsgId: MMSG-26655]
Action.c(37): Found resource "http://localhost:1080/WebTours/images/in_itinerary.gif" in HTML "http://localhost:1080/cgi-bin/nav.pl?page=menu&in=itinerary"  	[MsgId: MMSG-26659]
Action.c(37): Found resource "http://localhost:1080/WebTours/images/home.gif" in HTML "http://localhost:1080/cgi-bin/nav.pl?page=menu&in=itinerary"  	[MsgId: MMSG-26659]
Action.c(37): Resource "http://localhost:1080/WebTours/images/signoff.gif" is in the cache already and will not be downloaded again  	[MsgId: MMSG-26655]
Action.c(37): Notify: Saving Parameter "flightId_1 = 3462-807-fl".	[MsgId: MMSG-13798]
Action.c(37): Notify: Saving Parameter "flightId_2 = 2233-1561-fl".	[MsgId: MMSG-13798]
Action.c(37): Notify: Saving Parameter "flightId_3 = 19014-2336-fl".	[MsgId: MMSG-13798]
Action.c(37): Notify: Saving Parameter "flightId_4 = 2781-314-fl".	[MsgId: MMSG-13798]
Action.c(37): Notify: Saving Parameter "flightId_5 = 304878-38593-fl".	[MsgId: MMSG-13798]
Action.c(37): Notify: Saving Parameter "flightId_6 = 16689-4663-fl".	[MsgId: MMSG-13798]
Action.c(37): Notify: Saving Parameter "flightId_7 = 18153-5395-fl".	[MsgId: MMSG-13798]
Action.c(37): Notify: Saving Parameter "flightId_8 = 9758-6190-fl".	[MsgId: MMSG-13798]
Action.c(37): Notify: Saving Parameter "flightId_9 = 288931-69320-fl".	[MsgId: MMSG-13798]
Action.c(37): Notify: Saving Parameter "flightId_10 = 28189-7700-fl".	[MsgId: MMSG-13798]
Action.c(37): Notify: Saving Parameter "flightId_11 = 2114-853-fl".	[MsgId: MMSG-13798]
Action.c(37): Notify: Saving Parameter "flightId_12 = 3791-9258-fl".	[MsgId: MMSG-13798]
Action.c(37): Notify: Saving Parameter "flightId_13 = 4563-10016-fl".	[MsgId: MMSG-13798]
Action.c(37): Notify: Saving Parameter "flightId_14 = 21545-10824-fl".	[MsgId: MMSG-13798]
Action.c(37): Found resource "http://localhost:1080/WebTours/images/cancelreservation.gif" in HTML "http://localhost:1080/cgi-bin/itinerary.pl"  	[MsgId: MMSG-26659]
Action.c(37): Found resource "http://localhost:1080/WebTours/images/cancelallreservations.gif" in HTML "http://localhost:1080/cgi-bin/itinerary.pl"  	[MsgId: MMSG-26659]
Action.c(37): Registered web_reg_find successful for "Text=Itinerary" (count=3)  	[MsgId: MMSG-26364]
Action.c(37): Notify: Saving Parameter "flightId_count = 14".	[MsgId: MMSG-13798]
Action.c(37): web_url("Itinerary Button") was successful, 22465 body bytes, 1919 header bytes, 67 chunking overhead bytes  	[MsgId: MMSG-26385]
Action.c(47): Notify: Transaction "browsingItenerary" ended with a "Pass" status (Duration: 0,0993 Wasted Time: 0,0005).	[MsgId: MMSG-16871]
Action.c(49): lr_think_time: 5,00 seconds.	[MsgId: MMSG-15948]
Action.c(51): Notify: Transaction "CancelingFlight" started.	[MsgId: MMSG-16999]
Action.c(53): Notify: Parameter Substitution: parameter "flightId_count" =  "14"	[MsgId: MMSG-13992]
Action.c(87): web_reg_find started  	[MsgId: MMSG-26355]
Action.c(87): Notify: Parameter Substitution: parameter "flightId_1" =  "3462-807-fl"	[MsgId: MMSG-13992]
Action.c(87): Registering web_reg_find was successful  	[MsgId: MMSG-26390]
Action.c(92): web_reg_find started  	[MsgId: MMSG-26355]
Action.c(92): Notify: Parameter Substitution: parameter "flightId_2" =  "2233-1561-fl"	[MsgId: MMSG-13992]
Action.c(92): Registering web_reg_find was successful  	[MsgId: MMSG-26390]
Action.c(97): web_submit_form("itinerary.pl") started  	[MsgId: MMSG-26355]
Action.c(97): Submitting form to "http://localhost:1080/cgi-bin/itinerary.pl", Target Frame=""  	[MsgId: MMSG-27978]
Action.c(97): Resource "http://localhost:1080/WebTours/images/cancelreservation.gif" is in the cache already and will not be downloaded again  	[MsgId: MMSG-26655]
Action.c(97): Resource "http://localhost:1080/WebTours/images/cancelallreservations.gif" is in the cache already and will not be downloaded again  	[MsgId: MMSG-26655]
Action.c(97): Registered web_reg_find successful for "Text=3462-807-fl"  	[MsgId: MMSG-26362]
Action.c(97): Registered web_reg_find successful for "Text=2233-1561-fl"  	[MsgId: MMSG-26362]
Action.c(97): web_submit_form("itinerary.pl") was successful, 15120 body bytes, 256 header bytes, 35 chunking overhead bytes  	[MsgId: MMSG-26385]
Action.c(122): Notify: Transaction "CancelingFlight" ended with a "Pass" status (Duration: 0,0402 Wasted Time: 0,0000).	[MsgId: MMSG-16871]
Action.c(130): Notify: Transaction "UC_04_ItineraryListBrowsing" ended with a "Pass" status (Duration: 15,2720 Think Time: 15,0010 Wasted Time: 0,0006).	[MsgId: MMSG-16870]
Ending action Action.	[MsgId: MMSG-15918]
Ending iteration 5.	[MsgId: MMSG-15965]
Waiting 34,7280 seconds for iteration pacing.	[MsgId: MMSG-15996]
Starting iteration 6.	[MsgId: MMSG-15968]
Notify: Next row for parameter userName = 6 [table  = userName].	[MsgId: MMSG-13876]
Notify: Getting new value for parameter 'userName': table = '..\Param\TestUserInfo.dat' column = '0' row = '6'.	[MsgId: MMSG-13877]
Notify: Next row for parameter password = 6 [table  = password].	[MsgId: MMSG-13876]
Notify: Getting new value for parameter 'password': table = '..\Param\TestUserInfo.dat' column = '1' row = '6'.	[MsgId: MMSG-13877]
Starting action Action.	[MsgId: MMSG-15919]
Action.c(6): Notify: Transaction "UC_04_ItineraryListBrowsing" started.	[MsgId: MMSG-16999]
Action.c(8): Notify: Transaction "openHomePage" started.	[MsgId: MMSG-16999]
../Library/CommonFunctions.h(6): web_reg_save_param started  	[MsgId: MMSG-26355]
../Library/CommonFunctions.h(6): Registering web_reg_save_param was successful  	[MsgId: MMSG-26390]
../Library/CommonFunctions.h(11): web_url("WebTours") started  	[MsgId: MMSG-26355]
../Library/CommonFunctions.h(11): Detected non-resource "http://localhost:1080/WebTours/header.html" in "http://localhost:1080/WebTours/"  	[MsgId: MMSG-26574]
../Library/CommonFunctions.h(11): Detected non-resource "http://localhost:1080/cgi-bin/welcome.pl?signOff=true" in "http://localhost:1080/WebTours/"  	[MsgId: MMSG-26574]
../Library/CommonFunctions.h(11): Found resource "http://localhost:1080/WebTours/images/hp_logo.png" in HTML "http://localhost:1080/WebTours/header.html"  	[MsgId: MMSG-26659]
../Library/CommonFunctions.h(11): Found resource "http://localhost:1080/WebTours/images/webtours.png" in HTML "http://localhost:1080/WebTours/header.html"  	[MsgId: MMSG-26659]
../Library/CommonFunctions.h(11): Detected non-resource "http://localhost:1080/cgi-bin/nav.pl?in=home" in "http://localhost:1080/cgi-bin/welcome.pl?signOff=true"  	[MsgId: MMSG-26574]
../Library/CommonFunctions.h(11): Detected non-resource "http://localhost:1080/WebTours/home.html" in "http://localhost:1080/cgi-bin/welcome.pl?signOff=true"  	[MsgId: MMSG-26574]
../Library/CommonFunctions.h(11): Notify: Saving Parameter "userSession = 134687.556500608zQcHQQVpViHftVfzHpQtHVcf".	[MsgId: MMSG-13798]
../Library/CommonFunctions.h(11): Found resource "http://localhost:1080/WebTours/images/mer_login.gif" in HTML "http://localhost:1080/cgi-bin/nav.pl?in=home"  	[MsgId: MMSG-26659]
../Library/CommonFunctions.h(11): web_url("WebTours") was successful, 10076 body bytes, 2377 header bytes, 24 chunking overhead bytes  	[MsgId: MMSG-26385]
../Library/CommonFunctions.h(21): web_set_sockets_option started  	[MsgId: MMSG-26355]
../Library/CommonFunctions.h(21): web_set_sockets_option was successful  	[MsgId: MMSG-26392]
Action.c(12): Notify: Transaction "openHomePage" ended with a "Pass" status (Duration: 0,0591 Wasted Time: 0,0001).	[MsgId: MMSG-16871]
Action.c(14): lr_think_time: 5,00 seconds.	[MsgId: MMSG-15948]
Action.c(16): Notify: Transaction "login" started.	[MsgId: MMSG-16999]
../Library/CommonFunctions.h(26): web_reg_find started  	[MsgId: MMSG-26355]
../Library/CommonFunctions.h(26): Notify: Parameter Substitution: parameter "userName" =  "user05"	[MsgId: MMSG-13992]
../Library/CommonFunctions.h(26): Registering web_reg_find was successful  	[MsgId: MMSG-26390]
../Library/CommonFunctions.h(31): web_submit_data("login.pl") started  	[MsgId: MMSG-26355]
../Library/CommonFunctions.h(31): Notify: Parameter Substitution: parameter "userSession" =  "134687.556500608zQcHQQVpViHftVfzHpQtHVcf"	[MsgId: MMSG-13992]
../Library/CommonFunctions.h(31): Notify: Parameter Substitution: parameter "userName" =  "user05"	[MsgId: MMSG-13992]
../Library/CommonFunctions.h(31): Notify: Next row for parameter password = 6 [table  = password].	[MsgId: MMSG-13876]
../Library/CommonFunctions.h(31): Notify: Parameter Substitution: parameter "password" =  "12345"	[MsgId: MMSG-13992]
../Library/CommonFunctions.h(31): Detected non-resource "http://localhost:1080/cgi-bin/nav.pl?page=menu&in=home" in "http://localhost:1080/cgi-bin/login.pl"  	[MsgId: MMSG-26574]
../Library/CommonFunctions.h(31): Detected non-resource "http://localhost:1080/cgi-bin/login.pl?intro=true" in "http://localhost:1080/cgi-bin/login.pl"  	[MsgId: MMSG-26574]
../Library/CommonFunctions.h(31): Found resource "http://localhost:1080/WebTours/images/flights.gif" in HTML "http://localhost:1080/cgi-bin/nav.pl?page=menu&in=home"  	[MsgId: MMSG-26659]
../Library/CommonFunctions.h(31): Found resource "http://localhost:1080/WebTours/images/itinerary.gif" in HTML "http://localhost:1080/cgi-bin/nav.pl?page=menu&in=home"  	[MsgId: MMSG-26659]
../Library/CommonFunctions.h(31): Found resource "http://localhost:1080/WebTours/images/in_home.gif" in HTML "http://localhost:1080/cgi-bin/nav.pl?page=menu&in=home"  	[MsgId: MMSG-26659]
../Library/CommonFunctions.h(31): Found resource "http://localhost:1080/WebTours/images/signoff.gif" in HTML "http://localhost:1080/cgi-bin/nav.pl?page=menu&in=home"  	[MsgId: MMSG-26659]
../Library/CommonFunctions.h(31): Registered web_reg_find successful for "Text=Welcome, <b>user05</b>" (count=1)  	[MsgId: MMSG-26364]
../Library/CommonFunctions.h(31): web_submit_data("login.pl") was successful, 5781 body bytes, 2056 header bytes, 36 chunking overhead bytes  	[MsgId: MMSG-26385]
Action.c(20): Notify: Transaction "login" ended with a "Pass" status (Duration: 0,0762 Wasted Time: 0,0000).	[MsgId: MMSG-16871]
Action.c(22): lr_think_time: 5,00 seconds.	[MsgId: MMSG-15948]
Action.c(24): Notify: Transaction "browsingItenerary" started.	[MsgId: MMSG-16999]
Action.c(26): web_reg_find started  	[MsgId: MMSG-26355]
Action.c(26): Registering web_reg_find was successful  	[MsgId: MMSG-26390]
Action.c(30): web_reg_save_param started  	[MsgId: MMSG-26355]
Action.c(30): Registering web_reg_save_param was successful  	[MsgId: MMSG-26390]
Action.c(37): web_url("Itinerary Button") started  	[MsgId: MMSG-26355]
Action.c(37): Detected non-resource "http://localhost:1080/cgi-bin/nav.pl?page=menu&in=itinerary" in "http://localhost:1080/cgi-bin/welcome.pl?page=itinerary"  	[MsgId: MMSG-26574]
Action.c(37): Detected non-resource "http://localhost:1080/cgi-bin/itinerary.pl" in "http://localhost:1080/cgi-bin/welcome.pl?page=itinerary"  	[MsgId: MMSG-26574]
Action.c(37): Resource "http://localhost:1080/WebTours/images/flights.gif" is in the cache already and will not be downloaded again  	[MsgId: MMSG-26655]
Action.c(37): Found resource "http://localhost:1080/WebTours/images/in_itinerary.gif" in HTML "http://localhost:1080/cgi-bin/nav.pl?page=menu&in=itinerary"  	[MsgId: MMSG-26659]
Action.c(37): Found resource "http://localhost:1080/WebTours/images/home.gif" in HTML "http://localhost:1080/cgi-bin/nav.pl?page=menu&in=itinerary"  	[MsgId: MMSG-26659]
Action.c(37): Resource "http://localhost:1080/WebTours/images/signoff.gif" is in the cache already and will not be downloaded again  	[MsgId: MMSG-26655]
Action.c(37): Notify: Saving Parameter "flightId_1 = 1494-796-fl".	[MsgId: MMSG-13798]
Action.c(37): Notify: Saving Parameter "flightId_2 = 7080-1552-fl".	[MsgId: MMSG-13798]
Action.c(37): Notify: Saving Parameter "flightId_3 = 25946-2349-fl".	[MsgId: MMSG-13798]
Action.c(37): Notify: Saving Parameter "flightId_4 = 311210-30975-fl".	[MsgId: MMSG-13798]
Action.c(37): Notify: Saving Parameter "flightId_5 = 5194-3864-fl".	[MsgId: MMSG-13798]
Action.c(37): Notify: Saving Parameter "flightId_6 = 11120-4634-fl".	[MsgId: MMSG-13798]
Action.c(37): Notify: Saving Parameter "flightId_7 = 5226-5393-fl".	[MsgId: MMSG-13798]
Action.c(37): Notify: Saving Parameter "flightId_8 = 8619-6210-fl".	[MsgId: MMSG-13798]
Action.c(37): Notify: Saving Parameter "flightId_9 = 363037-69385-fl".	[MsgId: MMSG-13798]
Action.c(37): Notify: Saving Parameter "flightId_10 = 13337-7701-fl".	[MsgId: MMSG-13798]
Action.c(37): Notify: Saving Parameter "flightId_11 = 237080-84705-fl".	[MsgId: MMSG-13798]
Action.c(37): Found resource "http://localhost:1080/WebTours/images/cancelreservation.gif" in HTML "http://localhost:1080/cgi-bin/itinerary.pl"  	[MsgId: MMSG-26659]
Action.c(37): Found resource "http://localhost:1080/WebTours/images/cancelallreservations.gif" in HTML "http://localhost:1080/cgi-bin/itinerary.pl"  	[MsgId: MMSG-26659]
Action.c(37): Registered web_reg_find successful for "Text=Itinerary" (count=3)  	[MsgId: MMSG-26364]
Action.c(37): Notify: Saving Parameter "flightId_count = 11".	[MsgId: MMSG-13798]
Action.c(37): web_url("Itinerary Button") was successful, 19039 body bytes, 1919 header bytes, 59 chunking overhead bytes  	[MsgId: MMSG-26385]
Action.c(47): Notify: Transaction "browsingItenerary" ended with a "Pass" status (Duration: 0,0985 Wasted Time: 0,0003).	[MsgId: MMSG-16871]
Action.c(49): lr_think_time: 5,00 seconds.	[MsgId: MMSG-15948]
Action.c(51): Notify: Transaction "CancelingFlight" started.	[MsgId: MMSG-16999]
Action.c(53): Notify: Parameter Substitution: parameter "flightId_count" =  "11"	[MsgId: MMSG-13992]
Action.c(108): web_reg_find started  	[MsgId: MMSG-26355]
Action.c(108): Notify: Parameter Substitution: parameter "flightId_1" =  "1494-796-fl"	[MsgId: MMSG-13992]
Action.c(108): Registering web_reg_find was successful  	[MsgId: MMSG-26390]
Action.c(113): web_submit_form("itinerary.pl") started  	[MsgId: MMSG-26355]
Action.c(113): Submitting form to "http://localhost:1080/cgi-bin/itinerary.pl", Target Frame=""  	[MsgId: MMSG-27978]
Action.c(113): Resource "http://localhost:1080/WebTours/images/cancelreservation.gif" is in the cache already and will not be downloaded again  	[MsgId: MMSG-26655]
Action.c(113): Resource "http://localhost:1080/WebTours/images/cancelallreservations.gif" is in the cache already and will not be downloaded again  	[MsgId: MMSG-26655]
Action.c(113): Registered web_reg_find successful for "Text=1494-796-fl"  	[MsgId: MMSG-26362]
Action.c(113): web_submit_form("itinerary.pl") was successful, 12842 body bytes, 256 header bytes, 35 chunking overhead bytes  	[MsgId: MMSG-26385]
Action.c(122): Notify: Transaction "CancelingFlight" ended with a "Pass" status (Duration: 0,0395 Wasted Time: 0,0000).	[MsgId: MMSG-16871]
Action.c(130): Notify: Transaction "UC_04_ItineraryListBrowsing" ended with a "Pass" status (Duration: 15,2772 Think Time: 15,0035 Wasted Time: 0,0005).	[MsgId: MMSG-16870]
Ending action Action.	[MsgId: MMSG-15918]
Ending iteration 6.	[MsgId: MMSG-15965]
Waiting 34,7220 seconds for iteration pacing.	[MsgId: MMSG-15996]
Starting iteration 7.	[MsgId: MMSG-15968]
Notify: Next row for parameter userName = 7 [table  = userName].	[MsgId: MMSG-13876]
Notify: Getting new value for parameter 'userName': table = '..\Param\TestUserInfo.dat' column = '0' row = '7'.	[MsgId: MMSG-13877]
Notify: Next row for parameter password = 7 [table  = password].	[MsgId: MMSG-13876]
Notify: Getting new value for parameter 'password': table = '..\Param\TestUserInfo.dat' column = '1' row = '7'.	[MsgId: MMSG-13877]
Starting action Action.	[MsgId: MMSG-15919]
Action.c(6): Notify: Transaction "UC_04_ItineraryListBrowsing" started.	[MsgId: MMSG-16999]
Action.c(8): Notify: Transaction "openHomePage" started.	[MsgId: MMSG-16999]
../Library/CommonFunctions.h(6): web_reg_save_param started  	[MsgId: MMSG-26355]
../Library/CommonFunctions.h(6): Registering web_reg_save_param was successful  	[MsgId: MMSG-26390]
../Library/CommonFunctions.h(11): web_url("WebTours") started  	[MsgId: MMSG-26355]
../Library/CommonFunctions.h(11): Detected non-resource "http://localhost:1080/WebTours/header.html" in "http://localhost:1080/WebTours/"  	[MsgId: MMSG-26574]
../Library/CommonFunctions.h(11): Detected non-resource "http://localhost:1080/cgi-bin/welcome.pl?signOff=true" in "http://localhost:1080/WebTours/"  	[MsgId: MMSG-26574]
../Library/CommonFunctions.h(11): Found resource "http://localhost:1080/WebTours/images/hp_logo.png" in HTML "http://localhost:1080/WebTours/header.html"  	[MsgId: MMSG-26659]
../Library/CommonFunctions.h(11): Found resource "http://localhost:1080/WebTours/images/webtours.png" in HTML "http://localhost:1080/WebTours/header.html"  	[MsgId: MMSG-26659]
../Library/CommonFunctions.h(11): Detected non-resource "http://localhost:1080/cgi-bin/nav.pl?in=home" in "http://localhost:1080/cgi-bin/welcome.pl?signOff=true"  	[MsgId: MMSG-26574]
../Library/CommonFunctions.h(11): Detected non-resource "http://localhost:1080/WebTours/home.html" in "http://localhost:1080/cgi-bin/welcome.pl?signOff=true"  	[MsgId: MMSG-26574]
../Library/CommonFunctions.h(11): Notify: Saving Parameter "userSession = 134687.56055083zQcHQQVpDQfiDDDDtVfzHpQtiDHf".	[MsgId: MMSG-13798]
../Library/CommonFunctions.h(11): Found resource "http://localhost:1080/WebTours/images/mer_login.gif" in HTML "http://localhost:1080/cgi-bin/nav.pl?in=home"  	[MsgId: MMSG-26659]
../Library/CommonFunctions.h(11): web_url("WebTours") was successful, 10079 body bytes, 2377 header bytes, 24 chunking overhead bytes  	[MsgId: MMSG-26385]
../Library/CommonFunctions.h(21): web_set_sockets_option started  	[MsgId: MMSG-26355]
../Library/CommonFunctions.h(21): web_set_sockets_option was successful  	[MsgId: MMSG-26392]
Action.c(12): Notify: Transaction "openHomePage" ended with a "Pass" status (Duration: 0,0534 Wasted Time: 0,0001).	[MsgId: MMSG-16871]
Action.c(14): lr_think_time: 5,00 seconds.	[MsgId: MMSG-15948]
Action.c(16): Notify: Transaction "login" started.	[MsgId: MMSG-16999]
../Library/CommonFunctions.h(26): web_reg_find started  	[MsgId: MMSG-26355]
../Library/CommonFunctions.h(26): Notify: Parameter Substitution: parameter "userName" =  "user06"	[MsgId: MMSG-13992]
../Library/CommonFunctions.h(26): Registering web_reg_find was successful  	[MsgId: MMSG-26390]
../Library/CommonFunctions.h(31): web_submit_data("login.pl") started  	[MsgId: MMSG-26355]
../Library/CommonFunctions.h(31): Notify: Parameter Substitution: parameter "userSession" =  "134687.56055083zQcHQQVpDQfiDDDDtVfzHpQtiDHf"	[MsgId: MMSG-13992]
../Library/CommonFunctions.h(31): Notify: Parameter Substitution: parameter "userName" =  "user06"	[MsgId: MMSG-13992]
../Library/CommonFunctions.h(31): Notify: Next row for parameter password = 7 [table  = password].	[MsgId: MMSG-13876]
../Library/CommonFunctions.h(31): Notify: Parameter Substitution: parameter "password" =  "12345"	[MsgId: MMSG-13992]
../Library/CommonFunctions.h(31): Detected non-resource "http://localhost:1080/cgi-bin/nav.pl?page=menu&in=home" in "http://localhost:1080/cgi-bin/login.pl"  	[MsgId: MMSG-26574]
../Library/CommonFunctions.h(31): Detected non-resource "http://localhost:1080/cgi-bin/login.pl?intro=true" in "http://localhost:1080/cgi-bin/login.pl"  	[MsgId: MMSG-26574]
../Library/CommonFunctions.h(31): Found resource "http://localhost:1080/WebTours/images/flights.gif" in HTML "http://localhost:1080/cgi-bin/nav.pl?page=menu&in=home"  	[MsgId: MMSG-26659]
../Library/CommonFunctions.h(31): Found resource "http://localhost:1080/WebTours/images/itinerary.gif" in HTML "http://localhost:1080/cgi-bin/nav.pl?page=menu&in=home"  	[MsgId: MMSG-26659]
../Library/CommonFunctions.h(31): Found resource "http://localhost:1080/WebTours/images/in_home.gif" in HTML "http://localhost:1080/cgi-bin/nav.pl?page=menu&in=home"  	[MsgId: MMSG-26659]
../Library/CommonFunctions.h(31): Found resource "http://localhost:1080/WebTours/images/signoff.gif" in HTML "http://localhost:1080/cgi-bin/nav.pl?page=menu&in=home"  	[MsgId: MMSG-26659]
../Library/CommonFunctions.h(31): Registered web_reg_find successful for "Text=Welcome, <b>user06</b>" (count=1)  	[MsgId: MMSG-26364]
../Library/CommonFunctions.h(31): web_submit_data("login.pl") was successful, 5781 body bytes, 2056 header bytes, 36 chunking overhead bytes  	[MsgId: MMSG-26385]
Action.c(20): Notify: Transaction "login" ended with a "Pass" status (Duration: 0,0763 Wasted Time: 0,0000).	[MsgId: MMSG-16871]
Action.c(22): lr_think_time: 5,00 seconds.	[MsgId: MMSG-15948]
Action.c(24): Notify: Transaction "browsingItenerary" started.	[MsgId: MMSG-16999]
Action.c(26): web_reg_find started  	[MsgId: MMSG-26355]
Action.c(26): Registering web_reg_find was successful  	[MsgId: MMSG-26390]
Action.c(30): web_reg_save_param started  	[MsgId: MMSG-26355]
Action.c(30): Registering web_reg_save_param was successful  	[MsgId: MMSG-26390]
Action.c(37): web_url("Itinerary Button") started  	[MsgId: MMSG-26355]
Action.c(37): Detected non-resource "http://localhost:1080/cgi-bin/nav.pl?page=menu&in=itinerary" in "http://localhost:1080/cgi-bin/welcome.pl?page=itinerary"  	[MsgId: MMSG-26574]
Action.c(37): Detected non-resource "http://localhost:1080/cgi-bin/itinerary.pl" in "http://localhost:1080/cgi-bin/welcome.pl?page=itinerary"  	[MsgId: MMSG-26574]
Action.c(37): Resource "http://localhost:1080/WebTours/images/flights.gif" is in the cache already and will not be downloaded again  	[MsgId: MMSG-26655]
Action.c(37): Found resource "http://localhost:1080/WebTours/images/in_itinerary.gif" in HTML "http://localhost:1080/cgi-bin/nav.pl?page=menu&in=itinerary"  	[MsgId: MMSG-26659]
Action.c(37): Found resource "http://localhost:1080/WebTours/images/home.gif" in HTML "http://localhost:1080/cgi-bin/nav.pl?page=menu&in=itinerary"  	[MsgId: MMSG-26659]
Action.c(37): Resource "http://localhost:1080/WebTours/images/signoff.gif" is in the cache already and will not be downloaded again  	[MsgId: MMSG-26655]
Action.c(37): Notify: Saving Parameter "flightId_1 = 178236-7875-fl".	[MsgId: MMSG-13798]
Action.c(37): Notify: Saving Parameter "flightId_2 = 16061-1590-fl".	[MsgId: MMSG-13798]
Action.c(37): Notify: Saving Parameter "flightId_3 = 289297-23156-fl".	[MsgId: MMSG-13798]
Action.c(37): Notify: Saving Parameter "flightId_4 = 8547-3136-fl".	[MsgId: MMSG-13798]
Action.c(37): Notify: Saving Parameter "flightId_5 = 330066-38599-fl".	[MsgId: MMSG-13798]
Action.c(37): Notify: Saving Parameter "flightId_6 = 119673-46245-fl".	[MsgId: MMSG-13798]
Action.c(37): Notify: Saving Parameter "flightId_7 = 7124-5411-fl".	[MsgId: MMSG-13798]
Action.c(37): Notify: Saving Parameter "flightId_8 = 266705-61620-fl".	[MsgId: MMSG-13798]
Action.c(37): Notify: Saving Parameter "flightId_9 = 1866-6953-fl".	[MsgId: MMSG-13798]
Action.c(37): Notify: Saving Parameter "flightId_10 = 11493-7717-fl".	[MsgId: MMSG-13798]
Action.c(37): Notify: Saving Parameter "flightId_11 = 1500-8500-fl".	[MsgId: MMSG-13798]
Action.c(37): Notify: Saving Parameter "flightId_12 = 15194-9249-fl".	[MsgId: MMSG-13798]
Action.c(37): Notify: Saving Parameter "flightId_13 = 252640-100100-fl".	[MsgId: MMSG-13798]
Action.c(37): Notify: Saving Parameter "flightId_14 = 15563-10784-fl".	[MsgId: MMSG-13798]
Action.c(37): Notify: Saving Parameter "flightId_15 = 17175-11595-fl".	[MsgId: MMSG-13798]
Action.c(37): Notify: Saving Parameter "flightId_16 = 10824-12327-fl".	[MsgId: MMSG-13798]
Action.c(37): Notify: Saving Parameter "flightId_17 = 67469-130897-fl".	[MsgId: MMSG-13798]
Action.c(37): Found resource "http://localhost:1080/WebTours/images/cancelreservation.gif" in HTML "http://localhost:1080/cgi-bin/itinerary.pl"  	[MsgId: MMSG-26659]
Action.c(37): Found resource "http://localhost:1080/WebTours/images/cancelallreservations.gif" in HTML "http://localhost:1080/cgi-bin/itinerary.pl"  	[MsgId: MMSG-26659]
Action.c(37): Registered web_reg_find successful for "Text=Itinerary" (count=3)  	[MsgId: MMSG-26364]
Action.c(37): Notify: Saving Parameter "flightId_count = 17".	[MsgId: MMSG-13798]
Action.c(37): web_url("Itinerary Button") was successful, 25882 body bytes, 1919 header bytes, 75 chunking overhead bytes  	[MsgId: MMSG-26385]
Action.c(47): Notify: Transaction "browsingItenerary" ended with a "Pass" status (Duration: 0,0992 Wasted Time: 0,0006).	[MsgId: MMSG-16871]
Action.c(49): lr_think_time: 5,00 seconds.	[MsgId: MMSG-15948]
Action.c(51): Notify: Transaction "CancelingFlight" started.	[MsgId: MMSG-16999]
Action.c(53): Notify: Parameter Substitution: parameter "flightId_count" =  "17"	[MsgId: MMSG-13992]
Action.c(108): web_reg_find started  	[MsgId: MMSG-26355]
Action.c(108): Notify: Parameter Substitution: parameter "flightId_1" =  "178236-7875-fl"	[MsgId: MMSG-13992]
Action.c(108): Registering web_reg_find was successful  	[MsgId: MMSG-26390]
Action.c(113): web_submit_form("itinerary.pl") started  	[MsgId: MMSG-26355]
Action.c(113): Submitting form to "http://localhost:1080/cgi-bin/itinerary.pl", Target Frame=""  	[MsgId: MMSG-27978]
Action.c(113): Resource "http://localhost:1080/WebTours/images/cancelreservation.gif" is in the cache already and will not be downloaded again  	[MsgId: MMSG-26655]
Action.c(113): Resource "http://localhost:1080/WebTours/images/cancelallreservations.gif" is in the cache already and will not be downloaded again  	[MsgId: MMSG-26655]
Action.c(113): Registered web_reg_find successful for "Text=178236-7875-fl"  	[MsgId: MMSG-26362]
Action.c(113): web_submit_form("itinerary.pl") was successful, 19680 body bytes, 256 header bytes, 43 chunking overhead bytes  	[MsgId: MMSG-26385]
Action.c(122): Notify: Transaction "CancelingFlight" ended with a "Pass" status (Duration: 0,0467 Wasted Time: 0,0000).	[MsgId: MMSG-16871]
Action.c(130): Notify: Transaction "UC_04_ItineraryListBrowsing" ended with a "Pass" status (Duration: 15,2787 Think Time: 15,0026 Wasted Time: 0,0007).	[MsgId: MMSG-16870]
Ending action Action.	[MsgId: MMSG-15918]
Ending iteration 7.	[MsgId: MMSG-15965]
Waiting 34,7210 seconds for iteration pacing.	[MsgId: MMSG-15996]
Starting iteration 8.	[MsgId: MMSG-15968]
Notify: Next row for parameter userName = 8 [table  = userName].	[MsgId: MMSG-13876]
Notify: Getting new value for parameter 'userName': table = '..\Param\TestUserInfo.dat' column = '0' row = '8'.	[MsgId: MMSG-13877]
Notify: Next row for parameter password = 8 [table  = password].	[MsgId: MMSG-13876]
Notify: Getting new value for parameter 'password': table = '..\Param\TestUserInfo.dat' column = '1' row = '8'.	[MsgId: MMSG-13877]
Starting action Action.	[MsgId: MMSG-15919]
Action.c(6): Notify: Transaction "UC_04_ItineraryListBrowsing" started.	[MsgId: MMSG-16999]
Action.c(8): Notify: Transaction "openHomePage" started.	[MsgId: MMSG-16999]
../Library/CommonFunctions.h(6): web_reg_save_param started  	[MsgId: MMSG-26355]
../Library/CommonFunctions.h(6): Registering web_reg_save_param was successful  	[MsgId: MMSG-26390]
../Library/CommonFunctions.h(11): web_url("WebTours") started  	[MsgId: MMSG-26355]
../Library/CommonFunctions.h(11): Detected non-resource "http://localhost:1080/WebTours/header.html" in "http://localhost:1080/WebTours/"  	[MsgId: MMSG-26574]
../Library/CommonFunctions.h(11): Detected non-resource "http://localhost:1080/cgi-bin/welcome.pl?signOff=true" in "http://localhost:1080/WebTours/"  	[MsgId: MMSG-26574]
../Library/CommonFunctions.h(11): Found resource "http://localhost:1080/WebTours/images/hp_logo.png" in HTML "http://localhost:1080/WebTours/header.html"  	[MsgId: MMSG-26659]
../Library/CommonFunctions.h(11): Found resource "http://localhost:1080/WebTours/images/webtours.png" in HTML "http://localhost:1080/WebTours/header.html"  	[MsgId: MMSG-26659]
../Library/CommonFunctions.h(11): Detected non-resource "http://localhost:1080/cgi-bin/nav.pl?in=home" in "http://localhost:1080/cgi-bin/welcome.pl?signOff=true"  	[MsgId: MMSG-26574]
../Library/CommonFunctions.h(11): Detected non-resource "http://localhost:1080/WebTours/home.html" in "http://localhost:1080/cgi-bin/welcome.pl?signOff=true"  	[MsgId: MMSG-26574]
../Library/CommonFunctions.h(11): Notify: Saving Parameter "userSession = 134687.564601053zQcHQQVpzAtVzzzHtVfzHpQtQzcf".	[MsgId: MMSG-13798]
../Library/CommonFunctions.h(11): Found resource "http://localhost:1080/WebTours/images/mer_login.gif" in HTML "http://localhost:1080/cgi-bin/nav.pl?in=home"  	[MsgId: MMSG-26659]
../Library/CommonFunctions.h(11): web_url("WebTours") was successful, 10080 body bytes, 2377 header bytes, 24 chunking overhead bytes  	[MsgId: MMSG-26385]
../Library/CommonFunctions.h(21): web_set_sockets_option started  	[MsgId: MMSG-26355]
../Library/CommonFunctions.h(21): web_set_sockets_option was successful  	[MsgId: MMSG-26392]
Action.c(12): Notify: Transaction "openHomePage" ended with a "Pass" status (Duration: 0,0671 Wasted Time: 0,0001).	[MsgId: MMSG-16871]
Action.c(14): lr_think_time: 5,00 seconds.	[MsgId: MMSG-15948]
Action.c(16): Notify: Transaction "login" started.	[MsgId: MMSG-16999]
../Library/CommonFunctions.h(26): web_reg_find started  	[MsgId: MMSG-26355]
../Library/CommonFunctions.h(26): Notify: Parameter Substitution: parameter "userName" =  "user07"	[MsgId: MMSG-13992]
../Library/CommonFunctions.h(26): Registering web_reg_find was successful  	[MsgId: MMSG-26390]
../Library/CommonFunctions.h(31): web_submit_data("login.pl") started  	[MsgId: MMSG-26355]
../Library/CommonFunctions.h(31): Notify: Parameter Substitution: parameter "userSession" =  "134687.564601053zQcHQQVpzAtVzzzHtVfzHpQtQzcf"	[MsgId: MMSG-13992]
../Library/CommonFunctions.h(31): Notify: Parameter Substitution: parameter "userName" =  "user07"	[MsgId: MMSG-13992]
../Library/CommonFunctions.h(31): Notify: Next row for parameter password = 8 [table  = password].	[MsgId: MMSG-13876]
../Library/CommonFunctions.h(31): Notify: Parameter Substitution: parameter "password" =  "12345"	[MsgId: MMSG-13992]
../Library/CommonFunctions.h(31): Detected non-resource "http://localhost:1080/cgi-bin/nav.pl?page=menu&in=home" in "http://localhost:1080/cgi-bin/login.pl"  	[MsgId: MMSG-26574]
../Library/CommonFunctions.h(31): Detected non-resource "http://localhost:1080/cgi-bin/login.pl?intro=true" in "http://localhost:1080/cgi-bin/login.pl"  	[MsgId: MMSG-26574]
../Library/CommonFunctions.h(31): Found resource "http://localhost:1080/WebTours/images/flights.gif" in HTML "http://localhost:1080/cgi-bin/nav.pl?page=menu&in=home"  	[MsgId: MMSG-26659]
../Library/CommonFunctions.h(31): Found resource "http://localhost:1080/WebTours/images/itinerary.gif" in HTML "http://localhost:1080/cgi-bin/nav.pl?page=menu&in=home"  	[MsgId: MMSG-26659]
../Library/CommonFunctions.h(31): Found resource "http://localhost:1080/WebTours/images/in_home.gif" in HTML "http://localhost:1080/cgi-bin/nav.pl?page=menu&in=home"  	[MsgId: MMSG-26659]
../Library/CommonFunctions.h(31): Found resource "http://localhost:1080/WebTours/images/signoff.gif" in HTML "http://localhost:1080/cgi-bin/nav.pl?page=menu&in=home"  	[MsgId: MMSG-26659]
../Library/CommonFunctions.h(31): Registered web_reg_find successful for "Text=Welcome, <b>user07</b>" (count=1)  	[MsgId: MMSG-26364]
../Library/CommonFunctions.h(31): web_submit_data("login.pl") was successful, 5781 body bytes, 2056 header bytes, 36 chunking overhead bytes  	[MsgId: MMSG-26385]
Action.c(20): Notify: Transaction "login" ended with a "Pass" status (Duration: 0,0763 Wasted Time: 0,0000).	[MsgId: MMSG-16871]
Action.c(22): lr_think_time: 5,00 seconds.	[MsgId: MMSG-15948]
Action.c(24): Notify: Transaction "browsingItenerary" started.	[MsgId: MMSG-16999]
Action.c(26): web_reg_find started  	[MsgId: MMSG-26355]
Action.c(26): Registering web_reg_find was successful  	[MsgId: MMSG-26390]
Action.c(30): web_reg_save_param started  	[MsgId: MMSG-26355]
Action.c(30): Registering web_reg_save_param was successful  	[MsgId: MMSG-26390]
Action.c(37): web_url("Itinerary Button") started  	[MsgId: MMSG-26355]
Action.c(37): Detected non-resource "http://localhost:1080/cgi-bin/nav.pl?page=menu&in=itinerary" in "http://localhost:1080/cgi-bin/welcome.pl?page=itinerary"  	[MsgId: MMSG-26574]
Action.c(37): Detected non-resource "http://localhost:1080/cgi-bin/itinerary.pl" in "http://localhost:1080/cgi-bin/welcome.pl?page=itinerary"  	[MsgId: MMSG-26574]
Action.c(37): Resource "http://localhost:1080/WebTours/images/flights.gif" is in the cache already and will not be downloaded again  	[MsgId: MMSG-26655]
Action.c(37): Found resource "http://localhost:1080/WebTours/images/in_itinerary.gif" in HTML "http://localhost:1080/cgi-bin/nav.pl?page=menu&in=itinerary"  	[MsgId: MMSG-26659]
Action.c(37): Found resource "http://localhost:1080/WebTours/images/home.gif" in HTML "http://localhost:1080/cgi-bin/nav.pl?page=menu&in=itinerary"  	[MsgId: MMSG-26659]
Action.c(37): Resource "http://localhost:1080/WebTours/images/signoff.gif" is in the cache already and will not be downloaded again  	[MsgId: MMSG-26655]
Action.c(37): Notify: Saving Parameter "flightId_1 = 104163-7877-fl".	[MsgId: MMSG-13798]
Action.c(37): Notify: Saving Parameter "flightId_2 = 21627-1611-fl".	[MsgId: MMSG-13798]
Action.c(37): Notify: Saving Parameter "flightId_3 = 2125-236-fl".	[MsgId: MMSG-13798]
Action.c(37): Notify: Saving Parameter "flightId_4 = 13783-3089-fl".	[MsgId: MMSG-13798]
Action.c(37): Notify: Saving Parameter "flightId_5 = 10827-3871-fl".	[MsgId: MMSG-13798]
Action.c(37): Notify: Saving Parameter "flightId_6 = 34570-4647-fl".	[MsgId: MMSG-13798]
Action.c(37): Notify: Saving Parameter "flightId_7 = 26357-5435-fl".	[MsgId: MMSG-13798]
Action.c(37): Notify: Saving Parameter "flightId_8 = 7460-6187-fl".	[MsgId: MMSG-13798]
Action.c(37): Notify: Saving Parameter "flightId_9 = 20105-6988-fl".	[MsgId: MMSG-13798]
Action.c(37): Notify: Saving Parameter "flightId_10 = 35202-7727-fl".	[MsgId: MMSG-13798]
Action.c(37): Notify: Saving Parameter "flightId_11 = 11194-8479-fl".	[MsgId: MMSG-13798]
Action.c(37): Notify: Saving Parameter "flightId_12 = 20095-9275-fl".	[MsgId: MMSG-13798]
Action.c(37): Notify: Saving Parameter "flightId_13 = 15192-10014-fl".	[MsgId: MMSG-13798]
Action.c(37): Notify: Saving Parameter "flightId_14 = 33714-10791-fl".	[MsgId: MMSG-13798]
Action.c(37): Notify: Saving Parameter "flightId_15 = 5983-11581-fl".	[MsgId: MMSG-13798]
Action.c(37): Notify: Saving Parameter "flightId_16 = 11880-12367-fl".	[MsgId: MMSG-13798]
Action.c(37): Notify: Saving Parameter "flightId_17 = 2265-13090-fl".	[MsgId: MMSG-13798]
Action.c(37): Notify: Saving Parameter "flightId_18 = 2491-1390-fl".	[MsgId: MMSG-13798]
Action.c(37): Notify: Saving Parameter "flightId_19 = 1194-14633-fl".	[MsgId: MMSG-13798]
Action.c(37): Found resource "http://localhost:1080/WebTours/images/cancelreservation.gif" in HTML "http://localhost:1080/cgi-bin/itinerary.pl"  	[MsgId: MMSG-26659]
Action.c(37): Found resource "http://localhost:1080/WebTours/images/cancelallreservations.gif" in HTML "http://localhost:1080/cgi-bin/itinerary.pl"  	[MsgId: MMSG-26659]
Action.c(37): Registered web_reg_find successful for "Text=Itinerary" (count=3)  	[MsgId: MMSG-26364]
Action.c(37): Notify: Saving Parameter "flightId_count = 19".	[MsgId: MMSG-13798]
Action.c(37): web_url("Itinerary Button") was successful, 28156 body bytes, 1919 header bytes, 75 chunking overhead bytes  	[MsgId: MMSG-26385]
Action.c(47): Notify: Transaction "browsingItenerary" ended with a "Pass" status (Duration: 0,1003 Wasted Time: 0,0005).	[MsgId: MMSG-16871]
Action.c(49): lr_think_time: 5,00 seconds.	[MsgId: MMSG-15948]
Action.c(51): Notify: Transaction "CancelingFlight" started.	[MsgId: MMSG-16999]
Action.c(53): Notify: Parameter Substitution: parameter "flightId_count" =  "19"	[MsgId: MMSG-13992]
Action.c(87): web_reg_find started  	[MsgId: MMSG-26355]
Action.c(87): Notify: Parameter Substitution: parameter "flightId_1" =  "104163-7877-fl"	[MsgId: MMSG-13992]
Action.c(87): Registering web_reg_find was successful  	[MsgId: MMSG-26390]
Action.c(92): web_reg_find started  	[MsgId: MMSG-26355]
Action.c(92): Notify: Parameter Substitution: parameter "flightId_2" =  "21627-1611-fl"	[MsgId: MMSG-13992]
Action.c(92): Registering web_reg_find was successful  	[MsgId: MMSG-26390]
Action.c(97): web_submit_form("itinerary.pl") started  	[MsgId: MMSG-26355]
Action.c(97): Submitting form to "http://localhost:1080/cgi-bin/itinerary.pl", Target Frame=""  	[MsgId: MMSG-27978]
Action.c(97): Resource "http://localhost:1080/WebTours/images/cancelreservation.gif" is in the cache already and will not be downloaded again  	[MsgId: MMSG-26655]
Action.c(97): Resource "http://localhost:1080/WebTours/images/cancelallreservations.gif" is in the cache already and will not be downloaded again  	[MsgId: MMSG-26655]
Action.c(97): Registered web_reg_find successful for "Text=104163-7877-fl"  	[MsgId: MMSG-26362]
Action.c(97): Registered web_reg_find successful for "Text=21627-1611-fl"  	[MsgId: MMSG-26362]
Action.c(97): web_submit_form("itinerary.pl") was successful, 20814 body bytes, 256 header bytes, 51 chunking overhead bytes  	[MsgId: MMSG-26385]
Action.c(122): Notify: Transaction "CancelingFlight" ended with a "Pass" status (Duration: 0,0396 Wasted Time: 0,0000).	[MsgId: MMSG-16871]
Action.c(130): Notify: Transaction "UC_04_ItineraryListBrowsing" ended with a "Pass" status (Duration: 15,2857 Think Time: 15,0020 Wasted Time: 0,0006).	[MsgId: MMSG-16870]
Ending action Action.	[MsgId: MMSG-15918]
Action was aborted.	[MsgId: MMSG-10694]
Ending Vuser...	[MsgId: MMSG-15966]
Starting action vuser_end.	[MsgId: MMSG-15919]
Ending action vuser_end.	[MsgId: MMSG-15918]
Vuser Terminated.	[MsgId: MMSG-15963]
Vuser 0 (thread 17216), ended OK."	[MsgId: MMSG-10695]
