Virtual User Script started at: 08.09.2022 17:52:28	[MsgId: MMSG-15967]
Starting action vuser_init.	[MsgId: MMSG-15919]
Web Turbo Replay of LoadRunner 2021.0.0 for Windows 10; build 430 (џэт 05 2021 19:27:22)  	[MsgId: MMSG-26983]
Run mode: HTML  	[MsgId: MMSG-26993]
Replay user agent: Mozilla/5.0 (Windows NT 10.0; WOW64; Trident/7.0; rv:11.0) like Gecko  	[MsgId: MMSG-26988]
Runtime Settings file: "C:\Users\baldr\AppData\Local\Temp\lr5tmpdirfwh.328\lrcfgFRe.329\cfgJY2.378"  	[MsgId: MMSG-27141]
Ending action vuser_init.	[MsgId: MMSG-15918]
Running Vuser...	[MsgId: MMSG-15964]
Starting iteration 1.	[MsgId: MMSG-15968]
Maximum number of concurrent connections per server: 6  	[MsgId: MMSG-26989]
Starting action Action.	[MsgId: MMSG-15919]
Action.c(6): Notify: Transaction "UC_04_ItineraryListBrowsing" started.	[MsgId: MMSG-16999]
Action.c(8): Notify: Transaction "openHomePage" started.	[MsgId: MMSG-16999]
../Library/CommonFunctions.h(6): web_reg_save_param started  	[MsgId: MMSG-26355]
../Library/CommonFunctions.h(6): Registering web_reg_save_param was successful  	[MsgId: MMSG-26390]
../Library/CommonFunctions.h(11): web_url("WebTours") started  	[MsgId: MMSG-26355]
../Library/CommonFunctions.h(11): Detected non-resource "http://localhost:1080/WebTours/header.html" in "http://localhost:1080/WebTours/"  	[MsgId: MMSG-26574]
../Library/CommonFunctions.h(11): Detected non-resource "http://localhost:1080/cgi-bin/welcome.pl?signOff=true" in "http://localhost:1080/WebTours/"  	[MsgId: MMSG-26574]
../Library/CommonFunctions.h(11): Found resource "http://localhost:1080/WebTours/images/hp_logo.png" in HTML "http://localhost:1080/WebTours/header.html"  	[MsgId: MMSG-26659]
../Library/CommonFunctions.h(11): Found resource "http://localhost:1080/WebTours/images/webtours.png" in HTML "http://localhost:1080/WebTours/header.html"  	[MsgId: MMSG-26659]
../Library/CommonFunctions.h(11): Detected non-resource "http://localhost:1080/cgi-bin/nav.pl?in=home" in "http://localhost:1080/cgi-bin/welcome.pl?signOff=true"  	[MsgId: MMSG-26574]
../Library/CommonFunctions.h(11): Detected non-resource "http://localhost:1080/WebTours/home.html" in "http://localhost:1080/cgi-bin/welcome.pl?signOff=true"  	[MsgId: MMSG-26574]
../Library/CommonFunctions.h(11): Notify: Saving Parameter "userSession = 134681.956095585zQcHHADpVVzzzzzHtVfzzpcViH".	[MsgId: MMSG-13798]
../Library/CommonFunctions.h(11): Found resource "http://localhost:1080/WebTours/images/mer_login.gif" in HTML "http://localhost:1080/cgi-bin/nav.pl?in=home"  	[MsgId: MMSG-26659]
../Library/CommonFunctions.h(11): web_url("WebTours") was successful, 10078 body bytes, 2377 header bytes, 24 chunking overhead bytes  	[MsgId: MMSG-26385]
../Library/CommonFunctions.h(21): web_set_sockets_option started  	[MsgId: MMSG-26355]
../Library/CommonFunctions.h(21): web_set_sockets_option was successful  	[MsgId: MMSG-26392]
Action.c(12): Notify: Transaction "openHomePage" ended with a "Pass" status (Duration: 0,0543 Wasted Time: 0,0001).	[MsgId: MMSG-16871]
Action.c(14): lr_think_time: 5,00 seconds.	[MsgId: MMSG-15948]
Action.c(16): Notify: Transaction "login" started.	[MsgId: MMSG-16999]
../Library/CommonFunctions.h(26): web_reg_find started  	[MsgId: MMSG-26355]
../Library/CommonFunctions.h(26): Notify: Parameter Substitution: parameter "userName" =  "user00"	[MsgId: MMSG-13992]
../Library/CommonFunctions.h(26): Registering web_reg_find was successful  	[MsgId: MMSG-26390]
../Library/CommonFunctions.h(31): web_submit_data("login.pl") started  	[MsgId: MMSG-26355]
../Library/CommonFunctions.h(31): Notify: Parameter Substitution: parameter "userSession" =  "134681.956095585zQcHHADpVVzzzzzHtVfzzpcViH"	[MsgId: MMSG-13992]
../Library/CommonFunctions.h(31): Notify: Parameter Substitution: parameter "userName" =  "user00"	[MsgId: MMSG-13992]
../Library/CommonFunctions.h(31): Notify: Next row for parameter password = 1 [table  = password].	[MsgId: MMSG-13876]
../Library/CommonFunctions.h(31): Notify: Parameter Substitution: parameter "password" =  "12345"	[MsgId: MMSG-13992]
../Library/CommonFunctions.h(31): Detected non-resource "http://localhost:1080/cgi-bin/nav.pl?page=menu&in=home" in "http://localhost:1080/cgi-bin/login.pl"  	[MsgId: MMSG-26574]
../Library/CommonFunctions.h(31): Detected non-resource "http://localhost:1080/cgi-bin/login.pl?intro=true" in "http://localhost:1080/cgi-bin/login.pl"  	[MsgId: MMSG-26574]
../Library/CommonFunctions.h(31): Found resource "http://localhost:1080/WebTours/images/flights.gif" in HTML "http://localhost:1080/cgi-bin/nav.pl?page=menu&in=home"  	[MsgId: MMSG-26659]
../Library/CommonFunctions.h(31): Found resource "http://localhost:1080/WebTours/images/itinerary.gif" in HTML "http://localhost:1080/cgi-bin/nav.pl?page=menu&in=home"  	[MsgId: MMSG-26659]
../Library/CommonFunctions.h(31): Found resource "http://localhost:1080/WebTours/images/in_home.gif" in HTML "http://localhost:1080/cgi-bin/nav.pl?page=menu&in=home"  	[MsgId: MMSG-26659]
../Library/CommonFunctions.h(31): Found resource "http://localhost:1080/WebTours/images/signoff.gif" in HTML "http://localhost:1080/cgi-bin/nav.pl?page=menu&in=home"  	[MsgId: MMSG-26659]
../Library/CommonFunctions.h(31): Registered web_reg_find successful for "Text=Welcome, <b>user00</b>" (count=1)  	[MsgId: MMSG-26364]
../Library/CommonFunctions.h(31): web_submit_data("login.pl") was successful, 5781 body bytes, 2056 header bytes, 36 chunking overhead bytes  	[MsgId: MMSG-26385]
Action.c(20): Notify: Transaction "login" ended with a "Pass" status (Duration: 0,0901 Wasted Time: 0,0000).	[MsgId: MMSG-16871]
Action.c(22): lr_think_time: 5,00 seconds.	[MsgId: MMSG-15948]
Action.c(24): Notify: Transaction "browsingItenerary" started.	[MsgId: MMSG-16999]
Action.c(26): web_reg_find started  	[MsgId: MMSG-26355]
Action.c(26): Registering web_reg_find was successful  	[MsgId: MMSG-26390]
Action.c(30): web_reg_save_param started  	[MsgId: MMSG-26355]
Action.c(30): Registering web_reg_save_param was successful  	[MsgId: MMSG-26390]
Action.c(37): web_url("Itinerary Button") started  	[MsgId: MMSG-26355]
Action.c(37): Detected non-resource "http://localhost:1080/cgi-bin/nav.pl?page=menu&in=itinerary" in "http://localhost:1080/cgi-bin/welcome.pl?page=itinerary"  	[MsgId: MMSG-26574]
Action.c(37): Detected non-resource "http://localhost:1080/cgi-bin/itinerary.pl" in "http://localhost:1080/cgi-bin/welcome.pl?page=itinerary"  	[MsgId: MMSG-26574]
Action.c(37): Resource "http://localhost:1080/WebTours/images/flights.gif" is in the cache already and will not be downloaded again  	[MsgId: MMSG-26655]
Action.c(37): Found resource "http://localhost:1080/WebTours/images/in_itinerary.gif" in HTML "http://localhost:1080/cgi-bin/nav.pl?page=menu&in=itinerary"  	[MsgId: MMSG-26659]
Action.c(37): Found resource "http://localhost:1080/WebTours/images/home.gif" in HTML "http://localhost:1080/cgi-bin/nav.pl?page=menu&in=itinerary"  	[MsgId: MMSG-26659]
Action.c(37): Resource "http://localhost:1080/WebTours/images/signoff.gif" is in the cache already and will not be downloaded again  	[MsgId: MMSG-26655]
Action.c(37): Notify: Saving Parameter "flightId_1 = 9694-827-fl".	[MsgId: MMSG-13798]
Action.c(37): Notify: Saving Parameter "flightId_2 = 23761-1581-fl".	[MsgId: MMSG-13798]
Action.c(37): Notify: Saving Parameter "flightId_3 = 215608-23186-fl".	[MsgId: MMSG-13798]
Action.c(37): Notify: Saving Parameter "flightId_4 = 215971-30864-fl".	[MsgId: MMSG-13798]
Action.c(37): Notify: Saving Parameter "flightId_5 = 10860-3863-fl".	[MsgId: MMSG-13798]
Action.c(37): Notify: Saving Parameter "flightId_6 = 300045-46247-fl".	[MsgId: MMSG-13798]
Action.c(37): Notify: Saving Parameter "flightId_7 = 1540-5429-fl".	[MsgId: MMSG-13798]
Action.c(37): Notify: Saving Parameter "flightId_8 = 103803-61746-fl".	[MsgId: MMSG-13798]
Action.c(37): Notify: Saving Parameter "flightId_9 = 311210-69436-fl".	[MsgId: MMSG-13798]
Action.c(37): Found resource "http://localhost:1080/WebTours/images/cancelreservation.gif" in HTML "http://localhost:1080/cgi-bin/itinerary.pl"  	[MsgId: MMSG-26659]
Action.c(37): Found resource "http://localhost:1080/WebTours/images/cancelallreservations.gif" in HTML "http://localhost:1080/cgi-bin/itinerary.pl"  	[MsgId: MMSG-26659]
Action.c(37): Registered web_reg_find successful for "Text=Itinerary" (count=3)  	[MsgId: MMSG-26364]
Action.c(37): Notify: Saving Parameter "flightId_count = 9".	[MsgId: MMSG-13798]
Action.c(37): web_url("Itinerary Button") was successful, 16775 body bytes, 1921 header bytes, 51 chunking overhead bytes  	[MsgId: MMSG-26385]
Action.c(47): Notify: Transaction "browsingItenerary" ended with a "Pass" status (Duration: 0,1170 Wasted Time: 0,0002).	[MsgId: MMSG-16871]
Action.c(49): lr_think_time: 5,00 seconds.	[MsgId: MMSG-15948]
Action.c(51): Notify: Transaction "CancelingFlight" started.	[MsgId: MMSG-16999]
Action.c(53): Notify: Parameter Substitution: parameter "flightId_count" =  "9"	[MsgId: MMSG-13992]
Action.c(59): web_reg_find started  	[MsgId: MMSG-26355]
Action.c(59): Notify: Parameter Substitution: parameter "flightId_1" =  "9694-827-fl"	[MsgId: MMSG-13992]
Action.c(59): Registering web_reg_find was successful  	[MsgId: MMSG-26390]
Action.c(64): web_reg_find started  	[MsgId: MMSG-26355]
Action.c(64): Notify: Parameter Substitution: parameter "flightId_2" =  "23761-1581-fl"	[MsgId: MMSG-13992]
Action.c(64): Registering web_reg_find was successful  	[MsgId: MMSG-26390]
Action.c(69): web_reg_find started  	[MsgId: MMSG-26355]
Action.c(69): Notify: Parameter Substitution: parameter "flightId_3" =  "215608-23186-fl"	[MsgId: MMSG-13992]
Action.c(69): Registering web_reg_find was successful  	[MsgId: MMSG-26390]
Action.c(74): web_submit_form("itinerary.pl") started  	[MsgId: MMSG-26355]
Action.c(74): Submitting form to "http://localhost:1080/cgi-bin/itinerary.pl", Target Frame=""  	[MsgId: MMSG-27978]
Action.c(74): Resource "http://localhost:1080/WebTours/images/cancelreservation.gif" is in the cache already and will not be downloaded again  	[MsgId: MMSG-26655]
Action.c(74): Resource "http://localhost:1080/WebTours/images/cancelallreservations.gif" is in the cache already and will not be downloaded again  	[MsgId: MMSG-26655]
Action.c(74): Registered web_reg_find successful for "Text=9694-827-fl"  	[MsgId: MMSG-26362]
Action.c(74): Registered web_reg_find successful for "Text=23761-1581-fl"  	[MsgId: MMSG-26362]
Action.c(74): Registered web_reg_find successful for "Text=215608-23186-fl"  	[MsgId: MMSG-26362]
Action.c(74): web_submit_form("itinerary.pl") was successful, 8298 body bytes, 256 header bytes, 26 chunking overhead bytes  	[MsgId: MMSG-26385]
Action.c(122): Notify: Transaction "CancelingFlight" ended with a "Pass" status (Duration: 0,0497 Wasted Time: 0,0000).	[MsgId: MMSG-16871]
Action.c(130): Notify: Transaction "UC_04_ItineraryListBrowsing" ended with a "Pass" status (Duration: 15,3135 Think Time: 15,0015 Wasted Time: 0,0004).	[MsgId: MMSG-16870]
Ending action Action.	[MsgId: MMSG-15918]
Ending iteration 1.	[MsgId: MMSG-15965]
Waiting 34,6860 seconds for iteration pacing.	[MsgId: MMSG-15996]
Starting iteration 2.	[MsgId: MMSG-15968]
Notify: Next row for parameter userName = 2 [table  = userName].	[MsgId: MMSG-13876]
Notify: Getting new value for parameter 'userName': table = '..\Param\TestUserInfo.dat' column = '0' row = '2'.	[MsgId: MMSG-13877]
Notify: Next row for parameter password = 2 [table  = password].	[MsgId: MMSG-13876]
Notify: Getting new value for parameter 'password': table = '..\Param\TestUserInfo.dat' column = '1' row = '2'.	[MsgId: MMSG-13877]
Starting action Action.	[MsgId: MMSG-15919]
Action.c(6): Notify: Transaction "UC_04_ItineraryListBrowsing" started.	[MsgId: MMSG-16999]
Action.c(8): Notify: Transaction "openHomePage" started.	[MsgId: MMSG-16999]
../Library/CommonFunctions.h(6): web_reg_save_param started  	[MsgId: MMSG-26355]
../Library/CommonFunctions.h(6): Registering web_reg_save_param was successful  	[MsgId: MMSG-26390]
../Library/CommonFunctions.h(11): web_url("WebTours") started  	[MsgId: MMSG-26355]
../Library/CommonFunctions.h(11): Detected non-resource "http://localhost:1080/WebTours/header.html" in "http://localhost:1080/WebTours/"  	[MsgId: MMSG-26574]
../Library/CommonFunctions.h(11): Detected non-resource "http://localhost:1080/cgi-bin/welcome.pl?signOff=true" in "http://localhost:1080/WebTours/"  	[MsgId: MMSG-26574]
../Library/CommonFunctions.h(11): Found resource "http://localhost:1080/WebTours/images/hp_logo.png" in HTML "http://localhost:1080/WebTours/header.html"  	[MsgId: MMSG-26659]
../Library/CommonFunctions.h(11): Found resource "http://localhost:1080/WebTours/images/webtours.png" in HTML "http://localhost:1080/WebTours/header.html"  	[MsgId: MMSG-26659]
../Library/CommonFunctions.h(11): Detected non-resource "http://localhost:1080/cgi-bin/nav.pl?in=home" in "http://localhost:1080/cgi-bin/welcome.pl?signOff=true"  	[MsgId: MMSG-26574]
../Library/CommonFunctions.h(11): Detected non-resource "http://localhost:1080/WebTours/home.html" in "http://localhost:1080/cgi-bin/welcome.pl?signOff=true"  	[MsgId: MMSG-26574]
../Library/CommonFunctions.h(11): Notify: Saving Parameter "userSession = 134681.960145808zQcHHADpDcftVfzzpcVQQf".	[MsgId: MMSG-13798]
../Library/CommonFunctions.h(11): Found resource "http://localhost:1080/WebTours/images/mer_login.gif" in HTML "http://localhost:1080/cgi-bin/nav.pl?in=home"  	[MsgId: MMSG-26659]
../Library/CommonFunctions.h(11): web_url("WebTours") was successful, 10074 body bytes, 2377 header bytes, 24 chunking overhead bytes  	[MsgId: MMSG-26385]
../Library/CommonFunctions.h(21): web_set_sockets_option started  	[MsgId: MMSG-26355]
../Library/CommonFunctions.h(21): web_set_sockets_option was successful  	[MsgId: MMSG-26392]
Action.c(12): Notify: Transaction "openHomePage" ended with a "Pass" status (Duration: 0,0581 Wasted Time: 0,0001).	[MsgId: MMSG-16871]
Action.c(14): lr_think_time: 5,00 seconds.	[MsgId: MMSG-15948]
Action.c(16): Notify: Transaction "login" started.	[MsgId: MMSG-16999]
../Library/CommonFunctions.h(26): web_reg_find started  	[MsgId: MMSG-26355]
../Library/CommonFunctions.h(26): Notify: Parameter Substitution: parameter "userName" =  "user01"	[MsgId: MMSG-13992]
../Library/CommonFunctions.h(26): Registering web_reg_find was successful  	[MsgId: MMSG-26390]
../Library/CommonFunctions.h(31): web_submit_data("login.pl") started  	[MsgId: MMSG-26355]
../Library/CommonFunctions.h(31): Notify: Parameter Substitution: parameter "userSession" =  "134681.960145808zQcHHADpDcftVfzzpcVQQf"	[MsgId: MMSG-13992]
../Library/CommonFunctions.h(31): Notify: Parameter Substitution: parameter "userName" =  "user01"	[MsgId: MMSG-13992]
../Library/CommonFunctions.h(31): Notify: Next row for parameter password = 2 [table  = password].	[MsgId: MMSG-13876]
../Library/CommonFunctions.h(31): Notify: Parameter Substitution: parameter "password" =  "12345"	[MsgId: MMSG-13992]
../Library/CommonFunctions.h(31): Detected non-resource "http://localhost:1080/cgi-bin/nav.pl?page=menu&in=home" in "http://localhost:1080/cgi-bin/login.pl"  	[MsgId: MMSG-26574]
../Library/CommonFunctions.h(31): Detected non-resource "http://localhost:1080/cgi-bin/login.pl?intro=true" in "http://localhost:1080/cgi-bin/login.pl"  	[MsgId: MMSG-26574]
../Library/CommonFunctions.h(31): Found resource "http://localhost:1080/WebTours/images/flights.gif" in HTML "http://localhost:1080/cgi-bin/nav.pl?page=menu&in=home"  	[MsgId: MMSG-26659]
../Library/CommonFunctions.h(31): Found resource "http://localhost:1080/WebTours/images/itinerary.gif" in HTML "http://localhost:1080/cgi-bin/nav.pl?page=menu&in=home"  	[MsgId: MMSG-26659]
../Library/CommonFunctions.h(31): Found resource "http://localhost:1080/WebTours/images/in_home.gif" in HTML "http://localhost:1080/cgi-bin/nav.pl?page=menu&in=home"  	[MsgId: MMSG-26659]
../Library/CommonFunctions.h(31): Found resource "http://localhost:1080/WebTours/images/signoff.gif" in HTML "http://localhost:1080/cgi-bin/nav.pl?page=menu&in=home"  	[MsgId: MMSG-26659]
../Library/CommonFunctions.h(31): Registered web_reg_find successful for "Text=Welcome, <b>user01</b>" (count=1)  	[MsgId: MMSG-26364]
../Library/CommonFunctions.h(31): web_submit_data("login.pl") was successful, 5781 body bytes, 2056 header bytes, 36 chunking overhead bytes  	[MsgId: MMSG-26385]
Action.c(20): Notify: Transaction "login" ended with a "Pass" status (Duration: 0,0853 Wasted Time: 0,0000).	[MsgId: MMSG-16871]
Action.c(22): lr_think_time: 5,00 seconds.	[MsgId: MMSG-15948]
Action.c(24): Notify: Transaction "browsingItenerary" started.	[MsgId: MMSG-16999]
Action.c(26): web_reg_find started  	[MsgId: MMSG-26355]
Action.c(26): Registering web_reg_find was successful  	[MsgId: MMSG-26390]
Action.c(30): web_reg_save_param started  	[MsgId: MMSG-26355]
Action.c(30): Registering web_reg_save_param was successful  	[MsgId: MMSG-26390]
Action.c(37): web_url("Itinerary Button") started  	[MsgId: MMSG-26355]
Action.c(37): Detected non-resource "http://localhost:1080/cgi-bin/nav.pl?page=menu&in=itinerary" in "http://localhost:1080/cgi-bin/welcome.pl?page=itinerary"  	[MsgId: MMSG-26574]
Action.c(37): Detected non-resource "http://localhost:1080/cgi-bin/itinerary.pl" in "http://localhost:1080/cgi-bin/welcome.pl?page=itinerary"  	[MsgId: MMSG-26574]
Action.c(37): Resource "http://localhost:1080/WebTours/images/flights.gif" is in the cache already and will not be downloaded again  	[MsgId: MMSG-26655]
Action.c(37): Found resource "http://localhost:1080/WebTours/images/in_itinerary.gif" in HTML "http://localhost:1080/cgi-bin/nav.pl?page=menu&in=itinerary"  	[MsgId: MMSG-26659]
Action.c(37): Found resource "http://localhost:1080/WebTours/images/home.gif" in HTML "http://localhost:1080/cgi-bin/nav.pl?page=menu&in=itinerary"  	[MsgId: MMSG-26659]
Action.c(37): Resource "http://localhost:1080/WebTours/images/signoff.gif" is in the cache already and will not be downloaded again  	[MsgId: MMSG-26655]
Action.c(37): Notify: Saving Parameter "flightId_1 = 274115-7778-fl".	[MsgId: MMSG-13798]
Action.c(37): Notify: Saving Parameter "flightId_2 = 85965-15466-fl".	[MsgId: MMSG-13798]
Action.c(37): Notify: Saving Parameter "flightId_3 = 2268-2327-fl".	[MsgId: MMSG-13798]
Action.c(37): Notify: Saving Parameter "flightId_4 = 34820-3087-fl".	[MsgId: MMSG-13798]
Action.c(37): Notify: Saving Parameter "flightId_5 = 22694-3904-fl".	[MsgId: MMSG-13798]
Action.c(37): Notify: Saving Parameter "flightId_6 = 17103-4677-fl".	[MsgId: MMSG-13798]
Action.c(37): Notify: Saving Parameter "flightId_7 = 7498-5420-fl".	[MsgId: MMSG-13798]
Action.c(37): Notify: Saving Parameter "flightId_8 = 16724-6196-fl".	[MsgId: MMSG-13798]
Action.c(37): Notify: Saving Parameter "flightId_9 = 330066-69368-fl".	[MsgId: MMSG-13798]
Action.c(37): Notify: Saving Parameter "flightId_10 = 19394-7743-fl".	[MsgId: MMSG-13798]
Action.c(37): Notify: Saving Parameter "flightId_11 = 30881-8522-fl".	[MsgId: MMSG-13798]
Action.c(37): Notify: Saving Parameter "flightId_12 = 5603-9252-fl".	[MsgId: MMSG-13798]
Action.c(37): Notify: Saving Parameter "flightId_13 = 23036-10075-fl".	[MsgId: MMSG-13798]
Action.c(37): Notify: Saving Parameter "flightId_14 = 26802-10820-fl".	[MsgId: MMSG-13798]
Action.c(37): Notify: Saving Parameter "flightId_15 = 19713-11559-fl".	[MsgId: MMSG-13798]
Action.c(37): Found resource "http://localhost:1080/WebTours/images/cancelreservation.gif" in HTML "http://localhost:1080/cgi-bin/itinerary.pl"  	[MsgId: MMSG-26659]
Action.c(37): Found resource "http://localhost:1080/WebTours/images/cancelallreservations.gif" in HTML "http://localhost:1080/cgi-bin/itinerary.pl"  	[MsgId: MMSG-26659]
Action.c(37): Registered web_reg_find successful for "Text=Itinerary" (count=3)  	[MsgId: MMSG-26364]
Action.c(37): Notify: Saving Parameter "flightId_count = 15".	[MsgId: MMSG-13798]
Action.c(37): web_url("Itinerary Button") was successful, 23619 body bytes, 1919 header bytes, 67 chunking overhead bytes  	[MsgId: MMSG-26385]
Action.c(47): Notify: Transaction "browsingItenerary" ended with a "Pass" status (Duration: 0,1003 Wasted Time: 0,0004).	[MsgId: MMSG-16871]
Action.c(49): lr_think_time: 5,00 seconds.	[MsgId: MMSG-15948]
Action.c(51): Notify: Transaction "CancelingFlight" started.	[MsgId: MMSG-16999]
Action.c(53): Notify: Parameter Substitution: parameter "flightId_count" =  "15"	[MsgId: MMSG-13992]
Action.c(59): web_reg_find started  	[MsgId: MMSG-26355]
Action.c(59): Notify: Parameter Substitution: parameter "flightId_1" =  "274115-7778-fl"	[MsgId: MMSG-13992]
Action.c(59): Registering web_reg_find was successful  	[MsgId: MMSG-26390]
Action.c(64): web_reg_find started  	[MsgId: MMSG-26355]
Action.c(64): Notify: Parameter Substitution: parameter "flightId_2" =  "85965-15466-fl"	[MsgId: MMSG-13992]
Action.c(64): Registering web_reg_find was successful  	[MsgId: MMSG-26390]
Action.c(69): web_reg_find started  	[MsgId: MMSG-26355]
Action.c(69): Notify: Parameter Substitution: parameter "flightId_3" =  "2268-2327-fl"	[MsgId: MMSG-13992]
Action.c(69): Registering web_reg_find was successful  	[MsgId: MMSG-26390]
Action.c(74): web_submit_form("itinerary.pl") started  	[MsgId: MMSG-26355]
Action.c(74): Submitting form to "http://localhost:1080/cgi-bin/itinerary.pl", Target Frame=""  	[MsgId: MMSG-27978]
Action.c(74): Resource "http://localhost:1080/WebTours/images/cancelreservation.gif" is in the cache already and will not be downloaded again  	[MsgId: MMSG-26655]
Action.c(74): Resource "http://localhost:1080/WebTours/images/cancelallreservations.gif" is in the cache already and will not be downloaded again  	[MsgId: MMSG-26655]
Action.c(74): Registered web_reg_find successful for "Text=274115-7778-fl"  	[MsgId: MMSG-26362]
Action.c(74): Registered web_reg_find successful for "Text=85965-15466-fl"  	[MsgId: MMSG-26362]
Action.c(74): Registered web_reg_find successful for "Text=2268-2327-fl"  	[MsgId: MMSG-26362]
Action.c(74): web_submit_form("itinerary.pl") was successful, 15131 body bytes, 256 header bytes, 35 chunking overhead bytes  	[MsgId: MMSG-26385]
Action.c(122): Notify: Transaction "CancelingFlight" ended with a "Pass" status (Duration: 0,0354 Wasted Time: 0,0000).	[MsgId: MMSG-16871]
Action.c(130): Notify: Transaction "UC_04_ItineraryListBrowsing" ended with a "Pass" status (Duration: 15,2833 Think Time: 15,0039 Wasted Time: 0,0005).	[MsgId: MMSG-16870]
Ending action Action.	[MsgId: MMSG-15918]
Ending iteration 2.	[MsgId: MMSG-15965]
Waiting 34,7160 seconds for iteration pacing.	[MsgId: MMSG-15996]
Action was aborted.	[MsgId: MMSG-10694]
Ending Vuser...	[MsgId: MMSG-15966]
Starting action vuser_end.	[MsgId: MMSG-15919]
Ending action vuser_end.	[MsgId: MMSG-15918]
Vuser Terminated.	[MsgId: MMSG-15963]
Vuser 0 (thread 30492), ended OK."	[MsgId: MMSG-10695]
