Virtual User Script started at: 22.09.2022 12:55:54	[MsgId: MMSG-15967]
Starting action vuser_init.	[MsgId: MMSG-15919]
Web Turbo Replay of LoadRunner 2021.0.0 for Windows 10; build 430 (џэт 05 2021 19:27:22)  	[MsgId: MMSG-26983]
Run mode: HTML  	[MsgId: MMSG-26993]
Replay user agent: Mozilla/5.0 (Windows NT 10.0; WOW64; Trident/7.0; rv:11.0) like Gecko  	[MsgId: MMSG-26988]
Runtime Settings file: "C:\Users\baldr\AppData\Local\Temp\lr5tmpdirlQf.904\lrcfgJjj.905\cfgX7u.910"  	[MsgId: MMSG-27141]
Ending action vuser_init.	[MsgId: MMSG-15918]
Running Vuser...	[MsgId: MMSG-15964]
Starting iteration 1.	[MsgId: MMSG-15968]
Maximum number of concurrent connections per server: 6  	[MsgId: MMSG-26989]
Starting action Action.	[MsgId: MMSG-15919]
Action.c(6): Notify: Transaction "UC_04_ItineraryListBrowsing" started.	[MsgId: MMSG-16999]
Action.c(8): Notify: Transaction "openHomePage" started.	[MsgId: MMSG-16999]
../Library/CommonFunctions.h(6): web_reg_save_param started  	[MsgId: MMSG-26355]
../Library/CommonFunctions.h(6): Registering web_reg_save_param was successful  	[MsgId: MMSG-26390]
../Library/CommonFunctions.h(11): web_url("WebTours") started  	[MsgId: MMSG-26355]
../Library/CommonFunctions.h(11): Detected non-resource "http://localhost:1080/WebTours/header.html" in "http://localhost:1080/WebTours/"  	[MsgId: MMSG-26574]
../Library/CommonFunctions.h(11): Detected non-resource "http://localhost:1080/cgi-bin/welcome.pl?signOff=true" in "http://localhost:1080/WebTours/"  	[MsgId: MMSG-26574]
../Library/CommonFunctions.h(11): Found resource "http://localhost:1080/WebTours/images/hp_logo.png" in HTML "http://localhost:1080/WebTours/header.html"  	[MsgId: MMSG-26659]
../Library/CommonFunctions.h(11): Found resource "http://localhost:1080/WebTours/images/webtours.png" in HTML "http://localhost:1080/WebTours/header.html"  	[MsgId: MMSG-26659]
../Library/CommonFunctions.h(11): Detected non-resource "http://localhost:1080/cgi-bin/nav.pl?in=home" in "http://localhost:1080/cgi-bin/welcome.pl?signOff=true"  	[MsgId: MMSG-26574]
../Library/CommonFunctions.h(11): Detected non-resource "http://localhost:1080/WebTours/home.html" in "http://localhost:1080/cgi-bin/welcome.pl?signOff=true"  	[MsgId: MMSG-26574]
../Library/CommonFunctions.h(11): Notify: Saving Parameter "userSession = 134778.497691373zQDczzipQHftVfQzpAVDif".	[MsgId: MMSG-13798]
../Library/CommonFunctions.h(11): Found resource "http://localhost:1080/WebTours/images/mer_login.gif" in HTML "http://localhost:1080/cgi-bin/nav.pl?in=home"  	[MsgId: MMSG-26659]
../Library/CommonFunctions.h(11): web_url("WebTours") was successful, 10074 body bytes, 2377 header bytes, 24 chunking overhead bytes  	[MsgId: MMSG-26385]
../Library/CommonFunctions.h(21): web_set_sockets_option started  	[MsgId: MMSG-26355]
../Library/CommonFunctions.h(21): web_set_sockets_option was successful  	[MsgId: MMSG-26392]
Action.c(12): Notify: Transaction "openHomePage" ended with a "Pass" status (Duration: 0,0526 Wasted Time: 0,0001).	[MsgId: MMSG-16871]
Action.c(14): lr_think_time: 5,00 seconds.	[MsgId: MMSG-15948]
Action.c(16): Notify: Transaction "login" started.	[MsgId: MMSG-16999]
../Library/CommonFunctions.h(26): web_reg_find started  	[MsgId: MMSG-26355]
../Library/CommonFunctions.h(26): Notify: Parameter Substitution: parameter "userName" =  "user00"	[MsgId: MMSG-13992]
../Library/CommonFunctions.h(26): Registering web_reg_find was successful  	[MsgId: MMSG-26390]
../Library/CommonFunctions.h(31): web_submit_data("login.pl") started  	[MsgId: MMSG-26355]
../Library/CommonFunctions.h(31): Notify: Parameter Substitution: parameter "userSession" =  "134778.497691373zQDczzipQHftVfQzpAVDif"	[MsgId: MMSG-13992]
../Library/CommonFunctions.h(31): Notify: Parameter Substitution: parameter "userName" =  "user00"	[MsgId: MMSG-13992]
../Library/CommonFunctions.h(31): Notify: Next row for parameter password = 1 [table  = password].	[MsgId: MMSG-13876]
../Library/CommonFunctions.h(31): Notify: Parameter Substitution: parameter "password" =  "12345"	[MsgId: MMSG-13992]
../Library/CommonFunctions.h(31): Detected non-resource "http://localhost:1080/cgi-bin/nav.pl?page=menu&in=home" in "http://localhost:1080/cgi-bin/login.pl"  	[MsgId: MMSG-26574]
../Library/CommonFunctions.h(31): Detected non-resource "http://localhost:1080/cgi-bin/login.pl?intro=true" in "http://localhost:1080/cgi-bin/login.pl"  	[MsgId: MMSG-26574]
../Library/CommonFunctions.h(31): Found resource "http://localhost:1080/WebTours/images/flights.gif" in HTML "http://localhost:1080/cgi-bin/nav.pl?page=menu&in=home"  	[MsgId: MMSG-26659]
../Library/CommonFunctions.h(31): Found resource "http://localhost:1080/WebTours/images/itinerary.gif" in HTML "http://localhost:1080/cgi-bin/nav.pl?page=menu&in=home"  	[MsgId: MMSG-26659]
../Library/CommonFunctions.h(31): Found resource "http://localhost:1080/WebTours/images/in_home.gif" in HTML "http://localhost:1080/cgi-bin/nav.pl?page=menu&in=home"  	[MsgId: MMSG-26659]
../Library/CommonFunctions.h(31): Found resource "http://localhost:1080/WebTours/images/signoff.gif" in HTML "http://localhost:1080/cgi-bin/nav.pl?page=menu&in=home"  	[MsgId: MMSG-26659]
../Library/CommonFunctions.h(31): Registered web_reg_find successful for "Text=Welcome, <b>user00</b>" (count=1)  	[MsgId: MMSG-26364]
../Library/CommonFunctions.h(31): web_submit_data("login.pl") was successful, 5781 body bytes, 2056 header bytes, 36 chunking overhead bytes  	[MsgId: MMSG-26385]
Action.c(20): Notify: Transaction "login" ended with a "Pass" status (Duration: 0,1060 Wasted Time: 0,0000).	[MsgId: MMSG-16871]
Action.c(22): lr_think_time: 5,00 seconds.	[MsgId: MMSG-15948]
Action.c(24): Notify: Transaction "browsingItenerary" started.	[MsgId: MMSG-16999]
Action.c(26): web_reg_find started  	[MsgId: MMSG-26355]
Action.c(26): Registering web_reg_find was successful  	[MsgId: MMSG-26390]
Action.c(30): web_reg_save_param started  	[MsgId: MMSG-26355]
Action.c(30): Registering web_reg_save_param was successful  	[MsgId: MMSG-26390]
Action.c(37): web_url("Itinerary Button") started  	[MsgId: MMSG-26355]
Action.c(37): Detected non-resource "http://localhost:1080/cgi-bin/nav.pl?page=menu&in=itinerary" in "http://localhost:1080/cgi-bin/welcome.pl?page=itinerary"  	[MsgId: MMSG-26574]
Action.c(37): Detected non-resource "http://localhost:1080/cgi-bin/itinerary.pl" in "http://localhost:1080/cgi-bin/welcome.pl?page=itinerary"  	[MsgId: MMSG-26574]
Action.c(37): Resource "http://localhost:1080/WebTours/images/flights.gif" is in the cache already and will not be downloaded again  	[MsgId: MMSG-26655]
Action.c(37): Found resource "http://localhost:1080/WebTours/images/in_itinerary.gif" in HTML "http://localhost:1080/cgi-bin/nav.pl?page=menu&in=itinerary"  	[MsgId: MMSG-26659]
Action.c(37): Found resource "http://localhost:1080/WebTours/images/home.gif" in HTML "http://localhost:1080/cgi-bin/nav.pl?page=menu&in=itinerary"  	[MsgId: MMSG-26659]
Action.c(37): Resource "http://localhost:1080/WebTours/images/signoff.gif" is in the cache already and will not be downloaded again  	[MsgId: MMSG-26655]
Action.c(37): Notify: Saving Parameter "flightId_1 = 397-824-fl".	[MsgId: MMSG-13798]
Action.c(37): Found resource "http://localhost:1080/WebTours/images/cancelreservation.gif" in HTML "http://localhost:1080/cgi-bin/itinerary.pl"  	[MsgId: MMSG-26659]
Action.c(37): Found resource "http://localhost:1080/WebTours/images/cancelallreservations.gif" in HTML "http://localhost:1080/cgi-bin/itinerary.pl"  	[MsgId: MMSG-26659]
Action.c(37): Registered web_reg_find successful for "Text=Itinerary" (count=3)  	[MsgId: MMSG-26364]
Action.c(37): Notify: Saving Parameter "flightId_count = 1".	[MsgId: MMSG-13798]
Action.c(37): web_url("Itinerary Button") was successful, 7697 body bytes, 1922 header bytes, 36 chunking overhead bytes  	[MsgId: MMSG-26385]
Action.c(47): Notify: Transaction "browsingItenerary" ended with a "Pass" status (Duration: 0,0770 Wasted Time: 0,0001).	[MsgId: MMSG-16871]
Action.c(49): lr_think_time: 5,00 seconds.	[MsgId: MMSG-15948]
Action.c(51): Notify: Transaction "CancelingFlight" started.	[MsgId: MMSG-16999]
Action.c(53): Notify: Parameter Substitution: parameter "flightId_count" =  "1"	[MsgId: MMSG-13992]
Action.c(108): web_reg_find started  	[MsgId: MMSG-26355]
Action.c(108): Notify: Parameter Substitution: parameter "flightId_1" =  "397-824-fl"	[MsgId: MMSG-13992]
Action.c(108): Registering web_reg_find was successful  	[MsgId: MMSG-26390]
Action.c(113): web_submit_form("itinerary.pl") started  	[MsgId: MMSG-26355]
Action.c(113): Submitting form to "http://localhost:1080/cgi-bin/itinerary.pl", Target Frame=""  	[MsgId: MMSG-27978]
Action.c(113): Registered web_reg_find successful for "Text=397-824-fl"  	[MsgId: MMSG-26362]
Action.c(113): web_submit_form("itinerary.pl") was successful, 887 body bytes, 256 header bytes, 12 chunking overhead bytes  	[MsgId: MMSG-26385]
Action.c(122): Notify: Transaction "CancelingFlight" ended with a "Pass" status (Duration: 0,0354 Wasted Time: 0,0000).	[MsgId: MMSG-16871]
Action.c(130): Notify: Transaction "UC_04_ItineraryListBrowsing" ended with a "Pass" status (Duration: 15,2743 Think Time: 15,0026 Wasted Time: 0,0002).	[MsgId: MMSG-16870]
Ending action Action.	[MsgId: MMSG-15918]
Ending iteration 1.	[MsgId: MMSG-15965]
Waiting 34,7250 seconds for iteration pacing.	[MsgId: MMSG-15996]
Starting iteration 2.	[MsgId: MMSG-15968]
Notify: Next row for parameter userName = 2 [table  = userName].	[MsgId: MMSG-13876]
Notify: Getting new value for parameter 'userName': table = '..\Param\TestUserInfo.dat' column = '0' row = '2'.	[MsgId: MMSG-13877]
Notify: Next row for parameter password = 2 [table  = password].	[MsgId: MMSG-13876]
Notify: Getting new value for parameter 'password': table = '..\Param\TestUserInfo.dat' column = '1' row = '2'.	[MsgId: MMSG-13877]
Starting action Action.	[MsgId: MMSG-15919]
Action.c(6): Notify: Transaction "UC_04_ItineraryListBrowsing" started.	[MsgId: MMSG-16999]
Action.c(8): Notify: Transaction "openHomePage" started.	[MsgId: MMSG-16999]
../Library/CommonFunctions.h(6): web_reg_save_param started  	[MsgId: MMSG-26355]
../Library/CommonFunctions.h(6): Registering web_reg_save_param was successful  	[MsgId: MMSG-26390]
../Library/CommonFunctions.h(11): web_url("WebTours") started  	[MsgId: MMSG-26355]
../Library/CommonFunctions.h(11): Detected non-resource "http://localhost:1080/WebTours/header.html" in "http://localhost:1080/WebTours/"  	[MsgId: MMSG-26574]
../Library/CommonFunctions.h(11): Detected non-resource "http://localhost:1080/cgi-bin/welcome.pl?signOff=true" in "http://localhost:1080/WebTours/"  	[MsgId: MMSG-26574]
../Library/CommonFunctions.h(11): Found resource "http://localhost:1080/WebTours/images/hp_logo.png" in HTML "http://localhost:1080/WebTours/header.html"  	[MsgId: MMSG-26659]
../Library/CommonFunctions.h(11): Found resource "http://localhost:1080/WebTours/images/webtours.png" in HTML "http://localhost:1080/WebTours/header.html"  	[MsgId: MMSG-26659]
../Library/CommonFunctions.h(11): Detected non-resource "http://localhost:1080/cgi-bin/nav.pl?in=home" in "http://localhost:1080/cgi-bin/welcome.pl?signOff=true"  	[MsgId: MMSG-26574]
../Library/CommonFunctions.h(11): Detected non-resource "http://localhost:1080/WebTours/home.html" in "http://localhost:1080/cgi-bin/welcome.pl?signOff=true"  	[MsgId: MMSG-26574]
../Library/CommonFunctions.h(11): Notify: Saving Parameter "userSession = 134778.501741596zQDczzQpViDDDDDDtVfQzpAVfV".	[MsgId: MMSG-13798]
../Library/CommonFunctions.h(11): Found resource "http://localhost:1080/WebTours/images/mer_login.gif" in HTML "http://localhost:1080/cgi-bin/nav.pl?in=home"  	[MsgId: MMSG-26659]
../Library/CommonFunctions.h(11): web_url("WebTours") was successful, 10078 body bytes, 2377 header bytes, 24 chunking overhead bytes  	[MsgId: MMSG-26385]
../Library/CommonFunctions.h(21): web_set_sockets_option started  	[MsgId: MMSG-26355]
../Library/CommonFunctions.h(21): web_set_sockets_option was successful  	[MsgId: MMSG-26392]
Action.c(12): Notify: Transaction "openHomePage" ended with a "Pass" status (Duration: 0,0531 Wasted Time: 0,0001).	[MsgId: MMSG-16871]
Action.c(14): lr_think_time: 5,00 seconds.	[MsgId: MMSG-15948]
Action.c(16): Notify: Transaction "login" started.	[MsgId: MMSG-16999]
../Library/CommonFunctions.h(26): web_reg_find started  	[MsgId: MMSG-26355]
../Library/CommonFunctions.h(26): Notify: Parameter Substitution: parameter "userName" =  "user01"	[MsgId: MMSG-13992]
../Library/CommonFunctions.h(26): Registering web_reg_find was successful  	[MsgId: MMSG-26390]
../Library/CommonFunctions.h(31): web_submit_data("login.pl") started  	[MsgId: MMSG-26355]
../Library/CommonFunctions.h(31): Notify: Parameter Substitution: parameter "userSession" =  "134778.501741596zQDczzQpViDDDDDDtVfQzpAVfV"	[MsgId: MMSG-13992]
../Library/CommonFunctions.h(31): Notify: Parameter Substitution: parameter "userName" =  "user01"	[MsgId: MMSG-13992]
../Library/CommonFunctions.h(31): Notify: Next row for parameter password = 2 [table  = password].	[MsgId: MMSG-13876]
../Library/CommonFunctions.h(31): Notify: Parameter Substitution: parameter "password" =  "12345"	[MsgId: MMSG-13992]
../Library/CommonFunctions.h(31): Detected non-resource "http://localhost:1080/cgi-bin/nav.pl?page=menu&in=home" in "http://localhost:1080/cgi-bin/login.pl"  	[MsgId: MMSG-26574]
../Library/CommonFunctions.h(31): Detected non-resource "http://localhost:1080/cgi-bin/login.pl?intro=true" in "http://localhost:1080/cgi-bin/login.pl"  	[MsgId: MMSG-26574]
../Library/CommonFunctions.h(31): Found resource "http://localhost:1080/WebTours/images/flights.gif" in HTML "http://localhost:1080/cgi-bin/nav.pl?page=menu&in=home"  	[MsgId: MMSG-26659]
../Library/CommonFunctions.h(31): Found resource "http://localhost:1080/WebTours/images/itinerary.gif" in HTML "http://localhost:1080/cgi-bin/nav.pl?page=menu&in=home"  	[MsgId: MMSG-26659]
../Library/CommonFunctions.h(31): Found resource "http://localhost:1080/WebTours/images/in_home.gif" in HTML "http://localhost:1080/cgi-bin/nav.pl?page=menu&in=home"  	[MsgId: MMSG-26659]
../Library/CommonFunctions.h(31): Found resource "http://localhost:1080/WebTours/images/signoff.gif" in HTML "http://localhost:1080/cgi-bin/nav.pl?page=menu&in=home"  	[MsgId: MMSG-26659]
../Library/CommonFunctions.h(31): Registered web_reg_find successful for "Text=Welcome, <b>user01</b>" (count=1)  	[MsgId: MMSG-26364]
../Library/CommonFunctions.h(31): web_submit_data("login.pl") was successful, 5781 body bytes, 2056 header bytes, 36 chunking overhead bytes  	[MsgId: MMSG-26385]
Action.c(20): Notify: Transaction "login" ended with a "Pass" status (Duration: 0,0811 Wasted Time: 0,0000).	[MsgId: MMSG-16871]
Action.c(22): lr_think_time: 5,00 seconds.	[MsgId: MMSG-15948]
Action.c(24): Notify: Transaction "browsingItenerary" started.	[MsgId: MMSG-16999]
Action.c(26): web_reg_find started  	[MsgId: MMSG-26355]
Action.c(26): Registering web_reg_find was successful  	[MsgId: MMSG-26390]
Action.c(30): web_reg_save_param started  	[MsgId: MMSG-26355]
Action.c(30): Registering web_reg_save_param was successful  	[MsgId: MMSG-26390]
Action.c(37): web_url("Itinerary Button") started  	[MsgId: MMSG-26355]
Action.c(37): Detected non-resource "http://localhost:1080/cgi-bin/nav.pl?page=menu&in=itinerary" in "http://localhost:1080/cgi-bin/welcome.pl?page=itinerary"  	[MsgId: MMSG-26574]
Action.c(37): Detected non-resource "http://localhost:1080/cgi-bin/itinerary.pl" in "http://localhost:1080/cgi-bin/welcome.pl?page=itinerary"  	[MsgId: MMSG-26574]
Action.c(37): Resource "http://localhost:1080/WebTours/images/flights.gif" is in the cache already and will not be downloaded again  	[MsgId: MMSG-26655]
Action.c(37): Found resource "http://localhost:1080/WebTours/images/in_itinerary.gif" in HTML "http://localhost:1080/cgi-bin/nav.pl?page=menu&in=itinerary"  	[MsgId: MMSG-26659]
Action.c(37): Found resource "http://localhost:1080/WebTours/images/home.gif" in HTML "http://localhost:1080/cgi-bin/nav.pl?page=menu&in=itinerary"  	[MsgId: MMSG-26659]
Action.c(37): Resource "http://localhost:1080/WebTours/images/signoff.gif" is in the cache already and will not be downloaded again  	[MsgId: MMSG-26655]
Action.c(37): Notify: Saving Parameter "flightId_1 = 11567-793-fl".	[MsgId: MMSG-13798]
Action.c(37): Found resource "http://localhost:1080/WebTours/images/cancelreservation.gif" in HTML "http://localhost:1080/cgi-bin/itinerary.pl"  	[MsgId: MMSG-26659]
Action.c(37): Found resource "http://localhost:1080/WebTours/images/cancelallreservations.gif" in HTML "http://localhost:1080/cgi-bin/itinerary.pl"  	[MsgId: MMSG-26659]
Action.c(37): Registered web_reg_find successful for "Text=Itinerary" (count=3)  	[MsgId: MMSG-26364]
Action.c(37): Notify: Saving Parameter "flightId_count = 1".	[MsgId: MMSG-13798]
Action.c(37): web_url("Itinerary Button") was successful, 7707 body bytes, 1919 header bytes, 36 chunking overhead bytes  	[MsgId: MMSG-26385]
Action.c(47): Notify: Transaction "browsingItenerary" ended with a "Pass" status (Duration: 0,1010 Wasted Time: 0,0114).	[MsgId: MMSG-16871]
Action.c(49): lr_think_time: 5,00 seconds.	[MsgId: MMSG-15948]
Action.c(51): Notify: Transaction "CancelingFlight" started.	[MsgId: MMSG-16999]
Action.c(53): Notify: Parameter Substitution: parameter "flightId_count" =  "1"	[MsgId: MMSG-13992]
Action.c(108): web_reg_find started  	[MsgId: MMSG-26355]
Action.c(108): Notify: Parameter Substitution: parameter "flightId_1" =  "11567-793-fl"	[MsgId: MMSG-13992]
Action.c(108): Registering web_reg_find was successful  	[MsgId: MMSG-26390]
Action.c(113): web_submit_form("itinerary.pl") started  	[MsgId: MMSG-26355]
Action.c(113): Submitting form to "http://localhost:1080/cgi-bin/itinerary.pl", Target Frame=""  	[MsgId: MMSG-27978]
Action.c(113): Registered web_reg_find successful for "Text=11567-793-fl"  	[MsgId: MMSG-26362]
Action.c(113): web_submit_form("itinerary.pl") was successful, 887 body bytes, 256 header bytes, 12 chunking overhead bytes  	[MsgId: MMSG-26385]
Action.c(122): Notify: Transaction "CancelingFlight" ended with a "Pass" status (Duration: 0,0636 Wasted Time: 0,0000).	[MsgId: MMSG-16871]
Action.c(130): Notify: Transaction "UC_04_ItineraryListBrowsing" ended with a "Pass" status (Duration: 15,3022 Think Time: 15,0028 Wasted Time: 0,0115).	[MsgId: MMSG-16870]
Ending action Action.	[MsgId: MMSG-15918]
Ending iteration 2.	[MsgId: MMSG-15965]
Waiting 34,6980 seconds for iteration pacing.	[MsgId: MMSG-15996]
Starting iteration 3.	[MsgId: MMSG-15968]
Notify: Next row for parameter userName = 3 [table  = userName].	[MsgId: MMSG-13876]
Notify: Getting new value for parameter 'userName': table = '..\Param\TestUserInfo.dat' column = '0' row = '3'.	[MsgId: MMSG-13877]
Notify: Next row for parameter password = 3 [table  = password].	[MsgId: MMSG-13876]
Notify: Getting new value for parameter 'password': table = '..\Param\TestUserInfo.dat' column = '1' row = '3'.	[MsgId: MMSG-13877]
Starting action Action.	[MsgId: MMSG-15919]
Action.c(6): Notify: Transaction "UC_04_ItineraryListBrowsing" started.	[MsgId: MMSG-16999]
Action.c(8): Notify: Transaction "openHomePage" started.	[MsgId: MMSG-16999]
../Library/CommonFunctions.h(6): web_reg_save_param started  	[MsgId: MMSG-26355]
../Library/CommonFunctions.h(6): Registering web_reg_save_param was successful  	[MsgId: MMSG-26390]
../Library/CommonFunctions.h(11): web_url("WebTours") started  	[MsgId: MMSG-26355]
../Library/CommonFunctions.h(11): Detected non-resource "http://localhost:1080/WebTours/header.html" in "http://localhost:1080/WebTours/"  	[MsgId: MMSG-26574]
../Library/CommonFunctions.h(11): Detected non-resource "http://localhost:1080/cgi-bin/welcome.pl?signOff=true" in "http://localhost:1080/WebTours/"  	[MsgId: MMSG-26574]
../Library/CommonFunctions.h(11): Found resource "http://localhost:1080/WebTours/images/hp_logo.png" in HTML "http://localhost:1080/WebTours/header.html"  	[MsgId: MMSG-26659]
../Library/CommonFunctions.h(11): Found resource "http://localhost:1080/WebTours/images/webtours.png" in HTML "http://localhost:1080/WebTours/header.html"  	[MsgId: MMSG-26659]
../Library/CommonFunctions.h(11): Detected non-resource "http://localhost:1080/cgi-bin/nav.pl?in=home" in "http://localhost:1080/cgi-bin/welcome.pl?signOff=true"  	[MsgId: MMSG-26574]
../Library/CommonFunctions.h(11): Detected non-resource "http://localhost:1080/WebTours/home.html" in "http://localhost:1080/cgi-bin/welcome.pl?signOff=true"  	[MsgId: MMSG-26574]
../Library/CommonFunctions.h(11): Notify: Saving Parameter "userSession = 134778.505791819zQDczzQpDQVzzzzHtVfQzpAVzDf".	[MsgId: MMSG-13798]
../Library/CommonFunctions.h(11): Found resource "http://localhost:1080/WebTours/images/mer_login.gif" in HTML "http://localhost:1080/cgi-bin/nav.pl?in=home"  	[MsgId: MMSG-26659]
../Library/CommonFunctions.h(11): web_url("WebTours") was successful, 10079 body bytes, 2377 header bytes, 24 chunking overhead bytes  	[MsgId: MMSG-26385]
../Library/CommonFunctions.h(21): web_set_sockets_option started  	[MsgId: MMSG-26355]
../Library/CommonFunctions.h(21): web_set_sockets_option was successful  	[MsgId: MMSG-26392]
Action.c(12): Notify: Transaction "openHomePage" ended with a "Pass" status (Duration: 0,0824 Wasted Time: 0,0001).	[MsgId: MMSG-16871]
Action.c(14): lr_think_time: 5,00 seconds.	[MsgId: MMSG-15948]
Action.c(16): Notify: Transaction "login" started.	[MsgId: MMSG-16999]
../Library/CommonFunctions.h(26): web_reg_find started  	[MsgId: MMSG-26355]
../Library/CommonFunctions.h(26): Notify: Parameter Substitution: parameter "userName" =  "user02"	[MsgId: MMSG-13992]
../Library/CommonFunctions.h(26): Registering web_reg_find was successful  	[MsgId: MMSG-26390]
../Library/CommonFunctions.h(31): web_submit_data("login.pl") started  	[MsgId: MMSG-26355]
../Library/CommonFunctions.h(31): Notify: Parameter Substitution: parameter "userSession" =  "134778.505791819zQDczzQpDQVzzzzHtVfQzpAVzDf"	[MsgId: MMSG-13992]
../Library/CommonFunctions.h(31): Notify: Parameter Substitution: parameter "userName" =  "user02"	[MsgId: MMSG-13992]
../Library/CommonFunctions.h(31): Notify: Next row for parameter password = 3 [table  = password].	[MsgId: MMSG-13876]
../Library/CommonFunctions.h(31): Notify: Parameter Substitution: parameter "password" =  "12345"	[MsgId: MMSG-13992]
../Library/CommonFunctions.h(31): Detected non-resource "http://localhost:1080/cgi-bin/nav.pl?page=menu&in=home" in "http://localhost:1080/cgi-bin/login.pl"  	[MsgId: MMSG-26574]
../Library/CommonFunctions.h(31): Detected non-resource "http://localhost:1080/cgi-bin/login.pl?intro=true" in "http://localhost:1080/cgi-bin/login.pl"  	[MsgId: MMSG-26574]
../Library/CommonFunctions.h(31): Found resource "http://localhost:1080/WebTours/images/flights.gif" in HTML "http://localhost:1080/cgi-bin/nav.pl?page=menu&in=home"  	[MsgId: MMSG-26659]
../Library/CommonFunctions.h(31): Found resource "http://localhost:1080/WebTours/images/itinerary.gif" in HTML "http://localhost:1080/cgi-bin/nav.pl?page=menu&in=home"  	[MsgId: MMSG-26659]
../Library/CommonFunctions.h(31): Found resource "http://localhost:1080/WebTours/images/in_home.gif" in HTML "http://localhost:1080/cgi-bin/nav.pl?page=menu&in=home"  	[MsgId: MMSG-26659]
../Library/CommonFunctions.h(31): Found resource "http://localhost:1080/WebTours/images/signoff.gif" in HTML "http://localhost:1080/cgi-bin/nav.pl?page=menu&in=home"  	[MsgId: MMSG-26659]
../Library/CommonFunctions.h(31): Registered web_reg_find successful for "Text=Welcome, <b>user02</b>" (count=1)  	[MsgId: MMSG-26364]
../Library/CommonFunctions.h(31): web_submit_data("login.pl") was successful, 5781 body bytes, 2056 header bytes, 36 chunking overhead bytes  	[MsgId: MMSG-26385]
Action.c(20): Notify: Transaction "login" ended with a "Pass" status (Duration: 0,0780 Wasted Time: 0,0000).	[MsgId: MMSG-16871]
Action.c(22): lr_think_time: 5,00 seconds.	[MsgId: MMSG-15948]
Action.c(24): Notify: Transaction "browsingItenerary" started.	[MsgId: MMSG-16999]
Action.c(26): web_reg_find started  	[MsgId: MMSG-26355]
Action.c(26): Registering web_reg_find was successful  	[MsgId: MMSG-26390]
Action.c(30): web_reg_save_param started  	[MsgId: MMSG-26355]
Action.c(30): Registering web_reg_save_param was successful  	[MsgId: MMSG-26390]
Action.c(37): web_url("Itinerary Button") started  	[MsgId: MMSG-26355]
Action.c(37): Detected non-resource "http://localhost:1080/cgi-bin/nav.pl?page=menu&in=itinerary" in "http://localhost:1080/cgi-bin/welcome.pl?page=itinerary"  	[MsgId: MMSG-26574]
Action.c(37): Detected non-resource "http://localhost:1080/cgi-bin/itinerary.pl" in "http://localhost:1080/cgi-bin/welcome.pl?page=itinerary"  	[MsgId: MMSG-26574]
Action.c(37): Resource "http://localhost:1080/WebTours/images/flights.gif" is in the cache already and will not be downloaded again  	[MsgId: MMSG-26655]
Action.c(37): Found resource "http://localhost:1080/WebTours/images/in_itinerary.gif" in HTML "http://localhost:1080/cgi-bin/nav.pl?page=menu&in=itinerary"  	[MsgId: MMSG-26659]
Action.c(37): Found resource "http://localhost:1080/WebTours/images/home.gif" in HTML "http://localhost:1080/cgi-bin/nav.pl?page=menu&in=itinerary"  	[MsgId: MMSG-26659]
Action.c(37): Resource "http://localhost:1080/WebTours/images/signoff.gif" is in the cache already and will not be downloaded again  	[MsgId: MMSG-26655]
Action.c(37): Registered web_reg_find successful for "Text=Itinerary" (count=3)  	[MsgId: MMSG-26364]
Action.c(37): Error -26377: No match found for the requested parameter "flightId". Either the specified boundaries were not found in the response or the matched text is longer than current max html parameter size of 256 bytes. The total length of the response is 4381 bytes. You can use "web_set_max_html_param_len" to increase the max parameter size.  	[MsgId: MERR-26377]
Action.c(37): Notify: Saving Parameter "flightId_count = 0".	[MsgId: MMSG-13798]
Action.c(37): web_url("Itinerary Button") highest severity level was "ERROR", 4381 body bytes, 1325 header bytes, 36 chunking overhead bytes  	[MsgId: MMSG-26387]
Action.c(37): Notify: Transaction "browsingItenerary" ended with a "Fail" status (Duration: 0,0780 Wasted Time: 0,0000).	[MsgId: MMSG-16871]
Action.c(37): Notify: Transaction "browsingItenerary" has 1 error message(s).	[MsgId: MMSG-16818]
Action.c(37): Notify: The 1st error message associated with transaction "browsingItenerary" is "Error -26377: No match found for the requested parameter "flightId". Either the specified boundaries were not found in the response or the matched text is longer than current max html parameter size of 256 bytes. The total length of the response is 4381 bytes. You can use "web_set_max_html_param_len" to increase the max parameter size."	[MsgId: MMSG-16819]
Action.c(37): Notify: Transaction "UC_04_ItineraryListBrowsing" ended with a "Fail" status (Duration: 10,2406 Think Time: 10,0016 Wasted Time: 0,0001).	[MsgId: MMSG-16870]
Action.c(37): Notify: Transaction "UC_04_ItineraryListBrowsing" has 1 error message(s).	[MsgId: MMSG-16818]
Action.c(37): Notify: The 1st error message associated with transaction "UC_04_ItineraryListBrowsing" is "Error -26377: No match found for the requested parameter "flightId". Either the specified boundaries were not found in the response or the matched text is longer than current max html parameter size of 256 bytes. The total length of the response is 4381 bytes. You can use "web_set_max_html_param_len" to increase the max parameter size."	[MsgId: MMSG-16819]
Ending action Action.	[MsgId: MMSG-15918]
Ending iteration 3.	[MsgId: MMSG-15965]
Waiting 39,7540 seconds for iteration pacing.	[MsgId: MMSG-15996]
Starting iteration 4.	[MsgId: MMSG-15968]
Notify: Next row for parameter userName = 4 [table  = userName].	[MsgId: MMSG-13876]
Notify: Getting new value for parameter 'userName': table = '..\Param\TestUserInfo.dat' column = '0' row = '4'.	[MsgId: MMSG-13877]
Notify: Next row for parameter password = 4 [table  = password].	[MsgId: MMSG-13876]
Notify: Getting new value for parameter 'password': table = '..\Param\TestUserInfo.dat' column = '1' row = '4'.	[MsgId: MMSG-13877]
Starting action Action.	[MsgId: MMSG-15919]
Action.c(6): Notify: Transaction "UC_04_ItineraryListBrowsing" started.	[MsgId: MMSG-16999]
Action.c(8): Notify: Transaction "openHomePage" started.	[MsgId: MMSG-16999]
../Library/CommonFunctions.h(6): web_reg_save_param started  	[MsgId: MMSG-26355]
../Library/CommonFunctions.h(6): Registering web_reg_save_param was successful  	[MsgId: MMSG-26390]
../Library/CommonFunctions.h(11): web_url("WebTours") started  	[MsgId: MMSG-26355]
../Library/CommonFunctions.h(11): Detected non-resource "http://localhost:1080/WebTours/header.html" in "http://localhost:1080/WebTours/"  	[MsgId: MMSG-26574]
../Library/CommonFunctions.h(11): Detected non-resource "http://localhost:1080/cgi-bin/welcome.pl?signOff=true" in "http://localhost:1080/WebTours/"  	[MsgId: MMSG-26574]
../Library/CommonFunctions.h(11): Found resource "http://localhost:1080/WebTours/images/hp_logo.png" in HTML "http://localhost:1080/WebTours/header.html"  	[MsgId: MMSG-26659]
../Library/CommonFunctions.h(11): Found resource "http://localhost:1080/WebTours/images/webtours.png" in HTML "http://localhost:1080/WebTours/header.html"  	[MsgId: MMSG-26659]
../Library/CommonFunctions.h(11): Detected non-resource "http://localhost:1080/cgi-bin/nav.pl?in=home" in "http://localhost:1080/cgi-bin/welcome.pl?signOff=true"  	[MsgId: MMSG-26574]
../Library/CommonFunctions.h(11): Detected non-resource "http://localhost:1080/WebTours/home.html" in "http://localhost:1080/cgi-bin/welcome.pl?signOff=true"  	[MsgId: MMSG-26574]
../Library/CommonFunctions.h(11): Notify: Saving Parameter "userSession = 134778.509842041zQDczzQpztVfQzpAVHz".	[MsgId: MMSG-13798]
../Library/CommonFunctions.h(11): Found resource "http://localhost:1080/WebTours/images/mer_login.gif" in HTML "http://localhost:1080/cgi-bin/nav.pl?in=home"  	[MsgId: MMSG-26659]
../Library/CommonFunctions.h(11): web_url("WebTours") was successful, 10071 body bytes, 2377 header bytes, 24 chunking overhead bytes  	[MsgId: MMSG-26385]
../Library/CommonFunctions.h(21): web_set_sockets_option started  	[MsgId: MMSG-26355]
../Library/CommonFunctions.h(21): web_set_sockets_option was successful  	[MsgId: MMSG-26392]
Action.c(12): Notify: Transaction "openHomePage" ended with a "Pass" status (Duration: 0,0607 Wasted Time: 0,0001).	[MsgId: MMSG-16871]
Action.c(14): lr_think_time: 5,00 seconds.	[MsgId: MMSG-15948]
Action.c(16): Notify: Transaction "login" started.	[MsgId: MMSG-16999]
../Library/CommonFunctions.h(26): web_reg_find started  	[MsgId: MMSG-26355]
../Library/CommonFunctions.h(26): Notify: Parameter Substitution: parameter "userName" =  "user03"	[MsgId: MMSG-13992]
../Library/CommonFunctions.h(26): Registering web_reg_find was successful  	[MsgId: MMSG-26390]
../Library/CommonFunctions.h(31): web_submit_data("login.pl") started  	[MsgId: MMSG-26355]
../Library/CommonFunctions.h(31): Notify: Parameter Substitution: parameter "userSession" =  "134778.509842041zQDczzQpztVfQzpAVHz"	[MsgId: MMSG-13992]
../Library/CommonFunctions.h(31): Notify: Parameter Substitution: parameter "userName" =  "user03"	[MsgId: MMSG-13992]
../Library/CommonFunctions.h(31): Notify: Next row for parameter password = 4 [table  = password].	[MsgId: MMSG-13876]
../Library/CommonFunctions.h(31): Notify: Parameter Substitution: parameter "password" =  "12345"	[MsgId: MMSG-13992]
../Library/CommonFunctions.h(31): Detected non-resource "http://localhost:1080/cgi-bin/nav.pl?page=menu&in=home" in "http://localhost:1080/cgi-bin/login.pl"  	[MsgId: MMSG-26574]
../Library/CommonFunctions.h(31): Detected non-resource "http://localhost:1080/cgi-bin/login.pl?intro=true" in "http://localhost:1080/cgi-bin/login.pl"  	[MsgId: MMSG-26574]
../Library/CommonFunctions.h(31): Found resource "http://localhost:1080/WebTours/images/flights.gif" in HTML "http://localhost:1080/cgi-bin/nav.pl?page=menu&in=home"  	[MsgId: MMSG-26659]
../Library/CommonFunctions.h(31): Found resource "http://localhost:1080/WebTours/images/itinerary.gif" in HTML "http://localhost:1080/cgi-bin/nav.pl?page=menu&in=home"  	[MsgId: MMSG-26659]
../Library/CommonFunctions.h(31): Found resource "http://localhost:1080/WebTours/images/in_home.gif" in HTML "http://localhost:1080/cgi-bin/nav.pl?page=menu&in=home"  	[MsgId: MMSG-26659]
../Library/CommonFunctions.h(31): Found resource "http://localhost:1080/WebTours/images/signoff.gif" in HTML "http://localhost:1080/cgi-bin/nav.pl?page=menu&in=home"  	[MsgId: MMSG-26659]
../Library/CommonFunctions.h(31): Registered web_reg_find successful for "Text=Welcome, <b>user03</b>" (count=1)  	[MsgId: MMSG-26364]
../Library/CommonFunctions.h(31): web_submit_data("login.pl") was successful, 5781 body bytes, 2056 header bytes, 36 chunking overhead bytes  	[MsgId: MMSG-26385]
Action.c(20): Notify: Transaction "login" ended with a "Pass" status (Duration: 0,0900 Wasted Time: 0,0000).	[MsgId: MMSG-16871]
Action.c(22): lr_think_time: 5,00 seconds.	[MsgId: MMSG-15948]
Action.c(24): Notify: Transaction "browsingItenerary" started.	[MsgId: MMSG-16999]
Action.c(26): web_reg_find started  	[MsgId: MMSG-26355]
Action.c(26): Registering web_reg_find was successful  	[MsgId: MMSG-26390]
Action.c(30): web_reg_save_param started  	[MsgId: MMSG-26355]
Action.c(30): Registering web_reg_save_param was successful  	[MsgId: MMSG-26390]
Action.c(37): web_url("Itinerary Button") started  	[MsgId: MMSG-26355]
Action.c(37): Detected non-resource "http://localhost:1080/cgi-bin/nav.pl?page=menu&in=itinerary" in "http://localhost:1080/cgi-bin/welcome.pl?page=itinerary"  	[MsgId: MMSG-26574]
Action.c(37): Detected non-resource "http://localhost:1080/cgi-bin/itinerary.pl" in "http://localhost:1080/cgi-bin/welcome.pl?page=itinerary"  	[MsgId: MMSG-26574]
Action.c(37): Resource "http://localhost:1080/WebTours/images/flights.gif" is in the cache already and will not be downloaded again  	[MsgId: MMSG-26655]
Action.c(37): Found resource "http://localhost:1080/WebTours/images/in_itinerary.gif" in HTML "http://localhost:1080/cgi-bin/nav.pl?page=menu&in=itinerary"  	[MsgId: MMSG-26659]
Action.c(37): Found resource "http://localhost:1080/WebTours/images/home.gif" in HTML "http://localhost:1080/cgi-bin/nav.pl?page=menu&in=itinerary"  	[MsgId: MMSG-26659]
Action.c(37): Resource "http://localhost:1080/WebTours/images/signoff.gif" is in the cache already and will not be downloaded again  	[MsgId: MMSG-26655]
Action.c(37): Registered web_reg_find successful for "Text=Itinerary" (count=3)  	[MsgId: MMSG-26364]
Action.c(37): Error -26377: No match found for the requested parameter "flightId". Either the specified boundaries were not found in the response or the matched text is longer than current max html parameter size of 256 bytes. The total length of the response is 4381 bytes. You can use "web_set_max_html_param_len" to increase the max parameter size.  	[MsgId: MERR-26377]
Action.c(37): Notify: Saving Parameter "flightId_count = 0".	[MsgId: MMSG-13798]
Action.c(37): web_url("Itinerary Button") highest severity level was "ERROR", 4381 body bytes, 1325 header bytes, 36 chunking overhead bytes  	[MsgId: MMSG-26387]
Action.c(37): Notify: Transaction "browsingItenerary" ended with a "Fail" status (Duration: 0,0771 Wasted Time: 0,0000).	[MsgId: MMSG-16871]
Action.c(37): Notify: Transaction "browsingItenerary" has 1 error message(s).	[MsgId: MMSG-16818]
Action.c(37): Notify: The 1st error message associated with transaction "browsingItenerary" is "Error -26377: No match found for the requested parameter "flightId". Either the specified boundaries were not found in the response or the matched text is longer than current max html parameter size of 256 bytes. The total length of the response is 4381 bytes. You can use "web_set_max_html_param_len" to increase the max parameter size."	[MsgId: MMSG-16819]
Action.c(37): Notify: Transaction "UC_04_ItineraryListBrowsing" ended with a "Fail" status (Duration: 10,2300 Think Time: 10,0016 Wasted Time: 0,0002).	[MsgId: MMSG-16870]
Action.c(37): Notify: Transaction "UC_04_ItineraryListBrowsing" has 1 error message(s).	[MsgId: MMSG-16818]
Action.c(37): Notify: The 1st error message associated with transaction "UC_04_ItineraryListBrowsing" is "Error -26377: No match found for the requested parameter "flightId". Either the specified boundaries were not found in the response or the matched text is longer than current max html parameter size of 256 bytes. The total length of the response is 4381 bytes. You can use "web_set_max_html_param_len" to increase the max parameter size."	[MsgId: MMSG-16819]
Ending action Action.	[MsgId: MMSG-15918]
Ending iteration 4.	[MsgId: MMSG-15965]
Waiting 39,7680 seconds for iteration pacing.	[MsgId: MMSG-15996]
Starting iteration 5.	[MsgId: MMSG-15968]
Notify: Next row for parameter userName = 5 [table  = userName].	[MsgId: MMSG-13876]
Notify: Getting new value for parameter 'userName': table = '..\Param\TestUserInfo.dat' column = '0' row = '5'.	[MsgId: MMSG-13877]
Notify: Next row for parameter password = 5 [table  = password].	[MsgId: MMSG-13876]
Notify: Getting new value for parameter 'password': table = '..\Param\TestUserInfo.dat' column = '1' row = '5'.	[MsgId: MMSG-13877]
Starting action Action.	[MsgId: MMSG-15919]
Action.c(6): Notify: Transaction "UC_04_ItineraryListBrowsing" started.	[MsgId: MMSG-16999]
Action.c(8): Notify: Transaction "openHomePage" started.	[MsgId: MMSG-16999]
../Library/CommonFunctions.h(6): web_reg_save_param started  	[MsgId: MMSG-26355]
../Library/CommonFunctions.h(6): Registering web_reg_save_param was successful  	[MsgId: MMSG-26390]
../Library/CommonFunctions.h(11): web_url("WebTours") started  	[MsgId: MMSG-26355]
../Library/CommonFunctions.h(11): Detected non-resource "http://localhost:1080/WebTours/header.html" in "http://localhost:1080/WebTours/"  	[MsgId: MMSG-26574]
../Library/CommonFunctions.h(11): Detected non-resource "http://localhost:1080/cgi-bin/welcome.pl?signOff=true" in "http://localhost:1080/WebTours/"  	[MsgId: MMSG-26574]
../Library/CommonFunctions.h(11): Found resource "http://localhost:1080/WebTours/images/hp_logo.png" in HTML "http://localhost:1080/WebTours/header.html"  	[MsgId: MMSG-26659]
../Library/CommonFunctions.h(11): Found resource "http://localhost:1080/WebTours/images/webtours.png" in HTML "http://localhost:1080/WebTours/header.html"  	[MsgId: MMSG-26659]
../Library/CommonFunctions.h(11): Detected non-resource "http://localhost:1080/cgi-bin/nav.pl?in=home" in "http://localhost:1080/cgi-bin/welcome.pl?signOff=true"  	[MsgId: MMSG-26574]
../Library/CommonFunctions.h(11): Detected non-resource "http://localhost:1080/WebTours/home.html" in "http://localhost:1080/cgi-bin/welcome.pl?signOff=true"  	[MsgId: MMSG-26574]
../Library/CommonFunctions.h(11): Notify: Saving Parameter "userSession = 134778.513892264zQDczzQpiAiDDDDDtVfQzpAViif".	[MsgId: MMSG-13798]
../Library/CommonFunctions.h(11): Found resource "http://localhost:1080/WebTours/images/mer_login.gif" in HTML "http://localhost:1080/cgi-bin/nav.pl?in=home"  	[MsgId: MMSG-26659]
../Library/CommonFunctions.h(11): web_url("WebTours") was successful, 10079 body bytes, 2377 header bytes, 24 chunking overhead bytes  	[MsgId: MMSG-26385]
../Library/CommonFunctions.h(21): web_set_sockets_option started  	[MsgId: MMSG-26355]
../Library/CommonFunctions.h(21): web_set_sockets_option was successful  	[MsgId: MMSG-26392]
Action.c(12): Notify: Transaction "openHomePage" ended with a "Pass" status (Duration: 0,0597 Wasted Time: 0,0001).	[MsgId: MMSG-16871]
Action.c(14): lr_think_time: 5,00 seconds.	[MsgId: MMSG-15948]
Action.c(16): Notify: Transaction "login" started.	[MsgId: MMSG-16999]
../Library/CommonFunctions.h(26): web_reg_find started  	[MsgId: MMSG-26355]
../Library/CommonFunctions.h(26): Notify: Parameter Substitution: parameter "userName" =  "user04"	[MsgId: MMSG-13992]
../Library/CommonFunctions.h(26): Registering web_reg_find was successful  	[MsgId: MMSG-26390]
../Library/CommonFunctions.h(31): web_submit_data("login.pl") started  	[MsgId: MMSG-26355]
../Library/CommonFunctions.h(31): Notify: Parameter Substitution: parameter "userSession" =  "134778.513892264zQDczzQpiAiDDDDDtVfQzpAViif"	[MsgId: MMSG-13992]
../Library/CommonFunctions.h(31): Notify: Parameter Substitution: parameter "userName" =  "user04"	[MsgId: MMSG-13992]
../Library/CommonFunctions.h(31): Notify: Next row for parameter password = 5 [table  = password].	[MsgId: MMSG-13876]
../Library/CommonFunctions.h(31): Notify: Parameter Substitution: parameter "password" =  "12345"	[MsgId: MMSG-13992]
../Library/CommonFunctions.h(31): Detected non-resource "http://localhost:1080/cgi-bin/nav.pl?page=menu&in=home" in "http://localhost:1080/cgi-bin/login.pl"  	[MsgId: MMSG-26574]
../Library/CommonFunctions.h(31): Detected non-resource "http://localhost:1080/cgi-bin/login.pl?intro=true" in "http://localhost:1080/cgi-bin/login.pl"  	[MsgId: MMSG-26574]
../Library/CommonFunctions.h(31): Found resource "http://localhost:1080/WebTours/images/flights.gif" in HTML "http://localhost:1080/cgi-bin/nav.pl?page=menu&in=home"  	[MsgId: MMSG-26659]
../Library/CommonFunctions.h(31): Found resource "http://localhost:1080/WebTours/images/itinerary.gif" in HTML "http://localhost:1080/cgi-bin/nav.pl?page=menu&in=home"  	[MsgId: MMSG-26659]
../Library/CommonFunctions.h(31): Found resource "http://localhost:1080/WebTours/images/in_home.gif" in HTML "http://localhost:1080/cgi-bin/nav.pl?page=menu&in=home"  	[MsgId: MMSG-26659]
../Library/CommonFunctions.h(31): Found resource "http://localhost:1080/WebTours/images/signoff.gif" in HTML "http://localhost:1080/cgi-bin/nav.pl?page=menu&in=home"  	[MsgId: MMSG-26659]
../Library/CommonFunctions.h(31): Registered web_reg_find successful for "Text=Welcome, <b>user04</b>" (count=1)  	[MsgId: MMSG-26364]
../Library/CommonFunctions.h(31): web_submit_data("login.pl") was successful, 5781 body bytes, 2056 header bytes, 36 chunking overhead bytes  	[MsgId: MMSG-26385]
Action.c(20): Notify: Transaction "login" ended with a "Pass" status (Duration: 0,0800 Wasted Time: 0,0000).	[MsgId: MMSG-16871]
Action.c(22): lr_think_time: 5,00 seconds.	[MsgId: MMSG-15948]
Action.c(24): Notify: Transaction "browsingItenerary" started.	[MsgId: MMSG-16999]
Action.c(26): web_reg_find started  	[MsgId: MMSG-26355]
Action.c(26): Registering web_reg_find was successful  	[MsgId: MMSG-26390]
Action.c(30): web_reg_save_param started  	[MsgId: MMSG-26355]
Action.c(30): Registering web_reg_save_param was successful  	[MsgId: MMSG-26390]
Action.c(37): web_url("Itinerary Button") started  	[MsgId: MMSG-26355]
Action.c(37): Detected non-resource "http://localhost:1080/cgi-bin/nav.pl?page=menu&in=itinerary" in "http://localhost:1080/cgi-bin/welcome.pl?page=itinerary"  	[MsgId: MMSG-26574]
Action.c(37): Detected non-resource "http://localhost:1080/cgi-bin/itinerary.pl" in "http://localhost:1080/cgi-bin/welcome.pl?page=itinerary"  	[MsgId: MMSG-26574]
Action.c(37): Resource "http://localhost:1080/WebTours/images/flights.gif" is in the cache already and will not be downloaded again  	[MsgId: MMSG-26655]
Action.c(37): Found resource "http://localhost:1080/WebTours/images/in_itinerary.gif" in HTML "http://localhost:1080/cgi-bin/nav.pl?page=menu&in=itinerary"  	[MsgId: MMSG-26659]
Action.c(37): Found resource "http://localhost:1080/WebTours/images/home.gif" in HTML "http://localhost:1080/cgi-bin/nav.pl?page=menu&in=itinerary"  	[MsgId: MMSG-26659]
Action.c(37): Resource "http://localhost:1080/WebTours/images/signoff.gif" is in the cache already and will not be downloaded again  	[MsgId: MMSG-26655]
Action.c(37): Registered web_reg_find successful for "Text=Itinerary" (count=3)  	[MsgId: MMSG-26364]
Action.c(37): Error -26377: No match found for the requested parameter "flightId". Either the specified boundaries were not found in the response or the matched text is longer than current max html parameter size of 256 bytes. The total length of the response is 4381 bytes. You can use "web_set_max_html_param_len" to increase the max parameter size.  	[MsgId: MERR-26377]
Action.c(37): Notify: Saving Parameter "flightId_count = 0".	[MsgId: MMSG-13798]
Action.c(37): web_url("Itinerary Button") highest severity level was "ERROR", 4381 body bytes, 1325 header bytes, 36 chunking overhead bytes  	[MsgId: MMSG-26387]
Action.c(37): Notify: Transaction "browsingItenerary" ended with a "Fail" status (Duration: 0,0754 Wasted Time: 0,0000).	[MsgId: MMSG-16871]
Action.c(37): Notify: Transaction "browsingItenerary" has 1 error message(s).	[MsgId: MMSG-16818]
Action.c(37): Notify: The 1st error message associated with transaction "browsingItenerary" is "Error -26377: No match found for the requested parameter "flightId". Either the specified boundaries were not found in the response or the matched text is longer than current max html parameter size of 256 bytes. The total length of the response is 4381 bytes. You can use "web_set_max_html_param_len" to increase the max parameter size."	[MsgId: MMSG-16819]
Action.c(37): Notify: Transaction "UC_04_ItineraryListBrowsing" ended with a "Fail" status (Duration: 10,2174 Think Time: 10,0018 Wasted Time: 0,0002).	[MsgId: MMSG-16870]
Action.c(37): Notify: Transaction "UC_04_ItineraryListBrowsing" has 1 error message(s).	[MsgId: MMSG-16818]
Action.c(37): Notify: The 1st error message associated with transaction "UC_04_ItineraryListBrowsing" is "Error -26377: No match found for the requested parameter "flightId". Either the specified boundaries were not found in the response or the matched text is longer than current max html parameter size of 256 bytes. The total length of the response is 4381 bytes. You can use "web_set_max_html_param_len" to increase the max parameter size."	[MsgId: MMSG-16819]
Ending action Action.	[MsgId: MMSG-15918]
Ending iteration 5.	[MsgId: MMSG-15965]
Waiting 39,7810 seconds for iteration pacing.	[MsgId: MMSG-15996]
Starting iteration 6.	[MsgId: MMSG-15968]
Notify: Next row for parameter userName = 6 [table  = userName].	[MsgId: MMSG-13876]
Notify: Getting new value for parameter 'userName': table = '..\Param\TestUserInfo.dat' column = '0' row = '6'.	[MsgId: MMSG-13877]
Notify: Next row for parameter password = 6 [table  = password].	[MsgId: MMSG-13876]
Notify: Getting new value for parameter 'password': table = '..\Param\TestUserInfo.dat' column = '1' row = '6'.	[MsgId: MMSG-13877]
Starting action Action.	[MsgId: MMSG-15919]
Action.c(6): Notify: Transaction "UC_04_ItineraryListBrowsing" started.	[MsgId: MMSG-16999]
Action.c(8): Notify: Transaction "openHomePage" started.	[MsgId: MMSG-16999]
../Library/CommonFunctions.h(6): web_reg_save_param started  	[MsgId: MMSG-26355]
../Library/CommonFunctions.h(6): Registering web_reg_save_param was successful  	[MsgId: MMSG-26390]
../Library/CommonFunctions.h(11): web_url("WebTours") started  	[MsgId: MMSG-26355]
../Library/CommonFunctions.h(11): Detected non-resource "http://localhost:1080/WebTours/header.html" in "http://localhost:1080/WebTours/"  	[MsgId: MMSG-26574]
../Library/CommonFunctions.h(11): Detected non-resource "http://localhost:1080/cgi-bin/welcome.pl?signOff=true" in "http://localhost:1080/WebTours/"  	[MsgId: MMSG-26574]
../Library/CommonFunctions.h(11): Found resource "http://localhost:1080/WebTours/images/hp_logo.png" in HTML "http://localhost:1080/WebTours/header.html"  	[MsgId: MMSG-26659]
../Library/CommonFunctions.h(11): Found resource "http://localhost:1080/WebTours/images/webtours.png" in HTML "http://localhost:1080/WebTours/header.html"  	[MsgId: MMSG-26659]
../Library/CommonFunctions.h(11): Detected non-resource "http://localhost:1080/cgi-bin/nav.pl?in=home" in "http://localhost:1080/cgi-bin/welcome.pl?signOff=true"  	[MsgId: MMSG-26574]
../Library/CommonFunctions.h(11): Detected non-resource "http://localhost:1080/WebTours/home.html" in "http://localhost:1080/cgi-bin/welcome.pl?signOff=true"  	[MsgId: MMSG-26574]
../Library/CommonFunctions.h(11): Notify: Saving Parameter "userSession = 134778.517942487zQDczHApAVzzzzzHtVfQzpAcAV".	[MsgId: MMSG-13798]
../Library/CommonFunctions.h(11): Found resource "http://localhost:1080/WebTours/images/mer_login.gif" in HTML "http://localhost:1080/cgi-bin/nav.pl?in=home"  	[MsgId: MMSG-26659]
../Library/CommonFunctions.h(11): web_url("WebTours") was successful, 10078 body bytes, 2377 header bytes, 24 chunking overhead bytes  	[MsgId: MMSG-26385]
../Library/CommonFunctions.h(21): web_set_sockets_option started  	[MsgId: MMSG-26355]
../Library/CommonFunctions.h(21): web_set_sockets_option was successful  	[MsgId: MMSG-26392]
Action.c(12): Notify: Transaction "openHomePage" ended with a "Pass" status (Duration: 0,0617 Wasted Time: 0,0001).	[MsgId: MMSG-16871]
Action.c(14): lr_think_time: 5,00 seconds.	[MsgId: MMSG-15948]
Action.c(16): Notify: Transaction "login" started.	[MsgId: MMSG-16999]
../Library/CommonFunctions.h(26): web_reg_find started  	[MsgId: MMSG-26355]
../Library/CommonFunctions.h(26): Notify: Parameter Substitution: parameter "userName" =  "user05"	[MsgId: MMSG-13992]
../Library/CommonFunctions.h(26): Registering web_reg_find was successful  	[MsgId: MMSG-26390]
../Library/CommonFunctions.h(31): web_submit_data("login.pl") started  	[MsgId: MMSG-26355]
../Library/CommonFunctions.h(31): Notify: Parameter Substitution: parameter "userSession" =  "134778.517942487zQDczHApAVzzzzzHtVfQzpAcAV"	[MsgId: MMSG-13992]
../Library/CommonFunctions.h(31): Notify: Parameter Substitution: parameter "userName" =  "user05"	[MsgId: MMSG-13992]
../Library/CommonFunctions.h(31): Notify: Next row for parameter password = 6 [table  = password].	[MsgId: MMSG-13876]
../Library/CommonFunctions.h(31): Notify: Parameter Substitution: parameter "password" =  "12345"	[MsgId: MMSG-13992]
../Library/CommonFunctions.h(31): Detected non-resource "http://localhost:1080/cgi-bin/nav.pl?page=menu&in=home" in "http://localhost:1080/cgi-bin/login.pl"  	[MsgId: MMSG-26574]
../Library/CommonFunctions.h(31): Detected non-resource "http://localhost:1080/cgi-bin/login.pl?intro=true" in "http://localhost:1080/cgi-bin/login.pl"  	[MsgId: MMSG-26574]
../Library/CommonFunctions.h(31): Found resource "http://localhost:1080/WebTours/images/flights.gif" in HTML "http://localhost:1080/cgi-bin/nav.pl?page=menu&in=home"  	[MsgId: MMSG-26659]
../Library/CommonFunctions.h(31): Found resource "http://localhost:1080/WebTours/images/itinerary.gif" in HTML "http://localhost:1080/cgi-bin/nav.pl?page=menu&in=home"  	[MsgId: MMSG-26659]
../Library/CommonFunctions.h(31): Found resource "http://localhost:1080/WebTours/images/in_home.gif" in HTML "http://localhost:1080/cgi-bin/nav.pl?page=menu&in=home"  	[MsgId: MMSG-26659]
../Library/CommonFunctions.h(31): Found resource "http://localhost:1080/WebTours/images/signoff.gif" in HTML "http://localhost:1080/cgi-bin/nav.pl?page=menu&in=home"  	[MsgId: MMSG-26659]
../Library/CommonFunctions.h(31): Registered web_reg_find successful for "Text=Welcome, <b>user05</b>" (count=1)  	[MsgId: MMSG-26364]
../Library/CommonFunctions.h(31): web_submit_data("login.pl") was successful, 5781 body bytes, 2056 header bytes, 36 chunking overhead bytes  	[MsgId: MMSG-26385]
Action.c(20): Notify: Transaction "login" ended with a "Pass" status (Duration: 0,0809 Wasted Time: 0,0000).	[MsgId: MMSG-16871]
Action.c(22): lr_think_time: 5,00 seconds.	[MsgId: MMSG-15948]
Action.c(24): Notify: Transaction "browsingItenerary" started.	[MsgId: MMSG-16999]
Action.c(26): web_reg_find started  	[MsgId: MMSG-26355]
Action.c(26): Registering web_reg_find was successful  	[MsgId: MMSG-26390]
Action.c(30): web_reg_save_param started  	[MsgId: MMSG-26355]
Action.c(30): Registering web_reg_save_param was successful  	[MsgId: MMSG-26390]
Action.c(37): web_url("Itinerary Button") started  	[MsgId: MMSG-26355]
Action.c(37): Detected non-resource "http://localhost:1080/cgi-bin/nav.pl?page=menu&in=itinerary" in "http://localhost:1080/cgi-bin/welcome.pl?page=itinerary"  	[MsgId: MMSG-26574]
Action.c(37): Detected non-resource "http://localhost:1080/cgi-bin/itinerary.pl" in "http://localhost:1080/cgi-bin/welcome.pl?page=itinerary"  	[MsgId: MMSG-26574]
Action.c(37): Resource "http://localhost:1080/WebTours/images/flights.gif" is in the cache already and will not be downloaded again  	[MsgId: MMSG-26655]
Action.c(37): Found resource "http://localhost:1080/WebTours/images/in_itinerary.gif" in HTML "http://localhost:1080/cgi-bin/nav.pl?page=menu&in=itinerary"  	[MsgId: MMSG-26659]
Action.c(37): Found resource "http://localhost:1080/WebTours/images/home.gif" in HTML "http://localhost:1080/cgi-bin/nav.pl?page=menu&in=itinerary"  	[MsgId: MMSG-26659]
Action.c(37): Resource "http://localhost:1080/WebTours/images/signoff.gif" is in the cache already and will not be downloaded again  	[MsgId: MMSG-26655]
Action.c(37): Registered web_reg_find successful for "Text=Itinerary" (count=3)  	[MsgId: MMSG-26364]
Action.c(37): Error -26377: No match found for the requested parameter "flightId". Either the specified boundaries were not found in the response or the matched text is longer than current max html parameter size of 256 bytes. The total length of the response is 4381 bytes. You can use "web_set_max_html_param_len" to increase the max parameter size.  	[MsgId: MERR-26377]
Action.c(37): Notify: Saving Parameter "flightId_count = 0".	[MsgId: MMSG-13798]
Action.c(37): web_url("Itinerary Button") highest severity level was "ERROR", 4381 body bytes, 1325 header bytes, 36 chunking overhead bytes  	[MsgId: MMSG-26387]
Action.c(37): Notify: Transaction "browsingItenerary" ended with a "Fail" status (Duration: 0,0867 Wasted Time: 0,0000).	[MsgId: MMSG-16871]
Action.c(37): Notify: Transaction "browsingItenerary" has 1 error message(s).	[MsgId: MMSG-16818]
Action.c(37): Notify: The 1st error message associated with transaction "browsingItenerary" is "Error -26377: No match found for the requested parameter "flightId". Either the specified boundaries were not found in the response or the matched text is longer than current max html parameter size of 256 bytes. The total length of the response is 4381 bytes. You can use "web_set_max_html_param_len" to increase the max parameter size."	[MsgId: MMSG-16819]
Action.c(37): Notify: Transaction "UC_04_ItineraryListBrowsing" ended with a "Fail" status (Duration: 10,2318 Think Time: 10,0018 Wasted Time: 0,0001).	[MsgId: MMSG-16870]
Action.c(37): Notify: Transaction "UC_04_ItineraryListBrowsing" has 1 error message(s).	[MsgId: MMSG-16818]
Action.c(37): Notify: The 1st error message associated with transaction "UC_04_ItineraryListBrowsing" is "Error -26377: No match found for the requested parameter "flightId". Either the specified boundaries were not found in the response or the matched text is longer than current max html parameter size of 256 bytes. The total length of the response is 4381 bytes. You can use "web_set_max_html_param_len" to increase the max parameter size."	[MsgId: MMSG-16819]
Ending action Action.	[MsgId: MMSG-15918]
Ending iteration 6.	[MsgId: MMSG-15965]
Waiting 39,7670 seconds for iteration pacing.	[MsgId: MMSG-15996]
Starting iteration 7.	[MsgId: MMSG-15968]
Notify: Next row for parameter userName = 7 [table  = userName].	[MsgId: MMSG-13876]
Notify: Getting new value for parameter 'userName': table = '..\Param\TestUserInfo.dat' column = '0' row = '7'.	[MsgId: MMSG-13877]
Notify: Next row for parameter password = 7 [table  = password].	[MsgId: MMSG-13876]
Notify: Getting new value for parameter 'password': table = '..\Param\TestUserInfo.dat' column = '1' row = '7'.	[MsgId: MMSG-13877]
Starting action Action.	[MsgId: MMSG-15919]
Action.c(6): Notify: Transaction "UC_04_ItineraryListBrowsing" started.	[MsgId: MMSG-16999]
Action.c(8): Notify: Transaction "openHomePage" started.	[MsgId: MMSG-16999]
../Library/CommonFunctions.h(6): web_reg_save_param started  	[MsgId: MMSG-26355]
../Library/CommonFunctions.h(6): Registering web_reg_save_param was successful  	[MsgId: MMSG-26390]
../Library/CommonFunctions.h(11): web_url("WebTours") started  	[MsgId: MMSG-26355]
../Library/CommonFunctions.h(11): Detected non-resource "http://localhost:1080/WebTours/header.html" in "http://localhost:1080/WebTours/"  	[MsgId: MMSG-26574]
../Library/CommonFunctions.h(11): Detected non-resource "http://localhost:1080/cgi-bin/welcome.pl?signOff=true" in "http://localhost:1080/WebTours/"  	[MsgId: MMSG-26574]
../Library/CommonFunctions.h(11): Found resource "http://localhost:1080/WebTours/images/hp_logo.png" in HTML "http://localhost:1080/WebTours/header.html"  	[MsgId: MMSG-26659]
../Library/CommonFunctions.h(11): Found resource "http://localhost:1080/WebTours/images/webtours.png" in HTML "http://localhost:1080/WebTours/header.html"  	[MsgId: MMSG-26659]
../Library/CommonFunctions.h(11): Detected non-resource "http://localhost:1080/cgi-bin/nav.pl?in=home" in "http://localhost:1080/cgi-bin/welcome.pl?signOff=true"  	[MsgId: MMSG-26574]
../Library/CommonFunctions.h(11): Detected non-resource "http://localhost:1080/WebTours/home.html" in "http://localhost:1080/cgi-bin/welcome.pl?signOff=true"  	[MsgId: MMSG-26574]
../Library/CommonFunctions.h(11): Notify: Saving Parameter "userSession = 134778.52199271zQDczHApccftVfQzpAcVDf".	[MsgId: MMSG-13798]
../Library/CommonFunctions.h(11): Found resource "http://localhost:1080/WebTours/images/mer_login.gif" in HTML "http://localhost:1080/cgi-bin/nav.pl?in=home"  	[MsgId: MMSG-26659]
../Library/CommonFunctions.h(11): web_url("WebTours") was successful, 10073 body bytes, 2377 header bytes, 24 chunking overhead bytes  	[MsgId: MMSG-26385]
../Library/CommonFunctions.h(21): web_set_sockets_option started  	[MsgId: MMSG-26355]
../Library/CommonFunctions.h(21): web_set_sockets_option was successful  	[MsgId: MMSG-26392]
Action.c(12): Notify: Transaction "openHomePage" ended with a "Pass" status (Duration: 0,0554 Wasted Time: 0,0001).	[MsgId: MMSG-16871]
Action.c(14): lr_think_time: 5,00 seconds.	[MsgId: MMSG-15948]
Action.c(16): Notify: Transaction "login" started.	[MsgId: MMSG-16999]
../Library/CommonFunctions.h(26): web_reg_find started  	[MsgId: MMSG-26355]
../Library/CommonFunctions.h(26): Notify: Parameter Substitution: parameter "userName" =  "user06"	[MsgId: MMSG-13992]
../Library/CommonFunctions.h(26): Registering web_reg_find was successful  	[MsgId: MMSG-26390]
../Library/CommonFunctions.h(31): web_submit_data("login.pl") started  	[MsgId: MMSG-26355]
../Library/CommonFunctions.h(31): Notify: Parameter Substitution: parameter "userSession" =  "134778.52199271zQDczHApccftVfQzpAcVDf"	[MsgId: MMSG-13992]
../Library/CommonFunctions.h(31): Notify: Parameter Substitution: parameter "userName" =  "user06"	[MsgId: MMSG-13992]
../Library/CommonFunctions.h(31): Notify: Next row for parameter password = 7 [table  = password].	[MsgId: MMSG-13876]
../Library/CommonFunctions.h(31): Notify: Parameter Substitution: parameter "password" =  "12345"	[MsgId: MMSG-13992]
../Library/CommonFunctions.h(31): Detected non-resource "http://localhost:1080/cgi-bin/nav.pl?page=menu&in=home" in "http://localhost:1080/cgi-bin/login.pl"  	[MsgId: MMSG-26574]
../Library/CommonFunctions.h(31): Detected non-resource "http://localhost:1080/cgi-bin/login.pl?intro=true" in "http://localhost:1080/cgi-bin/login.pl"  	[MsgId: MMSG-26574]
../Library/CommonFunctions.h(31): Found resource "http://localhost:1080/WebTours/images/flights.gif" in HTML "http://localhost:1080/cgi-bin/nav.pl?page=menu&in=home"  	[MsgId: MMSG-26659]
../Library/CommonFunctions.h(31): Found resource "http://localhost:1080/WebTours/images/itinerary.gif" in HTML "http://localhost:1080/cgi-bin/nav.pl?page=menu&in=home"  	[MsgId: MMSG-26659]
../Library/CommonFunctions.h(31): Found resource "http://localhost:1080/WebTours/images/in_home.gif" in HTML "http://localhost:1080/cgi-bin/nav.pl?page=menu&in=home"  	[MsgId: MMSG-26659]
../Library/CommonFunctions.h(31): Found resource "http://localhost:1080/WebTours/images/signoff.gif" in HTML "http://localhost:1080/cgi-bin/nav.pl?page=menu&in=home"  	[MsgId: MMSG-26659]
../Library/CommonFunctions.h(31): Registered web_reg_find successful for "Text=Welcome, <b>user06</b>" (count=1)  	[MsgId: MMSG-26364]
../Library/CommonFunctions.h(31): web_submit_data("login.pl") was successful, 5781 body bytes, 2056 header bytes, 36 chunking overhead bytes  	[MsgId: MMSG-26385]
Action.c(20): Notify: Transaction "login" ended with a "Pass" status (Duration: 0,0806 Wasted Time: 0,0000).	[MsgId: MMSG-16871]
Action.c(22): lr_think_time: 5,00 seconds.	[MsgId: MMSG-15948]
Action.c(24): Notify: Transaction "browsingItenerary" started.	[MsgId: MMSG-16999]
Action.c(26): web_reg_find started  	[MsgId: MMSG-26355]
Action.c(26): Registering web_reg_find was successful  	[MsgId: MMSG-26390]
Action.c(30): web_reg_save_param started  	[MsgId: MMSG-26355]
Action.c(30): Registering web_reg_save_param was successful  	[MsgId: MMSG-26390]
Action.c(37): web_url("Itinerary Button") started  	[MsgId: MMSG-26355]
Action.c(37): Detected non-resource "http://localhost:1080/cgi-bin/nav.pl?page=menu&in=itinerary" in "http://localhost:1080/cgi-bin/welcome.pl?page=itinerary"  	[MsgId: MMSG-26574]
Action.c(37): Detected non-resource "http://localhost:1080/cgi-bin/itinerary.pl" in "http://localhost:1080/cgi-bin/welcome.pl?page=itinerary"  	[MsgId: MMSG-26574]
Action.c(37): Resource "http://localhost:1080/WebTours/images/flights.gif" is in the cache already and will not be downloaded again  	[MsgId: MMSG-26655]
Action.c(37): Found resource "http://localhost:1080/WebTours/images/in_itinerary.gif" in HTML "http://localhost:1080/cgi-bin/nav.pl?page=menu&in=itinerary"  	[MsgId: MMSG-26659]
Action.c(37): Found resource "http://localhost:1080/WebTours/images/home.gif" in HTML "http://localhost:1080/cgi-bin/nav.pl?page=menu&in=itinerary"  	[MsgId: MMSG-26659]
Action.c(37): Resource "http://localhost:1080/WebTours/images/signoff.gif" is in the cache already and will not be downloaded again  	[MsgId: MMSG-26655]
Action.c(37): Registered web_reg_find successful for "Text=Itinerary" (count=3)  	[MsgId: MMSG-26364]
Action.c(37): Error -26377: No match found for the requested parameter "flightId". Either the specified boundaries were not found in the response or the matched text is longer than current max html parameter size of 256 bytes. The total length of the response is 4381 bytes. You can use "web_set_max_html_param_len" to increase the max parameter size.  	[MsgId: MERR-26377]
Action.c(37): Notify: Saving Parameter "flightId_count = 0".	[MsgId: MMSG-13798]
Action.c(37): web_url("Itinerary Button") highest severity level was "ERROR", 4381 body bytes, 1323 header bytes, 36 chunking overhead bytes  	[MsgId: MMSG-26387]
Action.c(37): Notify: Transaction "browsingItenerary" ended with a "Fail" status (Duration: 0,0724 Wasted Time: 0,0000).	[MsgId: MMSG-16871]
Action.c(37): Notify: Transaction "browsingItenerary" has 1 error message(s).	[MsgId: MMSG-16818]
Action.c(37): Notify: The 1st error message associated with transaction "browsingItenerary" is "Error -26377: No match found for the requested parameter "flightId". Either the specified boundaries were not found in the response or the matched text is longer than current max html parameter size of 256 bytes. The total length of the response is 4381 bytes. You can use "web_set_max_html_param_len" to increase the max parameter size."	[MsgId: MMSG-16819]
Action.c(37): Notify: Transaction "UC_04_ItineraryListBrowsing" ended with a "Fail" status (Duration: 10,2096 Think Time: 10,0008 Wasted Time: 0,0001).	[MsgId: MMSG-16870]
Action.c(37): Notify: Transaction "UC_04_ItineraryListBrowsing" has 1 error message(s).	[MsgId: MMSG-16818]
Action.c(37): Notify: The 1st error message associated with transaction "UC_04_ItineraryListBrowsing" is "Error -26377: No match found for the requested parameter "flightId". Either the specified boundaries were not found in the response or the matched text is longer than current max html parameter size of 256 bytes. The total length of the response is 4381 bytes. You can use "web_set_max_html_param_len" to increase the max parameter size."	[MsgId: MMSG-16819]
Ending action Action.	[MsgId: MMSG-15918]
Ending iteration 7.	[MsgId: MMSG-15965]
Waiting 39,7890 seconds for iteration pacing.	[MsgId: MMSG-15996]
Starting iteration 8.	[MsgId: MMSG-15968]
Notify: Next row for parameter userName = 8 [table  = userName].	[MsgId: MMSG-13876]
Notify: Getting new value for parameter 'userName': table = '..\Param\TestUserInfo.dat' column = '0' row = '8'.	[MsgId: MMSG-13877]
Notify: Next row for parameter password = 8 [table  = password].	[MsgId: MMSG-13876]
Notify: Getting new value for parameter 'password': table = '..\Param\TestUserInfo.dat' column = '1' row = '8'.	[MsgId: MMSG-13877]
Starting action Action.	[MsgId: MMSG-15919]
Action.c(6): Notify: Transaction "UC_04_ItineraryListBrowsing" started.	[MsgId: MMSG-16999]
Action.c(8): Notify: Transaction "openHomePage" started.	[MsgId: MMSG-16999]
../Library/CommonFunctions.h(6): web_reg_save_param started  	[MsgId: MMSG-26355]
../Library/CommonFunctions.h(6): Registering web_reg_save_param was successful  	[MsgId: MMSG-26390]
../Library/CommonFunctions.h(11): web_url("WebTours") started  	[MsgId: MMSG-26355]
../Library/CommonFunctions.h(11): Detected non-resource "http://localhost:1080/WebTours/header.html" in "http://localhost:1080/WebTours/"  	[MsgId: MMSG-26574]
../Library/CommonFunctions.h(11): Detected non-resource "http://localhost:1080/cgi-bin/welcome.pl?signOff=true" in "http://localhost:1080/WebTours/"  	[MsgId: MMSG-26574]
../Library/CommonFunctions.h(11): Found resource "http://localhost:1080/WebTours/images/hp_logo.png" in HTML "http://localhost:1080/WebTours/header.html"  	[MsgId: MMSG-26659]
../Library/CommonFunctions.h(11): Found resource "http://localhost:1080/WebTours/images/webtours.png" in HTML "http://localhost:1080/WebTours/header.html"  	[MsgId: MMSG-26659]
../Library/CommonFunctions.h(11): Detected non-resource "http://localhost:1080/cgi-bin/nav.pl?in=home" in "http://localhost:1080/cgi-bin/welcome.pl?signOff=true"  	[MsgId: MMSG-26574]
../Library/CommonFunctions.h(11): Detected non-resource "http://localhost:1080/WebTours/home.html" in "http://localhost:1080/cgi-bin/welcome.pl?signOff=true"  	[MsgId: MMSG-26574]
../Library/CommonFunctions.h(11): Notify: Saving Parameter "userSession = 134778.526042932zQDczHAptDDDDDDDtVfQzpAccz".	[MsgId: MMSG-13798]
../Library/CommonFunctions.h(11): Found resource "http://localhost:1080/WebTours/images/mer_login.gif" in HTML "http://localhost:1080/cgi-bin/nav.pl?in=home"  	[MsgId: MMSG-26659]
../Library/CommonFunctions.h(11): web_url("WebTours") was successful, 10078 body bytes, 2377 header bytes, 24 chunking overhead bytes  	[MsgId: MMSG-26385]
../Library/CommonFunctions.h(21): web_set_sockets_option started  	[MsgId: MMSG-26355]
../Library/CommonFunctions.h(21): web_set_sockets_option was successful  	[MsgId: MMSG-26392]
Action.c(12): Notify: Transaction "openHomePage" ended with a "Pass" status (Duration: 0,0701 Wasted Time: 0,0001).	[MsgId: MMSG-16871]
Action.c(14): lr_think_time: 5,00 seconds.	[MsgId: MMSG-15948]
Action.c(16): Notify: Transaction "login" started.	[MsgId: MMSG-16999]
../Library/CommonFunctions.h(26): web_reg_find started  	[MsgId: MMSG-26355]
../Library/CommonFunctions.h(26): Notify: Parameter Substitution: parameter "userName" =  "user07"	[MsgId: MMSG-13992]
../Library/CommonFunctions.h(26): Registering web_reg_find was successful  	[MsgId: MMSG-26390]
../Library/CommonFunctions.h(31): web_submit_data("login.pl") started  	[MsgId: MMSG-26355]
../Library/CommonFunctions.h(31): Notify: Parameter Substitution: parameter "userSession" =  "134778.526042932zQDczHAptDDDDDDDtVfQzpAccz"	[MsgId: MMSG-13992]
../Library/CommonFunctions.h(31): Notify: Parameter Substitution: parameter "userName" =  "user07"	[MsgId: MMSG-13992]
../Library/CommonFunctions.h(31): Notify: Next row for parameter password = 8 [table  = password].	[MsgId: MMSG-13876]
../Library/CommonFunctions.h(31): Notify: Parameter Substitution: parameter "password" =  "12345"	[MsgId: MMSG-13992]
../Library/CommonFunctions.h(31): Detected non-resource "http://localhost:1080/cgi-bin/nav.pl?page=menu&in=home" in "http://localhost:1080/cgi-bin/login.pl"  	[MsgId: MMSG-26574]
../Library/CommonFunctions.h(31): Detected non-resource "http://localhost:1080/cgi-bin/login.pl?intro=true" in "http://localhost:1080/cgi-bin/login.pl"  	[MsgId: MMSG-26574]
../Library/CommonFunctions.h(31): Found resource "http://localhost:1080/WebTours/images/flights.gif" in HTML "http://localhost:1080/cgi-bin/nav.pl?page=menu&in=home"  	[MsgId: MMSG-26659]
../Library/CommonFunctions.h(31): Found resource "http://localhost:1080/WebTours/images/itinerary.gif" in HTML "http://localhost:1080/cgi-bin/nav.pl?page=menu&in=home"  	[MsgId: MMSG-26659]
../Library/CommonFunctions.h(31): Found resource "http://localhost:1080/WebTours/images/in_home.gif" in HTML "http://localhost:1080/cgi-bin/nav.pl?page=menu&in=home"  	[MsgId: MMSG-26659]
../Library/CommonFunctions.h(31): Found resource "http://localhost:1080/WebTours/images/signoff.gif" in HTML "http://localhost:1080/cgi-bin/nav.pl?page=menu&in=home"  	[MsgId: MMSG-26659]
../Library/CommonFunctions.h(31): Registered web_reg_find successful for "Text=Welcome, <b>user07</b>" (count=1)  	[MsgId: MMSG-26364]
../Library/CommonFunctions.h(31): web_submit_data("login.pl") was successful, 5781 body bytes, 2056 header bytes, 36 chunking overhead bytes  	[MsgId: MMSG-26385]
Action.c(20): Notify: Transaction "login" ended with a "Pass" status (Duration: 0,0763 Wasted Time: 0,0000).	[MsgId: MMSG-16871]
Action.c(22): lr_think_time: 5,00 seconds.	[MsgId: MMSG-15948]
Action.c(24): Notify: Transaction "browsingItenerary" started.	[MsgId: MMSG-16999]
Action.c(26): web_reg_find started  	[MsgId: MMSG-26355]
Action.c(26): Registering web_reg_find was successful  	[MsgId: MMSG-26390]
Action.c(30): web_reg_save_param started  	[MsgId: MMSG-26355]
Action.c(30): Registering web_reg_save_param was successful  	[MsgId: MMSG-26390]
Action.c(37): web_url("Itinerary Button") started  	[MsgId: MMSG-26355]
Action.c(37): Detected non-resource "http://localhost:1080/cgi-bin/nav.pl?page=menu&in=itinerary" in "http://localhost:1080/cgi-bin/welcome.pl?page=itinerary"  	[MsgId: MMSG-26574]
Action.c(37): Detected non-resource "http://localhost:1080/cgi-bin/itinerary.pl" in "http://localhost:1080/cgi-bin/welcome.pl?page=itinerary"  	[MsgId: MMSG-26574]
Action.c(37): Resource "http://localhost:1080/WebTours/images/flights.gif" is in the cache already and will not be downloaded again  	[MsgId: MMSG-26655]
Action.c(37): Found resource "http://localhost:1080/WebTours/images/in_itinerary.gif" in HTML "http://localhost:1080/cgi-bin/nav.pl?page=menu&in=itinerary"  	[MsgId: MMSG-26659]
Action.c(37): Found resource "http://localhost:1080/WebTours/images/home.gif" in HTML "http://localhost:1080/cgi-bin/nav.pl?page=menu&in=itinerary"  	[MsgId: MMSG-26659]
Action.c(37): Resource "http://localhost:1080/WebTours/images/signoff.gif" is in the cache already and will not be downloaded again  	[MsgId: MMSG-26655]
Action.c(37): Registered web_reg_find successful for "Text=Itinerary" (count=3)  	[MsgId: MMSG-26364]
Action.c(37): Error -26377: No match found for the requested parameter "flightId". Either the specified boundaries were not found in the response or the matched text is longer than current max html parameter size of 256 bytes. The total length of the response is 4381 bytes. You can use "web_set_max_html_param_len" to increase the max parameter size.  	[MsgId: MERR-26377]
Action.c(37): Notify: Saving Parameter "flightId_count = 0".	[MsgId: MMSG-13798]
Action.c(37): web_url("Itinerary Button") highest severity level was "ERROR", 4381 body bytes, 1323 header bytes, 36 chunking overhead bytes  	[MsgId: MMSG-26387]
Action.c(37): Notify: Transaction "browsingItenerary" ended with a "Fail" status (Duration: 0,0724 Wasted Time: 0,0000).	[MsgId: MMSG-16871]
Action.c(37): Notify: Transaction "browsingItenerary" has 1 error message(s).	[MsgId: MMSG-16818]
Action.c(37): Notify: The 1st error message associated with transaction "browsingItenerary" is "Error -26377: No match found for the requested parameter "flightId". Either the specified boundaries were not found in the response or the matched text is longer than current max html parameter size of 256 bytes. The total length of the response is 4381 bytes. You can use "web_set_max_html_param_len" to increase the max parameter size."	[MsgId: MMSG-16819]
Action.c(37): Notify: Transaction "UC_04_ItineraryListBrowsing" ended with a "Fail" status (Duration: 10,2191 Think Time: 10,0000 Wasted Time: 0,0002).	[MsgId: MMSG-16870]
Action.c(37): Notify: Transaction "UC_04_ItineraryListBrowsing" has 1 error message(s).	[MsgId: MMSG-16818]
Action.c(37): Notify: The 1st error message associated with transaction "UC_04_ItineraryListBrowsing" is "Error -26377: No match found for the requested parameter "flightId". Either the specified boundaries were not found in the response or the matched text is longer than current max html parameter size of 256 bytes. The total length of the response is 4381 bytes. You can use "web_set_max_html_param_len" to increase the max parameter size."	[MsgId: MMSG-16819]
Ending action Action.	[MsgId: MMSG-15918]
Action was aborted.	[MsgId: MMSG-10694]
Ending Vuser...	[MsgId: MMSG-15966]
Starting action vuser_end.	[MsgId: MMSG-15919]
Ending action vuser_end.	[MsgId: MMSG-15918]
Vuser Terminated.	[MsgId: MMSG-15963]
Vuser 0 (thread 5508), ended OK."	[MsgId: MMSG-10695]
